2025-02-27 20:08:12,574 - INFO - 开始为 蜜蜂会（MiForum）逆袭之路 生成文章
2025-02-27 20:08:12,574 - INFO - 日志文件创建于: logs/蜜蜂会MiForum逆袭之路_20250227_200812.log
2025-02-27 20:08:12,574 - INFO - 使用模板文件: template.json
2025-02-27 20:08:12,575 - WARNING - 大纲总字数(4200)与目标字数(5000)相差超过10%
2025-02-27 20:08:12,575 - INFO - 成功从 template.json 加载大纲模板
2025-02-27 20:08:12,575 - INFO - 大纲已保存至: articles/蜜蜂会MiForum逆袭之路_20250227_200812_outline.json
2025-02-27 20:08:12,575 - INFO - 正在组装文章...
2025-02-27 20:08:38,527 - INFO - 进度已保存至: articles/蜜蜂会MiForum逆袭之路_progress.md
2025-02-27 20:08:38,528 - INFO - 章节 '引言' 写作完成，生成了 691 字符
2025-02-27 20:08:51,632 - INFO - 进度已保存至: articles/蜜蜂会MiForum逆袭之路_progress.md
2025-02-27 20:08:51,632 - INFO - 章节 '历史背景' 写作完成，生成了 1598 字符
2025-02-27 20:09:09,011 - INFO - 进度已保存至: articles/蜜蜂会MiForum逆袭之路_progress.md
2025-02-27 20:09:09,011 - INFO - 章节 '核心概念' 写作完成，生成了 1883 字符
2025-02-27 20:09:32,872 - INFO - 进度已保存至: articles/蜜蜂会MiForum逆袭之路_progress.md
2025-02-27 20:09:32,874 - INFO - 章节 '实际应用' 写作完成，生成了 2078 字符
2025-02-27 20:09:46,792 - INFO - 进度已保存至: articles/蜜蜂会MiForum逆袭之路_progress.md
2025-02-27 20:09:46,793 - INFO - 章节 '结论' 写作完成，生成了 259 字符
2025-02-27 20:09:46,796 - INFO - 文章已保存至: articles/蜜蜂会MiForum逆袭之路_20250227_200946.md
2025-02-27 20:09:46,796 - INFO - 文章生成成功完成
2025-02-27 20:09:46,796 - INFO - 日志文件: logs/蜜蜂会MiForum逆袭之路_20250227_200812.log
2025-02-27 20:09:46,797 - INFO - 大纲文件: articles/蜜蜂会MiForum逆袭之路_20250227_200812_outline.json
2025-02-27 20:09:46,797 - INFO - 文章文件: articles/蜜蜂会MiForum逆袭之路_20250227_200946.md
