2025-03-01 13:53:50,462 - INFO - 开始为 蜜蜂会（MiForum）逆袭之路 生成文章
2025-03-01 13:53:50,462 - INFO - 日志文件创建于: logs/蜜蜂会MiForum逆袭之路_20250301_135350.log
2025-03-01 13:53:50,462 - INFO - 生成大纲: 标题: 蜜蜂会（MiForum）逆袭之路, 长度: 100000, 体裁: 城市科幻逆袭爽文（王朔风格）, 语言: 中文
2025-03-01 13:54:08,191 - INFO - 生成的大纲文本:
```json
[
  {"title": "引言：中关村的野蛮生长与蜜蜂会的诞生", "length": 3000, "level": 1},
  {"title": "第一桶金：医院信息化浪潮下的机遇", "length": 3200, "level": 1},
  {"title": "初创团队的磨合：石头、张琨和明哥的三角", "length": 3500, "level": 1},
  {"title": "技术攻坚战：MiForum 1.0版本的诞生", "length": 3100, "level": 1},
  {"title": "市场试水：从免费论坛到收费服务的探索", "length": 3000, "level": 1},
  {"title": "性感女神Vivian：张琨的意外情缘与情感危机", "length": 3400, "level": 1},
  {"title": "竞争对手的狙击：行业巨头的打压与反击", "length": 3200, "level": 1},
  {"title": "资金链断裂：蜜蜂会面临第一次生死危机", "length": 3300, "level": 1},
  {"title": "天使轮融资：Daniel和三石的加入与资本注入", "length": 3100, "level": 1},
  {"title": "产品升级：MiForum 2.0版本的研发与突破", "length": 3000, "level": 1},
  {"title": "晓阳的逆袭：从技术宅到销售精英的转变", "length": 3400, "level": 1},
  {"title": "拓展市场：进军二三线城市医院", "length": 3200, "level": 1},
  {"title": "明哥的婚外情：与风情万种的Amy的秘密恋情", "length": 3500, "level": 1},
  {"title": "用户增长瓶颈：社区运营的挑战与创新", "length": 3100, "level": 1},
  {"title": "商业模式转型：SaaS服务的推出与落地", "length": 3000, "level": 1},
  {"title": "石头的情感纠葛：青梅竹马的背叛与新恋情", "length": 3300, "level": 1},
  {"title": "技术安全危机：黑客攻击与数据泄露事件", "length": 3200, "level": 1},
  {"title": "危机公关：蜜蜂会的舆论战与品牌重塑", "length": 3100, "level": 1},
  {"title": "B轮融资：引入战略投资者与资源整合", "length": 3000, "level": 1},
  {"title": "产品迭代：MiForum 3.0版本的智能化升级", "length": 3200, "level": 1},
  {"title": "国际化视野：海外市场的初步探索", "length": 3100, "level": 1},
  {"title": "三石的野心：资本运作与股权纷争的暗流", "length": 3400, "level": 1},
  {"title": "行业政策变动：医疗信息化政策调整的影响", "length": 3000, "level": 1},
  {"title": "竞争白热化：市场份额争夺战与价格战", "length": 3200, "level": 1},
  {"title": "Daniel的困境：职业倦怠与人生方向的迷茫", "length": 3300, "level": 1},
  {"title": "上市辅导：启动IPO准备工作", "length": 3100, "level": 1},
  {"title": "路演与招股：资本市场的考验与期待", "length": 3000, "level": 1},
  {"title": "IPO成功：蜜蜂会正式登陆资本市场", "length": 3200, "level": 1},
  {"title": "上市后的挑战：业绩压力与资本博弈", "length": 3100, "level": 1},
  {"title": "情感的最终归宿：创始人各自的情感抉择", "length": 3300, "level": 1},
  {"title": "蜜蜂会的未来：科技创新与持续发展之路", "length": 3000, "level": 1},
  {"title": "结论：逆袭之路的启示与反思", "length": 3000, "level": 1}
]
```
2025-03-01 13:54:08,192 - INFO - 解析后的大纲: [
  {
    "title": "引言：中关村的野蛮生长与蜜蜂会的诞生",
    "length": 3000,
    "level": 1
  },
  {
    "title": "第一桶金：医院信息化浪潮下的机遇",
    "length": 3200,
    "level": 1
  },
  {
    "title": "初创团队的磨合：石头、张琨和明哥的三角",
    "length": 3500,
    "level": 1
  },
  {
    "title": "技术攻坚战：MiForum 1.0版本的诞生",
    "length": 3100,
    "level": 1
  },
  {
    "title": "市场试水：从免费论坛到收费服务的探索",
    "length": 3000,
    "level": 1
  },
  {
    "title": "性感女神Vivian：张琨的意外情缘与情感危机",
    "length": 3400,
    "level": 1
  },
  {
    "title": "竞争对手的狙击：行业巨头的打压与反击",
    "length": 3200,
    "level": 1
  },
  {
    "title": "资金链断裂：蜜蜂会面临第一次生死危机",
    "length": 3300,
    "level": 1
  },
  {
    "title": "天使轮融资：Daniel和三石的加入与资本注入",
    "length": 3100,
    "level": 1
  },
  {
    "title": "产品升级：MiForum 2.0版本的研发与突破",
    "length": 3000,
    "level": 1
  },
  {
    "title": "晓阳的逆袭：从技术宅到销售精英的转变",
    "length": 3400,
    "level": 1
  },
  {
    "title": "拓展市场：进军二三线城市医院",
    "length": 3200,
    "level": 1
  },
  {
    "title": "明哥的婚外情：与风情万种的Amy的秘密恋情",
    "length": 3500,
    "level": 1
  },
  {
    "title": "用户增长瓶颈：社区运营的挑战与创新",
    "length": 3100,
    "level": 1
  },
  {
    "title": "商业模式转型：SaaS服务的推出与落地",
    "length": 3000,
    "level": 1
  },
  {
    "title": "石头的情感纠葛：青梅竹马的背叛与新恋情",
    "length": 3300,
    "level": 1
  },
  {
    "title": "技术安全危机：黑客攻击与数据泄露事件",
    "length": 3200,
    "level": 1
  },
  {
    "title": "危机公关：蜜蜂会的舆论战与品牌重塑",
    "length": 3100,
    "level": 1
  },
  {
    "title": "B轮融资：引入战略投资者与资源整合",
    "length": 3000,
    "level": 1
  },
  {
    "title": "产品迭代：MiForum 3.0版本的智能化升级",
    "length": 3200,
    "level": 1
  },
  {
    "title": "国际化视野：海外市场的初步探索",
    "length": 3100,
    "level": 1
  },
  {
    "title": "三石的野心：资本运作与股权纷争的暗流",
    "length": 3400,
    "level": 1
  },
  {
    "title": "行业政策变动：医疗信息化政策调整的影响",
    "length": 3000,
    "level": 1
  },
  {
    "title": "竞争白热化：市场份额争夺战与价格战",
    "length": 3200,
    "level": 1
  },
  {
    "title": "Daniel的困境：职业倦怠与人生方向的迷茫",
    "length": 3300,
    "level": 1
  },
  {
    "title": "上市辅导：启动IPO准备工作",
    "length": 3100,
    "level": 1
  },
  {
    "title": "路演与招股：资本市场的考验与期待",
    "length": 3000,
    "level": 1
  },
  {
    "title": "IPO成功：蜜蜂会正式登陆资本市场",
    "length": 3200,
    "level": 1
  },
  {
    "title": "上市后的挑战：业绩压力与资本博弈",
    "length": 3100,
    "level": 1
  },
  {
    "title": "情感的最终归宿：创始人各自的情感抉择",
    "length": 3300,
    "level": 1
  },
  {
    "title": "蜜蜂会的未来：科技创新与持续发展之路",
    "length": 3000,
    "level": 1
  },
  {
    "title": "结论：逆袭之路的启示与反思",
    "length": 3000,
    "level": 1
  }
]
2025-03-01 13:54:08,193 - INFO - 目标长度: 100000, 理想章节数: 32.4, 当前章节数: 32
2025-03-01 13:54:08,193 - INFO - 章节数量合理，保留现有结构
2025-03-01 13:54:08,193 - INFO - 标题净化: '性感女神Vivian：张琨的意外情缘与情感危机' -> 'X感女神Vivian：张琨的意外情缘与情感危机'
2025-03-01 13:54:08,193 - INFO - 标题净化: '明哥的婚外情：与风情万种的Amy的秘密恋情' -> '明哥的H外情：与风情万种的Amy的秘密恋情'
2025-03-01 13:54:08,193 - INFO - 大纲生成成功
2025-03-01 13:54:08,194 - INFO - 大纲已保存至: articles/蜜蜂会MiForum逆袭之路_20250301_135408_outline.json
2025-03-01 13:54:08,194 - INFO - 正在组装文章...
2025-03-01 13:54:51,733 - INFO - 进度已保存至: articles/蜜蜂会MiForum逆袭之路_progress.md
2025-03-01 13:54:51,733 - INFO - 章节 '引言：中关村的野蛮生长与蜜蜂会的诞生' 写作完成，生成了 3528 字符
2025-03-01 13:55:19,483 - INFO - 进度已保存至: articles/蜜蜂会MiForum逆袭之路_progress.md
2025-03-01 13:55:19,483 - INFO - 章节 '第一桶金：医院信息化浪潮下的机遇' 写作完成，生成了 4369 字符
2025-03-01 13:55:42,930 - INFO - 进度已保存至: articles/蜜蜂会MiForum逆袭之路_progress.md
2025-03-01 13:55:42,930 - INFO - 章节 '初创团队的磨合：石头、张琨和明哥的三角' 写作完成，生成了 3492 字符
2025-03-01 13:56:03,854 - INFO - 进度已保存至: articles/蜜蜂会MiForum逆袭之路_progress.md
2025-03-01 13:56:03,855 - INFO - 章节 '技术攻坚战：MiForum 1.0版本的诞生' 写作完成，生成了 3270 字符
2025-03-01 13:57:29,940 - INFO - 进度已保存至: articles/蜜蜂会MiForum逆袭之路_progress.md
2025-03-01 13:57:29,940 - INFO - 章节 '市场试水：从免费论坛到收费服务的探索' 写作完成，生成了 3744 字符
2025-03-01 13:57:54,832 - INFO - 进度已保存至: articles/蜜蜂会MiForum逆袭之路_progress.md
2025-03-01 13:57:54,833 - INFO - 章节 'X感女神Vivian：张琨的意外情缘与情感危机' 写作完成，生成了 3643 字符
2025-03-01 13:58:21,453 - INFO - 进度已保存至: articles/蜜蜂会MiForum逆袭之路_progress.md
2025-03-01 13:58:21,454 - INFO - 章节 '竞争对手的狙击：行业巨头的打压与反击' 写作完成，生成了 4176 字符
2025-03-01 13:58:43,462 - INFO - 进度已保存至: articles/蜜蜂会MiForum逆袭之路_progress.md
2025-03-01 13:58:43,462 - INFO - 章节 '资金链断裂：蜜蜂会面临第一次生死危机' 写作完成，生成了 3491 字符
2025-03-01 13:59:10,293 - INFO - 进度已保存至: articles/蜜蜂会MiForum逆袭之路_progress.md
2025-03-01 13:59:10,293 - INFO - 章节 '天使轮融资：Daniel和三石的加入与资本注入' 写作完成，生成了 4569 字符
2025-03-01 13:59:30,872 - INFO - 进度已保存至: articles/蜜蜂会MiForum逆袭之路_progress.md
2025-03-01 13:59:30,872 - INFO - 章节 '产品升级：MiForum 2.0版本的研发与突破' 写作完成，生成了 3808 字符
2025-03-01 13:59:53,639 - INFO - 进度已保存至: articles/蜜蜂会MiForum逆袭之路_progress.md
2025-03-01 13:59:53,639 - INFO - 章节 '晓阳的逆袭：从技术宅到销售精英的转变' 写作完成，生成了 3818 字符
2025-03-01 14:00:07,580 - INFO - 用户中断操作
