==== DEBUG LOG FOR TASK task_1740660526_aebbcf7b ====
Command: /Users/l.h./miniconda3/envs/demo/bin/python article_generator.py 蜜蜂会 1000 学术论文 zh
Working directory: /Users/l.h./Documents/GitHub/LongWriter/long-form-writer/website
Environment GEMINI_API_KEY set: Yes
==== PROCESS OUTPUT ====
[STDERR] 2025-02-27 20:48:47,648 - INFO - 开始为 蜜蜂会 生成文章
[STDERR] 2025-02-27 20:48:47,648 - INFO - 日志文件创建于: logs/蜜蜂会_20250227_204847.log
[STDERR] 2025-02-27 20:48:47,648 - INFO - 生成大纲: 标题: 蜜蜂会, 长度: 1000, 体裁: 学术论文, 语言: zh
[STDERR] 2025-02-27 20:48:53,132 - INFO - 生成的大纲文本:
[STDERR] ```json
[STDERR] [
[STDERR]   {
[STDERR]     "title": "蜜蜂会概述",
[STDERR]     "length": 350,
[STDERR]     "level": 1
[STDERR]   },
[STDERR]   {
[STDERR]     "title": "蜜蜂会的社会结构与行为",
[STDERR]     "length": 400,
[STDERR]     "level": 1
[STDERR]   },
[STDERR]   {
[STDERR]     "title": "蜜蜂会研究的科学价值与应用",
[STDERR]     "length": 250,
[STDERR]     "level": 1
[STDERR]   }
[STDERR] ]
[STDERR] ```
[STDERR] 2025-02-27 20:48:53,133 - INFO - 解析后的大纲: [
[STDERR]   {
[STDERR]     "title": "蜜蜂会概述",
[STDERR]     "length": 350,
[STDERR]     "level": 1
[STDERR]   },
[STDERR]   {
[STDERR]     "title": "蜜蜂会的社会结构与行为",
[STDERR]     "length": 400,
[STDERR]     "level": 1
[STDERR]   },
[STDERR]   {
[STDERR]     "title": "蜜蜂会研究的科学价值与应用",
[STDERR]     "length": 250,
[STDERR]     "level": 1
[STDERR]   }
[STDERR] ]
[STDERR] 2025-02-27 20:48:53,133 - INFO - 目标长度: 1000, 理想章节数: 3, 当前章节数: 3
[STDERR] 2025-02-27 20:48:53,134 - INFO - 章节数量合理，保留现有结构
[STDERR] 2025-02-27 20:48:53,134 - INFO - 大纲生成成功
[STDERR] 2025-02-27 20:48:53,135 - INFO - 大纲已保存至: articles/蜜蜂会_20250227_204853_outline.json
[STDERR] 2025-02-27 20:48:53,135 - INFO - 正在组装文章...
[STDERR] 2025-02-27 20:49:11,918 - INFO - 进度已保存至: articles/蜜蜂会_progress.md
[STDERR] 2025-02-27 20:49:11,919 - INFO - 章节 '引言' 写作完成，生成了 482 字符
[STDERR] 2025-02-27 20:49:22,509 - INFO - 进度已保存至: articles/蜜蜂会_progress.md
[STDERR] 2025-02-27 20:49:22,509 - INFO - 章节 '蜜蜂会概述' 写作完成，生成了 533 字符
[STDERR] 2025-02-27 20:49:31,093 - INFO - 进度已保存至: articles/蜜蜂会_progress.md
[STDERR] 2025-02-27 20:49:31,094 - INFO - 章节 '蜜蜂会的社会结构与行为' 写作完成，生成了 686 字符
[STDERR] 2025-02-27 20:49:39,735 - INFO - 进度已保存至: articles/蜜蜂会_progress.md
[STDERR] 2025-02-27 20:49:39,735 - INFO - 章节 '蜜蜂会研究的科学价值与应用' 写作完成，生成了 487 字符
[STDERR] 2025-02-27 20:49:45,499 - INFO - 进度已保存至: articles/蜜蜂会_progress.md
[STDERR] 2025-02-27 20:49:45,499 - INFO - 章节 '结论' 写作完成，生成了 417 字符
[STDERR] 2025-02-27 20:49:45,500 - INFO - 文章已保存至: articles/蜜蜂会_20250227_204945.md
[STDERR] 2025-02-27 20:49:45,500 - INFO - 文章生成成功完成
[STDERR] 2025-02-27 20:49:45,500 - INFO - 日志文件: logs/蜜蜂会_20250227_204847.log
[STDERR] 2025-02-27 20:49:45,500 - INFO - 大纲文件: articles/蜜蜂会_20250227_204853_outline.json
[STDERR] 2025-02-27 20:49:45,500 - INFO - 文章文件: articles/蜜蜂会_20250227_204945.md
[STDOUT] 文章生成成功！
[STDOUT] 大纲文件: articles/蜜蜂会_20250227_204853_outline.json
[STDOUT] 文章文件: articles/蜜蜂会_20250227_204945.md
[STDOUT] 日志文件: logs/蜜蜂会_20250227_204847.log
[STDERR] WARNING: All log messages before absl::InitializeLog() is called are written to STDERR
[STDERR] E0000 00:00:1740660587.624086 8718550 init.cc:229] grpc_wait_for_shutdown_with_timeout() timed out.
==== PROCESS FINISHED WITH CODE 0 ====
==== CHECKING GENERATED FILES ====
Article file: articles/蜜蜂会_20250227_204945.md
Outline file: articles/蜜蜂会_20250227_204853_outline.json
Log file: logs/蜜蜂会_20250227_204847.log
