==== DEBUG LOG FOR TASK task_1740663587_192f41d3 ====
Command: /Users/l.h./miniconda3/envs/demo/bin/python article_generator.py 蜜蜂会逆袭 10000 科幻小说 zh
Working directory: /Users/l.h./Documents/GitHub/LongWriter/long-form-writer/website
Environment GEMINI_API_KEY set: Yes
==== PROCESS OUTPUT ====
[STDERR] 2025-02-27 21:39:48,004 - INFO - 开始为 蜜蜂会逆袭 生成文章
[STDERR] 2025-02-27 21:39:48,004 - INFO - 日志文件创建于: logs/蜜蜂会逆袭_20250227_213948.log
[STDERR] 2025-02-27 21:39:48,004 - INFO - 生成大纲: 标题: 蜜蜂会逆袭, 长度: 10000, 体裁: 科幻小说, 语言: zh
[STDERR] 2025-02-27 21:40:00,068 - INFO - 生成的大纲文本:
[STDERR] ```json
[STDERR] [
[STDERR]   {
[STDERR]     "title": "引言：寂静的警钟",
[STDERR]     "length": 1000,
[STDERR]     "level": 1
[STDERR]   },
[STDERR]   {
[STDERR]     "title": "异常的开端：城市中的骚动",
[STDERR]     "length": 1200,
[STDERR]     "level": 1
[STDERR]   },
[STDERR]   {
[STDERR]     "title": "生态失衡：蜜蜂消失的世界",
[STDERR]     "length": 1100,
[STDERR]     "level": 1
[STDERR]   },
[STDERR]   {
[STDERR]     "title": "蜂群意识的觉醒：反击的号角",
[STDERR]     "length": 1300,
[STDERR]     "level": 1
[STDERR]   },
[STDERR]   {
[STDERR]     "title": "科技的迷途：人类的反制措施",
[STDERR]     "length": 1200,
[STDERR]     "level": 1
[STDERR]   },
[STDERR]   {
[STDERR]     "title": "生物智能的挑战：理解蜜蜂的策略",
[STDERR]     "length": 1100,
[STDERR]     "level": 1
[STDERR]   },
[STDERR]   {
[STDERR]     "title": "谈判与冲突：跨物种的对话尝试",
[STDERR]     "length": 1000,
[STDERR]     "level": 1
[STDERR]   },
[STDERR]   {
[STDERR]     "title": "进化的抉择：共存还是对抗",
[STDERR]     "length": 1100,
[STDERR]     "level": 1
[STDERR]   },
[STDERR]   {
[STDERR]     "title": "结论：逆袭后的新秩序",
[STDERR]     "length": 1000,
[STDERR]     "level": 1
[STDERR]   }
[STDERR] ]
[STDERR] ```
[STDERR] 2025-02-27 21:40:00,069 - INFO - 解析后的大纲: [
[STDERR]   {
[STDERR]     "title": "引言：寂静的警钟",
[STDERR]     "length": 1000,
[STDERR]     "level": 1
[STDERR]   },
[STDERR]   {
[STDERR]     "title": "异常的开端：城市中的骚动",
[STDERR]     "length": 1200,
[STDERR]     "level": 1
[STDERR]   },
[STDERR]   {
[STDERR]     "title": "生态失衡：蜜蜂消失的世界",
[STDERR]     "length": 1100,
[STDERR]     "level": 1
[STDERR]   },
[STDERR]   {
[STDERR]     "title": "蜂群意识的觉醒：反击的号角",
[STDERR]     "length": 1300,
[STDERR]     "level": 1
[STDERR]   },
[STDERR]   {
[STDERR]     "title": "科技的迷途：人类的反制措施",
[STDERR]     "length": 1200,
[STDERR]     "level": 1
[STDERR]   },
[STDERR]   {
[STDERR]     "title": "生物智能的挑战：理解蜜蜂的策略",
[STDERR]     "length": 1100,
[STDERR]     "level": 1
[STDERR]   },
[STDERR]   {
[STDERR]     "title": "谈判与冲突：跨物种的对话尝试",
[STDERR]     "length": 1000,
[STDERR]     "level": 1
[STDERR]   },
[STDERR]   {
[STDERR]     "title": "进化的抉择：共存还是对抗",
[STDERR]     "length": 1100,
[STDERR]     "level": 1
[STDERR]   },
[STDERR]   {
[STDERR]     "title": "结论：逆袭后的新秩序",
[STDERR]     "length": 1000,
[STDERR]     "level": 1
[STDERR]   }
[STDERR] ]
[STDERR] 2025-02-27 21:40:00,069 - INFO - 目标长度: 10000, 理想章节数: 9, 当前章节数: 9
[STDERR] 2025-02-27 21:40:00,069 - INFO - 章节数量合理，保留现有结构
[STDERR] 2025-02-27 21:40:00,070 - INFO - 大纲生成成功
[STDERR] 2025-02-27 21:40:00,070 - INFO - 大纲已保存至: articles/蜜蜂会逆袭_20250227_214000_outline.json
[STDERR] 2025-02-27 21:40:00,071 - INFO - 正在组装文章...
[STDERR] 2025-02-27 21:40:21,777 - INFO - 进度已保存至: articles/蜜蜂会逆袭_progress.md
[STDERR] 2025-02-27 21:40:21,778 - INFO - 章节 '引言：寂静的警钟' 写作完成，生成了 1456 字符
[STDERR] 2025-02-27 21:40:35,194 - INFO - 进度已保存至: articles/蜜蜂会逆袭_progress.md
[STDERR] 2025-02-27 21:40:35,194 - INFO - 章节 '异常的开端：城市中的骚动' 写作完成，生成了 1780 字符
[STDERR] 2025-02-27 21:40:53,115 - INFO - 进度已保存至: articles/蜜蜂会逆袭_progress.md
[STDERR] 2025-02-27 21:40:53,116 - INFO - 章节 '生态失衡：蜜蜂消失的世界' 写作完成，生成了 1837 字符
[STDERR] 2025-02-27 21:41:13,390 - INFO - 进度已保存至: articles/蜜蜂会逆袭_progress.md
[STDERR] 2025-02-27 21:41:13,391 - INFO - 章节 '蜂群意识的觉醒：反击的号角' 写作完成，生成了 2159 字符
[STDERR] 2025-02-27 21:41:28,647 - INFO - 进度已保存至: articles/蜜蜂会逆袭_progress.md
[STDERR] 2025-02-27 21:41:28,647 - INFO - 章节 '科技的迷途：人类的反制措施' 写作完成，生成了 2407 字符
[STDERR] 2025-02-27 21:41:42,472 - INFO - 进度已保存至: articles/蜜蜂会逆袭_progress.md
[STDERR] 2025-02-27 21:41:42,473 - INFO - 章节 '生物智能的挑战：理解蜜蜂的策略' 写作完成，生成了 2229 字符
[STDERR] 2025-02-27 21:41:55,371 - INFO - 进度已保存至: articles/蜜蜂会逆袭_progress.md
[STDERR] 2025-02-27 21:41:55,371 - INFO - 章节 '谈判与冲突：跨物种的对话尝试' 写作完成，生成了 2159 字符
[STDERR] 2025-02-27 21:42:09,604 - INFO - 进度已保存至: articles/蜜蜂会逆袭_progress.md
[STDERR] 2025-02-27 21:42:09,604 - INFO - 章节 '进化的抉择：共存还是对抗' 写作完成，生成了 1704 字符
[STDERR] 2025-02-27 21:42:30,607 - INFO - 进度已保存至: articles/蜜蜂会逆袭_progress.md
[STDERR] 2025-02-27 21:42:30,608 - INFO - 章节 '结论：逆袭后的新秩序' 写作完成，生成了 2086 字符
[STDERR] 2025-02-27 21:42:35,799 - INFO - 文章已保存至: articles/蜜蜂会逆袭_20250227_214235.md
[STDERR] 2025-02-27 21:42:35,800 - INFO - 文章生成成功完成
[STDERR] 2025-02-27 21:42:35,800 - INFO - 日志文件: logs/蜜蜂会逆袭_20250227_213948.log
[STDERR] 2025-02-27 21:42:35,800 - INFO - 大纲文件: articles/蜜蜂会逆袭_20250227_214000_outline.json
[STDERR] 2025-02-27 21:42:35,800 - INFO - 文章文件: articles/蜜蜂会逆袭_20250227_214235.md
[STDOUT] 文章生成成功！
[STDOUT] 大纲文件: articles/蜜蜂会逆袭_20250227_214000_outline.json
[STDOUT] 文章文件: articles/蜜蜂会逆袭_20250227_214235.md
[STDOUT] 日志文件: logs/蜜蜂会逆袭_20250227_213948.log
[STDERR] WARNING: All log messages before absl::InitializeLog() is called are written to STDERR
[STDERR] E0000 00:00:1740663757.931745 8755150 init.cc:229] grpc_wait_for_shutdown_with_timeout() timed out.
==== PROCESS FINISHED WITH CODE 0 ====
==== CHECKING GENERATED FILES ====
Article file: articles/蜜蜂会逆袭_20250227_214235.md
Outline file: articles/蜜蜂会逆袭_20250227_214000_outline.json
Log file: logs/蜜蜂会逆袭_20250227_213948.log
