==== DEBUG LOG FOR TASK task_1740669166_53dd8fe5 ====
Command: /Users/l.h./miniconda3/envs/demo/bin/python article_generator.py test 1000 学术论文 zh
Working directory: /Users/l.h./Documents/GitHub/LongWriter/long-form-writer/website
Environment GEMINI_API_KEY set: Yes
==== PROCESS OUTPUT ====
[STDERR] 2025-02-27 23:12:47,817 - INFO - 开始为 test 生成文章
[STDERR] 2025-02-27 23:12:47,817 - INFO - 日志文件创建于: logs/test_20250227_231247.log
[STDERR] 2025-02-27 23:12:47,817 - INFO - 生成大纲: 标题: test, 长度: 1000, 体裁: 学术论文, 语言: zh
[STDERR] 2025-02-27 23:12:48,847 - WARNING - API调用失败: 400 User location is not supported for the API use., 将在 2.37 秒后重试... (1/10)
[STDERR] 2025-02-27 23:12:51,594 - WARNING - API调用失败: 400 User location is not supported for the API use., 将在 5.82 秒后重试... (2/10)
[STDERR] 2025-02-27 23:12:57,710 - WARNING - API调用失败: 400 User location is not supported for the API use., 将在 7.98 秒后重试... (3/10)
[STDERR] 2025-02-27 23:13:05,996 - WARNING - API调用失败: 400 User location is not supported for the API use., 将在 9.74 秒后重试... (4/10)
[STDERR] 2025-02-27 23:13:16,041 - WARNING - API调用失败: 400 User location is not supported for the API use., 将在 10.79 秒后重试... (5/10)
[STDERR] 2025-02-27 23:13:31,885 - INFO - 生成的大纲文本:
[STDERR] ```json
[STDERR] [
[STDERR]   {
[STDERR]     "title": "引言",
[STDERR]     "length": 300,
[STDERR]     "level": 1
[STDERR]   },
[STDERR]   {
[STDERR]     "title": "测试的基本原理与框架",
[STDERR]     "length": 400,
[STDERR]     "level": 1
[STDERR]   },
[STDERR]   {
[STDERR]     "title": "结论",
[STDERR]     "length": 300,
[STDERR]     "level": 1
[STDERR]   }
[STDERR] ]
[STDERR] ```
[STDERR] 2025-02-27 23:13:31,887 - INFO - 解析后的大纲: [
[STDERR]   {
[STDERR]     "title": "引言",
[STDERR]     "length": 300,
[STDERR]     "level": 1
[STDERR]   },
[STDERR]   {
[STDERR]     "title": "测试的基本原理与框架",
[STDERR]     "length": 400,
[STDERR]     "level": 1
[STDERR]   },
[STDERR]   {
[STDERR]     "title": "结论",
[STDERR]     "length": 300,
[STDERR]     "level": 1
[STDERR]   }
[STDERR] ]
[STDERR] 2025-02-27 23:13:31,887 - INFO - 目标长度: 1000, 理想章节数: 3, 当前章节数: 3
[STDERR] 2025-02-27 23:13:31,887 - INFO - 章节数量合理，保留现有结构
[STDERR] 2025-02-27 23:13:31,887 - INFO - 大纲生成成功
[STDERR] 2025-02-27 23:13:31,888 - INFO - 大纲已保存至: articles/test_20250227_231331_outline.json
[STDERR] 2025-02-27 23:13:31,888 - INFO - 正在组装文章...
[STDERR] 2025-02-27 23:13:51,276 - INFO - 进度已保存至: articles/test_progress.md
[STDERR] 2025-02-27 23:13:51,277 - INFO - 章节 '引言' 写作完成，生成了 410 字符
[STDERR] 2025-02-27 23:13:57,644 - INFO - 进度已保存至: articles/test_progress.md
[STDERR] 2025-02-27 23:13:57,644 - INFO - 章节 '测试的基本原理与框架' 写作完成，生成了 728 字符
[STDERR] 2025-02-27 23:14:03,174 - INFO - 进度已保存至: articles/test_progress.md
[STDERR] 2025-02-27 23:14:03,174 - INFO - 章节 '结论' 写作完成，生成了 504 字符
[STDERR] 2025-02-27 23:14:03,175 - INFO - 文章已保存至: articles/test_20250227_231403.md
[STDERR] 2025-02-27 23:14:03,175 - INFO - 文章生成成功完成
[STDERR] 2025-02-27 23:14:03,175 - INFO - 日志文件: logs/test_20250227_231247.log
[STDERR] 2025-02-27 23:14:03,175 - INFO - 大纲文件: articles/test_20250227_231331_outline.json
[STDERR] 2025-02-27 23:14:03,175 - INFO - 文章文件: articles/test_20250227_231403.md
[STDOUT] 文章生成成功！
[STDOUT] 大纲文件: articles/test_20250227_231331_outline.json
[STDOUT] 文章文件: articles/test_20250227_231403.md
[STDOUT] 日志文件: logs/test_20250227_231247.log
[STDERR] WARNING: All log messages before absl::InitializeLog() is called are written to STDERR
[STDERR] E0000 00:00:1740669245.294072 8834461 init.cc:229] grpc_wait_for_shutdown_with_timeout() timed out.
==== PROCESS FINISHED WITH CODE 0 ====
==== CHECKING GENERATED FILES ====
Article file: articles/test_20250227_231403.md
Outline file: articles/test_20250227_231331_outline.json
Log file: logs/test_20250227_231247.log
