==== DEBUG LOG FOR TASK task_1740665410_2961ca9d ====
Command: /Users/l.h./miniconda3/envs/demo/bin/python article_generator.py test2 1000 学术论文 zh
Working directory: /Users/l.h./Documents/GitHub/LongWriter/long-form-writer/website
Environment GEMINI_API_KEY set: Yes
==== PROCESS OUTPUT ====
[STDERR] 2025-02-27 22:10:11,710 - INFO - 开始为 test2 生成文章
[STDERR] 2025-02-27 22:10:11,710 - INFO - 日志文件创建于: logs/test2_20250227_221011.log
[STDERR] 2025-02-27 22:10:11,710 - INFO - 生成大纲: 标题: test2, 长度: 1000, 体裁: 学术论文, 语言: zh
[STDERR] 2025-02-27 22:10:18,472 - INFO - 生成的大纲文本:
[STDERR] ```json
[STDERR] [
[STDERR]   {
[STDERR]     "title": "引言：算法比较分析的重要性",
[STDERR]     "length": 350,
[STDERR]     "level": 1
[STDERR]   },
[STDERR]   {
[STDERR]     "title": "不同算法的比较分析框架",
[STDERR]     "length": 450,
[STDERR]     "level": 1
[STDERR]   },
[STDERR]   {
[STDERR]     "title": "结论：算法选择与未来研究方向",
[STDERR]     "length": 200,
[STDERR]     "level": 1
[STDERR]   }
[STDERR] ]
[STDERR] ```
[STDERR] 2025-02-27 22:10:18,473 - INFO - 解析后的大纲: [
[STDERR]   {
[STDERR]     "title": "引言：算法比较分析的重要性",
[STDERR]     "length": 350,
[STDERR]     "level": 1
[STDERR]   },
[STDERR]   {
[STDERR]     "title": "不同算法的比较分析框架",
[STDERR]     "length": 450,
[STDERR]     "level": 1
[STDERR]   },
[STDERR]   {
[STDERR]     "title": "结论：算法选择与未来研究方向",
[STDERR]     "length": 200,
[STDERR]     "level": 1
[STDERR]   }
[STDERR] ]
[STDERR] 2025-02-27 22:10:18,474 - INFO - 目标长度: 1000, 理想章节数: 3, 当前章节数: 3
[STDERR] 2025-02-27 22:10:18,474 - INFO - 章节数量合理，保留现有结构
[STDERR] 2025-02-27 22:10:18,474 - INFO - 大纲生成成功
[STDERR] 2025-02-27 22:10:18,475 - INFO - 大纲已保存至: articles/test2_20250227_221018_outline.json
[STDERR] 2025-02-27 22:10:18,475 - INFO - 正在组装文章...
[STDERR] 2025-02-27 22:10:38,032 - INFO - 进度已保存至: articles/test2_progress.md
[STDERR] 2025-02-27 22:10:38,033 - INFO - 章节 '引言：算法比较分析的重要性' 写作完成，生成了 626 字符
[STDERR] 2025-02-27 22:10:49,294 - INFO - 进度已保存至: articles/test2_progress.md
[STDERR] 2025-02-27 22:10:49,294 - INFO - 章节 '不同算法的比较分析框架' 写作完成，生成了 1032 字符
[STDERR] 2025-02-27 22:10:54,413 - INFO - 进度已保存至: articles/test2_progress.md
[STDERR] 2025-02-27 22:10:54,414 - INFO - 章节 '结论：算法选择与未来研究方向' 写作完成，生成了 365 字符
[STDERR] 2025-02-27 22:11:03,837 - INFO - 文章已保存至: articles/test2_20250227_221103.md
[STDERR] 2025-02-27 22:11:03,837 - INFO - 文章生成成功完成
[STDERR] 2025-02-27 22:11:03,838 - INFO - 日志文件: logs/test2_20250227_221011.log
[STDERR] 2025-02-27 22:11:03,838 - INFO - 大纲文件: articles/test2_20250227_221018_outline.json
[STDERR] 2025-02-27 22:11:03,838 - INFO - 文章文件: articles/test2_20250227_221103.md
[STDOUT] 文章生成成功！
[STDOUT] 大纲文件: articles/test2_20250227_221018_outline.json
[STDOUT] 文章文件: articles/test2_20250227_221103.md
[STDOUT] 日志文件: logs/test2_20250227_221011.log
[STDERR] WARNING: All log messages before absl::InitializeLog() is called are written to STDERR
[STDERR] E0000 00:00:1740665465.954026 8781675 init.cc:229] grpc_wait_for_shutdown_with_timeout() timed out.
==== PROCESS FINISHED WITH CODE 0 ====
==== CHECKING GENERATED FILES ====
Article file: articles/test2_20250227_221103.md
Outline file: articles/test2_20250227_221018_outline.json
Log file: logs/test2_20250227_221011.log
