==== DEBUG LOG FOR TASK task_1740665490_923594c8 ====
Command: /Users/l.h./miniconda3/envs/demo/bin/python article_generator.py test2 1000 学术论文 zh
Working directory: /Users/l.h./Documents/GitHub/LongWriter/long-form-writer/website
Environment GEMINI_API_KEY set: Yes
==== PROCESS OUTPUT ====
[STDERR] 2025-02-27 22:11:30,904 - INFO - 开始为 test2 生成文章
[STDERR] 2025-02-27 22:11:30,904 - INFO - 日志文件创建于: logs/test2_20250227_221130.log
[STDERR] 2025-02-27 22:11:30,904 - INFO - 生成大纲: 标题: test2, 长度: 1000, 体裁: 学术论文, 语言: zh
[STDERR] 2025-02-27 22:11:40,463 - INFO - 生成的大纲文本:
[STDERR] ```json
[STDERR] [
[STDERR]   {
[STDERR]     "title": "引言：测试的重要性与研究概述",
[STDERR]     "length": 300,
[STDERR]     "level": 1
[STDERR]   },
[STDERR]   {
[STDERR]     "title": "测试方法的发展历程与当代实践",
[STDERR]     "length": 400,
[STDERR]     "level": 1
[STDERR]   },
[STDERR]   {
[STDERR]     "title": "未来测试趋势展望与结论",
[STDERR]     "length": 300,
[STDERR]     "level": 1
[STDERR]   }
[STDERR] ]
[STDERR] ```
[STDERR] 2025-02-27 22:11:40,464 - INFO - 解析后的大纲: [
[STDERR]   {
[STDERR]     "title": "引言：测试的重要性与研究概述",
[STDERR]     "length": 300,
[STDERR]     "level": 1
[STDERR]   },
[STDERR]   {
[STDERR]     "title": "测试方法的发展历程与当代实践",
[STDERR]     "length": 400,
[STDERR]     "level": 1
[STDERR]   },
[STDERR]   {
[STDERR]     "title": "未来测试趋势展望与结论",
[STDERR]     "length": 300,
[STDERR]     "level": 1
[STDERR]   }
[STDERR] ]
[STDERR] 2025-02-27 22:11:40,464 - INFO - 目标长度: 1000, 理想章节数: 3, 当前章节数: 3
[STDERR] 2025-02-27 22:11:40,464 - INFO - 章节数量合理，保留现有结构
[STDERR] 2025-02-27 22:11:40,464 - INFO - 大纲生成成功
[STDERR] 2025-02-27 22:11:40,465 - INFO - 大纲已保存至: articles/test2_20250227_221140_outline.json
[STDERR] 2025-02-27 22:11:40,466 - INFO - 正在组装文章...
[STDERR] 2025-02-27 22:12:05,848 - INFO - 进度已保存至: articles/test2_progress.md
[STDERR] 2025-02-27 22:12:05,849 - INFO - 章节 '引言：测试的重要性与研究概述' 写作完成，生成了 690 字符
[STDERR] 2025-02-27 22:12:14,731 - INFO - 进度已保存至: articles/test2_progress.md
[STDERR] 2025-02-27 22:12:14,731 - INFO - 章节 '测试方法的发展历程与当代实践' 写作完成，生成了 773 字符
[STDERR] 2025-02-27 22:12:20,510 - INFO - 进度已保存至: articles/test2_progress.md
[STDERR] 2025-02-27 22:12:20,511 - INFO - 章节 '未来测试趋势展望与结论' 写作完成，生成了 530 字符
[STDERR] 2025-02-27 22:12:33,091 - INFO - 文章已保存至: articles/test2_20250227_221233.md
[STDERR] 2025-02-27 22:12:33,091 - INFO - 文章生成成功完成
[STDERR] 2025-02-27 22:12:33,091 - INFO - 日志文件: logs/test2_20250227_221130.log
[STDERR] 2025-02-27 22:12:33,091 - INFO - 大纲文件: articles/test2_20250227_221140_outline.json
[STDERR] 2025-02-27 22:12:33,092 - INFO - 文章文件: articles/test2_20250227_221233.md
[STDOUT] 文章生成成功！
[STDOUT] 大纲文件: articles/test2_20250227_221140_outline.json
[STDOUT] 文章文件: articles/test2_20250227_221233.md
[STDOUT] 日志文件: logs/test2_20250227_221130.log
[STDERR] WARNING: All log messages before absl::InitializeLog() is called are written to STDERR
[STDERR] E0000 00:00:1740665555.237789 8782785 init.cc:229] grpc_wait_for_shutdown_with_timeout() timed out.
==== PROCESS FINISHED WITH CODE 0 ====
==== CHECKING GENERATED FILES ====
Article file: articles/test2_20250227_221233.md
Outline file: articles/test2_20250227_221140_outline.json
Log file: logs/test2_20250227_221130.log
