==== DEBUG LOG FOR TASK task_1740664889_da318561 ====
Command: /Users/l.h./miniconda3/envs/demo/bin/python article_generator.py test 1000 学术论文 en --context test
Working directory: /Users/l.h./Documents/GitHub/LongWriter/long-form-writer/website
Environment GEMINI_API_KEY set: Yes
==== PROCESS OUTPUT ====
[STDERR] 2025-02-27 22:01:30,199 - INFO - 开始为 test 生成文章
[STDERR] 2025-02-27 22:01:30,199 - INFO - 日志文件创建于: logs/test_20250227_220130.log
[STDERR] 2025-02-27 22:01:30,199 - INFO - 生成大纲: 标题: test, 长度: 1000, 体裁: 学术论文, 语言: en
[STDERR] 2025-02-27 22:01:37,102 - INFO - 生成的大纲文本:
[STDERR] ```json
[STDERR] [
[STDERR]   {
[STDERR]     "title": "引言：学术探究中“测试”概念的界定",
[STDERR]     "length": 300,
[STDERR]     "level": 1
[STDERR]   },
[STDERR]   {
[STDERR]     "title": "测试与评估的方法论框架",
[STDERR]     "length": 400,
[STDERR]     "level": 1
[STDERR]   },
[STDERR]   {
[STDERR]     "title": "跨学科测试的应用与意义",
[STDERR]     "length": 300,
[STDERR]     "level": 1
[STDERR]   }
[STDERR] ]
[STDERR] ```
[STDERR] 2025-02-27 22:01:37,103 - INFO - 解析后的大纲: [
[STDERR]   {
[STDERR]     "title": "引言：学术探究中“测试”概念的界定",
[STDERR]     "length": 300,
[STDERR]     "level": 1
[STDERR]   },
[STDERR]   {
[STDERR]     "title": "测试与评估的方法论框架",
[STDERR]     "length": 400,
[STDERR]     "level": 1
[STDERR]   },
[STDERR]   {
[STDERR]     "title": "跨学科测试的应用与意义",
[STDERR]     "length": 300,
[STDERR]     "level": 1
[STDERR]   }
[STDERR] ]
[STDERR] 2025-02-27 22:01:37,103 - INFO - 目标长度: 1000, 理想章节数: 3, 当前章节数: 3
[STDERR] 2025-02-27 22:01:37,103 - INFO - 章节数量合理，保留现有结构
[STDERR] 2025-02-27 22:01:37,103 - INFO - 大纲生成成功
[STDERR] 2025-02-27 22:01:37,105 - INFO - 大纲已保存至: articles/test_20250227_220137_outline.json
[STDERR] 2025-02-27 22:01:37,105 - INFO - 正在组装文章...
[STDERR] 2025-02-27 22:01:55,851 - INFO - 进度已保存至: articles/test_progress.md
[STDERR] 2025-02-27 22:01:55,851 - INFO - 章节 '引言：学术探究中“测试”概念的界定' 写作完成，生成了 1689 字符
[STDERR] 2025-02-27 22:02:01,740 - INFO - 进度已保存至: articles/test_progress.md
[STDERR] 2025-02-27 22:02:01,740 - INFO - 章节 '测试与评估的方法论框架' 写作完成，生成了 2602 字符
[STDERR] 2025-02-27 22:02:07,466 - INFO - 进度已保存至: articles/test_progress.md
[STDERR] 2025-02-27 22:02:07,466 - INFO - 章节 '跨学科测试的应用与意义' 写作完成，生成了 1771 字符
[STDERR] 2025-02-27 22:02:14,209 - INFO - 进度已保存至: articles/test_progress.md
[STDERR] 2025-02-27 22:02:14,209 - INFO - 章节 '结论' 写作完成，生成了 533 字符
[STDERR] 2025-02-27 22:02:14,210 - INFO - 文章已保存至: articles/test_20250227_220214.md
[STDERR] 2025-02-27 22:02:14,210 - INFO - 文章生成成功完成
[STDERR] 2025-02-27 22:02:14,210 - INFO - 日志文件: logs/test_20250227_220130.log
[STDERR] 2025-02-27 22:02:14,210 - INFO - 大纲文件: articles/test_20250227_220137_outline.json
[STDERR] 2025-02-27 22:02:14,210 - INFO - 文章文件: articles/test_20250227_220214.md
[STDOUT] 文章生成成功！
[STDOUT] 大纲文件: articles/test_20250227_220137_outline.json
[STDOUT] 文章文件: articles/test_20250227_220214.md
[STDOUT] 日志文件: logs/test_20250227_220130.log
[STDERR] WARNING: All log messages before absl::InitializeLog() is called are written to STDERR
[STDERR] E0000 00:00:1740664936.325867 8773774 init.cc:229] grpc_wait_for_shutdown_with_timeout() timed out.
==== PROCESS FINISHED WITH CODE 0 ====
==== CHECKING GENERATED FILES ====
Article file: articles/test_20250227_220214.md
Outline file: articles/test_20250227_220137_outline.json
Log file: logs/test_20250227_220130.log
