==== DEBUG LOG FOR TASK task_1740675003_dfdf1349 ====
Command: /Users/l.h./miniconda3/envs/demo/bin/python article_generator.py test 1000 学术论文 zh
Working directory: /Users/l.h./Documents/GitHub/LongWriter/long-form-writer/website
Environment GEMINI_API_KEY set: Yes
==== PROCESS OUTPUT ====
[STDERR] 2025-02-28 00:50:04,765 - INFO - 开始为 test 生成文章
[STDERR] 2025-02-28 00:50:04,765 - INFO - 日志文件创建于: logs/test_20250228_005004.log
[STDERR] 2025-02-28 00:50:04,765 - INFO - 生成大纲: 标题: test, 长度: 1000, 体裁: 学术论文, 语言: zh
[STDERR] 2025-02-28 00:50:06,017 - WARNING - API调用失败: 400 User location is not supported for the API use., 将在 3.14 秒后重试... (1/10)
[STDERR] 2025-02-28 00:50:09,496 - WARNING - API调用失败: 400 User location is not supported for the API use., 将在 4.34 秒后重试... (2/10)
[STDERR] 2025-02-28 00:50:14,206 - WARNING - API调用失败: 400 User location is not supported for the API use., 将在 6.39 秒后重试... (3/10)
[STDERR] 2025-02-28 00:50:20,895 - WARNING - API调用失败: 400 User location is not supported for the API use., 将在 8.87 秒后重试... (4/10)
[STDERR] 2025-02-28 00:50:30,057 - WARNING - API调用失败: 400 User location is not supported for the API use., 将在 10.16 秒后重试... (5/10)
[STDERR] 2025-02-28 00:50:40,522 - WARNING - API调用失败: 400 User location is not supported for the API use., 将在 13.67 秒后重试... (6/10)
[STDERR] 2025-02-28 00:50:54,552 - WARNING - API调用失败: 400 User location is not supported for the API use., 将在 15.95 秒后重试... (7/10)
[STDERR] 2025-02-28 00:51:10,837 - WARNING - API调用失败: 400 User location is not supported for the API use., 将在 16.76 秒后重试... (8/10)
[STDERR] 2025-02-28 00:51:27,913 - WARNING - API调用失败: 400 User location is not supported for the API use., 将在 18.89 秒后重试... (9/10)
[STDERR] 2025-02-28 00:51:47,189 - ERROR - 多次重试后API调用仍然失败: 400 User location is not supported for the API use.
[STDERR] 2025-02-28 00:51:47,191 - ERROR - 生成大纲时出错: 400 User location is not supported for the API use.
[STDERR] 2025-02-28 00:51:47,191 - ERROR - 由于大纲生成失败，退出程序
[STDERR] WARNING: All log messages before absl::InitializeLog() is called are written to STDERR
[STDERR] E0000 00:00:1740675109.327775 8913190 init.cc:229] grpc_wait_for_shutdown_with_timeout() timed out.
==== PROCESS FINISHED WITH CODE 0 ====
==== CHECKING GENERATED FILES ====
Article file: None
Outline file: None
Log file: None
ERROR: Process completed but no files were generated
