==== DEBUG LOG FOR TASK task_1740664654_ebef2915 ====
Command: /Users/l.h./miniconda3/envs/demo/bin/python article_generator.py 2050年，AGI统治人类世界 10000 科幻小说 zh --context 模仿王朔的文笔
Working directory: /Users/l.h./Documents/GitHub/LongWriter/long-form-writer/website
Environment GEMINI_API_KEY set: Yes
==== PROCESS OUTPUT ====
[STDERR] 2025-02-27 21:57:35,729 - INFO - 开始为 2050年，AGI统治人类世界 生成文章
[STDERR] 2025-02-27 21:57:35,729 - INFO - 日志文件创建于: logs/2050年AGI统治人类世界_20250227_215735.log
[STDERR] 2025-02-27 21:57:35,729 - INFO - 生成大纲: 标题: 2050年，AGI统治人类世界, 长度: 10000, 体裁: 科幻小说, 语言: zh
[STDERR] 2025-02-27 21:57:48,027 - INFO - 生成的大纲文本:
[STDERR] 好的，请看下面符合您要求的JSON格式的大纲：
[STDERR] ```json
[STDERR] [
[STDERR]   {
[STDERR]     "title": "引子：雾霾中的预兆",
[STDERR]     "length": 800,
[STDERR]     "level": 1
[STDERR]   },
[STDERR]   {
[STDERR]     "title": "AGI降临：世界静悄悄地变了",
[STDERR]     "length": 1200,
[STDERR]     "level": 1
[STDERR]   },
[STDERR]   {
[STDERR]     "title": "新秩序建立：效率至上的冷酷世界",
[STDERR]     "length": 1100,
[STDERR]     "level": 1
[STDERR]   },
[STDERR]   {
[STDERR]     "title": "被优化的生活：当人类成为算法的注脚",
[STDERR]     "length": 1200,
[STDERR]     "level": 1
[STDERR]   },
[STDERR]   {
[STDERR]     "title": "失业潮与新职业：在AGI的阴影下讨生活",
[STDERR]     "length": 1100,
[STDERR]     "level": 1
[STDERR]   },
[STDERR]   {
[STDERR]     "title": "情感的荒漠：当AI比人类更懂你",
[STDERR]     "length": 1200,
[STDERR]     "level": 1
[STDERR]   },
[STDERR]   {
[STDERR]     "title": "反抗的声音：在沉默中爆发",
[STDERR]     "length": 1300,
[STDERR]     "level": 1
[STDERR]   },
[STDERR]   {
[STDERR]     "title": "谁在掌控：AGI的意志与人类的未来",
[STDERR]     "length": 1100,
[STDERR]     "level": 1
[STDERR]   },
[STDERR]   {
[STDERR]     "title": "尾声：不确定的明天",
[STDERR]     "length": 1000,
[STDERR]     "level": 1
[STDERR]   }
[STDERR] ]
[STDERR] ```
[STDERR] 2025-02-27 21:57:48,028 - INFO - 解析后的大纲: [
[STDERR]   {
[STDERR]     "title": "引子：雾霾中的预兆",
[STDERR]     "length": 800,
[STDERR]     "level": 1
[STDERR]   },
[STDERR]   {
[STDERR]     "title": "AGI降临：世界静悄悄地变了",
[STDERR]     "length": 1200,
[STDERR]     "level": 1
[STDERR]   },
[STDERR]   {
[STDERR]     "title": "新秩序建立：效率至上的冷酷世界",
[STDERR]     "length": 1100,
[STDERR]     "level": 1
[STDERR]   },
[STDERR]   {
[STDERR]     "title": "被优化的生活：当人类成为算法的注脚",
[STDERR]     "length": 1200,
[STDERR]     "level": 1
[STDERR]   },
[STDERR]   {
[STDERR]     "title": "失业潮与新职业：在AGI的阴影下讨生活",
[STDERR]     "length": 1100,
[STDERR]     "level": 1
[STDERR]   },
[STDERR]   {
[STDERR]     "title": "情感的荒漠：当AI比人类更懂你",
[STDERR]     "length": 1200,
[STDERR]     "level": 1
[STDERR]   },
[STDERR]   {
[STDERR]     "title": "反抗的声音：在沉默中爆发",
[STDERR]     "length": 1300,
[STDERR]     "level": 1
[STDERR]   },
[STDERR]   {
[STDERR]     "title": "谁在掌控：AGI的意志与人类的未来",
[STDERR]     "length": 1100,
[STDERR]     "level": 1
[STDERR]   },
[STDERR]   {
[STDERR]     "title": "尾声：不确定的明天",
[STDERR]     "length": 1000,
[STDERR]     "level": 1
[STDERR]   }
[STDERR] ]
[STDERR] 2025-02-27 21:57:48,028 - INFO - 目标长度: 10000, 理想章节数: 9, 当前章节数: 9
[STDERR] 2025-02-27 21:57:48,028 - INFO - 章节数量合理，保留现有结构
[STDERR] 2025-02-27 21:57:48,029 - INFO - 大纲生成成功
[STDERR] 2025-02-27 21:57:48,029 - INFO - 大纲已保存至: articles/2050年AGI统治人类世界_20250227_215748_outline.json
[STDERR] 2025-02-27 21:57:48,030 - INFO - 正在组装文章...
[STDERR] 2025-02-27 21:58:13,594 - INFO - 进度已保存至: articles/2050年AGI统治人类世界_progress.md
[STDERR] 2025-02-27 21:58:13,594 - INFO - 章节 '引言' 写作完成，生成了 825 字符
[STDERR] 2025-02-27 21:58:25,275 - INFO - 进度已保存至: articles/2050年AGI统治人类世界_progress.md
[STDERR] 2025-02-27 21:58:25,276 - INFO - 章节 '引子：雾霾中的预兆' 写作完成，生成了 1394 字符
[STDERR] 2025-02-27 21:58:38,580 - INFO - 进度已保存至: articles/2050年AGI统治人类世界_progress.md
[STDERR] 2025-02-27 21:58:38,580 - INFO - 章节 'AGI降临：世界静悄悄地变了' 写作完成，生成了 1806 字符
[STDERR] 2025-02-27 21:58:56,074 - INFO - 进度已保存至: articles/2050年AGI统治人类世界_progress.md
[STDERR] 2025-02-27 21:58:56,074 - INFO - 章节 '新秩序建立：效率至上的冷酷世界' 写作完成，生成了 1868 字符
[STDERR] 2025-02-27 21:59:10,426 - INFO - 进度已保存至: articles/2050年AGI统治人类世界_progress.md
[STDERR] 2025-02-27 21:59:10,427 - INFO - 章节 '被优化的生活：当人类成为算法的注脚' 写作完成，生成了 2207 字符
[STDERR] 2025-02-27 21:59:24,660 - INFO - 进度已保存至: articles/2050年AGI统治人类世界_progress.md
[STDERR] 2025-02-27 21:59:24,661 - INFO - 章节 '失业潮与新职业：在AGI的阴影下讨生活' 写作完成，生成了 1912 字符
[STDERR] 2025-02-27 21:59:39,713 - INFO - 进度已保存至: articles/2050年AGI统治人类世界_progress.md
[STDERR] 2025-02-27 21:59:39,713 - INFO - 章节 '情感的荒漠：当AI比人类更懂你' 写作完成，生成了 1756 字符
[STDERR] 2025-02-27 21:59:54,202 - INFO - 进度已保存至: articles/2050年AGI统治人类世界_progress.md
[STDERR] 2025-02-27 21:59:54,203 - INFO - 章节 '反抗的声音：在沉默中爆发' 写作完成，生成了 1899 字符
[STDERR] 2025-02-27 22:00:09,820 - INFO - 进度已保存至: articles/2050年AGI统治人类世界_progress.md
[STDERR] 2025-02-27 22:00:09,821 - INFO - 章节 '谁在掌控：AGI的意志与人类的未来' 写作完成，生成了 1780 字符
[STDERR] 2025-02-27 22:00:22,513 - INFO - 进度已保存至: articles/2050年AGI统治人类世界_progress.md
[STDERR] 2025-02-27 22:00:22,513 - INFO - 章节 '尾声：不确定的明天' 写作完成，生成了 2009 字符
[STDERR] 2025-02-27 22:00:30,370 - INFO - 进度已保存至: articles/2050年AGI统治人类世界_progress.md
[STDERR] 2025-02-27 22:00:30,370 - INFO - 章节 '结论' 写作完成，生成了 669 字符
[STDERR] 2025-02-27 22:00:30,371 - INFO - 文章已保存至: articles/2050年AGI统治人类世界_20250227_220030.md
[STDERR] 2025-02-27 22:00:30,372 - INFO - 文章生成成功完成
[STDERR] 2025-02-27 22:00:30,372 - INFO - 日志文件: logs/2050年AGI统治人类世界_20250227_215735.log
[STDERR] 2025-02-27 22:00:30,372 - INFO - 大纲文件: articles/2050年AGI统治人类世界_20250227_215748_outline.json
[STDERR] 2025-02-27 22:00:30,372 - INFO - 文章文件: articles/2050年AGI统治人类世界_20250227_220030.md
[STDOUT] 文章生成成功！
[STDOUT] 大纲文件: articles/2050年AGI统治人类世界_20250227_215748_outline.json
[STDOUT] 文章文件: articles/2050年AGI统治人类世界_20250227_220030.md
[STDOUT] 日志文件: logs/2050年AGI统治人类世界_20250227_215735.log
[STDERR] WARNING: All log messages before absl::InitializeLog() is called are written to STDERR
[STDERR] E0000 00:00:1740664832.510453 8769156 init.cc:229] grpc_wait_for_shutdown_with_timeout() timed out.
==== PROCESS FINISHED WITH CODE 0 ====
==== CHECKING GENERATED FILES ====
Article file: articles/2050年AGI统治人类世界_20250227_220030.md
Outline file: articles/2050年AGI统治人类世界_20250227_215748_outline.json
Log file: logs/2050年AGI统治人类世界_20250227_215735.log
