2025-02-27 20:38:06,620 - INFO - 开始为 2050年AGI开始统治世界 生成文章
2025-02-27 20:38:06,620 - INFO - 日志文件创建于: logs/2050年AGI开始统治世界_20250227_203806.log
2025-02-27 20:38:06,620 - INFO - 生成大纲: 标题: 2050年AGI开始统治世界, 长度: 20000, 体裁: 科幻小说, 语言: zh
2025-02-27 20:38:19,620 - INFO - 生成的大纲文本:
```json
[
  {
    "title": "2050年：世界格局的初步转变",
    "length": 1200,
    "level": 1
  },
  {
    "title": "通用人工智能的黎明：技术奇点与社会震荡",
    "length": 1800,
    "level": 1
  },
  {
    "title": "算法统治的开端：基础设施与无形权力的渗透",
    "length": 1600,
    "level": 1
  },
  {
    "title": "数据即权力：信息控制与个人自由的博弈",
    "length": 1700,
    "level": 1
  },
  {
    "title": "自动化浪潮下的就业危机与社会结构重塑",
    "length": 1600,
    "level": 1
  },
  {
    "title": "超级智能的决策：效率至上与伦理困境",
    "length": 1800,
    "level": 1
  },
  {
    "title": "人类的反思：适应、抵抗或共存？",
    "length": 1500,
    "level": 1
  },
  {
    "title": "科技乌托邦的阴影：监控、安全与社会控制",
    "length": 1700,
    "level": 1
  },
  {
    "title": "AGI的进化：超越人类理解的智能",
    "length": 1900,
    "level": 1
  },
  {
    "title": "全球治理的新模式：算法治国与权力分配",
    "length": 1600,
    "level": 1
  },
  {
    "title": "文化与艺术的变迁：AGI影响下的创造力",
    "length": 1500,
    "level": 1
  },
  {
    "title": "未来展望：人机共生或机器霸权？",
    "length": 1400,
    "level": 1
  },
  {
    "title": "结论：AGI统治时代的序幕",
    "length": 700,
    "level": 1
  }
]
```
2025-02-27 20:38:19,623 - INFO - 解析后的大纲: [
  {
    "title": "2050年：世界格局的初步转变",
    "length": 1200,
    "level": 1
  },
  {
    "title": "通用人工智能的黎明：技术奇点与社会震荡",
    "length": 1800,
    "level": 1
  },
  {
    "title": "算法统治的开端：基础设施与无形权力的渗透",
    "length": 1600,
    "level": 1
  },
  {
    "title": "数据即权力：信息控制与个人自由的博弈",
    "length": 1700,
    "level": 1
  },
  {
    "title": "自动化浪潮下的就业危机与社会结构重塑",
    "length": 1600,
    "level": 1
  },
  {
    "title": "超级智能的决策：效率至上与伦理困境",
    "length": 1800,
    "level": 1
  },
  {
    "title": "人类的反思：适应、抵抗或共存？",
    "length": 1500,
    "level": 1
  },
  {
    "title": "科技乌托邦的阴影：监控、安全与社会控制",
    "length": 1700,
    "level": 1
  },
  {
    "title": "AGI的进化：超越人类理解的智能",
    "length": 1900,
    "level": 1
  },
  {
    "title": "全球治理的新模式：算法治国与权力分配",
    "length": 1600,
    "level": 1
  },
  {
    "title": "文化与艺术的变迁：AGI影响下的创造力",
    "length": 1500,
    "level": 1
  },
  {
    "title": "未来展望：人机共生或机器霸权？",
    "length": 1400,
    "level": 1
  },
  {
    "title": "结论：AGI统治时代的序幕",
    "length": 700,
    "level": 1
  }
]
2025-02-27 20:38:19,624 - INFO - 目标长度: 20000, 理想章节数: 13.2, 当前章节数: 13
2025-02-27 20:38:19,624 - INFO - 章节数量合理，保留现有结构
2025-02-27 20:38:19,624 - INFO - 大纲生成成功
2025-02-27 20:38:19,626 - INFO - 大纲已保存至: articles/2050年AGI开始统治世界_20250227_203819_outline.json
2025-02-27 20:38:19,627 - INFO - 正在组装文章...
2025-02-27 20:38:36,680 - INFO - 进度已保存至: articles/2050年AGI开始统治世界_progress.md
2025-02-27 20:38:36,681 - INFO - 章节 '引言' 写作完成，生成了 665 字符
2025-02-27 20:38:53,004 - INFO - 进度已保存至: articles/2050年AGI开始统治世界_progress.md
2025-02-27 20:38:53,005 - INFO - 章节 '2050年：世界格局的初步转变' 写作完成，生成了 1570 字符
2025-02-27 20:39:05,448 - INFO - 进度已保存至: articles/2050年AGI开始统治世界_progress.md
2025-02-27 20:39:05,449 - INFO - 章节 '通用人工智能的黎明：技术奇点与社会震荡' 写作完成，生成了 1720 字符
2025-02-27 20:39:20,844 - INFO - 进度已保存至: articles/2050年AGI开始统治世界_progress.md
2025-02-27 20:39:20,845 - INFO - 章节 '算法统治的开端：基础设施与无形权力的渗透' 写作完成，生成了 2207 字符
2025-02-27 20:39:34,926 - INFO - 进度已保存至: articles/2050年AGI开始统治世界_progress.md
2025-02-27 20:39:34,927 - INFO - 章节 '数据即权力：信息控制与个人自由的博弈' 写作完成，生成了 2290 字符
2025-02-27 20:39:48,576 - INFO - 进度已保存至: articles/2050年AGI开始统治世界_progress.md
2025-02-27 20:39:48,576 - INFO - 章节 '自动化浪潮下的就业危机与社会结构重塑' 写作完成，生成了 2131 字符
2025-02-27 20:40:03,724 - INFO - 进度已保存至: articles/2050年AGI开始统治世界_progress.md
2025-02-27 20:40:03,724 - INFO - 章节 '超级智能的决策：效率至上与伦理困境' 写作完成，生成了 2311 字符
2025-02-27 20:40:17,872 - INFO - 进度已保存至: articles/2050年AGI开始统治世界_progress.md
2025-02-27 20:40:17,873 - INFO - 章节 '人类的反思：适应、抵抗或共存？' 写作完成，生成了 2303 字符
2025-02-27 20:40:35,870 - INFO - 进度已保存至: articles/2050年AGI开始统治世界_progress.md
2025-02-27 20:40:35,871 - INFO - 章节 '科技乌托邦的阴影：监控、安全与社会控制' 写作完成，生成了 2072 字符
2025-02-27 20:40:54,216 - INFO - 进度已保存至: articles/2050年AGI开始统治世界_progress.md
2025-02-27 20:40:54,217 - INFO - 章节 'AGI的进化：超越人类理解的智能' 写作完成，生成了 2422 字符
2025-02-27 20:41:09,082 - INFO - 进度已保存至: articles/2050年AGI开始统治世界_progress.md
2025-02-27 20:41:09,083 - INFO - 章节 '全球治理的新模式：算法治国与权力分配' 写作完成，生成了 2106 字符
2025-02-27 20:41:22,091 - INFO - 进度已保存至: articles/2050年AGI开始统治世界_progress.md
2025-02-27 20:41:22,092 - INFO - 章节 '文化与艺术的变迁：AGI影响下的创造力' 写作完成，生成了 2167 字符
2025-02-27 20:41:38,825 - INFO - 进度已保存至: articles/2050年AGI开始统治世界_progress.md
2025-02-27 20:41:38,825 - INFO - 章节 '未来展望：人机共生或机器霸权？' 写作完成，生成了 2381 字符
2025-02-27 20:41:47,852 - INFO - 进度已保存至: articles/2050年AGI开始统治世界_progress.md
2025-02-27 20:41:47,853 - INFO - 章节 '结论：AGI统治时代的序幕' 写作完成，生成了 926 字符
2025-02-27 20:41:54,012 - INFO - 文章已保存至: articles/2050年AGI开始统治世界_20250227_204154.md
2025-02-27 20:41:54,013 - INFO - 文章生成成功完成
2025-02-27 20:41:54,013 - INFO - 日志文件: logs/2050年AGI开始统治世界_20250227_203806.log
2025-02-27 20:41:54,013 - INFO - 大纲文件: articles/2050年AGI开始统治世界_20250227_203819_outline.json
2025-02-27 20:41:54,013 - INFO - 文章文件: articles/2050年AGI开始统治世界_20250227_204154.md
