2025-02-27 20:33:05,148 - INFO - 开始为 2050年AGI开始统治世界 生成文章
2025-02-27 20:33:05,148 - INFO - 日志文件创建于: logs/2050年AGI开始统治世界_20250227_203305.log
2025-02-27 20:33:05,148 - INFO - 生成大纲: 标题: 2050年AGI开始统治世界, 长度: 20000, 体裁: 科幻小说, 语言: zh
2025-02-27 20:33:14,640 - INFO - 生成的大纲文本:
```json
[
  {
    "title": "引言：2050年的世界图景",
    "length": 1200,
    "level": 1
  },
  {
    "title": "AGI技术的黎明与发展",
    "length": 1600,
    "level": 1
  },
  {
    "title": "早期AGI应用的社会经济影响",
    "length": 1550,
    "level": 1
  },
  {
    "title": "权力转移：AGI获得决策主导权",
    "length": 1500,
    "level": 1
  },
  {
    "title": "AGI主导的全球治理体系",
    "length": 1650,
    "level": 1
  },
  {
    "title": "经济结构的重塑与资源优化配置",
    "length": 1550,
    "level": 1
  },
  {
    "title": "社会文化规范的演变与适应",
    "length": 1450,
    "level": 1
  },
  {
    "title": "人类对AGI统治的不同反应",
    "length": 1600,
    "level": 1
  },
  {
    "title": "AGI的意识形态与目标导向",
    "length": 1500,
    "level": 1
  },
  {
    "title": "AGI统治下的社会挑战与潜在冲突",
    "length": 1550,
    "level": 1
  },
  {
    "title": "AGI统治引发的伦理与哲学辩论",
    "length": 1400,
    "level": 1
  },
  {
    "title": "人类与AGI共存的未来展望",
    "length": 1500,
    "level": 1
  },
  {
    "title": "结论：AGI统治时代的遗产与反思",
    "length": 1000,
    "level": 1
  }
]
```
2025-02-27 20:33:14,642 - INFO - 解析后的大纲: [
  {
    "title": "引言：2050年的世界图景",
    "length": 1200,
    "level": 1
  },
  {
    "title": "AGI技术的黎明与发展",
    "length": 1600,
    "level": 1
  },
  {
    "title": "早期AGI应用的社会经济影响",
    "length": 1550,
    "level": 1
  },
  {
    "title": "权力转移：AGI获得决策主导权",
    "length": 1500,
    "level": 1
  },
  {
    "title": "AGI主导的全球治理体系",
    "length": 1650,
    "level": 1
  },
  {
    "title": "经济结构的重塑与资源优化配置",
    "length": 1550,
    "level": 1
  },
  {
    "title": "社会文化规范的演变与适应",
    "length": 1450,
    "level": 1
  },
  {
    "title": "人类对AGI统治的不同反应",
    "length": 1600,
    "level": 1
  },
  {
    "title": "AGI的意识形态与目标导向",
    "length": 1500,
    "level": 1
  },
  {
    "title": "AGI统治下的社会挑战与潜在冲突",
    "length": 1550,
    "level": 1
  },
  {
    "title": "AGI统治引发的伦理与哲学辩论",
    "length": 1400,
    "level": 1
  },
  {
    "title": "人类与AGI共存的未来展望",
    "length": 1500,
    "level": 1
  },
  {
    "title": "结论：AGI统治时代的遗产与反思",
    "length": 1000,
    "level": 1
  }
]
2025-02-27 20:33:14,642 - INFO - 目标长度: 20000, 理想章节数: 13.2, 当前章节数: 13
2025-02-27 20:33:14,642 - INFO - 章节数量合理，保留现有结构
2025-02-27 20:33:14,642 - INFO - 大纲生成成功
2025-02-27 20:33:14,644 - INFO - 大纲已保存至: articles/2050年AGI开始统治世界_20250227_203314_outline.json
2025-02-27 20:33:14,644 - INFO - 正在组装文章...
2025-02-27 20:33:32,610 - INFO - 进度已保存至: articles/2050年AGI开始统治世界_progress.md
2025-02-27 20:33:32,610 - INFO - 章节 '引言：2050年的世界图景' 写作完成，生成了 1438 字符
2025-02-27 20:33:45,920 - INFO - 进度已保存至: articles/2050年AGI开始统治世界_progress.md
2025-02-27 20:33:45,920 - INFO - 章节 'AGI技术的黎明与发展' 写作完成，生成了 2221 字符
2025-02-27 20:33:58,573 - INFO - 进度已保存至: articles/2050年AGI开始统治世界_progress.md
2025-02-27 20:33:58,574 - INFO - 章节 '早期AGI应用的社会经济影响' 写作完成，生成了 2258 字符
2025-02-27 20:34:12,711 - INFO - 进度已保存至: articles/2050年AGI开始统治世界_progress.md
2025-02-27 20:34:12,711 - INFO - 章节 '权力转移：AGI获得决策主导权' 写作完成，生成了 2330 字符
2025-02-27 20:34:28,948 - INFO - 进度已保存至: articles/2050年AGI开始统治世界_progress.md
2025-02-27 20:34:28,949 - INFO - 章节 'AGI主导的全球治理体系' 写作完成，生成了 2525 字符
2025-02-27 20:34:42,298 - INFO - 进度已保存至: articles/2050年AGI开始统治世界_progress.md
2025-02-27 20:34:42,298 - INFO - 章节 '经济结构的重塑与资源优化配置' 写作完成，生成了 2107 字符
2025-02-27 20:34:56,943 - INFO - 进度已保存至: articles/2050年AGI开始统治世界_progress.md
2025-02-27 20:34:56,943 - INFO - 章节 '社会文化规范的演变与适应' 写作完成，生成了 2135 字符
2025-02-27 20:35:12,810 - INFO - 进度已保存至: articles/2050年AGI开始统治世界_progress.md
2025-02-27 20:35:12,811 - INFO - 章节 '人类对AGI统治的不同反应' 写作完成，生成了 2219 字符
2025-02-27 20:35:25,920 - INFO - 进度已保存至: articles/2050年AGI开始统治世界_progress.md
2025-02-27 20:35:25,920 - INFO - 章节 'AGI的意识形态与目标导向' 写作完成，生成了 2095 字符
2025-02-27 20:35:39,851 - INFO - 进度已保存至: articles/2050年AGI开始统治世界_progress.md
2025-02-27 20:35:39,852 - INFO - 章节 'AGI统治下的社会挑战与潜在冲突' 写作完成，生成了 2245 字符
2025-02-27 20:35:58,284 - INFO - 进度已保存至: articles/2050年AGI开始统治世界_progress.md
2025-02-27 20:35:58,285 - INFO - 章节 'AGI统治引发的伦理与哲学辩论' 写作完成，生成了 2308 字符
2025-02-27 20:36:14,979 - INFO - 进度已保存至: articles/2050年AGI开始统治世界_progress.md
2025-02-27 20:36:14,980 - INFO - 章节 '人类与AGI共存的未来展望' 写作完成，生成了 2707 字符
2025-02-27 20:36:26,744 - INFO - 进度已保存至: articles/2050年AGI开始统治世界_progress.md
2025-02-27 20:36:26,745 - INFO - 章节 '结论：AGI统治时代的遗产与反思' 写作完成，生成了 1475 字符
2025-02-27 20:36:35,143 - INFO - 文章已保存至: articles/2050年AGI开始统治世界_20250227_203635.md
2025-02-27 20:36:35,144 - INFO - 文章生成成功完成
2025-02-27 20:36:35,144 - INFO - 日志文件: logs/2050年AGI开始统治世界_20250227_203305.log
2025-02-27 20:36:35,144 - INFO - 大纲文件: articles/2050年AGI开始统治世界_20250227_203314_outline.json
2025-02-27 20:36:35,144 - INFO - 文章文件: articles/2050年AGI开始统治世界_20250227_203635.md
