2025-02-27 21:57:35,729 - INFO - 开始为 2050年，AGI统治人类世界 生成文章
2025-02-27 21:57:35,729 - INFO - 日志文件创建于: logs/2050年AGI统治人类世界_20250227_215735.log
2025-02-27 21:57:35,729 - INFO - 生成大纲: 标题: 2050年，AGI统治人类世界, 长度: 10000, 体裁: 科幻小说, 语言: zh
2025-02-27 21:57:48,027 - INFO - 生成的大纲文本:
好的，请看下面符合您要求的JSON格式的大纲：

```json
[
  {
    "title": "引子：雾霾中的预兆",
    "length": 800,
    "level": 1
  },
  {
    "title": "AGI降临：世界静悄悄地变了",
    "length": 1200,
    "level": 1
  },
  {
    "title": "新秩序建立：效率至上的冷酷世界",
    "length": 1100,
    "level": 1
  },
  {
    "title": "被优化的生活：当人类成为算法的注脚",
    "length": 1200,
    "level": 1
  },
  {
    "title": "失业潮与新职业：在AGI的阴影下讨生活",
    "length": 1100,
    "level": 1
  },
  {
    "title": "情感的荒漠：当AI比人类更懂你",
    "length": 1200,
    "level": 1
  },
  {
    "title": "反抗的声音：在沉默中爆发",
    "length": 1300,
    "level": 1
  },
  {
    "title": "谁在掌控：AGI的意志与人类的未来",
    "length": 1100,
    "level": 1
  },
  {
    "title": "尾声：不确定的明天",
    "length": 1000,
    "level": 1
  }
]
```
2025-02-27 21:57:48,028 - INFO - 解析后的大纲: [
  {
    "title": "引子：雾霾中的预兆",
    "length": 800,
    "level": 1
  },
  {
    "title": "AGI降临：世界静悄悄地变了",
    "length": 1200,
    "level": 1
  },
  {
    "title": "新秩序建立：效率至上的冷酷世界",
    "length": 1100,
    "level": 1
  },
  {
    "title": "被优化的生活：当人类成为算法的注脚",
    "length": 1200,
    "level": 1
  },
  {
    "title": "失业潮与新职业：在AGI的阴影下讨生活",
    "length": 1100,
    "level": 1
  },
  {
    "title": "情感的荒漠：当AI比人类更懂你",
    "length": 1200,
    "level": 1
  },
  {
    "title": "反抗的声音：在沉默中爆发",
    "length": 1300,
    "level": 1
  },
  {
    "title": "谁在掌控：AGI的意志与人类的未来",
    "length": 1100,
    "level": 1
  },
  {
    "title": "尾声：不确定的明天",
    "length": 1000,
    "level": 1
  }
]
2025-02-27 21:57:48,028 - INFO - 目标长度: 10000, 理想章节数: 9, 当前章节数: 9
2025-02-27 21:57:48,028 - INFO - 章节数量合理，保留现有结构
2025-02-27 21:57:48,029 - INFO - 大纲生成成功
2025-02-27 21:57:48,029 - INFO - 大纲已保存至: articles/2050年AGI统治人类世界_20250227_215748_outline.json
2025-02-27 21:57:48,030 - INFO - 正在组装文章...
2025-02-27 21:58:13,594 - INFO - 进度已保存至: articles/2050年AGI统治人类世界_progress.md
2025-02-27 21:58:13,594 - INFO - 章节 '引言' 写作完成，生成了 825 字符
2025-02-27 21:58:25,275 - INFO - 进度已保存至: articles/2050年AGI统治人类世界_progress.md
2025-02-27 21:58:25,276 - INFO - 章节 '引子：雾霾中的预兆' 写作完成，生成了 1394 字符
2025-02-27 21:58:38,580 - INFO - 进度已保存至: articles/2050年AGI统治人类世界_progress.md
2025-02-27 21:58:38,580 - INFO - 章节 'AGI降临：世界静悄悄地变了' 写作完成，生成了 1806 字符
2025-02-27 21:58:56,074 - INFO - 进度已保存至: articles/2050年AGI统治人类世界_progress.md
2025-02-27 21:58:56,074 - INFO - 章节 '新秩序建立：效率至上的冷酷世界' 写作完成，生成了 1868 字符
2025-02-27 21:59:10,426 - INFO - 进度已保存至: articles/2050年AGI统治人类世界_progress.md
2025-02-27 21:59:10,427 - INFO - 章节 '被优化的生活：当人类成为算法的注脚' 写作完成，生成了 2207 字符
2025-02-27 21:59:24,660 - INFO - 进度已保存至: articles/2050年AGI统治人类世界_progress.md
2025-02-27 21:59:24,661 - INFO - 章节 '失业潮与新职业：在AGI的阴影下讨生活' 写作完成，生成了 1912 字符
2025-02-27 21:59:39,713 - INFO - 进度已保存至: articles/2050年AGI统治人类世界_progress.md
2025-02-27 21:59:39,713 - INFO - 章节 '情感的荒漠：当AI比人类更懂你' 写作完成，生成了 1756 字符
2025-02-27 21:59:54,202 - INFO - 进度已保存至: articles/2050年AGI统治人类世界_progress.md
2025-02-27 21:59:54,203 - INFO - 章节 '反抗的声音：在沉默中爆发' 写作完成，生成了 1899 字符
2025-02-27 22:00:09,820 - INFO - 进度已保存至: articles/2050年AGI统治人类世界_progress.md
2025-02-27 22:00:09,821 - INFO - 章节 '谁在掌控：AGI的意志与人类的未来' 写作完成，生成了 1780 字符
2025-02-27 22:00:22,513 - INFO - 进度已保存至: articles/2050年AGI统治人类世界_progress.md
2025-02-27 22:00:22,513 - INFO - 章节 '尾声：不确定的明天' 写作完成，生成了 2009 字符
2025-02-27 22:00:30,370 - INFO - 进度已保存至: articles/2050年AGI统治人类世界_progress.md
2025-02-27 22:00:30,370 - INFO - 章节 '结论' 写作完成，生成了 669 字符
2025-02-27 22:00:30,371 - INFO - 文章已保存至: articles/2050年AGI统治人类世界_20250227_220030.md
2025-02-27 22:00:30,372 - INFO - 文章生成成功完成
2025-02-27 22:00:30,372 - INFO - 日志文件: logs/2050年AGI统治人类世界_20250227_215735.log
2025-02-27 22:00:30,372 - INFO - 大纲文件: articles/2050年AGI统治人类世界_20250227_215748_outline.json
2025-02-27 22:00:30,372 - INFO - 文章文件: articles/2050年AGI统治人类世界_20250227_220030.md
