2025-02-27 20:27:22,696 - INFO - 开始为 蜜蜂会 生成文章
2025-02-27 20:27:22,696 - INFO - 日志文件创建于: logs/蜜蜂会_20250227_202722.log
2025-02-27 20:27:22,696 - INFO - 生成大纲: 标题: 蜜蜂会, 长度: 1000, 体裁: 学术论文, 语言: zh
2025-02-27 20:27:29,352 - INFO - 生成的大纲文本:
```json
[
  {
    "title": "引言：蜜蜂社会的重要性与研究概述",
    "length": 300,
    "level": 1
  },
  {
    "title": "蜜蜂社会的社会结构与组织",
    "length": 400,
    "level": 1
  },
  {
    "title": "结论：蜜蜂社会研究的意义与未来展望",
    "length": 300,
    "level": 1
  }
]
```
2025-02-27 20:27:29,354 - INFO - 解析后的大纲: [
  {
    "title": "引言：蜜蜂社会的重要性与研究概述",
    "length": 300,
    "level": 1
  },
  {
    "title": "蜜蜂社会的社会结构与组织",
    "length": 400,
    "level": 1
  },
  {
    "title": "结论：蜜蜂社会研究的意义与未来展望",
    "length": 300,
    "level": 1
  }
]
2025-02-27 20:27:29,354 - INFO - 目标长度: 1000, 理想章节数: 3, 当前章节数: 3
2025-02-27 20:27:29,354 - INFO - 章节数量合理，保留现有结构
2025-02-27 20:27:29,354 - INFO - 大纲生成成功
2025-02-27 20:27:29,355 - INFO - 大纲已保存至: articles/蜜蜂会_20250227_202729_outline.json
2025-02-27 20:27:29,355 - INFO - 正在组装文章...
2025-02-27 20:27:51,013 - INFO - 进度已保存至: articles/蜜蜂会_progress.md
2025-02-27 20:27:51,015 - INFO - 章节 '引言：蜜蜂社会的重要性与研究概述' 写作完成，生成了 534 字符
2025-02-27 20:27:58,288 - INFO - 进度已保存至: articles/蜜蜂会_progress.md
2025-02-27 20:27:58,289 - INFO - 章节 '蜜蜂社会的社会结构与组织' 写作完成，生成了 749 字符
2025-02-27 20:28:03,399 - INFO - 进度已保存至: articles/蜜蜂会_progress.md
2025-02-27 20:28:03,399 - INFO - 章节 '结论：蜜蜂社会研究的意义与未来展望' 写作完成，生成了 509 字符
2025-02-27 20:28:13,331 - INFO - 文章已保存至: articles/蜜蜂会_20250227_202813.md
2025-02-27 20:28:13,331 - INFO - 文章生成成功完成
2025-02-27 20:28:13,331 - INFO - 日志文件: logs/蜜蜂会_20250227_202722.log
2025-02-27 20:28:13,332 - INFO - 大纲文件: articles/蜜蜂会_20250227_202729_outline.json
2025-02-27 20:28:13,332 - INFO - 文章文件: articles/蜜蜂会_20250227_202813.md
