2025-02-27 20:43:35,725 - INFO - 开始为 蜜蜂会 生成文章
2025-02-27 20:43:35,725 - INFO - 日志文件创建于: logs/蜜蜂会_20250227_204335.log
2025-02-27 20:43:35,725 - INFO - 生成大纲: 标题: 蜜蜂会, 长度: 7500, 体裁: 学术论文, 语言: zh
2025-02-27 20:43:46,539 - INFO - 生成的大纲文本:
```json
[
  {
    "title": "引言：蜜蜂社会的魅力与学术价值",
    "length": 700,
    "level": 1
  },
  {
    "title": "蜜蜂的生物学基础：分类、形态与生理",
    "length": 850,
    "level": 1
  },
  {
    "title": "蜜蜂的社会结构：等级制度与分工",
    "length": 1000,
    "level": 1
  },
  {
    "title": "蜜蜂的通讯与行为：信息素、舞蹈与学习",
    "length": 950,
    "level": 1
  },
  {
    "title": "蜜蜂的授粉作用：生态与经济意义",
    "length": 900,
    "level": 1
  },
  {
    "title": "蜜蜂的栖息地与环境适应性",
    "length": 800,
    "level": 1
  },
  {
    "title": "蜜蜂与人类的互动：养蜂业与文化影响",
    "length": 950,
    "level": 1
  },
  {
    "title": "蜜蜂研究的进展与挑战：方法与未来方向",
    "length": 750,
    "level": 1
  },
  {
    "title": "结论：蜜蜂社会的启示与保护意义",
    "length": 600,
    "level": 1
  }
]
```
2025-02-27 20:43:46,540 - INFO - 解析后的大纲: [
  {
    "title": "引言：蜜蜂社会的魅力与学术价值",
    "length": 700,
    "level": 1
  },
  {
    "title": "蜜蜂的生物学基础：分类、形态与生理",
    "length": 850,
    "level": 1
  },
  {
    "title": "蜜蜂的社会结构：等级制度与分工",
    "length": 1000,
    "level": 1
  },
  {
    "title": "蜜蜂的通讯与行为：信息素、舞蹈与学习",
    "length": 950,
    "level": 1
  },
  {
    "title": "蜜蜂的授粉作用：生态与经济意义",
    "length": 900,
    "level": 1
  },
  {
    "title": "蜜蜂的栖息地与环境适应性",
    "length": 800,
    "level": 1
  },
  {
    "title": "蜜蜂与人类的互动：养蜂业与文化影响",
    "length": 950,
    "level": 1
  },
  {
    "title": "蜜蜂研究的进展与挑战：方法与未来方向",
    "length": 750,
    "level": 1
  },
  {
    "title": "结论：蜜蜂社会的启示与保护意义",
    "length": 600,
    "level": 1
  }
]
2025-02-27 20:43:46,540 - INFO - 目标长度: 7500, 理想章节数: 9, 当前章节数: 9
2025-02-27 20:43:46,540 - INFO - 章节数量合理，保留现有结构
2025-02-27 20:43:46,541 - INFO - 大纲生成成功
2025-02-27 20:43:46,542 - INFO - 大纲已保存至: articles/蜜蜂会_20250227_204346_outline.json
2025-02-27 20:43:46,542 - INFO - 正在组装文章...
2025-02-27 20:44:05,806 - INFO - 进度已保存至: articles/蜜蜂会_progress.md
2025-02-27 20:44:05,807 - INFO - 章节 '引言：蜜蜂社会的魅力与学术价值' 写作完成，生成了 1007 字符
2025-02-27 20:44:17,651 - INFO - 进度已保存至: articles/蜜蜂会_progress.md
2025-02-27 20:44:17,652 - INFO - 章节 '蜜蜂的生物学基础：分类、形态与生理' 写作完成，生成了 1427 字符
2025-02-27 20:44:31,374 - INFO - 进度已保存至: articles/蜜蜂会_progress.md
2025-02-27 20:44:31,375 - INFO - 章节 '蜜蜂的社会结构：等级制度与分工' 写作完成，生成了 1784 字符
2025-02-27 20:44:42,858 - INFO - 进度已保存至: articles/蜜蜂会_progress.md
2025-02-27 20:44:42,859 - INFO - 章节 '蜜蜂的通讯与行为：信息素、舞蹈与学习' 写作完成，生成了 1801 字符
2025-02-27 20:44:57,142 - INFO - 进度已保存至: articles/蜜蜂会_progress.md
2025-02-27 20:44:57,143 - INFO - 章节 '蜜蜂的授粉作用：生态与经济意义' 写作完成，生成了 1695 字符
2025-02-27 20:45:12,368 - INFO - 进度已保存至: articles/蜜蜂会_progress.md
2025-02-27 20:45:12,368 - INFO - 章节 '蜜蜂的栖息地与环境适应性' 写作完成，生成了 1638 字符
2025-02-27 20:45:26,097 - INFO - 进度已保存至: articles/蜜蜂会_progress.md
2025-02-27 20:45:26,098 - INFO - 章节 '蜜蜂与人类的互动：养蜂业与文化影响' 写作完成，生成了 2044 字符
2025-02-27 20:45:43,570 - INFO - 进度已保存至: articles/蜜蜂会_progress.md
2025-02-27 20:45:43,570 - INFO - 章节 '蜜蜂研究的进展与挑战：方法与未来方向' 写作完成，生成了 1462 字符
2025-02-27 20:45:54,349 - INFO - 进度已保存至: articles/蜜蜂会_progress.md
2025-02-27 20:45:54,349 - INFO - 章节 '结论：蜜蜂社会的启示与保护意义' 写作完成，生成了 1128 字符
2025-02-27 20:46:03,360 - INFO - 文章已保存至: articles/蜜蜂会_20250227_204603.md
2025-02-27 20:46:03,361 - INFO - 文章生成成功完成
2025-02-27 20:46:03,361 - INFO - 日志文件: logs/蜜蜂会_20250227_204335.log
2025-02-27 20:46:03,361 - INFO - 大纲文件: articles/蜜蜂会_20250227_204346_outline.json
2025-02-27 20:46:03,361 - INFO - 文章文件: articles/蜜蜂会_20250227_204603.md
