2025-04-12 14:04:59,146 - INFO - 开始为 专委会成立贺词 生成文章
2025-04-12 14:04:59,147 - INFO - 日志文件创建于: logs/专委会成立贺词_20250412_140459.log
2025-04-12 14:04:59,147 - INFO - 生成大纲: 标题: 专委会成立贺词, 长度: 10000, 体裁: 贺词, 语言: 中文
2025-04-12 14:05:09,535 - INFO - 生成的大纲文本:
```json
[
  {
    "title": "引言：热烈祝贺中国医药教育协会卫生信息及互联网医疗专业委员会成立",
    "length": 600,
    "level": 1
  },
  {
    "title": "成立背景与时代意义：卫生信息与互联网医疗发展的战略地位",
    "length": 1300,
    "level": 1
  },
  {
    "title": "专委会的宗旨与目标：聚焦行业发展，服务医药教育",
    "length": 1100,
    "level": 1
  },
  {
    "title": "专委会的工作范围与重点：构建卫生信息及互联网医疗学术交流平台",
    "length": 1400,
    "level": 1
  },
  {
    "title": "领导团队与专家力量：汇聚行业精英，引领专业发展方向",
    "length": 1200,
    "level": 1
  },
  {
    "title": "首届学术活动回顾与展望：高起点起步，展现专委会活力",
    "length": 1100,
    "level": 1
  },
  {
    "title": "专委会的预期贡献与社会价值：推动医药教育创新，助力健康中国建设",
    "length": 1400,
    "level": 1
  },
  {
    "title": "未来发展与展望：携手共进，开创卫生信息及互联网医疗新篇章",
    "length": 1300,
    "level": 1
  },
  {
    "title": "结语：衷心祝愿专委会蓬勃发展，再创辉煌",
    "length": 600,
    "level": 1
  }
]
```
2025-04-12 14:05:09,536 - INFO - 解析后的大纲: [
  {
    "title": "引言：热烈祝贺中国医药教育协会卫生信息及互联网医疗专业委员会成立",
    "length": 600,
    "level": 1
  },
  {
    "title": "成立背景与时代意义：卫生信息与互联网医疗发展的战略地位",
    "length": 1300,
    "level": 1
  },
  {
    "title": "专委会的宗旨与目标：聚焦行业发展，服务医药教育",
    "length": 1100,
    "level": 1
  },
  {
    "title": "专委会的工作范围与重点：构建卫生信息及互联网医疗学术交流平台",
    "length": 1400,
    "level": 1
  },
  {
    "title": "领导团队与专家力量：汇聚行业精英，引领专业发展方向",
    "length": 1200,
    "level": 1
  },
  {
    "title": "首届学术活动回顾与展望：高起点起步，展现专委会活力",
    "length": 1100,
    "level": 1
  },
  {
    "title": "专委会的预期贡献与社会价值：推动医药教育创新，助力健康中国建设",
    "length": 1400,
    "level": 1
  },
  {
    "title": "未来发展与展望：携手共进，开创卫生信息及互联网医疗新篇章",
    "length": 1300,
    "level": 1
  },
  {
    "title": "结语：衷心祝愿专委会蓬勃发展，再创辉煌",
    "length": 600,
    "level": 1
  }
]
2025-04-12 14:05:09,536 - INFO - 目标长度: 10000, 理想章节数: 9, 当前章节数: 9
2025-04-12 14:05:09,536 - INFO - 章节数量合理，保留现有结构
2025-04-12 14:05:09,537 - INFO - 大纲生成成功
2025-04-12 14:05:09,537 - INFO - 大纲已保存至: articles/专委会成立贺词_20250412_140509_outline.json
2025-04-12 14:05:09,538 - INFO - 正在组装文章...
2025-04-12 14:05:30,737 - INFO - 进度已保存至: articles/专委会成立贺词_progress.md
2025-04-12 14:05:30,737 - INFO - 章节 '引言：热烈祝贺中国医药教育协会卫生信息及互联网医疗专业委员会成立' 写作完成，生成了 907 字符
2025-04-12 14:05:44,299 - INFO - 进度已保存至: articles/专委会成立贺词_progress.md
2025-04-12 14:05:44,299 - INFO - 章节 '成立背景与时代意义：卫生信息与互联网医疗发展的战略地位' 写作完成，生成了 2076 字符
2025-04-12 14:05:55,347 - INFO - 进度已保存至: articles/专委会成立贺词_progress.md
2025-04-12 14:05:55,347 - INFO - 章节 '专委会的宗旨与目标：聚焦行业发展，服务医药教育' 写作完成，生成了 1941 字符
2025-04-12 14:06:18,536 - INFO - 进度已保存至: articles/专委会成立贺词_progress.md
2025-04-12 14:06:18,536 - INFO - 章节 '专委会的工作范围与重点：构建卫生信息及互联网医疗学术交流平台' 写作完成，生成了 3642 字符
2025-04-12 14:06:34,076 - INFO - 进度已保存至: articles/专委会成立贺词_progress.md
2025-04-12 14:06:34,077 - INFO - 章节 '领导团队与专家力量：汇聚行业精英，引领专业发展方向' 写作完成，生成了 2580 字符
2025-04-12 14:06:46,703 - INFO - 进度已保存至: articles/专委会成立贺词_progress.md
2025-04-12 14:06:46,703 - INFO - 章节 '首届学术活动回顾与展望：高起点起步，展现专委会活力' 写作完成，生成了 2043 字符
2025-04-12 14:07:08,329 - INFO - 进度已保存至: articles/专委会成立贺词_progress.md
2025-04-12 14:07:08,329 - INFO - 章节 '专委会的预期贡献与社会价值：推动医药教育创新，助力健康中国建设' 写作完成，生成了 3508 字符
2025-04-12 14:07:26,257 - INFO - 进度已保存至: articles/专委会成立贺词_progress.md
2025-04-12 14:07:26,258 - INFO - 章节 '未来发展与展望：携手共进，开创卫生信息及互联网医疗新篇章' 写作完成，生成了 2647 字符
2025-04-12 14:07:40,651 - INFO - 进度已保存至: articles/专委会成立贺词_progress.md
2025-04-12 14:07:40,651 - INFO - 章节 '结语：衷心祝愿专委会蓬勃发展，再创辉煌' 写作完成，生成了 1536 字符
2025-04-12 14:07:51,355 - INFO - 进度已保存至: articles/专委会成立贺词_progress.md
2025-04-12 14:07:51,356 - INFO - 章节 '结论' 写作完成，生成了 746 字符
2025-04-12 14:07:51,356 - INFO - 文章已保存至: articles/专委会成立贺词_20250412_140751.md
2025-04-12 14:07:51,356 - INFO - 文章生成成功完成
2025-04-12 14:07:51,356 - INFO - 日志文件: logs/专委会成立贺词_20250412_140459.log
2025-04-12 14:07:51,356 - INFO - 大纲文件: articles/专委会成立贺词_20250412_140509_outline.json
2025-04-12 14:07:51,356 - INFO - 文章文件: articles/专委会成立贺词_20250412_140751.md
