2025-04-09 22:49:45,348 - INFO - 开始为 专委会成立贺词 生成文章
2025-04-09 22:49:45,348 - INFO - 日志文件创建于: logs/专委会成立贺词_20250409_224945.log
2025-04-09 22:49:45,348 - INFO - 生成大纲: 标题: 专委会成立贺词, 长度: 10000, 体裁: 贺词, 语言: 中文
2025-04-09 22:49:53,857 - INFO - 生成的大纲文本:
```json
[
  {
    "title": "引言：热烈祝贺中国医药教育协会卫生信息及互联网医疗专业委员会成立",
    "length": 800,
    "level": 1
  },
  {
    "title": "时代背景：卫生信息及互联网医疗发展的必然趋势与战略意义",
    "length": 1200,
    "level": 1
  },
  {
    "title": "协会使命：中国医药教育协会在推动卫生信息与互联网医疗领域的重要作用",
    "length": 1100,
    "level": 1
  },
  {
    "title": "专委会定位：专业委员会在协会体系内的职能与独特价值",
    "length": 1200,
    "level": 1
  },
  {
    "title": "成立意义：专委会成立对行业发展、学术交流与人才培养的深远影响",
    "length": 1300,
    "level": 1
  },
  {
    "title": "主任委员致辞精神解读：孙国强主任委员发言的核心要点与未来展望",
    "length": 1200,
    "level": 1
  },
  {
    "title": "专家演讲内容概要：第一次学术活动专家演讲的亮点与启示",
    "length": 1100,
    "level": 1
  },
  {
    "title": "未来展望：专委会发展规划、重点工作与社会责任",
    "length": 1100,
    "level": 1
  },
  {
    "title": "结论：共同谱写卫生信息及互联网医疗事业发展新篇章",
    "length": 1000,
    "level": 1
  }
]
```
2025-04-09 22:49:53,858 - INFO - 解析后的大纲: [
  {
    "title": "引言：热烈祝贺中国医药教育协会卫生信息及互联网医疗专业委员会成立",
    "length": 800,
    "level": 1
  },
  {
    "title": "时代背景：卫生信息及互联网医疗发展的必然趋势与战略意义",
    "length": 1200,
    "level": 1
  },
  {
    "title": "协会使命：中国医药教育协会在推动卫生信息与互联网医疗领域的重要作用",
    "length": 1100,
    "level": 1
  },
  {
    "title": "专委会定位：专业委员会在协会体系内的职能与独特价值",
    "length": 1200,
    "level": 1
  },
  {
    "title": "成立意义：专委会成立对行业发展、学术交流与人才培养的深远影响",
    "length": 1300,
    "level": 1
  },
  {
    "title": "主任委员致辞精神解读：孙国强主任委员发言的核心要点与未来展望",
    "length": 1200,
    "level": 1
  },
  {
    "title": "专家演讲内容概要：第一次学术活动专家演讲的亮点与启示",
    "length": 1100,
    "level": 1
  },
  {
    "title": "未来展望：专委会发展规划、重点工作与社会责任",
    "length": 1100,
    "level": 1
  },
  {
    "title": "结论：共同谱写卫生信息及互联网医疗事业发展新篇章",
    "length": 1000,
    "level": 1
  }
]
2025-04-09 22:49:53,858 - INFO - 目标长度: 10000, 理想章节数: 9, 当前章节数: 9
2025-04-09 22:49:53,858 - INFO - 章节数量合理，保留现有结构
2025-04-09 22:49:53,858 - INFO - 大纲生成成功
2025-04-09 22:49:53,859 - INFO - 大纲已保存至: articles/专委会成立贺词_20250409_224953_outline.json
2025-04-09 22:49:53,859 - INFO - 正在组装文章...
2025-04-09 22:50:17,200 - INFO - 进度已保存至: articles/专委会成立贺词_progress.md
2025-04-09 22:50:17,201 - INFO - 章节 '引言：热烈祝贺中国医药教育协会卫生信息及互联网医疗专业委员会成立' 写作完成，生成了 1620 字符
2025-04-09 22:50:33,251 - INFO - 进度已保存至: articles/专委会成立贺词_progress.md
2025-04-09 22:50:33,251 - INFO - 章节 '时代背景：卫生信息及互联网医疗发展的必然趋势与战略意义' 写作完成，生成了 2391 字符
2025-04-09 22:50:51,109 - INFO - 进度已保存至: articles/专委会成立贺词_progress.md
2025-04-09 22:50:51,109 - INFO - 章节 '协会使命：中国医药教育协会在推动卫生信息与互联网医疗领域的重要作用' 写作完成，生成了 2619 字符
2025-04-09 22:51:05,370 - INFO - 进度已保存至: articles/专委会成立贺词_progress.md
2025-04-09 22:51:05,371 - INFO - 章节 '专委会定位：专业委员会在协会体系内的职能与独特价值' 写作完成，生成了 2172 字符
2025-04-09 22:51:21,685 - INFO - 进度已保存至: articles/专委会成立贺词_progress.md
2025-04-09 22:51:21,685 - INFO - 章节 '成立意义：专委会成立对行业发展、学术交流与人才培养的深远影响' 写作完成，生成了 3520 字符
2025-04-09 22:51:36,123 - INFO - 进度已保存至: articles/专委会成立贺词_progress.md
2025-04-09 22:51:36,123 - INFO - 章节 '主任委员致辞精神解读：孙国强主任委员发言的核心要点与未来展望' 写作完成，生成了 2501 字符
2025-04-09 22:51:52,182 - INFO - 进度已保存至: articles/专委会成立贺词_progress.md
2025-04-09 22:51:52,182 - INFO - 章节 '专家演讲内容概要：第一次学术活动专家演讲的亮点与启示' 写作完成，生成了 2865 字符
2025-04-09 22:52:12,070 - INFO - 进度已保存至: articles/专委会成立贺词_progress.md
2025-04-09 22:52:12,071 - INFO - 章节 '未来展望：专委会发展规划、重点工作与社会责任' 写作完成，生成了 3739 字符
2025-04-09 22:52:23,601 - INFO - 进度已保存至: articles/专委会成立贺词_progress.md
2025-04-09 22:52:23,601 - INFO - 章节 '结论：共同谱写卫生信息及互联网医疗事业发展新篇章' 写作完成，生成了 1981 字符
2025-04-09 22:52:30,802 - INFO - 文章已保存至: articles/专委会成立贺词_20250409_225230.md
2025-04-09 22:52:30,803 - INFO - 文章生成成功完成
2025-04-09 22:52:30,803 - INFO - 日志文件: logs/专委会成立贺词_20250409_224945.log
2025-04-09 22:52:30,803 - INFO - 大纲文件: articles/专委会成立贺词_20250409_224953_outline.json
2025-04-09 22:52:30,803 - INFO - 文章文件: articles/专委会成立贺词_20250409_225230.md
