2025-02-14 19:26:32,729 - INFO - Starting article generation for: 北京协和医院生成式人工智能建设五年规划
2025-02-14 19:26:32,729 - INFO - Log file created at: logs/北京协和医院生成式人工智能建设五年规划_20250214_192632.log
2025-02-14 19:26:32,729 - INFO - Generating outline for title: 北京协和医院生成式人工智能建设五年规划, length: 20000, genre: 咨询报告, language: 中文
2025-02-14 19:27:04,519 - INFO - Outline text:
```json
[
  {
    "title": "1. 报告摘要 (Executive Summary)",
    "length": 500,
    "level": 1
  },
  {
    "title": "2. 引言 (Introduction)",
    "length": 1000,
    "level": 1
  },
  {
    "title": "2.1 报告背景与目的 (Background and Objectives)",
    "length": 300,
    "level": 2,
    "parent": "2. 引言 (Introduction)"
  },
  {
    "title": "2.2 生成式人工智能在医疗健康领域的应用现状与趋势 (Current Status and Trends of Generative AI in Healthcare)",
    "length": 400,
    "level": 2,
    "parent": "2. 引言 (Introduction)"
  },
  {
    "title": "2.3 北京协和医院发展生成式人工智能的战略意义 (Strategic Significance for PUMCH to Develop Generative AI)",
    "length": 300,
    "level": 2,
    "parent": "2. 引言 (Introduction)"
  },
  {
    "title": "3. 现状分析与挑战 (Current Situation Analysis and Challenges)",
    "length": 2000,
    "level": 1
  },
  {
    "title": "3.1 北京协和医院信息化建设现状 (Current Status of IT Infrastructure at PUMCH)",
    "length": 500,
    "level": 2,
    "parent": "3. 现状分析与挑战 (Current Situation Analysis and Challenges)"
  },
  {
    "title": "3.1.1 现有IT基础设施评估 (Assessment of Existing IT Infrastructure)",
    "length": 200,
    "level": 3,
    "parent": "3.1 北京协和医院信息化建设现状 (Current Status of IT Infrastructure at PUMCH)"
  },
  {
    "title": "3.1.2 数据资源现状与质量评估 (Current Status and Quality Assessment of Data Resources)",
    "length": 300,
    "level": 3,
    "parent": "3.1 北京协和医院信息化建设现状 (Current Status of IT Infrastructure at PUMCH)"
  },
  {
    "title": "3.2 生成式人工智能相关技术基础评估 (Assessment of Technical Foundation for Generative AI)",
    "length": 500,
    "level": 2,
    "parent": "3. 现状分析与挑战 (Current Situation Analysis and Challenges)"
  },
  {
    "title": "3.2.1 现有AI技术应用情况 (Current Application of AI Technologies)",
    "length": 200,
    "level": 3,
    "parent": "3.2 生成式人工智能相关技术基础评估 (Assessment of Technical Foundation for Generative AI)"
  },
  {
    "title": "3.2.2 内部技术人才储备与能力评估 (Assessment of Internal Technical Talent and Capabilities)",
    "length": 300,
    "level": 3,
    "parent": "3.2 生成式人工智能相关技术基础评估 (Assessment of Technical Foundation for Generative AI)"
  },
  {
    "title": "3.3 面临的挑战与机遇 (Challenges and Opportunities)",
    "length": 1000,
    "level": 2,
    "parent": "3. 现状分析与挑战 (Current Situation Analysis and Challenges)"
  },
  {
    "title": "3.3.1 技术挑战 (Technical Challenges)",
    "length": 300,
    "level": 3,
    "parent": "3.3 面临的挑战与机遇 (Challenges and Opportunities)"
  },
  {
    "title": "3.3.2 数据挑战 (Data Challenges)",
    "length": 300,
    "level": 3,
    "parent": "3.3 面临的挑战与机遇 (Challenges and Opportunities)"
  },
  {
    "title": "3.3.3 伦理与监管挑战 (Ethical and Regulatory Challenges)",
    "length": 400,
    "level": 3,
    "parent": "3.3 面临的挑战与机遇 (Challenges and Opportunities)"
  },
  {
    "title": "4. 总体目标与战略规划 (Overall Goals and Strategic Planning)",
    "length": 2500,
    "level": 1
  },
  {
    "title": "4.1 五年规划总体目标 (Overall Goals for the Five-Year Plan)",
    "length": 500,
    "level": 2,
    "parent": "4. 总体目标与战略规划 (Overall Goals and Strategic Planning)"
  },
  {
    "title": "4.1.1 短期目标 (1-2年) (Short-Term Goals (1-2 Years))",
    "length": 200,
    "level": 3,
    "parent": "4.1 五年规划总体目标 (Overall Goals for the Five-Year Plan)"
  },
  {
    "title": "4.1.2 中期目标 (3-4年) (Mid-Term Goals (3-4 Years))",
    "length": 200,
    "level": 3,
    "parent": "4.1 五年规划总体目标 (Overall Goals for the Five-Year Plan)"
  },
  {
    "title": "4.1.3 长期目标 (5年) (Long-Term Goals (5 Years))",
    "length": 100,
    "level": 3,
    "parent": "4.1 五年规划总体目标 (Overall Goals for the Five-Year Plan)"
  },
  {
    "title": "4.2 战略方向与重点领域 (Strategic Directions and Key Areas)",
    "length": 1000,
    "level": 2,
    "parent": "4. 总体目标与战略规划 (Overall Goals and Strategic Planning)"
  },
  {
    "title": "4.2.1 提升医疗服务效率与质量 (Improving Efficiency and Quality of Medical Services)",
    "length": 300,
    "level": 3,
    "parent": "4.2 战略方向与重点领域 (Strategic Directions and Key Areas)"
  },
  {
    "title": "4.2.2 赋能医学科研创新 (Empowering Medical Research and Innovation)",
    "length": 300,
    "level": 3,
    "parent": "4.2 战略方向与重点领域 (Strategic Directions and Key Areas)"
  },
  {
    "title": "4.2.3 优化医院运营管理 (Optimizing Hospital Operations and Management)",
    "length": 200,
    "level": 3,
    "parent": "4.2 战略方向与重点领域 (Strategic Directions and Key Areas)"
  },
  {
    "title": "4.2.4 改善患者就医体验 (Improving Patient Experience)",
    "length": 200,
    "level": 3,
    "parent": "4.2 战略方向与重点领域 (Strategic Directions and Key Areas)"
  },
  {
    "title": "4.3 战略实施原则 (Strategic Implementation Principles)",
    "length": 1000,
    "level": 2,
    "parent": "4. 总体目标与战略规划 (Overall Goals and Strategic Planning)"
  },
  {
    "title": "4.3.1 以人为本，服务患者 (People-Oriented and Patient-Centric)",
    "length": 250,
    "level": 3,
    "parent": "4.3 战略实施原则 (Strategic Implementation Principles)"
  },
  {
    "title": "4.3.2 创新驱动，技术引领 (Innovation-Driven and Technology-Led)",
    "length": 250,
    "level": 3,
    "parent": "4.3 战略实施原则 (Strategic Implementation Principles)"
  },
  {
    "title": "4.3.3 安全可靠，稳步推进 (Safe and Reliable, Steady Progress)",
    "length": 250,
    "level": 3,
    "parent": "4.3 战略实施原则 (Strategic Implementation Principles)"
  },
  {
    "title": "4.3.4 开放合作，共建生态 (Open Collaboration and Ecosystem Building)",
    "length": 250,
    "level": 3,
    "parent": "4.3 战略实施原则 (Strategic Implementation Principles)"
  },
  {
    "title": "5. 生成式人工智能技术架构设计 (Generative AI Technical Architecture Design)",
    "length": 3000,
    "level": 1
  },
  {
    "title": "5.1 总体技术架构 (Overall Technical Architecture)",
    "length": 500,
    "level": 2,
    "parent": "5. 生成式人工智能技术架构设计 (Generative AI Technical Architecture Design)"
  },
  {
    "title": "5.1.1 基础设施层 (Infrastructure Layer)",
    "length": 200,
    "level": 3,
    "parent": "5.1 总体技术架构 (Overall Technical Architecture)"
  },
  {
    "title": "5.1.2 数据层 (Data Layer)",
    "length": 200,
    "level": 3,
    "parent": "5.1 总体技术架构 (Overall Technical Architecture)"
  },
  {
    "title": "5.1.3 算法模型层 (Algorithm and Model Layer)",
    "length": 100,
    "level": 3,
    "parent": "5.1 总体技术架构 (Overall Technical Architecture)"
  },
  {
    "title": "5.2 关键技术选型与平台建设 (Key Technology Selection and Platform Construction)",
    "length": 1000,
    "level": 2,
    "parent": "5. 生成式人工智能技术架构设计 (Generative AI Technical Architecture Design)"
  },
  {
    "title": "5.2.1 自然语言处理 (NLP) 技术选型 (NLP Technology Selection)",
    "length": 300,
    "level": 3,
    "parent": "5.2 关键技术选型与平台建设 (Key Technology Selection and Platform Construction)"
  },
  {
    "title": "5.2.2 计算机视觉 (CV) 技术选型 (CV Technology Selection)",
    "length": 300,
    "level": 3,
    "parent": "5.2 关键技术选型与平台建设 (Key Technology Selection and Platform Construction)"
  },
  {
    "title": "5.2.3 多模态数据融合技术 (Multi-Modal Data Fusion Technology)",
    "length": 400,
    "level": 3,
    "parent": "5.2 关键技术选型与平台建设 (Key Technology Selection and Platform Construction)"
  },
  {
    "title": "5.3 数据治理与安全保障 (Data Governance and Security Assurance)",
    "length": 1000,
    "level": 2,
    "parent": "5. 生成式人工智能技术架构设计 (Generative AI Technical Architecture Design)"
  },
  {
    "title": "5.3.1 数据采集与清洗规范 (Data Collection and Cleaning Standards)",
    "length": 300,
    "level": 3,
    "parent": "5.3 数据治理与安全保障 (Data Governance and Security Assurance)"
  },
  {
    "title": "5.3.2 数据标注与质量控制 (Data Annotation and Quality Control)",
    "length": 300,
    "level": 3,
    "parent": "5.3 数据治理与安全保障 (Data Governance and Security Assurance)"
  },
  {
    "title": "5.3.3 数据安全与隐私保护策略 (Data Security and Privacy Protection Strategies)",
    "length": 400,
    "level": 3,
    "parent": "5.3 数据治理与安全保障 (Data Governance and Security Assurance)"
  },
  {
    "title": "5.4 平台可扩展性与互操作性设计 (Platform Scalability and Interoperability Design)",
    "length": 500,
    "level": 2,
    "parent": "5. 生成式人工智能技术架构设计 (Generative AI Technical Architecture Design)"
  },
  {
    "title": "6. 生成式人工智能应用场景与实施方案 (Generative AI Application Scenarios and Implementation Plan)",
    "length": 5000,
    "level": 1
  },
  {
    "title": "6.1 临床诊疗辅助应用 (Clinical Diagnosis and Treatment Assistance Applications)",
    "length": 1500,
    "level": 2,
    "parent": "6. 生成式人工智能应用场景与实施方案 (Generative AI Application Scenarios and Implementation Plan)"
  },
  {
    "title": "6.1.1 智能病历生成与分析 (Intelligent Medical Record Generation and Analysis)",
    "length": 400,
    "level": 3,
    "parent": "6.1 临床诊疗辅助应用 (Clinical Diagnosis and Treatment Assistance Applications)"
  },
  {
    "title": "6.1.2 辅助诊断与决策支持 (Assisted Diagnosis and Decision Support)",
    "length": 400,
    "level": 3,
    "parent": "6.1 临床诊疗辅助应用 (Clinical Diagnosis and Treatment Assistance Applications)"
  },
  {
    "title": "6.1.3 个性化治疗方案生成 (Personalized Treatment Plan Generation)",
    "length": 400,
    "level": 3,
    "parent": "6.1 临床诊疗辅助应用 (Clinical Diagnosis and Treatment Assistance Applications)"
  },
  {
    "title": "6.1.4 影像辅助诊断 (Image-Assisted Diagnosis)",
    "length": 300,
    "level": 3,
    "parent": "6.1 临床诊疗辅助应用 (Clinical Diagnosis and Treatment Assistance Applications)"
  },
  {
    "title": "6.2 医学科研创新应用 (Medical Research and Innovation Applications)",
    "length": 1500,
    "level": 2,
    "parent": "6. 生成式人工智能应用场景与实施方案 (Generative AI Application Scenarios and Implementation Plan)"
  },
  {
    "title": "6.2.1 新药研发加速 (Accelerating New Drug Discovery)",
    "length": 400,
    "level": 3,
    "parent": "6.2 医学科研创新应用 (Medical Research and Innovation Applications)"
  },
  {
    "title": "6.2.2 基因组学数据分析 (Genomics Data Analysis)",
    "length": 400,
    "level": 3,
    "parent": "6.2 医学科研创新应用 (Medical Research and Innovation Applications)"
  },
  {
    "title": "6.2.3 医学文献智能检索与综述生成 (Intelligent Medical Literature Retrieval and Review Generation)",
    "length": 400,
    "level": 3,
    "parent": "6.2 医学科研创新应用 (Medical Research and Innovation Applications)"
  },
  {
    "title": "6.2.4 疾病模型构建与模拟 (Disease Model Construction and Simulation)",
    "length": 300,
    "level": 3,
    "parent": "6.2 医学科研创新应用 (Medical Research and Innovation Applications)"
  },
  {
    "title": "6.3 医院运营管理优化应用 (Hospital Operations Management Optimization Applications)",
    "length": 1000,
    "level": 2,
    "parent": "6. 生成式人工智能应用场景与实施方案 (Generative AI Application Scenarios and Implementation Plan)"
  },
  {
    "title": "6.3.1 智能客服与患者咨询 (Intelligent Customer Service and Patient Consultation)",
    "length": 300,
    "level": 3,
    "parent": "6.3 医院运营管理优化应用 (Hospital Operations Management Optimization Applications)"
  },
  {
    "title": "6.3.2 资源调度与流程优化 (Resource Scheduling and Process Optimization)",
    "length": 300,
    "level": 3,
    "parent": "6.3 医院运营管理优化应用 (Hospital Operations Management Optimization Applications)"
  },
  {
    "title": "6.3.3 智能排班与人员管理 (Intelligent Scheduling and Staff Management)",
    "length": 400,
    "level": 3,
    "parent": "6.3 医院运营管理优化应用 (Hospital Operations Management Optimization Applications)"
  },
  {
    "title": "6.4 患者服务提升应用 (Patient Service Improvement Applications)",
    "length": 1000,
    "level": 2,
    "parent": "6. 生成式人工智能应用场景与实施方案 (Generative AI Application Scenarios and Implementation Plan)"
  },
  {
    "title": "6.4.1 智能导诊与预约挂号 (Intelligent Triage and Appointment Booking)",
    "length": 300,
    "level": 3,
    "parent": "6.4 患者服务提升应用 (Patient Service Improvement Applications)"
  },
  {
    "title": "6.4.2 患者教育与健康管理 (Patient Education and Health Management)",
    "length": 300,
    "level": 3,
    "parent": "6.4 患者服务提升应用 (Patient Service Improvement Applications)"
  },
  {
    "title": "6.4.3 出院随访与康复指导 (Discharge Follow-up and Rehabilitation Guidance)",
    "length": 400,
    "level": 3,
    "parent": "6.4 患者服务提升应用 (Patient Service Improvement Applications)"
  },
  {
    "title": "7. 保障措施与组织架构 (Safeguard Measures and Organizational Structure)",
    "length": 2500,
    "level": 1
  },
  {
    "title": "7.1 组织保障体系建设 (Construction of Organizational Safeguard System)",
    "length": 500,
    "level": 2,
    "parent": "7. 保障措施与组织架构 (Safeguard Measures and Organizational Structure)"
  },
  {
    "title": "7.1.1 成立生成式人工智能建设领导小组 (Establishment of Generative AI Construction Leading Group)",
    "length": 200,
    "level": 3,
    "parent": "7.1 组织保障体系建设 (Construction of Organizational Safeguard System)"
  },
  {
    "title": "7.1.2 设立生成式人工智能中心 (Establishment of Generative AI Center)",
    "length": 300,
    "level": 3,
    "parent": "7.1 组织保障体系建设 (Construction of Organizational Safeguard System)"
  },
  {
    "title": "7.2 人才队伍建设与培养 (Talent Team Building and Training)",
    "length": 1000,
    "level": 2,
    "parent": "7. 保障措施与组织架构 (Safeguard Measures and Organizational Structure)"
  },
  {
    "title": "7.2.1 内部人才培养计划 (Internal Talent Training Plan)",
    "length": 300,
    "level": 3,
    "parent": "7.2 人才队伍建设与培养 (Talent Team Building and Training)"
  },
  {
    "title": "7.2.2 外部人才引进策略 (External Talent Acquisition Strategy)",
    "length": 300,
    "level": 3,
    "parent": "7.2 人才队伍建设与培养 (Talent Team Building and Training)"
  },
  {
    "title": "7.2.3 产学研合作机制 (Industry-Academia-Research Collaboration Mechanism)",
    "length": 400,
    "level": 3,
    "parent": "7.2 人才队伍建设与培养 (Talent Team Building and Training)"
  },
  {
    "title": "7.3 资金投入与预算规划 (Financial Investment and Budget Planning)",
    "length": 500,
    "level": 2,
    "parent": "7. 保障措施与组织架构 (Safeguard Measures and Organizational Structure)"
  },
  {
    "title": "7.3.1 资金来源与渠道 (Sources and Channels of Funding)",
    "length": 200,
    "level": 3,
    "parent": "7.3 资金投入与预算规划 (Financial Investment and Budget Planning)"
  },
  {
    "title": "7.3.2 预算分配与使用计划 (Budget Allocation and Usage Plan)",
    "length": 300,
    "level": 3,
    "parent": "7.3 资金投入与预算规划 (Financial Investment and Budget Planning)"
  },
  {
    "title": "7.4 伦理审查与监管机制 (Ethical Review and Regulatory Mechanism)",
    "length": 500,
    "level": 2,
    "parent": "7. 保障措施与组织架构 (Safeguard Measures and Organizational Structure)"
  },
  {
    "title": "7.4.1 伦理审查流程与标准 (Ethical Review Process and Standards)",
    "length": 250,
    "level": 3,
    "parent": "7.4 伦理审查与监管机制 (Ethical Review and Regulatory Mechanism)"
  },
  {
    "title": "7.4.2 监管责任与问责机制 (Regulatory Responsibility and Accountability Mechanism)",
    "length": 250,
    "level": 3,
    "parent": "7.4 伦理审查与监管机制 (Ethical Review and Regulatory Mechanism)"
  },
  {
    "title": "8. 风险评估与应对策略 (Risk Assessment and Response Strategies)",
    "length": 2000,
    "level": 1
  },
  {
    "title": "8.1 技术风险及应对 (Technical Risks and Responses)",
    "length": 500,
    "level": 2,
    "parent": "8. 风险评估与应对策略 (Risk Assessment and Response Strategies)"
  },
  {
    "title": "8.1.1 技术成熟度风险 (Technology Maturity Risk)",
    "length": 200,
    "level": 3,
    "parent": "8.1 技术风险及应对 (Technical Risks and Responses)"
  },
  {
    "title": "8.1.2 系统稳定性与可靠性风险 (System Stability and Reliability Risk)",
    "length": 300,
    "level": 3,
    "parent": "8.1 技术风险及应对 (Technical Risks and Responses)"
  },
  {
    "title": "8.2 数据风险及应对 (Data Risks and Responses)",
    "length": 500,
    "level": 2,
    "parent": "8. 风险评估与应对策略 (Risk Assessment and Response Strategies)"
  },
  {
    "title": "8.2.1 数据质量风险 (Data Quality Risk)",
    "length": 200,
    "level": 3,
    "parent": "8.2 数据风险及应对 (Data Risks and Responses)"
  },
  {
    "title": "8.2.2 数据安全与隐私泄露风险 (Data Security and Privacy Breach Risk)",
    "length": 300,
    "level": 3,
    "parent": "8.2 数据风险及应对 (Data Risks and Responses)"
  },
  {
    "title": "8.3 伦理与社会风险及应对 (Ethical and Social Risks and Responses)",
    "length": 500,
    "level": 2,
    "parent": "8. 风险评估与应对策略 (Risk Assessment and Response Strategies)"
  },
  {
    "title": "8.3.1 算法偏见与公平性风险 (Algorithm Bias and Fairness Risk)",
    "length": 200,
    "level": 3,
    "parent": "8.3 伦理与社会风险及应对 (Ethical and Social Risks and Responses)"
  },
  {
    "title": "8.3.2 医疗责任与法律风险 (Medical Liability and Legal Risk)",
    "length": 300,
    "level": 3,
    "parent": "8.3 伦理与社会风险及应对 (Ethical and Social Risks and Responses)"
  },
  {
    "title": "8.4 运营与管理风险及应对 (Operational and Management Risks and Responses)",
    "length": 500,
    "level": 2,
    "parent": "8. 风险评估与应对策略 (Risk Assessment and Response Strategies)"
  },
  {
    "title": "8.4.1 项目管理与实施风险 (Project Management and Implementation Risk)",
    "length": 200,
    "level": 3,
    "parent": "8.4 运营与管理风险及应对 (Operational and Management Risks and Responses)"
  },
  {
    "title": "8.4.2 人员培训与接受度风险 (Personnel Training and Acceptance Risk)",
    "length": 300,
    "level": 3,
    "parent": "8.4 运营与管理风险及应对 (Operational and Management Risks and Responses)"
  },
  {
    "title": "9. 实施效果评估与持续改进 (Implementation Effect Evaluation and Continuous Improvement)",
    "length": 1000,
    "level": 1
  },
  {
    "title": "9.1 效果评估指标体系 (Effect Evaluation Indicator System)",
    "length": 400,
    "level": 2,
    "parent": "9. 实施效果评估与持续改进 (Implementation Effect Evaluation and Continuous Improvement)"
  },
  {
    "title": "9.1.1 临床应用效果评估指标 (Clinical Application Effect Evaluation Indicators)",
    "length": 150,
    "level": 3,
    "parent": "9.1 效果评估指标体系 (Effect Evaluation Indicator System)"
  },
  {
    "title": "9.1.2 科研创新效果评估指标 (Scientific Research Innovation Effect Evaluation Indicators)",
    "length": 150,
    "level": 3,
    "parent": "9.1 效果评估指标体系 (Effect Evaluation Indicator System)"
  },
  {
    "title": "9.1.3 运营管理效果评估指标 (Operational Management Effect Evaluation Indicators)",
    "length": 100,
    "level": 3,
    "parent": "9.1 效果评估指标体系 (Effect Evaluation Indicator System)"
  },
  {
    "title": "9.2 评估方法与周期 (Evaluation Methods and Cycle)",
    "length": 300,
    "level": 2,
    "parent": "9. 实施效果评估与持续改进 (Implementation Effect Evaluation and Continuous Improvement)"
  },
  {
    "title": "9.2.1 定期评估与中期评估 (Regular Evaluation and Mid-Term Evaluation)",
    "length": 150,
    "level": 3,
    "parent": "9.2 评估方法与周期 (Evaluation Methods and Cycle)"
  },
  {
    "title": "9.2.2 评估报告与反馈机制 (Evaluation Report and Feedback Mechanism)",
    "length": 150,
    "level": 3,
    "parent": "9.2 评估方法与周期 (Evaluation Methods and Cycle)"
  },
  {
    "title": "9.3 持续改进机制 (Continuous Improvement Mechanism)",
    "length": 300,
    "level": 2,
    "parent": "9. 实施效果评估与持续改进 (Implementation Effect Evaluation and Continuous Improvement)"
  },
  {
    "title": "9.3.1 问题识别与改进流程 (Problem Identification and Improvement Process)",
    "length": 150,
    "level": 3,
    "parent": "9.3 持续改进机制 (Continuous Improvement Mechanism)"
  },
  {
    "title": "9.3.2 版本迭代与优化升级 (Version Iteration and Optimization Upgrade)",
    "length": 150,
    "level": 3,
    "parent": "9.3 持续改进机制 (Continuous Improvement Mechanism)"
  },
  {
    "title": "10. 结论与展望 (Conclusion and Future Outlook)",
    "length": 500,
    "level": 1
  },
  {
    "title": "10.1 结论 (Conclusion)",
    "length": 300,
    "level": 2,
    "parent": "10. 结论与展望 (Conclusion and Future Outlook)"
  },
  {
    "title": "10.2 展望 (Future Outlook)",
    "length": 200,
    "level": 2,
    "parent": "10. 结论与展望 (Conclusion and Future Outlook)"
  },
  {
    "title": "附录 (Appendix)",
    "length": 200,
    "level": 1
  },
  {
    "title": "参考文献 (References)",
    "length": 100,
    "level": 1
  }
]
```
2025-02-14 19:27:04,522 - INFO - Parsed outline: [
  {
    "title": "1. 报告摘要 (Executive Summary)",
    "length": 500,
    "level": 1
  },
  {
    "title": "2. 引言 (Introduction)",
    "length": 1000,
    "level": 1
  },
  {
    "title": "2.1 报告背景与目的 (Background and Objectives)",
    "length": 300,
    "level": 2,
    "parent": "2. 引言 (Introduction)"
  },
  {
    "title": "2.2 生成式人工智能在医疗健康领域的应用现状与趋势 (Current Status and Trends of Generative AI in Healthcare)",
    "length": 400,
    "level": 2,
    "parent": "2. 引言 (Introduction)"
  },
  {
    "title": "2.3 北京协和医院发展生成式人工智能的战略意义 (Strategic Significance for PUMCH to Develop Generative AI)",
    "length": 300,
    "level": 2,
    "parent": "2. 引言 (Introduction)"
  },
  {
    "title": "3. 现状分析与挑战 (Current Situation Analysis and Challenges)",
    "length": 2000,
    "level": 1
  },
  {
    "title": "3.1 北京协和医院信息化建设现状 (Current Status of IT Infrastructure at PUMCH)",
    "length": 500,
    "level": 2,
    "parent": "3. 现状分析与挑战 (Current Situation Analysis and Challenges)"
  },
  {
    "title": "3.1.1 现有IT基础设施评估 (Assessment of Existing IT Infrastructure)",
    "length": 200,
    "level": 3,
    "parent": "3.1 北京协和医院信息化建设现状 (Current Status of IT Infrastructure at PUMCH)"
  },
  {
    "title": "3.1.2 数据资源现状与质量评估 (Current Status and Quality Assessment of Data Resources)",
    "length": 300,
    "level": 3,
    "parent": "3.1 北京协和医院信息化建设现状 (Current Status of IT Infrastructure at PUMCH)"
  },
  {
    "title": "3.2 生成式人工智能相关技术基础评估 (Assessment of Technical Foundation for Generative AI)",
    "length": 500,
    "level": 2,
    "parent": "3. 现状分析与挑战 (Current Situation Analysis and Challenges)"
  },
  {
    "title": "3.2.1 现有AI技术应用情况 (Current Application of AI Technologies)",
    "length": 200,
    "level": 3,
    "parent": "3.2 生成式人工智能相关技术基础评估 (Assessment of Technical Foundation for Generative AI)"
  },
  {
    "title": "3.2.2 内部技术人才储备与能力评估 (Assessment of Internal Technical Talent and Capabilities)",
    "length": 300,
    "level": 3,
    "parent": "3.2 生成式人工智能相关技术基础评估 (Assessment of Technical Foundation for Generative AI)"
  },
  {
    "title": "3.3 面临的挑战与机遇 (Challenges and Opportunities)",
    "length": 1000,
    "level": 2,
    "parent": "3. 现状分析与挑战 (Current Situation Analysis and Challenges)"
  },
  {
    "title": "3.3.1 技术挑战 (Technical Challenges)",
    "length": 300,
    "level": 3,
    "parent": "3.3 面临的挑战与机遇 (Challenges and Opportunities)"
  },
  {
    "title": "3.3.2 数据挑战 (Data Challenges)",
    "length": 300,
    "level": 3,
    "parent": "3.3 面临的挑战与机遇 (Challenges and Opportunities)"
  },
  {
    "title": "3.3.3 伦理与监管挑战 (Ethical and Regulatory Challenges)",
    "length": 400,
    "level": 3,
    "parent": "3.3 面临的挑战与机遇 (Challenges and Opportunities)"
  },
  {
    "title": "4. 总体目标与战略规划 (Overall Goals and Strategic Planning)",
    "length": 2500,
    "level": 1
  },
  {
    "title": "4.1 五年规划总体目标 (Overall Goals for the Five-Year Plan)",
    "length": 500,
    "level": 2,
    "parent": "4. 总体目标与战略规划 (Overall Goals and Strategic Planning)"
  },
  {
    "title": "4.1.1 短期目标 (1-2年) (Short-Term Goals (1-2 Years))",
    "length": 200,
    "level": 3,
    "parent": "4.1 五年规划总体目标 (Overall Goals for the Five-Year Plan)"
  },
  {
    "title": "4.1.2 中期目标 (3-4年) (Mid-Term Goals (3-4 Years))",
    "length": 200,
    "level": 3,
    "parent": "4.1 五年规划总体目标 (Overall Goals for the Five-Year Plan)"
  },
  {
    "title": "4.1.3 长期目标 (5年) (Long-Term Goals (5 Years))",
    "length": 100,
    "level": 3,
    "parent": "4.1 五年规划总体目标 (Overall Goals for the Five-Year Plan)"
  },
  {
    "title": "4.2 战略方向与重点领域 (Strategic Directions and Key Areas)",
    "length": 1000,
    "level": 2,
    "parent": "4. 总体目标与战略规划 (Overall Goals and Strategic Planning)"
  },
  {
    "title": "4.2.1 提升医疗服务效率与质量 (Improving Efficiency and Quality of Medical Services)",
    "length": 300,
    "level": 3,
    "parent": "4.2 战略方向与重点领域 (Strategic Directions and Key Areas)"
  },
  {
    "title": "4.2.2 赋能医学科研创新 (Empowering Medical Research and Innovation)",
    "length": 300,
    "level": 3,
    "parent": "4.2 战略方向与重点领域 (Strategic Directions and Key Areas)"
  },
  {
    "title": "4.2.3 优化医院运营管理 (Optimizing Hospital Operations and Management)",
    "length": 200,
    "level": 3,
    "parent": "4.2 战略方向与重点领域 (Strategic Directions and Key Areas)"
  },
  {
    "title": "4.2.4 改善患者就医体验 (Improving Patient Experience)",
    "length": 200,
    "level": 3,
    "parent": "4.2 战略方向与重点领域 (Strategic Directions and Key Areas)"
  },
  {
    "title": "4.3 战略实施原则 (Strategic Implementation Principles)",
    "length": 1000,
    "level": 2,
    "parent": "4. 总体目标与战略规划 (Overall Goals and Strategic Planning)"
  },
  {
    "title": "4.3.1 以人为本，服务患者 (People-Oriented and Patient-Centric)",
    "length": 250,
    "level": 3,
    "parent": "4.3 战略实施原则 (Strategic Implementation Principles)"
  },
  {
    "title": "4.3.2 创新驱动，技术引领 (Innovation-Driven and Technology-Led)",
    "length": 250,
    "level": 3,
    "parent": "4.3 战略实施原则 (Strategic Implementation Principles)"
  },
  {
    "title": "4.3.3 安全可靠，稳步推进 (Safe and Reliable, Steady Progress)",
    "length": 250,
    "level": 3,
    "parent": "4.3 战略实施原则 (Strategic Implementation Principles)"
  },
  {
    "title": "4.3.4 开放合作，共建生态 (Open Collaboration and Ecosystem Building)",
    "length": 250,
    "level": 3,
    "parent": "4.3 战略实施原则 (Strategic Implementation Principles)"
  },
  {
    "title": "5. 生成式人工智能技术架构设计 (Generative AI Technical Architecture Design)",
    "length": 3000,
    "level": 1
  },
  {
    "title": "5.1 总体技术架构 (Overall Technical Architecture)",
    "length": 500,
    "level": 2,
    "parent": "5. 生成式人工智能技术架构设计 (Generative AI Technical Architecture Design)"
  },
  {
    "title": "5.1.1 基础设施层 (Infrastructure Layer)",
    "length": 200,
    "level": 3,
    "parent": "5.1 总体技术架构 (Overall Technical Architecture)"
  },
  {
    "title": "5.1.2 数据层 (Data Layer)",
    "length": 200,
    "level": 3,
    "parent": "5.1 总体技术架构 (Overall Technical Architecture)"
  },
  {
    "title": "5.1.3 算法模型层 (Algorithm and Model Layer)",
    "length": 100,
    "level": 3,
    "parent": "5.1 总体技术架构 (Overall Technical Architecture)"
  },
  {
    "title": "5.2 关键技术选型与平台建设 (Key Technology Selection and Platform Construction)",
    "length": 1000,
    "level": 2,
    "parent": "5. 生成式人工智能技术架构设计 (Generative AI Technical Architecture Design)"
  },
  {
    "title": "5.2.1 自然语言处理 (NLP) 技术选型 (NLP Technology Selection)",
    "length": 300,
    "level": 3,
    "parent": "5.2 关键技术选型与平台建设 (Key Technology Selection and Platform Construction)"
  },
  {
    "title": "5.2.2 计算机视觉 (CV) 技术选型 (CV Technology Selection)",
    "length": 300,
    "level": 3,
    "parent": "5.2 关键技术选型与平台建设 (Key Technology Selection and Platform Construction)"
  },
  {
    "title": "5.2.3 多模态数据融合技术 (Multi-Modal Data Fusion Technology)",
    "length": 400,
    "level": 3,
    "parent": "5.2 关键技术选型与平台建设 (Key Technology Selection and Platform Construction)"
  },
  {
    "title": "5.3 数据治理与安全保障 (Data Governance and Security Assurance)",
    "length": 1000,
    "level": 2,
    "parent": "5. 生成式人工智能技术架构设计 (Generative AI Technical Architecture Design)"
  },
  {
    "title": "5.3.1 数据采集与清洗规范 (Data Collection and Cleaning Standards)",
    "length": 300,
    "level": 3,
    "parent": "5.3 数据治理与安全保障 (Data Governance and Security Assurance)"
  },
  {
    "title": "5.3.2 数据标注与质量控制 (Data Annotation and Quality Control)",
    "length": 300,
    "level": 3,
    "parent": "5.3 数据治理与安全保障 (Data Governance and Security Assurance)"
  },
  {
    "title": "5.3.3 数据安全与隐私保护策略 (Data Security and Privacy Protection Strategies)",
    "length": 400,
    "level": 3,
    "parent": "5.3 数据治理与安全保障 (Data Governance and Security Assurance)"
  },
  {
    "title": "5.4 平台可扩展性与互操作性设计 (Platform Scalability and Interoperability Design)",
    "length": 500,
    "level": 2,
    "parent": "5. 生成式人工智能技术架构设计 (Generative AI Technical Architecture Design)"
  },
  {
    "title": "6. 生成式人工智能应用场景与实施方案 (Generative AI Application Scenarios and Implementation Plan)",
    "length": 5000,
    "level": 1
  },
  {
    "title": "6.1 临床诊疗辅助应用 (Clinical Diagnosis and Treatment Assistance Applications)",
    "length": 1500,
    "level": 2,
    "parent": "6. 生成式人工智能应用场景与实施方案 (Generative AI Application Scenarios and Implementation Plan)"
  },
  {
    "title": "6.1.1 智能病历生成与分析 (Intelligent Medical Record Generation and Analysis)",
    "length": 400,
    "level": 3,
    "parent": "6.1 临床诊疗辅助应用 (Clinical Diagnosis and Treatment Assistance Applications)"
  },
  {
    "title": "6.1.2 辅助诊断与决策支持 (Assisted Diagnosis and Decision Support)",
    "length": 400,
    "level": 3,
    "parent": "6.1 临床诊疗辅助应用 (Clinical Diagnosis and Treatment Assistance Applications)"
  },
  {
    "title": "6.1.3 个性化治疗方案生成 (Personalized Treatment Plan Generation)",
    "length": 400,
    "level": 3,
    "parent": "6.1 临床诊疗辅助应用 (Clinical Diagnosis and Treatment Assistance Applications)"
  },
  {
    "title": "6.1.4 影像辅助诊断 (Image-Assisted Diagnosis)",
    "length": 300,
    "level": 3,
    "parent": "6.1 临床诊疗辅助应用 (Clinical Diagnosis and Treatment Assistance Applications)"
  },
  {
    "title": "6.2 医学科研创新应用 (Medical Research and Innovation Applications)",
    "length": 1500,
    "level": 2,
    "parent": "6. 生成式人工智能应用场景与实施方案 (Generative AI Application Scenarios and Implementation Plan)"
  },
  {
    "title": "6.2.1 新药研发加速 (Accelerating New Drug Discovery)",
    "length": 400,
    "level": 3,
    "parent": "6.2 医学科研创新应用 (Medical Research and Innovation Applications)"
  },
  {
    "title": "6.2.2 基因组学数据分析 (Genomics Data Analysis)",
    "length": 400,
    "level": 3,
    "parent": "6.2 医学科研创新应用 (Medical Research and Innovation Applications)"
  },
  {
    "title": "6.2.3 医学文献智能检索与综述生成 (Intelligent Medical Literature Retrieval and Review Generation)",
    "length": 400,
    "level": 3,
    "parent": "6.2 医学科研创新应用 (Medical Research and Innovation Applications)"
  },
  {
    "title": "6.2.4 疾病模型构建与模拟 (Disease Model Construction and Simulation)",
    "length": 300,
    "level": 3,
    "parent": "6.2 医学科研创新应用 (Medical Research and Innovation Applications)"
  },
  {
    "title": "6.3 医院运营管理优化应用 (Hospital Operations Management Optimization Applications)",
    "length": 1000,
    "level": 2,
    "parent": "6. 生成式人工智能应用场景与实施方案 (Generative AI Application Scenarios and Implementation Plan)"
  },
  {
    "title": "6.3.1 智能客服与患者咨询 (Intelligent Customer Service and Patient Consultation)",
    "length": 300,
    "level": 3,
    "parent": "6.3 医院运营管理优化应用 (Hospital Operations Management Optimization Applications)"
  },
  {
    "title": "6.3.2 资源调度与流程优化 (Resource Scheduling and Process Optimization)",
    "length": 300,
    "level": 3,
    "parent": "6.3 医院运营管理优化应用 (Hospital Operations Management Optimization Applications)"
  },
  {
    "title": "6.3.3 智能排班与人员管理 (Intelligent Scheduling and Staff Management)",
    "length": 400,
    "level": 3,
    "parent": "6.3 医院运营管理优化应用 (Hospital Operations Management Optimization Applications)"
  },
  {
    "title": "6.4 患者服务提升应用 (Patient Service Improvement Applications)",
    "length": 1000,
    "level": 2,
    "parent": "6. 生成式人工智能应用场景与实施方案 (Generative AI Application Scenarios and Implementation Plan)"
  },
  {
    "title": "6.4.1 智能导诊与预约挂号 (Intelligent Triage and Appointment Booking)",
    "length": 300,
    "level": 3,
    "parent": "6.4 患者服务提升应用 (Patient Service Improvement Applications)"
  },
  {
    "title": "6.4.2 患者教育与健康管理 (Patient Education and Health Management)",
    "length": 300,
    "level": 3,
    "parent": "6.4 患者服务提升应用 (Patient Service Improvement Applications)"
  },
  {
    "title": "6.4.3 出院随访与康复指导 (Discharge Follow-up and Rehabilitation Guidance)",
    "length": 400,
    "level": 3,
    "parent": "6.4 患者服务提升应用 (Patient Service Improvement Applications)"
  },
  {
    "title": "7. 保障措施与组织架构 (Safeguard Measures and Organizational Structure)",
    "length": 2500,
    "level": 1
  },
  {
    "title": "7.1 组织保障体系建设 (Construction of Organizational Safeguard System)",
    "length": 500,
    "level": 2,
    "parent": "7. 保障措施与组织架构 (Safeguard Measures and Organizational Structure)"
  },
  {
    "title": "7.1.1 成立生成式人工智能建设领导小组 (Establishment of Generative AI Construction Leading Group)",
    "length": 200,
    "level": 3,
    "parent": "7.1 组织保障体系建设 (Construction of Organizational Safeguard System)"
  },
  {
    "title": "7.1.2 设立生成式人工智能中心 (Establishment of Generative AI Center)",
    "length": 300,
    "level": 3,
    "parent": "7.1 组织保障体系建设 (Construction of Organizational Safeguard System)"
  },
  {
    "title": "7.2 人才队伍建设与培养 (Talent Team Building and Training)",
    "length": 1000,
    "level": 2,
    "parent": "7. 保障措施与组织架构 (Safeguard Measures and Organizational Structure)"
  },
  {
    "title": "7.2.1 内部人才培养计划 (Internal Talent Training Plan)",
    "length": 300,
    "level": 3,
    "parent": "7.2 人才队伍建设与培养 (Talent Team Building and Training)"
  },
  {
    "title": "7.2.2 外部人才引进策略 (External Talent Acquisition Strategy)",
    "length": 300,
    "level": 3,
    "parent": "7.2 人才队伍建设与培养 (Talent Team Building and Training)"
  },
  {
    "title": "7.2.3 产学研合作机制 (Industry-Academia-Research Collaboration Mechanism)",
    "length": 400,
    "level": 3,
    "parent": "7.2 人才队伍建设与培养 (Talent Team Building and Training)"
  },
  {
    "title": "7.3 资金投入与预算规划 (Financial Investment and Budget Planning)",
    "length": 500,
    "level": 2,
    "parent": "7. 保障措施与组织架构 (Safeguard Measures and Organizational Structure)"
  },
  {
    "title": "7.3.1 资金来源与渠道 (Sources and Channels of Funding)",
    "length": 200,
    "level": 3,
    "parent": "7.3 资金投入与预算规划 (Financial Investment and Budget Planning)"
  },
  {
    "title": "7.3.2 预算分配与使用计划 (Budget Allocation and Usage Plan)",
    "length": 300,
    "level": 3,
    "parent": "7.3 资金投入与预算规划 (Financial Investment and Budget Planning)"
  },
  {
    "title": "7.4 伦理审查与监管机制 (Ethical Review and Regulatory Mechanism)",
    "length": 500,
    "level": 2,
    "parent": "7. 保障措施与组织架构 (Safeguard Measures and Organizational Structure)"
  },
  {
    "title": "7.4.1 伦理审查流程与标准 (Ethical Review Process and Standards)",
    "length": 250,
    "level": 3,
    "parent": "7.4 伦理审查与监管机制 (Ethical Review and Regulatory Mechanism)"
  },
  {
    "title": "7.4.2 监管责任与问责机制 (Regulatory Responsibility and Accountability Mechanism)",
    "length": 250,
    "level": 3,
    "parent": "7.4 伦理审查与监管机制 (Ethical Review and Regulatory Mechanism)"
  },
  {
    "title": "8. 风险评估与应对策略 (Risk Assessment and Response Strategies)",
    "length": 2000,
    "level": 1
  },
  {
    "title": "8.1 技术风险及应对 (Technical Risks and Responses)",
    "length": 500,
    "level": 2,
    "parent": "8. 风险评估与应对策略 (Risk Assessment and Response Strategies)"
  },
  {
    "title": "8.1.1 技术成熟度风险 (Technology Maturity Risk)",
    "length": 200,
    "level": 3,
    "parent": "8.1 技术风险及应对 (Technical Risks and Responses)"
  },
  {
    "title": "8.1.2 系统稳定性与可靠性风险 (System Stability and Reliability Risk)",
    "length": 300,
    "level": 3,
    "parent": "8.1 技术风险及应对 (Technical Risks and Responses)"
  },
  {
    "title": "8.2 数据风险及应对 (Data Risks and Responses)",
    "length": 500,
    "level": 2,
    "parent": "8. 风险评估与应对策略 (Risk Assessment and Response Strategies)"
  },
  {
    "title": "8.2.1 数据质量风险 (Data Quality Risk)",
    "length": 200,
    "level": 3,
    "parent": "8.2 数据风险及应对 (Data Risks and Responses)"
  },
  {
    "title": "8.2.2 数据安全与隐私泄露风险 (Data Security and Privacy Breach Risk)",
    "length": 300,
    "level": 3,
    "parent": "8.2 数据风险及应对 (Data Risks and Responses)"
  },
  {
    "title": "8.3 伦理与社会风险及应对 (Ethical and Social Risks and Responses)",
    "length": 500,
    "level": 2,
    "parent": "8. 风险评估与应对策略 (Risk Assessment and Response Strategies)"
  },
  {
    "title": "8.3.1 算法偏见与公平性风险 (Algorithm Bias and Fairness Risk)",
    "length": 200,
    "level": 3,
    "parent": "8.3 伦理与社会风险及应对 (Ethical and Social Risks and Responses)"
  },
  {
    "title": "8.3.2 医疗责任与法律风险 (Medical Liability and Legal Risk)",
    "length": 300,
    "level": 3,
    "parent": "8.3 伦理与社会风险及应对 (Ethical and Social Risks and Responses)"
  },
  {
    "title": "8.4 运营与管理风险及应对 (Operational and Management Risks and Responses)",
    "length": 500,
    "level": 2,
    "parent": "8. 风险评估与应对策略 (Risk Assessment and Response Strategies)"
  },
  {
    "title": "8.4.1 项目管理与实施风险 (Project Management and Implementation Risk)",
    "length": 200,
    "level": 3,
    "parent": "8.4 运营与管理风险及应对 (Operational and Management Risks and Responses)"
  },
  {
    "title": "8.4.2 人员培训与接受度风险 (Personnel Training and Acceptance Risk)",
    "length": 300,
    "level": 3,
    "parent": "8.4 运营与管理风险及应对 (Operational and Management Risks and Responses)"
  },
  {
    "title": "9. 实施效果评估与持续改进 (Implementation Effect Evaluation and Continuous Improvement)",
    "length": 1000,
    "level": 1
  },
  {
    "title": "9.1 效果评估指标体系 (Effect Evaluation Indicator System)",
    "length": 400,
    "level": 2,
    "parent": "9. 实施效果评估与持续改进 (Implementation Effect Evaluation and Continuous Improvement)"
  },
  {
    "title": "9.1.1 临床应用效果评估指标 (Clinical Application Effect Evaluation Indicators)",
    "length": 150,
    "level": 3,
    "parent": "9.1 效果评估指标体系 (Effect Evaluation Indicator System)"
  },
  {
    "title": "9.1.2 科研创新效果评估指标 (Scientific Research Innovation Effect Evaluation Indicators)",
    "length": 150,
    "level": 3,
    "parent": "9.1 效果评估指标体系 (Effect Evaluation Indicator System)"
  },
  {
    "title": "9.1.3 运营管理效果评估指标 (Operational Management Effect Evaluation Indicators)",
    "length": 100,
    "level": 3,
    "parent": "9.1 效果评估指标体系 (Effect Evaluation Indicator System)"
  },
  {
    "title": "9.2 评估方法与周期 (Evaluation Methods and Cycle)",
    "length": 300,
    "level": 2,
    "parent": "9. 实施效果评估与持续改进 (Implementation Effect Evaluation and Continuous Improvement)"
  },
  {
    "title": "9.2.1 定期评估与中期评估 (Regular Evaluation and Mid-Term Evaluation)",
    "length": 150,
    "level": 3,
    "parent": "9.2 评估方法与周期 (Evaluation Methods and Cycle)"
  },
  {
    "title": "9.2.2 评估报告与反馈机制 (Evaluation Report and Feedback Mechanism)",
    "length": 150,
    "level": 3,
    "parent": "9.2 评估方法与周期 (Evaluation Methods and Cycle)"
  },
  {
    "title": "9.3 持续改进机制 (Continuous Improvement Mechanism)",
    "length": 300,
    "level": 2,
    "parent": "9. 实施效果评估与持续改进 (Implementation Effect Evaluation and Continuous Improvement)"
  },
  {
    "title": "9.3.1 问题识别与改进流程 (Problem Identification and Improvement Process)",
    "length": 150,
    "level": 3,
    "parent": "9.3 持续改进机制 (Continuous Improvement Mechanism)"
  },
  {
    "title": "9.3.2 版本迭代与优化升级 (Version Iteration and Optimization Upgrade)",
    "length": 150,
    "level": 3,
    "parent": "9.3 持续改进机制 (Continuous Improvement Mechanism)"
  },
  {
    "title": "10. 结论与展望 (Conclusion and Future Outlook)",
    "length": 500,
    "level": 1
  },
  {
    "title": "10.1 结论 (Conclusion)",
    "length": 300,
    "level": 2,
    "parent": "10. 结论与展望 (Conclusion and Future Outlook)"
  },
  {
    "title": "10.2 展望 (Future Outlook)",
    "length": 200,
    "level": 2,
    "parent": "10. 结论与展望 (Conclusion and Future Outlook)"
  },
  {
    "title": "附录 (Appendix)",
    "length": 200,
    "level": 1
  },
  {
    "title": "参考文献 (References)",
    "length": 100,
    "level": 1
  }
]
2025-02-14 19:27:04,523 - INFO - Outline generated successfully.
2025-02-14 19:27:04,524 - INFO - Outline saved to: articles/北京协和医院生成式人工智能建设五年规划_20250214_192704_outline.json
2025-02-14 19:27:04,524 - INFO - Assembling article...
2025-02-14 19:27:04,525 - INFO - Writing section: 1. 报告摘要 (Executive Summary)
2025-02-14 19:27:09,264 - INFO - Writing section: 2. 引言 (Introduction)
2025-02-14 19:27:28,924 - INFO - Writing section: 2.1 报告背景与目的 (Background and Objectives)
2025-02-14 19:27:35,008 - INFO - Writing section: 2.2 生成式人工智能在医疗健康领域的应用现状与趋势 (Current Status and Trends of Generative AI in Healthcare)
2025-02-14 19:27:41,025 - INFO - Writing section: 2.3 北京协和医院发展生成式人工智能的战略意义 (Strategic Significance for PUMCH to Develop Generative AI)
2025-02-14 19:27:46,238 - INFO - Writing section: 3. 现状分析与挑战 (Current Situation Analysis and Challenges)
2025-02-14 19:28:08,056 - INFO - Writing section: 3.1 北京协和医院信息化建设现状 (Current Status of IT Infrastructure at PUMCH)
2025-02-14 19:28:16,553 - INFO - Writing section: 3.1.1 现有IT基础设施评估 (Assessment of Existing IT Infrastructure)
2025-02-14 19:28:21,632 - INFO - Writing section: 3.1.2 数据资源现状与质量评估 (Current Status and Quality Assessment of Data Resources)
2025-02-14 19:28:26,286 - INFO - Writing section: 3.2 生成式人工智能相关技术基础评估 (Assessment of Technical Foundation for Generative AI)
2025-02-14 19:28:34,664 - INFO - Writing section: 3.2.1 现有AI技术应用情况 (Current Application of AI Technologies)
2025-02-14 19:28:40,448 - INFO - Writing section: 3.2.2 内部技术人才储备与能力评估 (Assessment of Internal Technical Talent and Capabilities)
2025-02-14 19:28:45,351 - INFO - Writing section: 3.3 面临的挑战与机遇 (Challenges and Opportunities)
2025-02-14 19:28:57,493 - INFO - Writing section: 3.3.1 技术挑战 (Technical Challenges)
2025-02-14 19:29:02,795 - INFO - Writing section: 3.3.2 数据挑战 (Data Challenges)
2025-02-14 19:29:07,425 - INFO - Writing section: 3.3.3 伦理与监管挑战 (Ethical and Regulatory Challenges)
2025-02-14 19:29:13,036 - INFO - Writing section: 4. 总体目标与战略规划 (Overall Goals and Strategic Planning)
2025-02-14 19:29:36,522 - INFO - Writing section: 4.1 五年规划总体目标 (Overall Goals for the Five-Year Plan)
2025-02-14 19:29:44,440 - INFO - Writing section: 4.2 战略方向与重点领域 (Strategic Directions and Key Areas)
2025-02-14 19:29:53,934 - INFO - Writing section: 4.3 战略实施原则 (Strategic Implementation Principles)
2025-02-14 19:30:06,405 - INFO - Writing section: 4.3.1 以人为本，服务患者 (People-Oriented and Patient-Centric)
2025-02-14 19:30:11,709 - INFO - Writing section: 4.3.2 创新驱动，技术引领 (Innovation-Driven and Technology-Led)
2025-02-14 19:30:16,127 - INFO - Writing section: 4.3.3 安全可靠，稳步推进 (Safe and Reliable, Steady Progress)
2025-02-14 19:30:21,143 - INFO - Writing section: 4.3.4 开放合作，共建生态 (Open Collaboration and Ecosystem Building)
2025-02-14 19:30:28,106 - INFO - Writing section: 5. 生成式人工智能技术架构设计 (Generative AI Technical Architecture Design)
2025-02-14 19:30:58,205 - INFO - Writing section: 5.1 总体技术架构 (Overall Technical Architecture)
2025-02-14 19:31:03,119 - INFO - Writing section: 5.1.1 基础设施层 (Infrastructure Layer)
2025-02-14 19:31:08,738 - INFO - Writing section: 5.1.2 数据层 (Data Layer)
2025-02-14 19:31:18,492 - INFO - Writing section: 5.1.3 算法模型层 (Algorithm and Model Layer)
2025-02-14 19:31:23,376 - INFO - Writing section: 5.2 关键技术选型与平台建设 (Key Technology Selection and Platform Construction)
2025-02-14 19:31:39,427 - INFO - Writing section: 5.2.1 自然语言处理 (NLP) 技术选型 (NLP Technology Selection)
2025-02-14 19:32:00,859 - INFO - Writing section: 5.2.2 计算机视觉 (CV) 技术选型 (CV Technology Selection)
2025-02-14 19:32:06,104 - INFO - Writing section: 5.2.3 多模态数据融合技术 (Multi-Modal Data Fusion Technology)
2025-02-14 19:32:13,239 - INFO - Writing section: 5.3 数据治理与安全保障 (Data Governance and Security Assurance)
2025-02-14 19:32:22,903 - INFO - Writing section: 5.3.1 数据采集与清洗规范 (Data Collection and Cleaning Standards)
2025-02-14 19:32:28,856 - INFO - Writing section: 5.3.2 数据标注与质量控制 (Data Annotation and Quality Control)
2025-02-14 19:32:36,052 - INFO - Writing section: 5.3.3 数据安全与隐私保护策略 (Data Security and Privacy Protection Strategies)
2025-02-14 19:32:43,045 - INFO - Writing section: 5.4 平台可扩展性与互操作性设计 (Platform Scalability and Interoperability Design)
2025-02-14 19:32:49,318 - INFO - Writing section: 6. 生成式人工智能应用场景与实施方案 (Generative AI Application Scenarios and Implementation Plan)
2025-02-14 19:33:59,356 - INFO - Writing section: 6.1 临床诊疗辅助应用 (Clinical Diagnosis and Treatment Assistance Applications)
2025-02-14 19:34:26,555 - INFO - Writing section: 6.2 医学科研创新应用 (Medical Research and Innovation Applications)
2025-02-14 19:34:58,952 - INFO - Writing section: 6.3 医院运营管理优化应用 (Hospital Operations Management Optimization Applications)
2025-02-14 19:35:21,421 - INFO - Writing section: 6.3.1 智能客服与患者咨询 (Intelligent Customer Service and Patient Consultation)
2025-02-14 19:35:27,757 - INFO - Writing section: 6.3.2 资源调度与流程优化 (Resource Scheduling and Process Optimization)
2025-02-14 19:35:32,856 - INFO - Writing section: 6.3.3 智能排班与人员管理 (Intelligent Scheduling and Staff Management)
2025-02-14 19:35:39,165 - INFO - Writing section: 6.4 患者服务提升应用 (Patient Service Improvement Applications)
2025-02-14 19:35:56,030 - INFO - Writing section: 7. 保障措施与组织架构 (Safeguard Measures and Organizational Structure)
2025-02-14 19:36:29,478 - INFO - Writing section: 7.1 组织保障体系建设 (Construction of Organizational Safeguard System)
2025-02-14 19:36:36,732 - INFO - Writing section: 7.1.1 成立生成式人工智能建设领导小组 (Establishment of Generative AI Construction Leading Group)
2025-02-14 19:36:43,997 - INFO - Writing section: 7.1.2 设立生成式人工智能中心 (Establishment of Generative AI Center)
2025-02-14 19:36:51,059 - INFO - Writing section: 7.2 人才队伍建设与培养 (Talent Team Building and Training)
2025-02-14 19:37:07,325 - INFO - Writing section: 7.2.1 内部人才培养计划 (Internal Talent Training Plan)
2025-02-14 19:37:15,181 - INFO - Writing section: 7.2.2 外部人才引进策略 (External Talent Acquisition Strategy)
2025-02-14 19:37:21,233 - INFO - Writing section: 7.2.3 产学研合作机制 (Industry-Academia-Research Collaboration Mechanism)
2025-02-14 19:37:28,318 - INFO - Writing section: 7.3 资金投入与预算规划 (Financial Investment and Budget Planning)
2025-02-14 19:37:37,804 - INFO - Writing section: 7.3.1 资金来源与渠道 (Sources and Channels of Funding)
2025-02-14 19:38:19,170 - INFO - Writing section: 7.3.2 预算分配与使用计划 (Budget Allocation and Usage Plan)
2025-02-14 19:38:25,243 - INFO - Writing section: 7.4 伦理审查与监管机制 (Ethical Review and Regulatory Mechanism)
2025-02-14 19:38:33,845 - INFO - Writing section: 7.4.1 伦理审查流程与标准 (Ethical Review Process and Standards)
2025-02-14 19:38:39,750 - INFO - Writing section: 7.4.2 监管责任与问责机制 (Regulatory Responsibility and Accountability Mechanism)
2025-02-14 19:38:44,891 - INFO - Writing section: 8. 风险评估与应对策略 (Risk Assessment and Response Strategies)
2025-02-14 19:39:08,314 - INFO - Writing section: 8.3 伦理与社会风险及应对 (Ethical and Social Risks and Responses)
2025-02-14 19:39:21,531 - INFO - Writing section: 8.4 运营与管理风险及应对 (Operational and Management Risks and Responses)
2025-02-14 19:39:35,267 - INFO - Writing section: 9. 实施效果评估与持续改进 (Implementation Effect Evaluation and Continuous Improvement)
2025-02-14 19:40:00,991 - INFO - Writing section: 9.1 效果评估指标体系 (Effect Evaluation Indicator System)
2025-02-14 19:40:09,194 - INFO - Writing section: 9.2 评估方法与周期 (Evaluation Methods and Cycle)
2025-02-14 19:40:15,653 - INFO - Writing section: 9.2.1 定期评估与中期评估 (Regular Evaluation and Mid-Term Evaluation)
2025-02-14 19:40:20,764 - INFO - Writing section: 9.2.2 评估报告与反馈机制 (Evaluation Report and Feedback Mechanism)
2025-02-14 19:40:25,952 - INFO - Writing section: 9.3 持续改进机制 (Continuous Improvement Mechanism)
2025-02-14 19:40:33,880 - INFO - Writing section: 9.3.1 问题识别与改进流程 (Problem Identification and Improvement Process)
2025-02-14 19:40:42,650 - INFO - Writing section: 9.3.2 版本迭代与优化升级 (Version Iteration and Optimization Upgrade)
2025-02-14 19:40:47,640 - INFO - Writing section: 10. 结论与展望 (Conclusion and Future Outlook)
2025-02-14 19:41:16,507 - INFO - Writing section: 10.1 结论 (Conclusion)
2025-02-14 19:41:25,071 - INFO - Writing section: 10.2 展望 (Future Outlook)
2025-02-14 19:41:31,442 - INFO - Writing section: 附录 (Appendix)
2025-02-14 19:41:38,437 - INFO - Writing section: 参考文献 (References)
2025-02-14 19:41:43,660 - INFO - Article saved to: articles/北京协和医院生成式人工智能建设五年规划_20250214_194143.md
2025-02-14 19:41:43,660 - INFO - Article generation completed successfully
2025-02-14 19:41:43,660 - INFO - Log file: logs/北京协和医院生成式人工智能建设五年规划_20250214_192632.log
2025-02-14 19:41:43,661 - INFO - Outline file: articles/北京协和医院生成式人工智能建设五年规划_20250214_192704_outline.json
2025-02-14 19:41:43,661 - INFO - Article file: articles/北京协和医院生成式人工智能建设五年规划_20250214_194143.md
