2025-02-14 19:46:54,045 - INFO - Starting article generation for: 北京协和医院生成式人工智能建设五年规划
2025-02-14 19:46:54,045 - INFO - Log file created at: logs/北京协和医院生成式人工智能建设五年规划_20250214_194654.log
2025-02-14 19:46:54,045 - INFO - Generating outline for title: 北京协和医院生成式人工智能建设五年规划, length: 1000, genre: 咨询报告, language: 中文
2025-02-14 19:47:12,368 - INFO - Outline text:
```json
[
  {
    "title": "1. 引言 (Introduction)",
    "length": 80,
    "level": 1
  },
  {
    "title": "1.1 报告背景与目的 (Report Background and Objectives)",
    "length": 40,
    "level": 2,
    "parent": "1. 引言 (Introduction)"
  },
  {
    "title": "1.2 规划范围与主要内容 (Planning Scope and Main Contents)",
    "length": 40,
    "level": 2,
    "parent": "1. 引言 (Introduction)"
  },
  {
    "title": "2. 北京协和医院发展现状分析 (Current Situation Analysis of Peking Union Medical College Hospital)",
    "length": 150,
    "level": 1
  },
  {
    "title": "2.1 医院概况与战略定位 (Hospital Overview and Strategic Positioning)",
    "length": 50,
    "level": 2,
    "parent": "2. 北京协和医院发展现状分析 (Current Situation Analysis of Peking Union Medical College Hospital)"
  },
  {
    "title": "2.2 信息化基础设施与数据资源现状 (Current Status of IT Infrastructure and Data Resources)",
    "length": 50,
    "level": 2,
    "parent": "2. 北京协和医院发展现状分析 (Current Situation Analysis of Peking Union Medical College Hospital)"
  },
  {
    "title": "2.3 现有AI应用基础与需求分析 (Current AI Application Foundation and Needs Analysis)",
    "length": 50,
    "level": 2,
    "parent": "2. 北京协和医院发展现状分析 (Current Situation Analysis of Peking Union Medical College Hospital)"
  },
  {
    "title": "3. 生成式人工智能建设的战略目标与指导思想 (Strategic Goals and Guiding Principles for Generative AI Construction)",
    "length": 150,
    "level": 1
  },
  {
    "title": "3.1 总体战略目标 (Overall Strategic Goals)",
    "length": 50,
    "level": 2,
    "parent": "3. 生成式人工智能建设的战略目标与指导思想 (Strategic Goals and Guiding Principles for Generative AI Construction)"
  },
  {
    "title": "3.2 分阶段目标 (Phase-based Goals)",
    "length": 50,
    "level": 2,
    "parent": "3. 生成式人工智能建设的战略目标与指导思想 (Strategic Goals and Guiding Principles for Generative AI Construction)"
  },
  {
    "title": "3.3 指导思想与基本原则 (Guiding Principles and Basic Principles)",
    "length": 50,
    "level": 2,
    "parent": "3. 生成式人工智能建设的战略目标与指导思想 (Strategic Goals and Guiding Principles for Generative AI Construction)"
  },
  {
    "title": "4. 生成式人工智能建设重点任务与实施路径 (Key Tasks and Implementation Paths for Generative AI Construction)",
    "length": 300,
    "level": 1
  },
  {
    "title": "4.1 核心技术平台建设 (Construction of Core Technology Platform)",
    "length": 70,
    "level": 2,
    "parent": "4. 生成式人工智能建设重点任务与实施路径 (Key Tasks and Implementation Paths for Generative AI Construction)"
  },
  {
    "title": "4.1.1 基础设施建设 (Infrastructure Construction)",
    "length": 30,
    "level": 3,
    "parent": "4.1 核心技术平台建设 (Construction of Core Technology Platform)"
  },
  {
    "title": "4.1.2 算法模型研发与优化 (Algorithm Model Development and Optimization)",
    "length": 40,
    "level": 3,
    "parent": "4.1 核心技术平台建设 (Construction of Core Technology Platform)"
  },
  {
    "title": "4.2 重点应用场景落地 (Implementation of Key Application Scenarios)",
    "length": 130,
    "level": 2,
    "parent": "4. 生成式人工智能建设重点任务与实施路径 (Key Tasks and Implementation Paths for Generative AI Construction)"
  },
  {
    "title": "4.2.1 智能诊疗辅助 (Intelligent Diagnosis and Treatment Assistance)",
    "length": 40,
    "level": 3,
    "parent": "4.2 重点应用场景落地 (Implementation of Key Application Scenarios)"
  },
  {
    "title": "4.2.2 医学科研创新 (Medical Research and Innovation)",
    "length": 40,
    "level": 3,
    "parent": "4.2 重点应用场景落地 (Implementation of Key Application Scenarios)"
  },
  {
    "title": "4.2.3 医院运营管理优化 (Hospital Operation and Management Optimization)",
    "length": 50,
    "level": 3,
    "parent": "4.2 重点应用场景落地 (Implementation of Key Application Scenarios)"
  },
  {
    "title": "4.3 数据治理与安全保障 (Data Governance and Security Assurance)",
    "length": 100,
    "level": 2,
    "parent": "4. 生成式人工智能建设重点任务与实施路径 (Key Tasks and Implementation Paths for Generative AI Construction)"
  },
  {
    "title": "4.3.1 数据标准制定与规范 (Data Standard Formulation and Specification)",
    "length": 50,
    "level": 3,
    "parent": "4.3 数据治理与安全保障 (Data Governance and Security Assurance)"
  },
  {
    "title": "4.3.2 数据安全与隐私保护 (Data Security and Privacy Protection)",
    "length": 50,
    "level": 3,
    "parent": "4.3 数据治理与安全保障 (Data Governance and Security Assurance)"
  },
  {
    "title": "5. 保障措施与支撑体系建设 (Safeguard Measures and Support System Construction)",
    "length": 150,
    "level": 1
  },
  {
    "title": "5.1 组织保障与机制建设 (Organizational Guarantee and Mechanism Construction)",
    "length": 50,
    "level": 2,
    "parent": "5. 保障措施与支撑体系建设 (Safeguard Measures and Support System Construction)"
  },
  {
    "title": "5.2 人才队伍建设与培训 (Talent Team Building and Training)",
    "length": 50,
    "level": 2,
    "parent": "5. 保障措施与支撑体系建设 (Safeguard Measures and Support System Construction)"
  },
  {
    "title": "5.3 资金投入与资源保障 (Financial Investment and Resource Guarantee)",
    "length": 50,
    "level": 2,
    "parent": "5. 保障措施与支撑体系建设 (Safeguard Measures and Support System Construction)"
  },
  {
    "title": "6. 风险评估与应对策略 (Risk Assessment and Response Strategies)",
    "length": 100,
    "level": 1
  },
  {
    "title": "6.1 技术风险评估与应对 (Technical Risk Assessment and Response)",
    "length": 40,
    "level": 2,
    "parent": "6. 风险评估与应对策略 (Risk Assessment and Response Strategies)"
  },
  {
    "title": "6.2 伦理与法律风险评估与应对 (Ethical and Legal Risk Assessment and Response)",
    "length": 40,
    "level": 2,
    "parent": "6. 风险评估与应对策略 (Risk Assessment and Response Strategies)"
  },
  {
    "title": "6.3 实施风险评估与应对 (Implementation Risk Assessment and Response)",
    "length": 20,
    "level": 2,
    "parent": "6. 风险评估与应对策略 (Risk Assessment and Response Strategies)"
  },
  {
    "title": "7. 规划实施效果评估与持续改进 (Planning Implementation Effect Evaluation and Continuous Improvement)",
    "length": 80,
    "level": 1
  },
  {
    "title": "7.1 效果评估指标体系 (Effect Evaluation Indicator System)",
    "length": 40,
    "level": 2,
    "parent": "7. 规划实施效果评估与持续改进 (Planning Implementation Effect Evaluation and Continuous Improvement)"
  },
  {
    "title": "7.2 持续改进机制 (Continuous Improvement Mechanism)",
    "length": 40,
    "level": 2,
    "parent": "7. 规划实施效果评估与持续改进 (Planning Implementation Effect Evaluation and Continuous Improvement)"
  },
  {
    "title": "8. 结论与建议 (Conclusion and Recommendations)",
    "length": 60,
    "level": 1
  },
  {
    "title": "8.1 主要结论 (Main Conclusions)",
    "length": 30,
    "level": 2,
    "parent": "8. 结论与建议 (Conclusion and Recommendations)"
  },
  {
    "title": "8.2 政策建议与未来展望 (Policy Recommendations and Future Outlook)",
    "length": 30,
    "level": 2,
    "parent": "8. 结论与建议 (Conclusion and Recommendations)"
  }
]
```
2025-02-14 19:47:12,370 - INFO - Parsed outline: [
  {
    "title": "1. 引言 (Introduction)",
    "length": 80,
    "level": 1
  },
  {
    "title": "1.1 报告背景与目的 (Report Background and Objectives)",
    "length": 40,
    "level": 2,
    "parent": "1. 引言 (Introduction)"
  },
  {
    "title": "1.2 规划范围与主要内容 (Planning Scope and Main Contents)",
    "length": 40,
    "level": 2,
    "parent": "1. 引言 (Introduction)"
  },
  {
    "title": "2. 北京协和医院发展现状分析 (Current Situation Analysis of Peking Union Medical College Hospital)",
    "length": 150,
    "level": 1
  },
  {
    "title": "2.1 医院概况与战略定位 (Hospital Overview and Strategic Positioning)",
    "length": 50,
    "level": 2,
    "parent": "2. 北京协和医院发展现状分析 (Current Situation Analysis of Peking Union Medical College Hospital)"
  },
  {
    "title": "2.2 信息化基础设施与数据资源现状 (Current Status of IT Infrastructure and Data Resources)",
    "length": 50,
    "level": 2,
    "parent": "2. 北京协和医院发展现状分析 (Current Situation Analysis of Peking Union Medical College Hospital)"
  },
  {
    "title": "2.3 现有AI应用基础与需求分析 (Current AI Application Foundation and Needs Analysis)",
    "length": 50,
    "level": 2,
    "parent": "2. 北京协和医院发展现状分析 (Current Situation Analysis of Peking Union Medical College Hospital)"
  },
  {
    "title": "3. 生成式人工智能建设的战略目标与指导思想 (Strategic Goals and Guiding Principles for Generative AI Construction)",
    "length": 150,
    "level": 1
  },
  {
    "title": "3.1 总体战略目标 (Overall Strategic Goals)",
    "length": 50,
    "level": 2,
    "parent": "3. 生成式人工智能建设的战略目标与指导思想 (Strategic Goals and Guiding Principles for Generative AI Construction)"
  },
  {
    "title": "3.2 分阶段目标 (Phase-based Goals)",
    "length": 50,
    "level": 2,
    "parent": "3. 生成式人工智能建设的战略目标与指导思想 (Strategic Goals and Guiding Principles for Generative AI Construction)"
  },
  {
    "title": "3.3 指导思想与基本原则 (Guiding Principles and Basic Principles)",
    "length": 50,
    "level": 2,
    "parent": "3. 生成式人工智能建设的战略目标与指导思想 (Strategic Goals and Guiding Principles for Generative AI Construction)"
  },
  {
    "title": "4. 生成式人工智能建设重点任务与实施路径 (Key Tasks and Implementation Paths for Generative AI Construction)",
    "length": 300,
    "level": 1
  },
  {
    "title": "4.1 核心技术平台建设 (Construction of Core Technology Platform)",
    "length": 70,
    "level": 2,
    "parent": "4. 生成式人工智能建设重点任务与实施路径 (Key Tasks and Implementation Paths for Generative AI Construction)"
  },
  {
    "title": "4.1.1 基础设施建设 (Infrastructure Construction)",
    "length": 30,
    "level": 3,
    "parent": "4.1 核心技术平台建设 (Construction of Core Technology Platform)"
  },
  {
    "title": "4.1.2 算法模型研发与优化 (Algorithm Model Development and Optimization)",
    "length": 40,
    "level": 3,
    "parent": "4.1 核心技术平台建设 (Construction of Core Technology Platform)"
  },
  {
    "title": "4.2 重点应用场景落地 (Implementation of Key Application Scenarios)",
    "length": 130,
    "level": 2,
    "parent": "4. 生成式人工智能建设重点任务与实施路径 (Key Tasks and Implementation Paths for Generative AI Construction)"
  },
  {
    "title": "4.2.1 智能诊疗辅助 (Intelligent Diagnosis and Treatment Assistance)",
    "length": 40,
    "level": 3,
    "parent": "4.2 重点应用场景落地 (Implementation of Key Application Scenarios)"
  },
  {
    "title": "4.2.2 医学科研创新 (Medical Research and Innovation)",
    "length": 40,
    "level": 3,
    "parent": "4.2 重点应用场景落地 (Implementation of Key Application Scenarios)"
  },
  {
    "title": "4.2.3 医院运营管理优化 (Hospital Operation and Management Optimization)",
    "length": 50,
    "level": 3,
    "parent": "4.2 重点应用场景落地 (Implementation of Key Application Scenarios)"
  },
  {
    "title": "4.3 数据治理与安全保障 (Data Governance and Security Assurance)",
    "length": 100,
    "level": 2,
    "parent": "4. 生成式人工智能建设重点任务与实施路径 (Key Tasks and Implementation Paths for Generative AI Construction)"
  },
  {
    "title": "4.3.1 数据标准制定与规范 (Data Standard Formulation and Specification)",
    "length": 50,
    "level": 3,
    "parent": "4.3 数据治理与安全保障 (Data Governance and Security Assurance)"
  },
  {
    "title": "4.3.2 数据安全与隐私保护 (Data Security and Privacy Protection)",
    "length": 50,
    "level": 3,
    "parent": "4.3 数据治理与安全保障 (Data Governance and Security Assurance)"
  },
  {
    "title": "5. 保障措施与支撑体系建设 (Safeguard Measures and Support System Construction)",
    "length": 150,
    "level": 1
  },
  {
    "title": "5.1 组织保障与机制建设 (Organizational Guarantee and Mechanism Construction)",
    "length": 50,
    "level": 2,
    "parent": "5. 保障措施与支撑体系建设 (Safeguard Measures and Support System Construction)"
  },
  {
    "title": "5.2 人才队伍建设与培训 (Talent Team Building and Training)",
    "length": 50,
    "level": 2,
    "parent": "5. 保障措施与支撑体系建设 (Safeguard Measures and Support System Construction)"
  },
  {
    "title": "5.3 资金投入与资源保障 (Financial Investment and Resource Guarantee)",
    "length": 50,
    "level": 2,
    "parent": "5. 保障措施与支撑体系建设 (Safeguard Measures and Support System Construction)"
  },
  {
    "title": "6. 风险评估与应对策略 (Risk Assessment and Response Strategies)",
    "length": 100,
    "level": 1
  },
  {
    "title": "6.1 技术风险评估与应对 (Technical Risk Assessment and Response)",
    "length": 40,
    "level": 2,
    "parent": "6. 风险评估与应对策略 (Risk Assessment and Response Strategies)"
  },
  {
    "title": "6.2 伦理与法律风险评估与应对 (Ethical and Legal Risk Assessment and Response)",
    "length": 40,
    "level": 2,
    "parent": "6. 风险评估与应对策略 (Risk Assessment and Response Strategies)"
  },
  {
    "title": "6.3 实施风险评估与应对 (Implementation Risk Assessment and Response)",
    "length": 20,
    "level": 2,
    "parent": "6. 风险评估与应对策略 (Risk Assessment and Response Strategies)"
  },
  {
    "title": "7. 规划实施效果评估与持续改进 (Planning Implementation Effect Evaluation and Continuous Improvement)",
    "length": 80,
    "level": 1
  },
  {
    "title": "7.1 效果评估指标体系 (Effect Evaluation Indicator System)",
    "length": 40,
    "level": 2,
    "parent": "7. 规划实施效果评估与持续改进 (Planning Implementation Effect Evaluation and Continuous Improvement)"
  },
  {
    "title": "7.2 持续改进机制 (Continuous Improvement Mechanism)",
    "length": 40,
    "level": 2,
    "parent": "7. 规划实施效果评估与持续改进 (Planning Implementation Effect Evaluation and Continuous Improvement)"
  },
  {
    "title": "8. 结论与建议 (Conclusion and Recommendations)",
    "length": 60,
    "level": 1
  },
  {
    "title": "8.1 主要结论 (Main Conclusions)",
    "length": 30,
    "level": 2,
    "parent": "8. 结论与建议 (Conclusion and Recommendations)"
  },
  {
    "title": "8.2 政策建议与未来展望 (Policy Recommendations and Future Outlook)",
    "length": 30,
    "level": 2,
    "parent": "8. 结论与建议 (Conclusion and Recommendations)"
  }
]
2025-02-14 19:47:12,370 - INFO - Outline generated successfully.
2025-02-14 19:47:12,371 - INFO - Outline saved to: articles/北京协和医院生成式人工智能建设五年规划_20250214_194712_outline.json
2025-02-14 19:47:12,372 - INFO - Assembling article...
2025-02-14 19:47:12,372 - INFO - Writing section: 1. 引言 (Introduction)
2025-02-14 19:47:17,563 - INFO - Writing section: 1.1 报告背景与目的 (Report Background and Objectives)
2025-02-14 19:47:20,796 - INFO - Writing section: 1.2 规划范围与主要内容 (Planning Scope and Main Contents)
2025-02-14 19:47:23,525 - INFO - Writing section: 2. 北京协和医院发展现状分析 (Current Situation Analysis of Peking Union Medical College Hospital)
2025-02-14 19:47:27,943 - INFO - Writing section: 2.1 医院概况与战略定位 (Hospital Overview and Strategic Positioning)
2025-02-14 19:47:30,900 - INFO - Writing section: 2.2 信息化基础设施与数据资源现状 (Current Status of IT Infrastructure and Data Resources)
2025-02-14 19:47:37,476 - INFO - Writing section: 2.3 现有AI应用基础与需求分析 (Current AI Application Foundation and Needs Analysis)
2025-02-14 19:47:42,887 - INFO - Writing section: 3. 生成式人工智能建设的战略目标与指导思想 (Strategic Goals and Guiding Principles for Generative AI Construction)
2025-02-14 19:47:47,420 - INFO - Writing section: 3.1 总体战略目标 (Overall Strategic Goals)
2025-02-14 19:47:51,347 - INFO - Writing section: 3.2 分阶段目标 (Phase-based Goals)
2025-02-14 19:47:54,783 - INFO - Writing section: 3.3 指导思想与基本原则 (Guiding Principles and Basic Principles)
2025-02-14 19:47:59,380 - INFO - Writing section: 4. 生成式人工智能建设重点任务与实施路径 (Key Tasks and Implementation Paths for Generative AI Construction)
2025-02-14 19:48:06,010 - INFO - Writing section: 4.1 核心技术平台建设 (Construction of Core Technology Platform)
2025-02-14 19:48:09,812 - INFO - Writing section: 4.1.1 基础设施建设 (Infrastructure Construction)
2025-02-14 19:48:14,430 - INFO - Writing section: 4.1.2 算法模型研发与优化 (Algorithm Model Development and Optimization)
2025-02-14 19:48:18,793 - INFO - Writing section: 4.2 重点应用场景落地 (Implementation of Key Application Scenarios)
2025-02-14 19:48:23,108 - INFO - Writing section: 4.2.1 智能诊疗辅助 (Intelligent Diagnosis and Treatment Assistance)
2025-02-14 19:48:28,227 - INFO - Writing section: 4.2.2 医学科研创新 (Medical Research and Innovation)
2025-02-14 19:48:31,005 - INFO - Writing section: 4.2.3 医院运营管理优化 (Hospital Operation and Management Optimization)
2025-02-14 19:48:33,910 - INFO - Writing section: 4.3 数据治理与安全保障 (Data Governance and Security Assurance)
2025-02-14 19:48:37,320 - INFO - Writing section: 4.3.1 数据标准制定与规范 (Data Standard Formulation and Specification)
2025-02-14 19:48:38,671 - WARNING - Rate limit exceeded. Retrying in 2.61 seconds...
2025-02-14 19:48:41,861 - WARNING - Rate limit exceeded. Retrying in 3.73 seconds...
2025-02-14 19:48:45,990 - WARNING - Rate limit exceeded. Retrying in 5.88 seconds...
2025-02-14 19:48:52,312 - WARNING - Rate limit exceeded. Retrying in 8.41 seconds...
2025-02-14 19:49:02,805 - INFO - Writing section: 4.3.2 数据安全与隐私保护 (Data Security and Privacy Protection)
2025-02-14 19:49:05,392 - INFO - Writing section: 5. 保障措施与支撑体系建设 (Safeguard Measures and Support System Construction)
2025-02-14 19:49:09,435 - INFO - Writing section: 5.1 组织保障与机制建设 (Organizational Guarantee and Mechanism Construction)
2025-02-14 19:49:12,393 - INFO - Writing section: 5.2 人才队伍建设与培训 (Talent Team Building and Training)
2025-02-14 19:49:17,080 - INFO - Writing section: 5.3 资金投入与资源保障 (Financial Investment and Resource Guarantee)
2025-02-14 19:49:20,090 - INFO - Writing section: 6. 风险评估与应对策略 (Risk Assessment and Response Strategies)
2025-02-14 19:49:22,929 - INFO - Writing section: 6.1 技术风险评估与应对 (Technical Risk Assessment and Response)
2025-02-14 19:49:26,013 - INFO - Writing section: 6.2 伦理与法律风险评估与应对 (Ethical and Legal Risk Assessment and Response)
2025-02-14 19:49:30,911 - INFO - Writing section: 6.3 实施风险评估与应对 (Implementation Risk Assessment and Response)
2025-02-14 19:49:33,922 - INFO - Writing section: 7. 规划实施效果评估与持续改进 (Planning Implementation Effect Evaluation and Continuous Improvement)
2025-02-14 19:49:37,954 - INFO - Writing section: 7.1 效果评估指标体系 (Effect Evaluation Indicator System)
2025-02-14 19:49:39,410 - WARNING - Rate limit exceeded. Retrying in 1.46 seconds...
2025-02-14 19:49:41,271 - WARNING - Rate limit exceeded. Retrying in 2.46 seconds...
2025-02-14 19:49:44,134 - WARNING - Rate limit exceeded. Retrying in 5.51 seconds...
2025-02-14 19:49:50,036 - WARNING - Rate limit exceeded. Retrying in 9.31 seconds...
2025-02-14 19:50:03,180 - INFO - Writing section: 7.2 持续改进机制 (Continuous Improvement Mechanism)
2025-02-14 19:50:06,246 - INFO - Writing section: 8. 结论与建议 (Conclusion and Recommendations)
2025-02-14 19:50:09,112 - INFO - Writing section: 8.1 主要结论 (Main Conclusions)
2025-02-14 19:50:12,524 - INFO - Writing section: 8.2 政策建议与未来展望 (Policy Recommendations and Future Outlook)
2025-02-14 19:50:17,324 - INFO - Article saved to: articles/北京协和医院生成式人工智能建设五年规划_20250214_195017.md
2025-02-14 19:50:17,325 - INFO - Article generation completed successfully
2025-02-14 19:50:17,325 - INFO - Log file: logs/北京协和医院生成式人工智能建设五年规划_20250214_194654.log
2025-02-14 19:50:17,325 - INFO - Outline file: articles/北京协和医院生成式人工智能建设五年规划_20250214_194712_outline.json
2025-02-14 19:50:17,325 - INFO - Article file: articles/北京协和医院生成式人工智能建设五年规划_20250214_195017.md
