2025-02-15 02:36:23,012 - INFO - Starting article generation for: 学术会议通知
2025-02-15 02:36:23,012 - INFO - Log file created at: logs/学术会议通知_20250215_023623.log
2025-02-15 02:36:23,012 - INFO - Generating outline for title: 学术会议通知, length: 3000, genre: 学术会议通知, language: 中文
2025-02-15 02:36:51,754 - INFO - Parsing outline text:
```json
{
    "sections": [
        {
            "title": "序言：智慧医疗新篇章——共绘医院信息化未来蓝图",
            "length": 300,
            "level": 1,
            "key_points": [
                "点明会议主题和重要性",
                "强调智慧医院和人工智能在医疗领域的战略意义",
                "引出北京卫生信息技术协会(PHITA)和蜜蜂会作为主办和承办方的权威性",
                "预告会议将汇聚行业精英，共话发展"
            ]
        },
        {
            "title": "第一章：会议概况——把握时代脉搏，聚焦智慧医疗前沿",
            "length": 450,
            "level": 1,
            "key_points": [
                "明确会议核心主题：智慧医院服务评级与人工智能临床应用",
                "阐述会议召开的背景：国家政策导向、行业发展趋势、技术创新驱动",
                "介绍会议目标：搭建交流平台、促进合作创新、推动技术应用",
                "概括会议亮点：权威主办、行业聚焦、议题前瞻、形式多样"
            ]
        },
        {
            "title": "1.1 会议主题：智医融合，慧享健康——共筑高质量医疗服务新生态",
            "length": 150,
            "level": 2,
            "key_points": [
                "进一步凝练会议主题，突出“智医融合”和“慧享健康”的核心理念",
                "解释主题内涵：人工智能与医疗深度融合，提升服务质量，惠及人民健康",
                "强调会议主题的前瞻性和时代性"
            ]
        },
        {
            "title": "1.2 会议时间和地点：相约北京，共襄盛举",
            "length": 100,
            "level": 2,
            "key_points": [
                "明确会议具体时间（精确到年月日）和地点（详细地址）",
                "提供交通信息和周边环境介绍（可选，如交通便利、环境优美等）",
                "温馨提示参会者提前安排行程"
            ]
        },
        {
            "title": "1.3 会议形式与内容：多元互动，深度交流",
            "length": 200,
            "level": 2,
            "key_points": [
                "详细介绍会议形式：专家讲座、主题报告、圆桌论坛、案例分享、技术展示（如有）",
                "突出会议内容的丰富性和多元化，满足不同参会者的需求",
                "强调互动性和交流性，鼓励参会者积极参与"
            ]
        },
        {
            "title": "第二章：会议主题与议题——洞察行业趋势，引领技术创新",
            "length": 900,
            "level": 1,
            "key_points": [
                "深入阐述会议的核心议题",
                "围绕智慧医院服务评级和人工智能临床应用两大主线展开",
                "体现议题的前沿性、实用性和学术性",
                "细化议题方向，吸引不同研究领域的专家学者"
            ]
        },
        {
            "title": "2.1 智慧医院服务评级体系建设与实践",
            "length": 300,
            "level": 2,
            "key_points": [
                "介绍智慧医院服务评级体系的背景和意义",
                "探讨国内外智慧医院评级标准与发展趋势",
                "分享智慧医院评级实践案例和经验",
                "分析评级体系对医院信息化建设的指导作用",
                "展望未来智慧医院评级体系的发展方向和挑战"
            ]
        },
        {
            "title": "2.1.1 智慧医院服务评级标准解读与应用",
            "length": 150,
            "level": 3,
            "key_points": [
                "详细解读当前主流的智慧医院服务评级标准（如国家卫健委评级标准等）",
                "分析评级标准的构成要素和评价指标",
                "探讨评级标准在医院信息化建设中的应用策略",
                "邀请专家解读评级标准，分享应用案例"
            ]
        },
        {
            "title": "2.1.2 基于评级的智慧医院建设路径与策略",
            "length": 150,
            "level": 3,
            "key_points": [
                "探讨如何基于评级标准规划智慧医院建设路径",
                "分享不同类型医院的智慧医院建设策略",
                "讨论智慧医院建设中的重点和难点",
                "强调评级体系对智慧医院建设的指导意义"
            ]
        },
        {
            "title": "2.2 人工智能在临床应用的创新与突破",
            "length": 600,
            "level": 2,
            "key_points": [
                "概述人工智能在医疗健康领域的应用现状和发展前景",
                "聚焦人工智能在临床应用的最新进展和突破",
                "探讨人工智能在辅助诊断、精准治疗、疾病预测等方面的应用",
                "分析人工智能技术在临床应用中面临的挑战和伦理问题",
                "展望人工智能在未来医疗领域的应用前景和发展趋势"
            ]
        },
        {
            "title": "2.2.1 人工智能辅助诊断的实践与挑战",
            "length": 200,
            "level": 3,
            "key_points": [
                "介绍人工智能辅助诊断技术的原理和应用",
                "分享人工智能在医学影像识别、病理分析、基因检测等领域的应用案例",
                "分析人工智能辅助诊断的优势和局限性",
                "探讨人工智能辅助诊断在临床应用中面临的数据安全、算法可靠性等挑战"
            ]
        },
        {
            "title": "2.2.2 人工智能驱动的精准治疗新模式",
            "length": 200,
            "level": 3,
            "key_points": [
                "探讨人工智能在精准治疗中的应用价值",
                "介绍人工智能在基因组学、药物研发、个体化治疗方案制定等方面的应用",
                "分享人工智能驱动的精准治疗案例，如肿瘤精准治疗、罕见病诊断等",
                "分析人工智能如何提升精准治疗的效率和效果"
            ]
        },
        {
            "title": "2.2.3 面向临床的人工智能技术创新与伦理考量",
            "length": 200,
            "level": 3,
            "key_points": [
                "探讨面向临床需求的人工智能技术创新方向",
                "介绍新型人工智能技术在临床应用的潜力，如 federated learning, explainable AI等",
                "深入探讨人工智能在医疗应用中的伦理问题，如数据隐私、算法偏见、责任归属等",
                "强调人工智能技术在医疗应用中应遵循的伦理原则和规范"
            ]
        },
        {
            "title": "第三章：会议日程安排——精彩议程，不容错过",
            "length": 600,
            "level": 1,
            "key_points": [
                "详细展示会议的日程安排，包括日期、时间、环节、演讲嘉宾等",
                "突出会议日程的紧凑性和丰富性",
                "吸引参会者关注感兴趣的环节和嘉宾",
                "确保日程安排的逻辑性和条理性"
            ]
        },
        {
            "title": "3.1 会议总体日程框架",
            "length": 150,
            "level": 2,
            "key_points": [
                "以表格或时间轴的形式展示会议的总体日程框架",
                "标明每天的上午、下午和晚上的主要环节",
                "概括每天的会议主题和重点内容",
                "让参会者对会议的整体时间安排有一个清晰的了解"
            ]
        },
        {
            "title": "3.2 主要环节详细介绍",
            "length": 400,
            "level": 2,
            "key_points": [
                "分别详细介绍专家讲座、主题报告、圆桌论坛、案例分享等主要环节",
                "列出部分拟邀请的演讲嘉宾和专家（如院士、知名学者、行业领袖等）",
                "简要介绍每个环节的主题和内容亮点",
                "突出各环节的特色和价值，吸引参会者积极参与"
            ]
        },
        {
            "title": "3.2.1 专家讲座：前瞻视野，引领未来",
            "length": 100,
            "level": 3,
            "key_points": [
                "介绍专家讲座环节的特点：邀请行业顶尖专家、分享前沿观点、展望未来趋势",
                "列举部分拟邀请的专家及其研究领域",
                "突出专家讲座的权威性和启发性"
            ]
        },
        {
            "title": "3.2.2 圆桌论坛：思想碰撞，共话热点",
            "length": 100,
            "level": 3,
            "key_points": [
                "介绍圆桌论坛环节的特点：聚焦热点议题、多方观点碰撞、互动交流深入",
                "列举部分拟设置的圆桌论坛主题（如“智慧医院建设的挑战与机遇”、“人工智能临床应用的伦理与监管”等）",
                "突出圆桌论坛的思辨性和前瞻性"
            ]
        },
        {
            "title": "3.2.3 案例分享：实践经验，借鉴创新",
            "length": 100,
            "level": 3,
            "key_points": [
                "介绍案例分享环节的特点：聚焦实践应用、分享成功经验、提供借鉴思路",
                "列举部分拟分享的案例方向（如“智慧医院建设最佳实践”、“人工智能临床应用成功案例”等）",
                "突出案例分享的实用性和指导性"
            ]
        },
        {
            "title": "3.2.4 技术展示（如有）： 科技赋能，触及未来",
            "length": 100,
            "level": 3,
            "key_points": [
                "介绍技术展示环节（如有）的特点：展示最新技术成果、体验创新产品、促进技术交流",
                "列举部分拟展示的技术方向或产品（如智慧医疗解决方案、人工智能临床应用系统等）",
                "突出技术展示的互动性和前瞻性"
            ]
        },
        {
            "title": "3.3 参会嘉宾介绍（部分）",
            "length": 50,
            "level": 2,
            "key_points": [
                "简要列举部分已确认或拟邀请的重要参会嘉宾",
                "突出嘉宾的行业代表性和影响力",
                "进一步提升会议的吸引力"
            ]
        },
        {
            "title": "第四章：参会指南——便捷参会，高效交流",
            "length": 300,
            "level": 1,
            "key_points": [
                "提供详细的参会指南，方便参会者了解参会流程和注意事项",
                "包括注册报名、费用信息、住宿交通、联系方式等实用信息",
                "确保参会指南的清晰易懂和实用性"
            ]
        },
        {
            "title": "4.1 注册报名",
            "length": 100,
            "level": 2,
            "key_points": [
                "详细说明会议注册报名方式（如在线注册、邮件注册等）",
                "提供注册报名链接或二维码",
                "明确注册报名截止日期",
                "说明注册流程和注意事项"
            ]
        },
        {
            "title": "4.2 费用信息",
            "length": 50,
            "level": 2,
            "key_points": [
                "明确会议注册费用标准（如有不同类型参会者，需分别说明）",
                "说明费用包含内容（如会议资料、餐饮等）",
                "提供缴费方式和注意事项"
            ]
        },
        {
            "title": "4.3 住宿与交通",
            "length": 100,
            "level": 2,
            "key_points": [
                "提供会场周边酒店推荐和预订信息（如有协议酒店，需特别说明）",
                "提供会场交通指南，包括公共交通、自驾路线等",
                "提供会场周边餐饮、住宿等配套服务信息（可选）"
            ]
        },
        {
            "title": "4.4 会议须知与注意事项",
            "length": 50,
            "level": 2,
            "key_points": [
                "提示参会者会议期间的注意事项，如会议礼仪、着装要求等",
                "说明会议资料领取、参会证件等相关事宜",
                "提供其他重要提示信息"
            ]
        },
        {
            "title": "第五章：组织机构——权威主办，专业承办",
            "length": 150,
            "level": 1,
            "key_points": [
                "详细介绍主办单位北京卫生信息技术协会(PHITA)的背景、职能和行业影响力",
                "介绍承办单位蜜蜂会的背景和专业会议组织经验",
                "展示会议组织机构的权威性和专业性",
                "提升参会者对会议的信任度和期待值"
            ]
        },
        {
            "title": "5.1 主办单位：北京卫生信息技术协会(PHITA)",
            "length": 75,
            "level": 2,
            "key_points": [
                "详细介绍北京卫生信息技术协会的性质、宗旨、业务范围",
                "突出协会在卫生信息技术领域的权威地位和行业影响力",
                "强调协会对推动中国卫生信息化发展的重要作用"
            ]
        },
        {
            "title": "5.2 承办单位：蜜蜂会",
            "length": 75,
            "level": 2,
            "key_points": [
                "介绍蜜蜂会的专业会议组织经验和优势",
                "突出蜜蜂会在学术会议组织方面的专业能力和服务水平",
                "增强参会者对会议组织工作的信心"
            ]
        },
        {
            "title": "第六章：联系方式——及时沟通，竭诚服务",
            "length": 50,
            "level": 1,
            "key_points": [
                "提供会议会务组的详细联系方式，包括联系人、电话、邮箱等",
                "方便参会者咨询会议相关问题",
                "体现会务组的专业服务态度"
            ]
        },
        {
            "title": "结语：聚力创新，智领未来——诚邀您共赴智慧医疗盛会",
            "length": 300,
            "level": 1,
            "key_points": [
                "再次强调会议的主题和重要意义",
                "重申会议的目标和愿景",
                "热情邀请各界人士积极参会，共襄盛举",
                "展望智慧医疗的美好未来，激发参会者的热情和期待"
            ]
        }
    ]
}
```
2025-02-15 02:36:51,757 - INFO - Successfully parsed outline: {
  "sections": [
    {
      "title": "序言：智慧医疗新篇章——共绘医院信息化未来蓝图",
      "length": 300,
      "level": 1,
      "key_points": [
        "点明会议主题和重要性",
        "强调智慧医院和人工智能在医疗领域的战略意义",
        "引出北京卫生信息技术协会(PHITA)和蜜蜂会作为主办和承办方的权威性",
        "预告会议将汇聚行业精英，共话发展"
      ]
    },
    {
      "title": "第一章：会议概况——把握时代脉搏，聚焦智慧医疗前沿",
      "length": 450,
      "level": 1,
      "key_points": [
        "明确会议核心主题：智慧医院服务评级与人工智能临床应用",
        "阐述会议召开的背景：国家政策导向、行业发展趋势、技术创新驱动",
        "介绍会议目标：搭建交流平台、促进合作创新、推动技术应用",
        "概括会议亮点：权威主办、行业聚焦、议题前瞻、形式多样"
      ]
    },
    {
      "title": "1.1 会议主题：智医融合，慧享健康——共筑高质量医疗服务新生态",
      "length": 150,
      "level": 2,
      "key_points": [
        "进一步凝练会议主题，突出“智医融合”和“慧享健康”的核心理念",
        "解释主题内涵：人工智能与医疗深度融合，提升服务质量，惠及人民健康",
        "强调会议主题的前瞻性和时代性"
      ]
    },
    {
      "title": "1.2 会议时间和地点：相约北京，共襄盛举",
      "length": 100,
      "level": 2,
      "key_points": [
        "明确会议具体时间（精确到年月日）和地点（详细地址）",
        "提供交通信息和周边环境介绍（可选，如交通便利、环境优美等）",
        "温馨提示参会者提前安排行程"
      ]
    },
    {
      "title": "1.3 会议形式与内容：多元互动，深度交流",
      "length": 200,
      "level": 2,
      "key_points": [
        "详细介绍会议形式：专家讲座、主题报告、圆桌论坛、案例分享、技术展示（如有）",
        "突出会议内容的丰富性和多元化，满足不同参会者的需求",
        "强调互动性和交流性，鼓励参会者积极参与"
      ]
    },
    {
      "title": "第二章：会议主题与议题——洞察行业趋势，引领技术创新",
      "length": 900,
      "level": 1,
      "key_points": [
        "深入阐述会议的核心议题",
        "围绕智慧医院服务评级和人工智能临床应用两大主线展开",
        "体现议题的前沿性、实用性和学术性",
        "细化议题方向，吸引不同研究领域的专家学者"
      ]
    },
    {
      "title": "2.1 智慧医院服务评级体系建设与实践",
      "length": 300,
      "level": 2,
      "key_points": [
        "介绍智慧医院服务评级体系的背景和意义",
        "探讨国内外智慧医院评级标准与发展趋势",
        "分享智慧医院评级实践案例和经验",
        "分析评级体系对医院信息化建设的指导作用",
        "展望未来智慧医院评级体系的发展方向和挑战"
      ]
    },
    {
      "title": "2.1.1 智慧医院服务评级标准解读与应用",
      "length": 150,
      "level": 3,
      "key_points": [
        "详细解读当前主流的智慧医院服务评级标准（如国家卫健委评级标准等）",
        "分析评级标准的构成要素和评价指标",
        "探讨评级标准在医院信息化建设中的应用策略",
        "邀请专家解读评级标准，分享应用案例"
      ]
    },
    {
      "title": "2.1.2 基于评级的智慧医院建设路径与策略",
      "length": 150,
      "level": 3,
      "key_points": [
        "探讨如何基于评级标准规划智慧医院建设路径",
        "分享不同类型医院的智慧医院建设策略",
        "讨论智慧医院建设中的重点和难点",
        "强调评级体系对智慧医院建设的指导意义"
      ]
    },
    {
      "title": "2.2 人工智能在临床应用的创新与突破",
      "length": 600,
      "level": 2,
      "key_points": [
        "概述人工智能在医疗健康领域的应用现状和发展前景",
        "聚焦人工智能在临床应用的最新进展和突破",
        "探讨人工智能在辅助诊断、精准治疗、疾病预测等方面的应用",
        "分析人工智能技术在临床应用中面临的挑战和伦理问题",
        "展望人工智能在未来医疗领域的应用前景和发展趋势"
      ]
    },
    {
      "title": "2.2.1 人工智能辅助诊断的实践与挑战",
      "length": 200,
      "level": 3,
      "key_points": [
        "介绍人工智能辅助诊断技术的原理和应用",
        "分享人工智能在医学影像识别、病理分析、基因检测等领域的应用案例",
        "分析人工智能辅助诊断的优势和局限性",
        "探讨人工智能辅助诊断在临床应用中面临的数据安全、算法可靠性等挑战"
      ]
    },
    {
      "title": "2.2.2 人工智能驱动的精准治疗新模式",
      "length": 200,
      "level": 3,
      "key_points": [
        "探讨人工智能在精准治疗中的应用价值",
        "介绍人工智能在基因组学、药物研发、个体化治疗方案制定等方面的应用",
        "分享人工智能驱动的精准治疗案例，如肿瘤精准治疗、罕见病诊断等",
        "分析人工智能如何提升精准治疗的效率和效果"
      ]
    },
    {
      "title": "2.2.3 面向临床的人工智能技术创新与伦理考量",
      "length": 200,
      "level": 3,
      "key_points": [
        "探讨面向临床需求的人工智能技术创新方向",
        "介绍新型人工智能技术在临床应用的潜力，如 federated learning, explainable AI等",
        "深入探讨人工智能在医疗应用中的伦理问题，如数据隐私、算法偏见、责任归属等",
        "强调人工智能技术在医疗应用中应遵循的伦理原则和规范"
      ]
    },
    {
      "title": "第三章：会议日程安排——精彩议程，不容错过",
      "length": 600,
      "level": 1,
      "key_points": [
        "详细展示会议的日程安排，包括日期、时间、环节、演讲嘉宾等",
        "突出会议日程的紧凑性和丰富性",
        "吸引参会者关注感兴趣的环节和嘉宾",
        "确保日程安排的逻辑性和条理性"
      ]
    },
    {
      "title": "3.1 会议总体日程框架",
      "length": 150,
      "level": 2,
      "key_points": [
        "以表格或时间轴的形式展示会议的总体日程框架",
        "标明每天的上午、下午和晚上的主要环节",
        "概括每天的会议主题和重点内容",
        "让参会者对会议的整体时间安排有一个清晰的了解"
      ]
    },
    {
      "title": "3.2 主要环节详细介绍",
      "length": 400,
      "level": 2,
      "key_points": [
        "分别详细介绍专家讲座、主题报告、圆桌论坛、案例分享等主要环节",
        "列出部分拟邀请的演讲嘉宾和专家（如院士、知名学者、行业领袖等）",
        "简要介绍每个环节的主题和内容亮点",
        "突出各环节的特色和价值，吸引参会者积极参与"
      ]
    },
    {
      "title": "3.2.1 专家讲座：前瞻视野，引领未来",
      "length": 100,
      "level": 3,
      "key_points": [
        "介绍专家讲座环节的特点：邀请行业顶尖专家、分享前沿观点、展望未来趋势",
        "列举部分拟邀请的专家及其研究领域",
        "突出专家讲座的权威性和启发性"
      ]
    },
    {
      "title": "3.2.2 圆桌论坛：思想碰撞，共话热点",
      "length": 100,
      "level": 3,
      "key_points": [
        "介绍圆桌论坛环节的特点：聚焦热点议题、多方观点碰撞、互动交流深入",
        "列举部分拟设置的圆桌论坛主题（如“智慧医院建设的挑战与机遇”、“人工智能临床应用的伦理与监管”等）",
        "突出圆桌论坛的思辨性和前瞻性"
      ]
    },
    {
      "title": "3.2.3 案例分享：实践经验，借鉴创新",
      "length": 100,
      "level": 3,
      "key_points": [
        "介绍案例分享环节的特点：聚焦实践应用、分享成功经验、提供借鉴思路",
        "列举部分拟分享的案例方向（如“智慧医院建设最佳实践”、“人工智能临床应用成功案例”等）",
        "突出案例分享的实用性和指导性"
      ]
    },
    {
      "title": "3.2.4 技术展示（如有）： 科技赋能，触及未来",
      "length": 100,
      "level": 3,
      "key_points": [
        "介绍技术展示环节（如有）的特点：展示最新技术成果、体验创新产品、促进技术交流",
        "列举部分拟展示的技术方向或产品（如智慧医疗解决方案、人工智能临床应用系统等）",
        "突出技术展示的互动性和前瞻性"
      ]
    },
    {
      "title": "3.3 参会嘉宾介绍（部分）",
      "length": 50,
      "level": 2,
      "key_points": [
        "简要列举部分已确认或拟邀请的重要参会嘉宾",
        "突出嘉宾的行业代表性和影响力",
        "进一步提升会议的吸引力"
      ]
    },
    {
      "title": "第四章：参会指南——便捷参会，高效交流",
      "length": 300,
      "level": 1,
      "key_points": [
        "提供详细的参会指南，方便参会者了解参会流程和注意事项",
        "包括注册报名、费用信息、住宿交通、联系方式等实用信息",
        "确保参会指南的清晰易懂和实用性"
      ]
    },
    {
      "title": "4.1 注册报名",
      "length": 100,
      "level": 2,
      "key_points": [
        "详细说明会议注册报名方式（如在线注册、邮件注册等）",
        "提供注册报名链接或二维码",
        "明确注册报名截止日期",
        "说明注册流程和注意事项"
      ]
    },
    {
      "title": "4.2 费用信息",
      "length": 50,
      "level": 2,
      "key_points": [
        "明确会议注册费用标准（如有不同类型参会者，需分别说明）",
        "说明费用包含内容（如会议资料、餐饮等）",
        "提供缴费方式和注意事项"
      ]
    },
    {
      "title": "4.3 住宿与交通",
      "length": 100,
      "level": 2,
      "key_points": [
        "提供会场周边酒店推荐和预订信息（如有协议酒店，需特别说明）",
        "提供会场交通指南，包括公共交通、自驾路线等",
        "提供会场周边餐饮、住宿等配套服务信息（可选）"
      ]
    },
    {
      "title": "4.4 会议须知与注意事项",
      "length": 50,
      "level": 2,
      "key_points": [
        "提示参会者会议期间的注意事项，如会议礼仪、着装要求等",
        "说明会议资料领取、参会证件等相关事宜",
        "提供其他重要提示信息"
      ]
    },
    {
      "title": "第五章：组织机构——权威主办，专业承办",
      "length": 150,
      "level": 1,
      "key_points": [
        "详细介绍主办单位北京卫生信息技术协会(PHITA)的背景、职能和行业影响力",
        "介绍承办单位蜜蜂会的背景和专业会议组织经验",
        "展示会议组织机构的权威性和专业性",
        "提升参会者对会议的信任度和期待值"
      ]
    },
    {
      "title": "5.1 主办单位：北京卫生信息技术协会(PHITA)",
      "length": 75,
      "level": 2,
      "key_points": [
        "详细介绍北京卫生信息技术协会的性质、宗旨、业务范围",
        "突出协会在卫生信息技术领域的权威地位和行业影响力",
        "强调协会对推动中国卫生信息化发展的重要作用"
      ]
    },
    {
      "title": "5.2 承办单位：蜜蜂会",
      "length": 75,
      "level": 2,
      "key_points": [
        "介绍蜜蜂会的专业会议组织经验和优势",
        "突出蜜蜂会在学术会议组织方面的专业能力和服务水平",
        "增强参会者对会议组织工作的信心"
      ]
    },
    {
      "title": "第六章：联系方式——及时沟通，竭诚服务",
      "length": 50,
      "level": 1,
      "key_points": [
        "提供会议会务组的详细联系方式，包括联系人、电话、邮箱等",
        "方便参会者咨询会议相关问题",
        "体现会务组的专业服务态度"
      ]
    },
    {
      "title": "结语：聚力创新，智领未来——诚邀您共赴智慧医疗盛会",
      "length": 300,
      "level": 1,
      "key_points": [
        "再次强调会议的主题和重要意义",
        "重申会议的目标和愿景",
        "热情邀请各界人士积极参会，共襄盛举",
        "展望智慧医疗的美好未来，激发参会者的热情和期待"
      ]
    }
  ]
}
2025-02-15 02:36:51,759 - INFO - Outline saved to: articles/学术会议通知_20250215_023651_outline.json
2025-02-15 02:36:51,759 - INFO - Assembling article...
2025-02-15 02:36:51,759 - INFO - Writing section: 序言：智慧医疗新篇章——共绘医院信息化未来蓝图
2025-02-15 02:37:02,349 - INFO - Writing section: 第一章：会议概况——把握时代脉搏，聚焦智慧医疗前沿
2025-02-15 02:37:15,548 - INFO - Writing section: 1.1 会议主题：智医融合，慧享健康——共筑高质量医疗服务新生态
2025-02-15 02:37:21,913 - INFO - Writing section: 1.2 会议时间和地点：相约北京，共襄盛举
2025-02-15 02:37:27,321 - INFO - Writing section: 1.3 会议形式与内容：多元互动，深度交流
2025-02-15 02:37:36,539 - INFO - Writing section: 第二章：会议主题与议题——洞察行业趋势，引领技术创新
2025-02-15 02:37:50,159 - INFO - Writing section: 第三章：会议日程安排——精彩议程，不容错过
2025-02-15 02:38:35,296 - INFO - Writing section: 第四章：参会指南——便捷参会，高效交流
2025-02-15 02:38:44,137 - INFO - Writing section: 4.1 注册报名
2025-02-15 02:38:47,401 - INFO - Writing section: 4.2 费用信息
2025-02-15 02:38:52,082 - INFO - Writing section: 4.3 住宿与交通
2025-02-15 02:38:55,978 - INFO - Writing section: 4.4 会议须知与注意事项
2025-02-15 02:39:02,991 - INFO - Writing section: 第五章：组织机构——权威主办，专业承办
2025-02-15 02:39:07,327 - INFO - Writing section: 5.1 主办单位：北京卫生信息技术协会(PHITA)
2025-02-15 02:39:11,360 - INFO - Writing section: 5.2 承办单位：蜜蜂会
2025-02-15 02:39:20,066 - INFO - Writing section: 第六章：联系方式——及时沟通，竭诚服务
2025-02-15 02:39:25,331 - INFO - Writing section: 结语：聚力创新，智领未来——诚邀您共赴智慧医疗盛会
2025-02-15 02:39:30,992 - INFO - Article saved to: articles/学术会议通知_20250215_023930.md
2025-02-15 02:39:30,992 - INFO - Article generation completed successfully
2025-02-15 02:39:30,992 - INFO - Log file: logs/学术会议通知_20250215_023623.log
2025-02-15 02:39:30,992 - INFO - Outline file: articles/学术会议通知_20250215_023651_outline.json
2025-02-15 02:39:30,993 - INFO - Article file: articles/学术会议通知_20250215_023930.md
