2025-02-26 10:44:58,932 - INFO - Starting article generation for: 蜜蜂会（MiForum）逆袭之路
2025-02-26 10:44:58,932 - INFO - Log file created at: logs/蜜蜂会MiForum逆袭之路_20250226_104458.log
2025-02-26 10:44:58,932 - INFO - Generating outline for title: 蜜蜂会（MiForum）逆袭之路, length: 10000, genre: 城市科幻逆袭爽文, language: 中文
2025-02-26 10:45:18,976 - INFO - Outline text:
```json
[
    {
        "title": "序章：梦想的萌芽 (Prologue: Sprout of a Dream)",
        "length": 200,
        "level": 1
    },
    {
        "title": "第一章：草根起步，论坛初创 (Chapter 1: Humble Beginnings, Forum Creation)",
        "length": 800,
        "level": 1
    },
    {
        "title": "1.1 2002年的时代背景：医疗信息化的曙光 (1.1 2002 Era Background: Dawn of Medical Informatization)",
        "length": 150,
        "level": 2,
        "parent": "第一章：草根起步，论坛初创 (Chapter 1: Humble Beginnings, Forum Creation)"
    },
    {
        "title": "1.2 六位创始人的相遇：石头、张琨、明哥、晓阳、Daniel、三石 (1.2 Meeting of Six Founders: Shi Tou, Zhang Kun, Ming Ge, Xiao Yang, Daniel, San Shi)",
        "length": 200,
        "level": 2,
        "parent": "第一章：草根起步，论坛初创 (Chapter 1: Humble Beginnings, Forum Creation)"
    },
    {
        "title": "1.3 MiForum的诞生：技术论坛的雏形 (1.3 Birth of MiForum: Prototype of a Tech Forum)",
        "length": 250,
        "level": 2,
        "parent": "第一章：草根起步，论坛初创 (Chapter 1: Humble Beginnings, Forum Creation)"
    },
    {
        "title": "1.4 初期的挑战与热情：服务器、内容、用户 (1.4 Initial Challenges and Enthusiasm: Server, Content, Users)",
        "length": 200,
        "level": 2,
        "parent": "第一章：草根起步，论坛初创 (Chapter 1: Humble Beginnings, Forum Creation)"
    },
    {
        "title": "第二章：论坛发展与初步盈利 (Chapter 2: Forum Development and Initial Profitability)",
        "length": 1200,
        "level": 1
    },
    {
        "title": "2.1 用户增长与社区氛围的形成 (2.1 User Growth and Formation of Community Atmosphere)",
        "length": 250,
        "level": 2,
        "parent": "第二章：论坛发展与初步盈利 (Chapter 2: Forum Development and Initial Profitability)"
    },
    {
        "title": "2.2 内容建设与版块划分：专业化方向 (2.2 Content Building and Section Division: Professionalization Direction)",
        "length": 200,
        "level": 2,
        "parent": "第二章：论坛发展与初步盈利 (Chapter 2: Forum Development and Initial Profitability)"
    },
    {
        "title": "2.3 第一次商业合作：广告与赞助 (2.3 First Commercial Cooperation: Advertising and Sponsorship)",
        "length": 250,
        "level": 2,
        "parent": "第二章：论坛发展与初步盈利 (Chapter 2: Forum Development and Initial Profitability)"
    },
    {
        "title": "2.4 团队分工与矛盾初现：利益分配的萌芽 (2.4 Team Division of Labor and Initial Conflicts: Seeds of Interest Distribution)",
        "length": 300,
        "level": 2,
        "parent": "第二章：论坛发展与初步盈利 (Chapter 2: Forum Development and Initial Profitability)"
    },
    {
        "title": "2.5 石头与初恋女友的相遇：技术男的爱情 (2.5 Shi Tou's Encounter with First Love: Love of a Tech Guy)",
        "length": 200,
        "level": 2,
        "parent": "第二章：论坛发展与初步盈利 (Chapter 2: Forum Development and Initial Profitability)"
    },
    {
        "title": "第三章：转型与危机，进军医疗信息化 (Chapter 3: Transformation and Crisis, Entering Medical Informatization)",
        "length": 1500,
        "level": 1
    },
    {
        "title": "3.1 行业风向转变：医疗信息化政策利好 (3.1 Industry Trend Shift: Favorable Policies for Medical Informatization)",
        "length": 200,
        "level": 2,
        "parent": "第三章：转型与危机，进军医疗信息化 (Chapter 3: Transformation and Crisis, Entering Medical Informatization)"
    },
    {
        "title": "3.2 MiForum的战略转型：从论坛到服务平台 (3.2 Strategic Transformation of MiForum: From Forum to Service Platform)",
        "length": 250,
        "level": 2,
        "parent": "第三章：转型与危机，进军医疗信息化 (Chapter 3: Transformation and Crisis, Entering Medical Informatization)"
    },
    {
        "title": "3.3 第一个医疗信息化项目：与小型医院的合作 (3.3 First Medical Informatization Project: Cooperation with a Small Hospital)",
        "length": 300,
        "level": 2,
        "parent": "第三章：转型与危机，进军医疗信息化 (Chapter 3: Transformation and Crisis, Entering Medical Informatization)"
    },
    {
        "title": "3.4 技术瓶颈与资金短缺：创业初期的困境 (3.4 Technical Bottleneck and Funding Shortage: Early Stage Startup Difficulties)",
        "length": 300,
        "level": 2,
        "parent": "第三章：转型与危机，进军医疗信息化 (Chapter 3: Transformation and Crisis, Entering Medical Informatization)"
    },
    {
        "title": "3.5 团队内部的裂痕：理念冲突与信任危机 (3.5 Cracks Within the Team: Ideological Conflicts and Trust Crisis)",
        "length": 350,
        "level": 2,
        "parent": "第三章：转型与危机，进军医疗信息化 (Chapter 3: Transformation and Crisis, Entering Medical Informatization)"
    },
    {
        "title": "第四章：绝境逢生，技术突破与融资 (Chapter 4: Turnaround from Desperation, Technology Breakthrough and Financing)",
        "length": 1400,
        "level": 1
    },
    {
        "title": "4.1 晓阳的关键技术突破：核心产品的诞生 (4.1 Xiao Yang's Key Technology Breakthrough: Birth of Core Product)",
        "length": 300,
        "level": 2,
        "parent": "第四章：绝境逢生，技术突破与融资 (Chapter 4: Turnaround from Desperation, Technology Breakthrough and Financing)"
    },
    {
        "title": "4.2 产品Demo的成功：赢得医院客户的认可 (4.2 Success of Product Demo: Winning Recognition from Hospital Clients)",
        "length": 250,
        "level": 2,
        "parent": "第四章：绝境逢生，技术突破与融资 (Chapter 4: Turnaround from Desperation, Technology Breakthrough and Financing)"
    },
    {
        "title": "4.3 天使轮融资：引入外部资本 (4.3 Angel Round Financing: Introducing External Capital)",
        "length": 250,
        "level": 2,
        "parent": "第四章：绝境逢生，技术突破与融资 (Chapter 4: Turnaround from Desperation, Technology Breakthrough and Financing)"
    },
    {
        "title": "4.4 张琨的商业才能：市场拓展与战略合作 (4.4 Zhang Kun's Business Talent: Market Expansion and Strategic Cooperation)",
        "length": 300,
        "level": 2,
        "parent": "第四章：绝境逢生，技术突破与融资 (Chapter 4: Turnaround from Desperation, Technology Breakthrough and Financing)"
    },
    {
        "title": "4.5 Daniel的危机公关：化解负面舆论 (4.5 Daniel's Crisis PR: Resolving Negative Public Opinion)",
        "length": 300,
        "level": 2,
        "parent": "第四章：绝境逢生，技术突破与融资 (Chapter 4: Turnaround from Desperation, Technology Breakthrough and Financing)"
    },
    {
        "title": "第五章：快速扩张与竞争加剧 (Chapter 5: Rapid Expansion and Intensified Competition)",
        "length": 1600,
        "level": 1
    },
    {
        "title": "5.1 产品线的扩展：覆盖更多医疗场景 (5.1 Expansion of Product Lines: Covering More Medical Scenarios)",
        "length": 250,
        "level": 2,
        "parent": "第五章：快速扩张与竞争加剧 (Chapter 5: Rapid Expansion and Intensified Competition)"
    },
    {
        "title": "5.2 团队规模的扩大与管理挑战 (5.2 Expansion of Team Size and Management Challenges)",
        "length": 250,
        "level": 2,
        "parent": "第五章：快速扩张与竞争加剧 (Chapter 5: Rapid Expansion and Intensified Competition)"
    },
    {
        "title": "5.3 市场竞争对手的出现：价格战与技术壁垒 (5.3 Emergence of Market Competitors: Price War and Technology Barriers)",
        "length": 300,
        "level": 2,
        "parent": "第五章：快速扩张与竞争加剧 (Chapter 5: Rapid Expansion and Intensified Competition)"
    },
    {
        "title": "5.4 明哥的领导力提升：稳定军心，凝聚团队 (5.4 Ming Ge's Leadership Enhancement: Stabilizing Morale and Uniting the Team)",
        "length": 300,
        "level": 2,
        "parent": "第五章：快速扩张与竞争加剧 (Chapter 5: Rapid Expansion and Intensified Competition)"
    },
    {
        "title": "5.5 商业模式的升级：SaaS服务与数据价值 (5.5 Upgrade of Business Model: SaaS Service and Data Value)",
        "length": 250,
        "level": 2,
        "parent": "第五章：快速扩张与竞争加剧 (Chapter 5: Rapid Expansion and Intensified Competition)"
    },
    {
        "title": "5.6 三石的爱情抉择：事业与爱情的平衡 (5.6 San Shi's Love Choice: Balancing Career and Love)",
        "length": 250,
        "level": 2,
        "parent": "第五章：快速扩张与竞争加剧 (Chapter 5: Rapid Expansion and Intensified Competition)"
    },
    {
        "title": "第六章：技术迭代与产品创新 (Chapter 6: Technology Iteration and Product Innovation)",
        "length": 1200,
        "level": 1
    },
    {
        "title": "6.1 云计算、大数据、人工智能在医疗信息化的应用 (6.1 Application of Cloud Computing, Big Data, AI in Medical Informatization)",
        "length": 250,
        "level": 2,
        "parent": "第六章：技术迭代与产品创新 (Chapter 6: Technology Iteration and Product Innovation)"
    },
    {
        "title": "6.2 MiForum新一代产品的研发：智能化、个性化 (6.2 R&D of MiForum's New Generation Products: Intelligent and Personalized)",
        "length": 300,
        "level": 2,
        "parent": "第六章：技术迭代与产品创新 (Chapter 6: Technology Iteration and Product Innovation)"
    },
    {
        "title": "6.3 知识产权保护与技术壁垒的构建 (6.3 Intellectual Property Protection and Construction of Technology Barriers)",
        "length": 250,
        "level": 2,
        "parent": "第六章：技术迭代与产品创新 (Chapter 6: Technology Iteration and Product Innovation)"
    },
    {
        "title": "6.4 行业标准的制定与参与：提升行业影响力 (6.4 Formulation and Participation in Industry Standards: Enhancing Industry Influence)",
        "length": 200,
        "level": 2,
        "parent": "第六章：技术迭代与产品创新 (Chapter 6: Technology Iteration and Product Innovation)"
    },
    {
        "title": "6.5 石头与竞争对手的技术交锋 (6.5 Shi Tou's Technical Confrontation with Competitors)",
        "length": 200,
        "level": 2,
        "parent": "第六章：技术迭代与产品创新 (Chapter 6: Technology Iteration and Product Innovation)"
    },
    {
        "title": "第七章：资本运作与Pre-IPO准备 (Chapter 7: Capital Operation and Pre-IPO Preparation)",
        "length": 1300,
        "level": 1
    },
    {
        "title": "7.1 B轮、C轮融资：估值提升与资本扩张 (7.1 Series B, Series C Financing: Valuation Increase and Capital Expansion)",
        "length": 300,
        "level": 2,
        "parent": "第七章：资本运作与Pre-IPO准备 (Chapter 7: Capital Operation and Pre-IPO Preparation)"
    },
    {
        "title": "7.2 股权激励与团队凝聚力 (7.2 Equity Incentives and Team Cohesion)",
        "length": 250,
        "level": 2,
        "parent": "第七章：资本运作与Pre-IPO准备 (Chapter 7: Capital Operation and Pre-IPO Preparation)"
    },
    {
        "title": "7.3 财务规范化与审计：满足上市要求 (7.3 Financial Standardization and Auditing: Meeting Listing Requirements)",
        "length": 250,
        "level": 2,
        "parent": "第七章：资本运作与Pre-IPO准备 (Chapter 7: Capital Operation and Pre-IPO Preparation)"
    },
    {
        "title": "7.4 引入战略投资者：资源整合与战略协同 (7.4 Introducing Strategic Investors: Resource Integration and Strategic Synergy)",
        "length": 250,
        "level": 2,
        "parent": "第七章：资本运作与Pre-IPO准备 (Chapter 7: Capital Operation and Pre-IPO Preparation)"
    },
    {
        "title": "7.5 张琨与投资人的博弈：争取最优条件 (7.5 Zhang Kun's Game with Investors: Striving for Optimal Conditions)",
        "length": 250,
        "level": 2,
        "parent": "第七章：资本运作与Pre-IPO准备 (Chapter 7: Capital Operation and Pre-IPO Preparation)"
    },
    {
        "title": "第八章：上市之路与最终考验 (Chapter 8: Road to IPO and Final Test)",
        "length": 1000,
        "level": 1
    },
    {
        "title": "8.1 提交上市申请与审核 (8.1 Submitting Listing Application and Review)",
        "length": 200,
        "level": 2,
        "parent": "第八章：上市之路与最终考验 (Chapter 8: Road to IPO and Final Test)"
    },
    {
        "title": "8.2 路演与投资者沟通 (8.2 Roadshow and Investor Communication)",
        "length": 200,
        "level": 2,
        "parent": "第八章：上市之路与最终考验 (Chapter 8: Road to IPO and Final Test)"
    },
    {
        "title": "8.3 舆论压力与负面报道：最后的挑战 (8.3 Public Opinion Pressure and Negative Reports: Final Challenge)",
        "length": 250,
        "level": 2,
        "parent": "第八章：上市之路与最终考验 (Chapter 8: Road to IPO and Final Test)"
    },
    {
        "title": "8.4 晓阳的爱情危机与团队支持 (8.4 Xiao Yang's Love Crisis and Team Support)",
        "length": 150,
        "level": 2,
        "parent": "第八章：上市之路与最终考验 (Chapter 8: Road to IPO and Final Test)"
    },
    {
        "title": "8.5 成功上市：敲钟时刻与梦想实现 (8.5 Successful IPO: Bell-Ringing Moment and Dream Realization)",
        "length": 200,
        "level": 2,
        "parent": "第八章：上市之路与最终考验 (Chapter 8: Road to IPO and Final Test)"
    },
    {
        "title": "第九章：上市后的新征程 (Chapter 9: New Journey After IPO)",
        "length": 800,
        "level": 1
    },
    {
        "title": "9.1 股价波动与市场压力 (9.1 Stock Price Fluctuations and Market Pressure)",
        "length": 150,
        "level": 2,
        "parent": "第九章：上市后的新征程 (Chapter 9: New Journey After IPO)"
    },
    {
        "title": "9.2 新的战略布局：国际化与多元化 (9.2 New Strategic Layout: Internationalization and Diversification)",
        "length": 200,
        "level": 2,
        "parent": "第九章：上市后的新征程 (Chapter 9: New Journey After IPO)"
    },
    {
        "title": "9.3 企业文化与价值观的坚守 (9.3 Adherence to Corporate Culture and Values)",
        "length": 150,
        "level": 2,
        "parent": "第九章：上市后的新征程 (Chapter 9: New Journey After IPO)"
    },
    {
        "title": "9.4 六位创始人的反思与成长 (9.4 Reflection and Growth of Six Founders)",
        "length": 300,
        "level": 2,
        "parent": "第九章：上市后的新征程 (Chapter 9: New Journey After IPO)"
    },
    {
        "title": "尾声：未完待续的蜜蜂会故事 (Epilogue: MiForum Story To Be Continued)",
        "length": 100,
        "level": 1
    }
]
```
2025-02-26 10:45:18,982 - INFO - Parsed outline: [
  {
    "title": "序章：梦想的萌芽 (Prologue: Sprout of a Dream)",
    "length": 200,
    "level": 1
  },
  {
    "title": "第一章：草根起步，论坛初创 (Chapter 1: Humble Beginnings, Forum Creation)",
    "length": 800,
    "level": 1
  },
  {
    "title": "1.1 2002年的时代背景：医疗信息化的曙光 (1.1 2002 Era Background: Dawn of Medical Informatization)",
    "length": 150,
    "level": 2,
    "parent": "第一章：草根起步，论坛初创 (Chapter 1: Humble Beginnings, Forum Creation)"
  },
  {
    "title": "1.2 六位创始人的相遇：石头、张琨、明哥、晓阳、Daniel、三石 (1.2 Meeting of Six Founders: Shi Tou, Zhang Kun, Ming Ge, Xiao Yang, Daniel, San Shi)",
    "length": 200,
    "level": 2,
    "parent": "第一章：草根起步，论坛初创 (Chapter 1: Humble Beginnings, Forum Creation)"
  },
  {
    "title": "1.3 MiForum的诞生：技术论坛的雏形 (1.3 Birth of MiForum: Prototype of a Tech Forum)",
    "length": 250,
    "level": 2,
    "parent": "第一章：草根起步，论坛初创 (Chapter 1: Humble Beginnings, Forum Creation)"
  },
  {
    "title": "1.4 初期的挑战与热情：服务器、内容、用户 (1.4 Initial Challenges and Enthusiasm: Server, Content, Users)",
    "length": 200,
    "level": 2,
    "parent": "第一章：草根起步，论坛初创 (Chapter 1: Humble Beginnings, Forum Creation)"
  },
  {
    "title": "第二章：论坛发展与初步盈利 (Chapter 2: Forum Development and Initial Profitability)",
    "length": 1200,
    "level": 1
  },
  {
    "title": "2.1 用户增长与社区氛围的形成 (2.1 User Growth and Formation of Community Atmosphere)",
    "length": 250,
    "level": 2,
    "parent": "第二章：论坛发展与初步盈利 (Chapter 2: Forum Development and Initial Profitability)"
  },
  {
    "title": "2.2 内容建设与版块划分：专业化方向 (2.2 Content Building and Section Division: Professionalization Direction)",
    "length": 200,
    "level": 2,
    "parent": "第二章：论坛发展与初步盈利 (Chapter 2: Forum Development and Initial Profitability)"
  },
  {
    "title": "2.3 第一次商业合作：广告与赞助 (2.3 First Commercial Cooperation: Advertising and Sponsorship)",
    "length": 250,
    "level": 2,
    "parent": "第二章：论坛发展与初步盈利 (Chapter 2: Forum Development and Initial Profitability)"
  },
  {
    "title": "2.4 团队分工与矛盾初现：利益分配的萌芽 (2.4 Team Division of Labor and Initial Conflicts: Seeds of Interest Distribution)",
    "length": 300,
    "level": 2,
    "parent": "第二章：论坛发展与初步盈利 (Chapter 2: Forum Development and Initial Profitability)"
  },
  {
    "title": "2.5 石头与初恋女友的相遇：技术男的爱情 (2.5 Shi Tou's Encounter with First Love: Love of a Tech Guy)",
    "length": 200,
    "level": 2,
    "parent": "第二章：论坛发展与初步盈利 (Chapter 2: Forum Development and Initial Profitability)"
  },
  {
    "title": "第三章：转型与危机，进军医疗信息化 (Chapter 3: Transformation and Crisis, Entering Medical Informatization)",
    "length": 1500,
    "level": 1
  },
  {
    "title": "3.1 行业风向转变：医疗信息化政策利好 (3.1 Industry Trend Shift: Favorable Policies for Medical Informatization)",
    "length": 200,
    "level": 2,
    "parent": "第三章：转型与危机，进军医疗信息化 (Chapter 3: Transformation and Crisis, Entering Medical Informatization)"
  },
  {
    "title": "3.2 MiForum的战略转型：从论坛到服务平台 (3.2 Strategic Transformation of MiForum: From Forum to Service Platform)",
    "length": 250,
    "level": 2,
    "parent": "第三章：转型与危机，进军医疗信息化 (Chapter 3: Transformation and Crisis, Entering Medical Informatization)"
  },
  {
    "title": "3.3 第一个医疗信息化项目：与小型医院的合作 (3.3 First Medical Informatization Project: Cooperation with a Small Hospital)",
    "length": 300,
    "level": 2,
    "parent": "第三章：转型与危机，进军医疗信息化 (Chapter 3: Transformation and Crisis, Entering Medical Informatization)"
  },
  {
    "title": "3.4 技术瓶颈与资金短缺：创业初期的困境 (3.4 Technical Bottleneck and Funding Shortage: Early Stage Startup Difficulties)",
    "length": 300,
    "level": 2,
    "parent": "第三章：转型与危机，进军医疗信息化 (Chapter 3: Transformation and Crisis, Entering Medical Informatization)"
  },
  {
    "title": "3.5 团队内部的裂痕：理念冲突与信任危机 (3.5 Cracks Within the Team: Ideological Conflicts and Trust Crisis)",
    "length": 350,
    "level": 2,
    "parent": "第三章：转型与危机，进军医疗信息化 (Chapter 3: Transformation and Crisis, Entering Medical Informatization)"
  },
  {
    "title": "第四章：绝境逢生，技术突破与融资 (Chapter 4: Turnaround from Desperation, Technology Breakthrough and Financing)",
    "length": 1400,
    "level": 1
  },
  {
    "title": "4.1 晓阳的关键技术突破：核心产品的诞生 (4.1 Xiao Yang's Key Technology Breakthrough: Birth of Core Product)",
    "length": 300,
    "level": 2,
    "parent": "第四章：绝境逢生，技术突破与融资 (Chapter 4: Turnaround from Desperation, Technology Breakthrough and Financing)"
  },
  {
    "title": "4.2 产品Demo的成功：赢得医院客户的认可 (4.2 Success of Product Demo: Winning Recognition from Hospital Clients)",
    "length": 250,
    "level": 2,
    "parent": "第四章：绝境逢生，技术突破与融资 (Chapter 4: Turnaround from Desperation, Technology Breakthrough and Financing)"
  },
  {
    "title": "4.3 天使轮融资：引入外部资本 (4.3 Angel Round Financing: Introducing External Capital)",
    "length": 250,
    "level": 2,
    "parent": "第四章：绝境逢生，技术突破与融资 (Chapter 4: Turnaround from Desperation, Technology Breakthrough and Financing)"
  },
  {
    "title": "4.4 张琨的商业才能：市场拓展与战略合作 (4.4 Zhang Kun's Business Talent: Market Expansion and Strategic Cooperation)",
    "length": 300,
    "level": 2,
    "parent": "第四章：绝境逢生，技术突破与融资 (Chapter 4: Turnaround from Desperation, Technology Breakthrough and Financing)"
  },
  {
    "title": "4.5 Daniel的危机公关：化解负面舆论 (4.5 Daniel's Crisis PR: Resolving Negative Public Opinion)",
    "length": 300,
    "level": 2,
    "parent": "第四章：绝境逢生，技术突破与融资 (Chapter 4: Turnaround from Desperation, Technology Breakthrough and Financing)"
  },
  {
    "title": "第五章：快速扩张与竞争加剧 (Chapter 5: Rapid Expansion and Intensified Competition)",
    "length": 1600,
    "level": 1
  },
  {
    "title": "5.1 产品线的扩展：覆盖更多医疗场景 (5.1 Expansion of Product Lines: Covering More Medical Scenarios)",
    "length": 250,
    "level": 2,
    "parent": "第五章：快速扩张与竞争加剧 (Chapter 5: Rapid Expansion and Intensified Competition)"
  },
  {
    "title": "5.2 团队规模的扩大与管理挑战 (5.2 Expansion of Team Size and Management Challenges)",
    "length": 250,
    "level": 2,
    "parent": "第五章：快速扩张与竞争加剧 (Chapter 5: Rapid Expansion and Intensified Competition)"
  },
  {
    "title": "5.3 市场竞争对手的出现：价格战与技术壁垒 (5.3 Emergence of Market Competitors: Price War and Technology Barriers)",
    "length": 300,
    "level": 2,
    "parent": "第五章：快速扩张与竞争加剧 (Chapter 5: Rapid Expansion and Intensified Competition)"
  },
  {
    "title": "5.4 明哥的领导力提升：稳定军心，凝聚团队 (5.4 Ming Ge's Leadership Enhancement: Stabilizing Morale and Uniting the Team)",
    "length": 300,
    "level": 2,
    "parent": "第五章：快速扩张与竞争加剧 (Chapter 5: Rapid Expansion and Intensified Competition)"
  },
  {
    "title": "5.5 商业模式的升级：SaaS服务与数据价值 (5.5 Upgrade of Business Model: SaaS Service and Data Value)",
    "length": 250,
    "level": 2,
    "parent": "第五章：快速扩张与竞争加剧 (Chapter 5: Rapid Expansion and Intensified Competition)"
  },
  {
    "title": "5.6 三石的爱情抉择：事业与爱情的平衡 (5.6 San Shi's Love Choice: Balancing Career and Love)",
    "length": 250,
    "level": 2,
    "parent": "第五章：快速扩张与竞争加剧 (Chapter 5: Rapid Expansion and Intensified Competition)"
  },
  {
    "title": "第六章：技术迭代与产品创新 (Chapter 6: Technology Iteration and Product Innovation)",
    "length": 1200,
    "level": 1
  },
  {
    "title": "6.1 云计算、大数据、人工智能在医疗信息化的应用 (6.1 Application of Cloud Computing, Big Data, AI in Medical Informatization)",
    "length": 250,
    "level": 2,
    "parent": "第六章：技术迭代与产品创新 (Chapter 6: Technology Iteration and Product Innovation)"
  },
  {
    "title": "6.2 MiForum新一代产品的研发：智能化、个性化 (6.2 R&D of MiForum's New Generation Products: Intelligent and Personalized)",
    "length": 300,
    "level": 2,
    "parent": "第六章：技术迭代与产品创新 (Chapter 6: Technology Iteration and Product Innovation)"
  },
  {
    "title": "6.3 知识产权保护与技术壁垒的构建 (6.3 Intellectual Property Protection and Construction of Technology Barriers)",
    "length": 250,
    "level": 2,
    "parent": "第六章：技术迭代与产品创新 (Chapter 6: Technology Iteration and Product Innovation)"
  },
  {
    "title": "6.4 行业标准的制定与参与：提升行业影响力 (6.4 Formulation and Participation in Industry Standards: Enhancing Industry Influence)",
    "length": 200,
    "level": 2,
    "parent": "第六章：技术迭代与产品创新 (Chapter 6: Technology Iteration and Product Innovation)"
  },
  {
    "title": "6.5 石头与竞争对手的技术交锋 (6.5 Shi Tou's Technical Confrontation with Competitors)",
    "length": 200,
    "level": 2,
    "parent": "第六章：技术迭代与产品创新 (Chapter 6: Technology Iteration and Product Innovation)"
  },
  {
    "title": "第七章：资本运作与Pre-IPO准备 (Chapter 7: Capital Operation and Pre-IPO Preparation)",
    "length": 1300,
    "level": 1
  },
  {
    "title": "7.1 B轮、C轮融资：估值提升与资本扩张 (7.1 Series B, Series C Financing: Valuation Increase and Capital Expansion)",
    "length": 300,
    "level": 2,
    "parent": "第七章：资本运作与Pre-IPO准备 (Chapter 7: Capital Operation and Pre-IPO Preparation)"
  },
  {
    "title": "7.2 股权激励与团队凝聚力 (7.2 Equity Incentives and Team Cohesion)",
    "length": 250,
    "level": 2,
    "parent": "第七章：资本运作与Pre-IPO准备 (Chapter 7: Capital Operation and Pre-IPO Preparation)"
  },
  {
    "title": "7.3 财务规范化与审计：满足上市要求 (7.3 Financial Standardization and Auditing: Meeting Listing Requirements)",
    "length": 250,
    "level": 2,
    "parent": "第七章：资本运作与Pre-IPO准备 (Chapter 7: Capital Operation and Pre-IPO Preparation)"
  },
  {
    "title": "7.4 引入战略投资者：资源整合与战略协同 (7.4 Introducing Strategic Investors: Resource Integration and Strategic Synergy)",
    "length": 250,
    "level": 2,
    "parent": "第七章：资本运作与Pre-IPO准备 (Chapter 7: Capital Operation and Pre-IPO Preparation)"
  },
  {
    "title": "7.5 张琨与投资人的博弈：争取最优条件 (7.5 Zhang Kun's Game with Investors: Striving for Optimal Conditions)",
    "length": 250,
    "level": 2,
    "parent": "第七章：资本运作与Pre-IPO准备 (Chapter 7: Capital Operation and Pre-IPO Preparation)"
  },
  {
    "title": "第八章：上市之路与最终考验 (Chapter 8: Road to IPO and Final Test)",
    "length": 1000,
    "level": 1
  },
  {
    "title": "8.1 提交上市申请与审核 (8.1 Submitting Listing Application and Review)",
    "length": 200,
    "level": 2,
    "parent": "第八章：上市之路与最终考验 (Chapter 8: Road to IPO and Final Test)"
  },
  {
    "title": "8.2 路演与投资者沟通 (8.2 Roadshow and Investor Communication)",
    "length": 200,
    "level": 2,
    "parent": "第八章：上市之路与最终考验 (Chapter 8: Road to IPO and Final Test)"
  },
  {
    "title": "8.3 舆论压力与负面报道：最后的挑战 (8.3 Public Opinion Pressure and Negative Reports: Final Challenge)",
    "length": 250,
    "level": 2,
    "parent": "第八章：上市之路与最终考验 (Chapter 8: Road to IPO and Final Test)"
  },
  {
    "title": "8.4 晓阳的爱情危机与团队支持 (8.4 Xiao Yang's Love Crisis and Team Support)",
    "length": 150,
    "level": 2,
    "parent": "第八章：上市之路与最终考验 (Chapter 8: Road to IPO and Final Test)"
  },
  {
    "title": "8.5 成功上市：敲钟时刻与梦想实现 (8.5 Successful IPO: Bell-Ringing Moment and Dream Realization)",
    "length": 200,
    "level": 2,
    "parent": "第八章：上市之路与最终考验 (Chapter 8: Road to IPO and Final Test)"
  },
  {
    "title": "第九章：上市后的新征程 (Chapter 9: New Journey After IPO)",
    "length": 800,
    "level": 1
  },
  {
    "title": "9.1 股价波动与市场压力 (9.1 Stock Price Fluctuations and Market Pressure)",
    "length": 150,
    "level": 2,
    "parent": "第九章：上市后的新征程 (Chapter 9: New Journey After IPO)"
  },
  {
    "title": "9.2 新的战略布局：国际化与多元化 (9.2 New Strategic Layout: Internationalization and Diversification)",
    "length": 200,
    "level": 2,
    "parent": "第九章：上市后的新征程 (Chapter 9: New Journey After IPO)"
  },
  {
    "title": "9.3 企业文化与价值观的坚守 (9.3 Adherence to Corporate Culture and Values)",
    "length": 150,
    "level": 2,
    "parent": "第九章：上市后的新征程 (Chapter 9: New Journey After IPO)"
  },
  {
    "title": "9.4 六位创始人的反思与成长 (9.4 Reflection and Growth of Six Founders)",
    "length": 300,
    "level": 2,
    "parent": "第九章：上市后的新征程 (Chapter 9: New Journey After IPO)"
  },
  {
    "title": "尾声：未完待续的蜜蜂会故事 (Epilogue: MiForum Story To Be Continued)",
    "length": 100,
    "level": 1
  }
]
2025-02-26 10:45:18,999 - INFO - Outline generated successfully.
2025-02-26 10:45:19,001 - INFO - Outline saved to: articles/蜜蜂会MiForum逆袭之路_20250226_104518_outline.json
2025-02-26 10:45:19,001 - INFO - Assembling article...
2025-02-26 10:45:19,002 - INFO - Writing section: 序章：梦想的萌芽 (Prologue: Sprout of a Dream)
2025-02-26 10:45:22,800 - INFO - Writing section: 第一章：草根起步，论坛初创 (Chapter 1: Humble Beginnings, Forum Creation)
2025-02-26 10:45:31,085 - INFO - Writing section: 1.1 2002年的时代背景：医疗信息化的曙光 (1.1 2002 Era Background: Dawn of Medical Informatization)
2025-02-26 10:45:35,307 - INFO - Writing section: 1.2 六位创始人的相遇：石头、张琨、明哥、晓阳、Daniel、三石 (1.2 Meeting of Six Founders: Shi Tou, Zhang Kun, Ming Ge, Xiao Yang, Daniel, San Shi)
2025-02-26 10:45:39,335 - INFO - Writing section: 1.3 MiForum的诞生：技术论坛的雏形 (1.3 Birth of MiForum: Prototype of a Tech Forum)
2025-02-26 10:45:43,948 - INFO - Writing section: 1.4 初期的挑战与热情：服务器、内容、用户 (1.4 Initial Challenges and Enthusiasm: Server, Content, Users)
2025-02-26 10:45:48,547 - INFO - Writing section: 第二章：论坛发展与初步盈利 (Chapter 2: Forum Development and Initial Profitability)
2025-02-26 10:46:01,645 - INFO - Writing section: 2.1 用户增长与社区氛围的形成 (2.1 User Growth and Formation of Community Atmosphere)
2025-02-26 10:46:07,018 - INFO - Writing section: 2.2 内容建设与版块划分：专业化方向 (2.2 Content Building and Section Division: Professionalization Direction)
2025-02-26 10:46:14,150 - INFO - Writing section: 2.3 第一次商业合作：广告与赞助 (2.3 First Commercial Cooperation: Advertising and Sponsorship)
2025-02-26 10:46:19,606 - INFO - Writing section: 2.4 团队分工与矛盾初现：利益分配的萌芽 (2.4 Team Division of Labor and Initial Conflicts: Seeds of Interest Distribution)
2025-02-26 10:46:25,820 - INFO - Writing section: 2.5 石头与初恋女友的相遇：技术男的爱情 (2.5 Shi Tou's Encounter with First Love: Love of a Tech Guy)
2025-02-26 10:46:31,777 - INFO - Writing section: 第三章：转型与危机，进军医疗信息化 (Chapter 3: Transformation and Crisis, Entering Medical Informatization)
2025-02-26 10:46:42,550 - INFO - Writing section: 3.1 行业风向转变：医疗信息化政策利好 (3.1 Industry Trend Shift: Favorable Policies for Medical Informatization)
2025-02-26 10:46:46,924 - INFO - Writing section: 3.2 MiForum的战略转型：从论坛到服务平台 (3.2 Strategic Transformation of MiForum: From Forum to Service Platform)
2025-02-26 10:46:51,578 - INFO - Writing section: 3.3 第一个医疗信息化项目：与小型医院的合作 (3.3 First Medical Informatization Project: Cooperation with a Small Hospital)
2025-02-26 10:46:56,718 - INFO - Writing section: 3.4 技术瓶颈与资金短缺：创业初期的困境 (3.4 Technical Bottleneck and Funding Shortage: Early Stage Startup Difficulties)
2025-02-26 10:47:02,072 - INFO - Writing section: 3.5 团队内部的裂痕：理念冲突与信任危机 (3.5 Cracks Within the Team: Ideological Conflicts and Trust Crisis)
2025-02-26 10:47:07,711 - INFO - Writing section: 第四章：绝境逢生，技术突破与融资 (Chapter 4: Turnaround from Desperation, Technology Breakthrough and Financing)
2025-02-26 10:47:22,856 - INFO - Writing section: 4.1 晓阳的关键技术突破：核心产品的诞生 (4.1 Xiao Yang's Key Technology Breakthrough: Birth of Core Product)
2025-02-26 10:47:28,478 - INFO - Writing section: 4.2 产品Demo的成功：赢得医院客户的认可 (4.2 Success of Product Demo: Winning Recognition from Hospital Clients)
2025-02-26 10:47:34,057 - INFO - Writing section: 4.3 天使轮融资：引入外部资本 (4.3 Angel Round Financing: Introducing External Capital)
2025-02-26 10:47:39,634 - INFO - Writing section: 4.4 张琨的商业才能：市场拓展与战略合作 (4.4 Zhang Kun's Business Talent: Market Expansion and Strategic Cooperation)
2025-02-26 10:47:41,097 - WARNING - Rate limit exceeded. Retrying in 2.33 seconds...
2025-02-26 10:47:47,169 - INFO - Writing section: 4.5 Daniel的危机公关：化解负面舆论 (4.5 Daniel's Crisis PR: Resolving Negative Public Opinion)
2025-02-26 10:47:53,284 - INFO - Writing section: 第五章：快速扩张与竞争加剧 (Chapter 5: Rapid Expansion and Intensified Competition)
2025-02-26 10:48:11,983 - INFO - Writing section: 5.1 产品线的扩展：覆盖更多医疗场景 (5.1 Expansion of Product Lines: Covering More Medical Scenarios)
2025-02-26 10:48:17,131 - INFO - Writing section: 5.2 团队规模的扩大与管理挑战 (5.2 Expansion of Team Size and Management Challenges)
2025-02-26 10:48:22,198 - INFO - Writing section: 5.3 市场竞争对手的出现：价格战与技术壁垒 (5.3 Emergence of Market Competitors: Price War and Technology Barriers)
2025-02-26 10:48:27,341 - INFO - Writing section: 5.4 明哥的领导力提升：稳定军心，凝聚团队 (5.4 Ming Ge's Leadership Enhancement: Stabilizing Morale and Uniting the Team)
2025-02-26 10:48:32,739 - INFO - Writing section: 5.5 商业模式的升级：SaaS服务与数据价值 (5.5 Upgrade of Business Model: SaaS Service and Data Value)
2025-02-26 10:48:37,409 - INFO - Writing section: 5.6 三石的爱情抉择：事业与爱情的平衡 (5.6 San Shi's Love Choice: Balancing Career and Love)
2025-02-26 10:48:43,092 - INFO - Writing section: 第六章：技术迭代与产品创新 (Chapter 6: Technology Iteration and Product Innovation)
2025-02-26 10:48:54,410 - INFO - Writing section: 6.1 云计算、大数据、人工智能在医疗信息化的应用 (6.1 Application of Cloud Computing, Big Data, AI in Medical Informatization)
2025-02-26 10:48:59,525 - INFO - Writing section: 6.2 MiForum新一代产品的研发：智能化、个性化 (6.2 R&D of MiForum's New Generation Products: Intelligent and Personalized)
2025-02-26 10:49:05,463 - INFO - Writing section: 6.3 知识产权保护与技术壁垒的构建 (6.3 Intellectual Property Protection and Construction of Technology Barriers)
2025-02-26 10:49:10,714 - INFO - Writing section: 6.4 行业标准的制定与参与：提升行业影响力 (6.4 Formulation and Participation in Industry Standards: Enhancing Industry Influence)
2025-02-26 10:49:15,909 - INFO - Writing section: 6.5 石头与竞争对手的技术交锋 (6.5 Shi Tou's Technical Confrontation with Competitors)
2025-02-26 10:49:21,181 - INFO - Writing section: 第七章：资本运作与Pre-IPO准备 (Chapter 7: Capital Operation and Pre-IPO Preparation)
2025-02-26 10:49:36,948 - INFO - Writing section: 第八章：上市之路与最终考验 (Chapter 8: Road to IPO and Final Test)
2025-02-26 10:49:47,865 - INFO - Writing section: 8.1 提交上市申请与审核 (8.1 Submitting Listing Application and Review)
2025-02-26 10:49:52,260 - INFO - Writing section: 8.2 路演与投资者沟通 (8.2 Roadshow and Investor Communication)
2025-02-26 10:49:57,285 - INFO - Writing section: 8.3 舆论压力与负面报道：最后的挑战 (8.3 Public Opinion Pressure and Negative Reports: Final Challenge)
2025-02-26 10:50:01,793 - INFO - Writing section: 8.4 晓阳的爱情危机与团队支持 (8.4 Xiao Yang's Love Crisis and Team Support)
2025-02-26 10:50:07,621 - INFO - Writing section: 8.5 成功上市：敲钟时刻与梦想实现 (8.5 Successful IPO: Bell-Ringing Moment and Dream Realization)
2025-02-26 10:50:13,567 - INFO - Writing section: 第九章：上市后的新征程 (Chapter 9: New Journey After IPO)
2025-02-26 10:50:23,190 - INFO - Writing section: 9.1 股价波动与市场压力 (9.1 Stock Price Fluctuations and Market Pressure)
2025-02-26 10:50:30,135 - INFO - Writing section: 9.2 新的战略布局：国际化与多元化 (9.2 New Strategic Layout: Internationalization and Diversification)
2025-02-26 10:50:35,344 - INFO - Writing section: 9.3 企业文化与价值观的坚守 (9.3 Adherence to Corporate Culture and Values)
2025-02-26 10:50:39,980 - INFO - Writing section: 9.4 六位创始人的反思与成长 (9.4 Reflection and Growth of Six Founders)
2025-02-26 10:50:46,356 - INFO - Writing section: 尾声：未完待续的蜜蜂会故事 (Epilogue: MiForum Story To Be Continued)
2025-02-26 10:50:50,533 - INFO - Article saved to: articles/蜜蜂会MiForum逆袭之路_20250226_105050.md
2025-02-26 10:50:50,533 - INFO - Article generation completed successfully
2025-02-26 10:50:50,533 - INFO - Log file: logs/蜜蜂会MiForum逆袭之路_20250226_104458.log
2025-02-26 10:50:50,533 - INFO - Outline file: articles/蜜蜂会MiForum逆袭之路_20250226_104518_outline.json
2025-02-26 10:50:50,533 - INFO - Article file: articles/蜜蜂会MiForum逆袭之路_20250226_105050.md
