2025-02-26 11:37:42,533 - INFO - Starting article generation for: 蜜蜂会（MiForum）逆袭之路
2025-02-26 11:37:42,533 - INFO - Log file created at: logs/蜜蜂会MiForum逆袭之路_20250226_113742.log
2025-02-26 11:37:42,533 - INFO - Generating outline for title: 蜜蜂会（MiForum）逆袭之路, length: 100000, genre: 城市科幻逆袭爽文, language: 中文
2025-02-26 11:38:11,114 - INFO - Parsing outline text:
```json
{
    "sections": [
        {
            "title": "第一卷：草莽时代 - 论坛初创与兄弟情义（字数：15000）",
            "length": 15000,
            "level": 1,
            "key_points": ["2002年，MiForum论坛诞生", "六位创始人性格鲜明，因共同爱好和理想聚集", "论坛初期发展，用户积累", "初创团队的兄弟情义，共同克服技术和运营难题", "感情线的萌芽：石头与萧薰儿的初遇"]
        },
        {
            "title": "第一卷 第一章：中关村的呐喊 - MiForum的诞生 (字数：2500)",
            "length": 2500,
            "level": 2,
            "key_points": ["时代背景：2002年互联网浪潮，BBS论坛兴起", "石头在中关村的电脑城，萌生创建医疗信息化论坛的想法", "石头、张琨、明哥、晓阳、Daniel、三石六人相识的场景和契机", "MiForum论坛正式上线，定位和初期内容方向"]
        },
        {
            "title": "第一卷 第二章：哥几个的草台班子 - 初期运营与技术攻坚 (字数：4000)",
            "length": 4000,
            "level": 2,
            "key_points": ["六位创始人分工合作：石头（领头人，方向把控），张琨（技术担当），明哥（运营推广），晓阳（内容维护），Daniel（美工设计），三石（服务器维护）", "初期运营的艰辛，服务器宕机，内容匮乏，用户增长缓慢", "团队克服技术难题，提升论坛体验", "兄弟情义的体现：熬夜加班，互相鼓励，共渡难关"]
        },
        {
            "title": "第一卷 第三章：医信江湖初现 - 内容积累与用户增长 (字数：4500)",
            "length": 4500,
            "level": 2,
            "key_points": ["论坛内容逐渐丰富，吸引医疗行业专业人士入驻", "举办线上活动，增加用户互动和粘性", "口碑传播，用户自然增长", "开始出现行业影响力，受到一些医院和厂商的关注", "论坛盈利模式的初步探索：广告，会员"]
        },
        {
            "title": "第一卷 第四章：情窦初开的码农 - 石头与萧薰儿的邂逅 (字数：4000)",
            "length": 4000,
            "level": 2,
            "key_points": ["萧薰儿作为医疗器械公司的销售代表，因工作关系接触MiForum", "石头与萧薰儿的第一次见面：技术男与职场女性的碰撞", "萧薰儿被论坛的专业性和石头的才华吸引", "石头对萧薰儿一见钟情，展现码农的青涩和笨拙", "感情线的铺垫：互相留下联系方式，初步了解"]
        },
        {
            "title": "第二卷：风起云涌 - 论坛发展壮大与情感纠葛（字数：30000）",
            "length": 30000,
            "level": 1,
            "key_points": ["MiForum用户爆发式增长，成为行业内知名论坛", "团队迎来发展机遇，但也面临新的挑战", "商业化进程加速，引入投资", "兄弟情义面临考验，出现裂痕", "复杂的情感关系展开：石头与萧薰儿的爱情，张琨的婚外情，明哥的单恋"]
        },
        {
            "title": "第二卷 第一章：资本的橄榄枝 - 融资与商业化转型 (字数：5000)",
            "length": 5000,
            "level": 2,
            "key_points": ["投资人注意到MiForum的潜力，抛出橄榄枝", "团队内部对是否接受融资产生分歧，保守派与激进派的争论", "最终接受融资，论坛开始商业化转型", "成立公司，团队成员身份转变，股权分配问题"]
        },
        {
            "title": "第二卷 第二章：野蛮生长与行业竞争 - 论坛的快速扩张 (字数：6000)",
            "length": 6000,
            "level": 2,
            "key_points": ["利用融资加速论坛扩张，扩大团队规模，提升技术实力", "推出新的功能和服务，增强用户体验", "行业竞争加剧，出现模仿者和竞争对手", "MiForum采取竞争策略，巩固行业地位", "开始涉足医疗信息化软件开发领域"]
        },
        {
            "title": "第二卷 第三章：兄弟阋墙 - 利益冲突与情义裂痕 (字数：7000)",
            "length": 7000,
            "level": 2,
            "key_points": ["公司发展壮大，个人利益诉求增加", "股权分配，职位晋升等问题引发团队内部矛盾", "兄弟情义受到金钱和权力的考验", "团队出现裂痕，争吵和隔阂增多", "明哥和晓阳因运营策略产生激烈冲突"]
        },
        {
            "title": "第二卷 第四章：办公室恋情与婚姻危机 - 张琨与彩鳞的秘密 (字数：7000)",
            "length": 7000,
            "level": 2,
            "key_points": ["张琨作为技术骨干，工作压力巨大，与妻子关系疏远", "公司新来的女同事彩鳞，年轻漂亮，主动接近张琨", "张琨与彩鳞发生婚外情，陷入道德困境", "婚外情逐渐暴露，引发家庭危机和公司内部震荡", "亲热戏描写：办公室的暧昧，酒店的激情"]
        },
        {
            "title": "第二卷 第五章：爱你在心口难开 - 明哥的单恋与苦涩 (字数：5000)",
            "length": 5000,
            "level": 2,
            "key_points": ["明哥一直默默喜欢着萧薰儿，但碍于石头和萧薰儿的关系，选择将感情埋藏", "明哥在工作中默默支持萧薰儿，关心她的生活", "萧薰儿对明哥的付出有所察觉，但只当他是好朋友", "明哥的单恋充满苦涩和无奈，展现都市男女的情感困境", "明哥借酒消愁，向兄弟倾诉心声"]
        },
        {
            "title": "第三卷：激流暗涌 - 内忧外患与情感风暴（字数：30000）",
            "length": 30000,
            "level": 1,
            "key_points": ["公司发展遭遇瓶颈，市场竞争白热化", "内部矛盾激化，团队面临分裂危机", "情感关系复杂化，多角恋情浮出水面", "外部危机与内部矛盾交织，MiForum陷入低谷", "逆袭的转折点：技术突破，新的市场机遇"]
        },
        {
            "title": "第三卷 第一章：增长的烦恼 - 论坛发展瓶颈与用户流失 (字数：6000)",
            "length": 6000,
            "level": 2,
            "key_points": ["论坛用户增长放缓，活跃度下降，面临用户流失危机", "竞争对手推出更具吸引力的产品和服务", "市场环境变化，新的技术趋势出现", "MiForum原有模式遇到挑战，亟需转型升级", "团队开始反思和寻找新的出路"]
        },
        {
            "title": "第三卷 第二章：暗流涌动 - 竞争对手的恶意打压 (字数：7000)",
            "length": 7000,
            "level": 2,
            "key_points": ["竞争对手采取不正当手段打压MiForum，恶意攻击服务器，散布谣言", "MiForum面临公关危机和法律风险", "团队团结一致，应对外部压力", "技术团队加强安全防护，运营团队积极公关", "石头展现领袖魅力，稳定军心"]
        },
        {
            "title": "第三卷 第三章：情感漩涡 - 萧薰儿的抉择与三角恋升级 (字数：7000)",
            "length": 7000,
            "level": 2,
            "key_points": ["萧薰儿在石头和明哥之间摇摆不定，陷入情感漩涡", "石头和明哥都向萧薰儿表白，三角恋正式升级", "萧薰儿的内心挣扎和抉择，友情与爱情的考量", "感情戏描写：萧薰儿与石头的浪漫约会，与明哥的深夜谈心", "情感冲突达到高潮，影响团队氛围"]
        },
        {
            "title": "第三卷 第四章：分崩离析的边缘 - 团队内部分裂危机 (字数：5000)",
            "length": 5000,
            "level": 2,
            "key_points": ["内部矛盾彻底爆发，团队面临分裂危机", "张琨的婚外情被妻子发现，家庭破裂，影响工作状态", "明哥因单恋痛苦，工作消极", "晓阳对公司发展方向产生质疑，与石头发生激烈争吵", "团队氛围降至冰点，公司运营岌岌可危"]
        },
        {
            "title": "第三卷 第五章：绝地求生 - 技术突破与市场新机遇 (字数：5000)",
            "length": 5000,
            "level": 2,
            "key_points": ["危机时刻，技术团队取得重大突破，开发出具有革命性的医疗信息化产品", "新的产品受到市场认可，为MiForum带来新的生机", "政府出台利好政策，医疗信息化行业迎来发展机遇", "MiForum抓住机遇，调整战略，重新出发", "逆袭的曙光出现"]
        },
        {
            "title": "第四卷：涅槃重生 - 逆袭成功与情感归宿（字数：25000）",
            "length": 25000,
            "level": 1,
            "key_points": ["MiForum成功转型，业绩快速增长", "团队重归团结，兄弟情义得到升华", "情感关系尘埃落定，各自找到归宿", "公司启动IPO计划，走向资本市场", "逆袭成功，实现最初的梦想"]
        },
        {
            "title": "第四卷 第一章：重整旗鼓 - 团队的自我救赎与再次出发 (字数：5000)",
            "length": 5000,
            "level": 2,
            "key_points": ["石头带领团队反思过往，总结教训", "团队成员坦诚沟通，化解矛盾，重归于好", "张琨处理婚外情，努力修复家庭关系", "明哥放下单恋，开始新的生活", "团队重拾信心，目标一致，再次出发"]
        },
        {
            "title": "第四卷 第二章：乘风破浪 - 新产品的市场爆发与业绩飙升 (字数：6000)",
            "length": 6000,
            "level": 2,
            "key_points": ["新产品上市后，迅速获得市场认可，订单如雪片般飞来", "MiForum业绩大幅提升，成为行业领军企业", "团队加班加点，应对市场需求", "公司规模迅速扩张，吸引更多人才加入", "MiForum迎来事业的巅峰"]
        },
        {
            "title": "第四卷 第三章：情归何处 - 萧薰儿的最终选择与情感的圆满 (字数：6000)",
            "length": 6000,
            "level": 2,
            "key_points": ["萧薰儿最终做出选择，明确自己的感情归属", "石头与萧薰儿的爱情修成正果，甜蜜幸福", "明哥释怀过去，遇到新的感情", "感情线收尾，每个人都找到属于自己的幸福", "亲热戏描写：石头与萧薰儿的甜蜜日常，感情升温"]
        },
        {
            "title": "第四卷 第四章：敲钟时刻 - MiForum成功IPO与梦想实现 (字数：8000)",
            "length": 8000,
            "level": 2,
            "key_points": ["MiForum启动IPO计划，准备上市", "IPO过程中的波折与挑战", "最终成功上市，敲响上市钟声", "团队成员激动万分，回首创业历程，感慨万千", "石头发表上市感言，展望未来", "兄弟情义与梦想的最终实现", "故事结尾，留下开放式的未来想象"]
        }
    ]
}
```
2025-02-26 11:38:11,118 - INFO - Successfully parsed outline: {
  "sections": [
    {
      "title": "第一卷：草莽时代 - 论坛初创与兄弟情义（字数：15000）",
      "length": 15000,
      "level": 1,
      "key_points": [
        "2002年，MiForum论坛诞生",
        "六位创始人性格鲜明，因共同爱好和理想聚集",
        "论坛初期发展，用户积累",
        "初创团队的兄弟情义，共同克服技术和运营难题",
        "感情线的萌芽：石头与萧薰儿的初遇"
      ]
    },
    {
      "title": "第一卷 第一章：中关村的呐喊 - MiForum的诞生 (字数：2500)",
      "length": 2500,
      "level": 2,
      "key_points": [
        "时代背景：2002年互联网浪潮，BBS论坛兴起",
        "石头在中关村的电脑城，萌生创建医疗信息化论坛的想法",
        "石头、张琨、明哥、晓阳、Daniel、三石六人相识的场景和契机",
        "MiForum论坛正式上线，定位和初期内容方向"
      ]
    },
    {
      "title": "第一卷 第二章：哥几个的草台班子 - 初期运营与技术攻坚 (字数：4000)",
      "length": 4000,
      "level": 2,
      "key_points": [
        "六位创始人分工合作：石头（领头人，方向把控），张琨（技术担当），明哥（运营推广），晓阳（内容维护），Daniel（美工设计），三石（服务器维护）",
        "初期运营的艰辛，服务器宕机，内容匮乏，用户增长缓慢",
        "团队克服技术难题，提升论坛体验",
        "兄弟情义的体现：熬夜加班，互相鼓励，共渡难关"
      ]
    },
    {
      "title": "第一卷 第三章：医信江湖初现 - 内容积累与用户增长 (字数：4500)",
      "length": 4500,
      "level": 2,
      "key_points": [
        "论坛内容逐渐丰富，吸引医疗行业专业人士入驻",
        "举办线上活动，增加用户互动和粘性",
        "口碑传播，用户自然增长",
        "开始出现行业影响力，受到一些医院和厂商的关注",
        "论坛盈利模式的初步探索：广告，会员"
      ]
    },
    {
      "title": "第一卷 第四章：情窦初开的码农 - 石头与萧薰儿的邂逅 (字数：4000)",
      "length": 4000,
      "level": 2,
      "key_points": [
        "萧薰儿作为医疗器械公司的销售代表，因工作关系接触MiForum",
        "石头与萧薰儿的第一次见面：技术男与职场女性的碰撞",
        "萧薰儿被论坛的专业性和石头的才华吸引",
        "石头对萧薰儿一见钟情，展现码农的青涩和笨拙",
        "感情线的铺垫：互相留下联系方式，初步了解"
      ]
    },
    {
      "title": "第二卷：风起云涌 - 论坛发展壮大与情感纠葛（字数：30000）",
      "length": 30000,
      "level": 1,
      "key_points": [
        "MiForum用户爆发式增长，成为行业内知名论坛",
        "团队迎来发展机遇，但也面临新的挑战",
        "商业化进程加速，引入投资",
        "兄弟情义面临考验，出现裂痕",
        "复杂的情感关系展开：石头与萧薰儿的爱情，张琨的婚外情，明哥的单恋"
      ]
    },
    {
      "title": "第二卷 第一章：资本的橄榄枝 - 融资与商业化转型 (字数：5000)",
      "length": 5000,
      "level": 2,
      "key_points": [
        "投资人注意到MiForum的潜力，抛出橄榄枝",
        "团队内部对是否接受融资产生分歧，保守派与激进派的争论",
        "最终接受融资，论坛开始商业化转型",
        "成立公司，团队成员身份转变，股权分配问题"
      ]
    },
    {
      "title": "第二卷 第二章：野蛮生长与行业竞争 - 论坛的快速扩张 (字数：6000)",
      "length": 6000,
      "level": 2,
      "key_points": [
        "利用融资加速论坛扩张，扩大团队规模，提升技术实力",
        "推出新的功能和服务，增强用户体验",
        "行业竞争加剧，出现模仿者和竞争对手",
        "MiForum采取竞争策略，巩固行业地位",
        "开始涉足医疗信息化软件开发领域"
      ]
    },
    {
      "title": "第二卷 第三章：兄弟阋墙 - 利益冲突与情义裂痕 (字数：7000)",
      "length": 7000,
      "level": 2,
      "key_points": [
        "公司发展壮大，个人利益诉求增加",
        "股权分配，职位晋升等问题引发团队内部矛盾",
        "兄弟情义受到金钱和权力的考验",
        "团队出现裂痕，争吵和隔阂增多",
        "明哥和晓阳因运营策略产生激烈冲突"
      ]
    },
    {
      "title": "第二卷 第四章：办公室恋情与婚姻危机 - 张琨与彩鳞的秘密 (字数：7000)",
      "length": 7000,
      "level": 2,
      "key_points": [
        "张琨作为技术骨干，工作压力巨大，与妻子关系疏远",
        "公司新来的女同事彩鳞，年轻漂亮，主动接近张琨",
        "张琨与彩鳞发生婚外情，陷入道德困境",
        "婚外情逐渐暴露，引发家庭危机和公司内部震荡",
        "亲热戏描写：办公室的暧昧，酒店的激情"
      ]
    },
    {
      "title": "第二卷 第五章：爱你在心口难开 - 明哥的单恋与苦涩 (字数：5000)",
      "length": 5000,
      "level": 2,
      "key_points": [
        "明哥一直默默喜欢着萧薰儿，但碍于石头和萧薰儿的关系，选择将感情埋藏",
        "明哥在工作中默默支持萧薰儿，关心她的生活",
        "萧薰儿对明哥的付出有所察觉，但只当他是好朋友",
        "明哥的单恋充满苦涩和无奈，展现都市男女的情感困境",
        "明哥借酒消愁，向兄弟倾诉心声"
      ]
    },
    {
      "title": "第三卷：激流暗涌 - 内忧外患与情感风暴（字数：30000）",
      "length": 30000,
      "level": 1,
      "key_points": [
        "公司发展遭遇瓶颈，市场竞争白热化",
        "内部矛盾激化，团队面临分裂危机",
        "情感关系复杂化，多角恋情浮出水面",
        "外部危机与内部矛盾交织，MiForum陷入低谷",
        "逆袭的转折点：技术突破，新的市场机遇"
      ]
    },
    {
      "title": "第三卷 第一章：增长的烦恼 - 论坛发展瓶颈与用户流失 (字数：6000)",
      "length": 6000,
      "level": 2,
      "key_points": [
        "论坛用户增长放缓，活跃度下降，面临用户流失危机",
        "竞争对手推出更具吸引力的产品和服务",
        "市场环境变化，新的技术趋势出现",
        "MiForum原有模式遇到挑战，亟需转型升级",
        "团队开始反思和寻找新的出路"
      ]
    },
    {
      "title": "第三卷 第二章：暗流涌动 - 竞争对手的恶意打压 (字数：7000)",
      "length": 7000,
      "level": 2,
      "key_points": [
        "竞争对手采取不正当手段打压MiForum，恶意攻击服务器，散布谣言",
        "MiForum面临公关危机和法律风险",
        "团队团结一致，应对外部压力",
        "技术团队加强安全防护，运营团队积极公关",
        "石头展现领袖魅力，稳定军心"
      ]
    },
    {
      "title": "第三卷 第三章：情感漩涡 - 萧薰儿的抉择与三角恋升级 (字数：7000)",
      "length": 7000,
      "level": 2,
      "key_points": [
        "萧薰儿在石头和明哥之间摇摆不定，陷入情感漩涡",
        "石头和明哥都向萧薰儿表白，三角恋正式升级",
        "萧薰儿的内心挣扎和抉择，友情与爱情的考量",
        "感情戏描写：萧薰儿与石头的浪漫约会，与明哥的深夜谈心",
        "情感冲突达到高潮，影响团队氛围"
      ]
    },
    {
      "title": "第三卷 第四章：分崩离析的边缘 - 团队内部分裂危机 (字数：5000)",
      "length": 5000,
      "level": 2,
      "key_points": [
        "内部矛盾彻底爆发，团队面临分裂危机",
        "张琨的婚外情被妻子发现，家庭破裂，影响工作状态",
        "明哥因单恋痛苦，工作消极",
        "晓阳对公司发展方向产生质疑，与石头发生激烈争吵",
        "团队氛围降至冰点，公司运营岌岌可危"
      ]
    },
    {
      "title": "第三卷 第五章：绝地求生 - 技术突破与市场新机遇 (字数：5000)",
      "length": 5000,
      "level": 2,
      "key_points": [
        "危机时刻，技术团队取得重大突破，开发出具有革命性的医疗信息化产品",
        "新的产品受到市场认可，为MiForum带来新的生机",
        "政府出台利好政策，医疗信息化行业迎来发展机遇",
        "MiForum抓住机遇，调整战略，重新出发",
        "逆袭的曙光出现"
      ]
    },
    {
      "title": "第四卷：涅槃重生 - 逆袭成功与情感归宿（字数：25000）",
      "length": 25000,
      "level": 1,
      "key_points": [
        "MiForum成功转型，业绩快速增长",
        "团队重归团结，兄弟情义得到升华",
        "情感关系尘埃落定，各自找到归宿",
        "公司启动IPO计划，走向资本市场",
        "逆袭成功，实现最初的梦想"
      ]
    },
    {
      "title": "第四卷 第一章：重整旗鼓 - 团队的自我救赎与再次出发 (字数：5000)",
      "length": 5000,
      "level": 2,
      "key_points": [
        "石头带领团队反思过往，总结教训",
        "团队成员坦诚沟通，化解矛盾，重归于好",
        "张琨处理婚外情，努力修复家庭关系",
        "明哥放下单恋，开始新的生活",
        "团队重拾信心，目标一致，再次出发"
      ]
    },
    {
      "title": "第四卷 第二章：乘风破浪 - 新产品的市场爆发与业绩飙升 (字数：6000)",
      "length": 6000,
      "level": 2,
      "key_points": [
        "新产品上市后，迅速获得市场认可，订单如雪片般飞来",
        "MiForum业绩大幅提升，成为行业领军企业",
        "团队加班加点，应对市场需求",
        "公司规模迅速扩张，吸引更多人才加入",
        "MiForum迎来事业的巅峰"
      ]
    },
    {
      "title": "第四卷 第三章：情归何处 - 萧薰儿的最终选择与情感的圆满 (字数：6000)",
      "length": 6000,
      "level": 2,
      "key_points": [
        "萧薰儿最终做出选择，明确自己的感情归属",
        "石头与萧薰儿的爱情修成正果，甜蜜幸福",
        "明哥释怀过去，遇到新的感情",
        "感情线收尾，每个人都找到属于自己的幸福",
        "亲热戏描写：石头与萧薰儿的甜蜜日常，感情升温"
      ]
    },
    {
      "title": "第四卷 第四章：敲钟时刻 - MiForum成功IPO与梦想实现 (字数：8000)",
      "length": 8000,
      "level": 2,
      "key_points": [
        "MiForum启动IPO计划，准备上市",
        "IPO过程中的波折与挑战",
        "最终成功上市，敲响上市钟声",
        "团队成员激动万分，回首创业历程，感慨万千",
        "石头发表上市感言，展望未来",
        "兄弟情义与梦想的最终实现",
        "故事结尾，留下开放式的未来想象"
      ]
    }
  ]
}
2025-02-26 11:38:11,121 - INFO - Outline saved to: articles/蜜蜂会MiForum逆袭之路_20250226_113811_outline.json
2025-02-26 11:38:11,121 - INFO - Assembling article...
2025-02-26 11:38:11,121 - INFO - Writing section: 第一卷：草莽时代 - 论坛初创与兄弟情义（字数：15000）
2025-02-26 11:39:05,038 - INFO - Writing section: 第一卷 第一章：中关村的呐喊 - MiForum的诞生 (字数：2500)
2025-02-26 11:39:31,786 - INFO - Writing section: 第一卷 第二章：哥几个的草台班子 - 初期运营与技术攻坚 (字数：4000)
2025-02-26 11:39:53,965 - INFO - Writing section: 第一卷 第三章：医信江湖初现 - 内容积累与用户增长 (字数：4500)
2025-02-26 11:40:12,043 - INFO - Writing section: 第一卷 第四章：情窦初开的码农 - 石头与萧薰儿的邂逅 (字数：4000)
2025-02-26 11:40:30,263 - INFO - Writing section: 第二卷：风起云涌 - 论坛发展壮大与情感纠葛（字数：30000）
2025-02-26 11:41:44,045 - INFO - Writing section: 第二卷 第一章：资本的橄榄枝 - 融资与商业化转型 (字数：5000)
2025-02-26 11:42:08,519 - INFO - Writing section: 第二卷 第二章：野蛮生长与行业竞争 - 论坛的快速扩张 (字数：6000)
2025-02-26 11:42:37,755 - INFO - Writing section: 第二卷 第三章：兄弟阋墙 - 利益冲突与情义裂痕 (字数：7000)
2025-02-26 11:43:06,825 - INFO - Writing section: 第二卷 第四章：办公室恋情与婚姻危机 - 张琨与彩鳞的秘密 (字数：7000)
2025-02-26 11:43:41,993 - INFO - Writing section: 第二卷 第五章：爱你在心口难开 - 明哥的单恋与苦涩 (字数：5000)
2025-02-26 11:44:00,392 - INFO - Writing section: 第三卷：激流暗涌 - 内忧外患与情感风暴（字数：30000）
2025-02-26 11:44:51,565 - INFO - Writing section: 第三卷 第一章：增长的烦恼 - 论坛发展瓶颈与用户流失 (字数：6000)
2025-02-26 11:45:25,796 - INFO - Writing section: 第三卷 第二章：暗流涌动 - 竞争对手的恶意打压 (字数：7000)
2025-02-26 11:45:45,934 - INFO - Writing section: 第三卷 第三章：情感漩涡 - 萧薰儿的抉择与三角恋升级 (字数：7000)
2025-02-26 11:46:16,456 - INFO - Writing section: 第三卷 第四章：分崩离析的边缘 - 团队内部分裂危机 (字数：5000)
2025-02-26 11:46:40,337 - INFO - Writing section: 第三卷 第五章：绝地求生 - 技术突破与市场新机遇 (字数：5000)
2025-02-26 11:47:09,489 - INFO - Writing section: 第四卷：涅槃重生 - 逆袭成功与情感归宿（字数：25000）
2025-02-26 11:47:28,156 - INFO - Writing section: 第四卷 第一章：重整旗鼓 - 团队的自我救赎与再次出发 (字数：5000)
2025-02-26 11:47:53,979 - INFO - Writing section: 第四卷 第二章：乘风破浪 - 新产品的市场爆发与业绩飙升 (字数：6000)
2025-02-26 11:48:10,443 - INFO - Writing section: 第四卷 第三章：情归何处 - 萧薰儿的最终选择与情感的圆满 (字数：6000)
2025-02-26 11:48:53,479 - INFO - Writing section: 第四卷 第四章：敲钟时刻 - MiForum成功IPO与梦想实现 (字数：8000)
2025-02-26 11:49:18,645 - INFO - Article saved to: articles/蜜蜂会MiForum逆袭之路_20250226_114918.md
2025-02-26 11:49:18,645 - INFO - Article generation completed successfully
2025-02-26 11:49:18,645 - INFO - Log file: logs/蜜蜂会MiForum逆袭之路_20250226_113742.log
2025-02-26 11:49:18,646 - INFO - Outline file: articles/蜜蜂会MiForum逆袭之路_20250226_113811_outline.json
2025-02-26 11:49:18,646 - INFO - Article file: articles/蜜蜂会MiForum逆袭之路_20250226_114918.md
