2025-02-27 19:50:29,751 - INFO - 开始为 蜜蜂会（MiForum）逆袭之路 生成文章
2025-02-27 19:50:29,751 - INFO - 日志文件创建于: logs/蜜蜂会MiForum逆袭之路_20250227_195029.log
2025-02-27 19:50:29,751 - INFO - 使用模板文件: ./long-form-writer/template.json
2025-02-27 19:50:29,751 - WARNING - 大纲总字数(4200)与目标字数(5000)相差超过10%
2025-02-27 19:50:29,751 - INFO - 成功从 ./long-form-writer/template.json 加载大纲模板
2025-02-27 19:50:29,751 - INFO - 大纲已保存至: articles/蜜蜂会MiForum逆袭之路_20250227_195029_outline.json
2025-02-27 19:50:29,751 - INFO - 正在组装文章...
2025-02-27 19:50:55,290 - INFO - 进度已保存至: articles/蜜蜂会MiForum逆袭之路_progress.md
2025-02-27 19:50:55,291 - INFO - 章节 '引言' 写作完成，生成了 1085 字符
2025-02-27 19:51:07,663 - INFO - 进度已保存至: articles/蜜蜂会MiForum逆袭之路_progress.md
2025-02-27 19:51:07,664 - INFO - 章节 '历史背景' 写作完成，生成了 1445 字符
2025-02-27 19:51:24,784 - INFO - 进度已保存至: articles/蜜蜂会MiForum逆袭之路_progress.md
2025-02-27 19:51:24,784 - INFO - 章节 '核心概念' 写作完成，生成了 1857 字符
2025-02-27 19:51:37,282 - INFO - 进度已保存至: articles/蜜蜂会MiForum逆袭之路_progress.md
2025-02-27 19:51:37,283 - INFO - 章节 '实际应用' 写作完成，生成了 1483 字符
2025-02-27 19:51:42,565 - INFO - 进度已保存至: articles/蜜蜂会MiForum逆袭之路_progress.md
2025-02-27 19:51:42,565 - INFO - 章节 '结论' 写作完成，生成了 272 字符
2025-02-27 19:51:42,566 - INFO - 文章已保存至: articles/蜜蜂会MiForum逆袭之路_20250227_195142.md
2025-02-27 19:51:42,566 - INFO - 文章生成成功完成
2025-02-27 19:51:42,566 - INFO - 日志文件: logs/蜜蜂会MiForum逆袭之路_20250227_195029.log
2025-02-27 19:51:42,566 - INFO - 大纲文件: articles/蜜蜂会MiForum逆袭之路_20250227_195029_outline.json
2025-02-27 19:51:42,566 - INFO - 文章文件: articles/蜜蜂会MiForum逆袭之路_20250227_195142.md
