2025-02-14 15:36:20,733 - INFO - Starting article generation for: 蜜蜂会（MiForum）逆袭之路
2025-02-14 15:36:20,733 - INFO - Log file created at: logs/蜜蜂会MiForum逆袭之路_20250214_153620.log
2025-02-14 15:36:20,733 - INFO - Generating outline for title: 蜜蜂会（MiForum）逆袭之路, length: 10000, genre: 城市科幻逆袭爽文, language: 中文
2025-02-14 15:36:37,703 - INFO - Outline text:
```json
[
    {"title": "第一章：蜂巢初建 (2002年)", "length": 800, "level": 1},
    {"title": "1.1 时代的浪潮：医疗信息化的萌芽", "length": 200, "level": 2, "parent": "第一章：蜂巢初建 (2002年)"},
    {"title": "1.2 六人初聚：梦想的种子", "length": 300, "level": 2, "parent": "第一章：蜂巢初建 (2002年)"},
    {"title": "1.3 MiForum论坛的诞生：代码与激情", "length": 300, "level": 2, "parent": "第一章：蜂巢初建 (2002年)"},
    {"title": "第二章：野蛮生长 (2003-2005年)", "length": 1200, "level": 1},
    {"title": "2.1 口碑传播：程序员的秘密基地", "length": 300, "level": 2, "parent": "第二章：野蛮生长 (2003-2005年)"},
    {"title": "2.2 初探商业化：医院的青睐", "length": 400, "level": 2, "parent": "第二章：野蛮生长 (2003-2005年)"},
    {"title": "2.3 资本的橄榄枝：天使轮的诱惑", "length": 300, "level": 2, "parent": "第二章：野蛮生长 (2003-2005年)"},
    {"title": "2.4 分歧渐生：理想与现实的碰撞", "length": 200, "level": 2, "parent": "第二章：野蛮生长 (2003-2005年)"},
    {"title": "第三章：初露锋芒 (2006-2008年)", "length": 1500, "level": 1},
    {"title": "3.1 产品升级：MiForum 1.0的发布", "length": 400, "level": 2, "parent": "第三章：初露锋芒 (2006-2008年)"},
    {"title": "3.2 市场扩张：攻城略地，抢占份额", "length": 400, "level": 2, "parent": "第三章：初露锋芒 (2006-2008年)"},
    {"title": "3.3 竞争对手出现：行业暗流涌动", "length": 300, "level": 2, "parent": "第三章：初露锋芒 (2006-2008年)"},
    {"title": "3.4 团队裂痕：权力与利益的暗战", "length": 400, "level": 2, "parent": "第三章：初露锋芒 (2006-2008年)"},
    {"title": "第四章：风雨飘摇 (2009-2011年)", "length": 1800, "level": 1},
    {"title": "4.1 技术瓶颈：旧架构的困境", "length": 400, "level": 2, "parent": "第四章：风雨飘摇 (2009-2011年)"},
    {"title": "4.2 恶意竞争：商业间谍与阴谋", "length": 500, "level": 2, "parent": "第四章：风雨飘摇 (2009-2011年)"},
    {"title": "4.3 资金链断裂：生死存亡之际", "length": 400, "level": 2, "parent": "第四章：风雨飘摇 (2009-2011年)"},
    {"title": "4.4 内部危机爆发：背叛与信任的崩塌", "length": 500, "level": 2, "parent": "第四章：风雨飘摇 (2009-2011年)"},
    {"title": "第五章：绝地反击 (2012-2014年)", "length": 2000, "level": 1},
    {"title": "5.1 浴火重生：技术革新的曙光", "length": 500, "level": 2, "parent": "第五章：绝地反击 (2012-2014年)"},
    {"title": "5.2 团结一心：重塑团队凝聚力", "length": 400, "level": 2, "parent": "第五章：绝地反击 (2012-2014年)"},
    {"title": "5.3 智能医疗：抓住AI浪潮的新机遇", "length": 500, "level": 2, "parent": "第五章：绝地反击 (2012-2014年)"},
    {"title": "5.4 商业模式升级：云平台与大数据", "length": 400, "level": 2, "parent": "第五章：绝地反击 (2012-2014年)"},
    {"title": "5.5 复仇的火焰：反击恶意竞争", "length": 200, "level": 2, "parent": "第五章：绝地反击 (2012-2014年)"},
    {"title": "第六章：王者归来 (2015-2017年)", "length": 1500, "level": 1},
    {"title": "6.1 MiForum 2.0：颠覆传统，引领未来", "length": 400, "level": 2, "parent": "第六章：王者归来 (2015-2017年)"},
    {"title": "6.2 市场认可：重回行业巅峰", "length": 400, "level": 2, "parent": "第六章：王者归来 (2015-2017年)"},
    {"title": "6.3 资本追逐：估值飙升，独角兽诞生", "length": 300, "level": 2, "parent": "第六章：王者归来 (2015-2017年)"},
    {"title": "6.4 爱恨情仇的终章：恩怨了结", "length": 400, "level": 2, "parent": "第六章：王者归来 (2015-2017年)"},
    {"title": "第七章：荣耀加冕 (2018-2020年)", "length": 1000, "level": 1},
    {"title": "7.1 Pre-IPO准备：最后的冲刺", "length": 300, "level": 2, "parent": "第七章：荣耀加冕 (2018-2020年)"},
    {"title": "7.2 敲钟上市：梦想照进现实", "length": 400, "level": 2, "parent": "第七章：荣耀加冕 (2018-2020年)"},
    {"title": "7.3 新的征程：上市后的挑战与机遇", "length": 300, "level": 2, "parent": "第七章：荣耀加冕 (2018-2020年)"},
    {"title": "第八章：蜜蜂会，永不落幕 (2021年至今)", "length": 200, "level": 1},
    {"title": "8.1 未来展望：科技改变医疗", "length": 100, "level": 2, "parent": "第八章：蜜蜂会，永不落幕 (2021年至今)"},
    {"title": "8.2 传奇仍在继续：创始人们的未来", "length": 100, "level": 2, "parent": "第八章：蜜蜂会，永不落幕 (2021年至今)"}
]
```
2025-02-14 15:36:37,704 - INFO - Parsed outline: [
  {
    "title": "第一章：蜂巢初建 (2002年)",
    "length": 800,
    "level": 1
  },
  {
    "title": "1.1 时代的浪潮：医疗信息化的萌芽",
    "length": 200,
    "level": 2,
    "parent": "第一章：蜂巢初建 (2002年)"
  },
  {
    "title": "1.2 六人初聚：梦想的种子",
    "length": 300,
    "level": 2,
    "parent": "第一章：蜂巢初建 (2002年)"
  },
  {
    "title": "1.3 MiForum论坛的诞生：代码与激情",
    "length": 300,
    "level": 2,
    "parent": "第一章：蜂巢初建 (2002年)"
  },
  {
    "title": "第二章：野蛮生长 (2003-2005年)",
    "length": 1200,
    "level": 1
  },
  {
    "title": "2.1 口碑传播：程序员的秘密基地",
    "length": 300,
    "level": 2,
    "parent": "第二章：野蛮生长 (2003-2005年)"
  },
  {
    "title": "2.2 初探商业化：医院的青睐",
    "length": 400,
    "level": 2,
    "parent": "第二章：野蛮生长 (2003-2005年)"
  },
  {
    "title": "2.3 资本的橄榄枝：天使轮的诱惑",
    "length": 300,
    "level": 2,
    "parent": "第二章：野蛮生长 (2003-2005年)"
  },
  {
    "title": "2.4 分歧渐生：理想与现实的碰撞",
    "length": 200,
    "level": 2,
    "parent": "第二章：野蛮生长 (2003-2005年)"
  },
  {
    "title": "第三章：初露锋芒 (2006-2008年)",
    "length": 1500,
    "level": 1
  },
  {
    "title": "3.1 产品升级：MiForum 1.0的发布",
    "length": 400,
    "level": 2,
    "parent": "第三章：初露锋芒 (2006-2008年)"
  },
  {
    "title": "3.2 市场扩张：攻城略地，抢占份额",
    "length": 400,
    "level": 2,
    "parent": "第三章：初露锋芒 (2006-2008年)"
  },
  {
    "title": "3.3 竞争对手出现：行业暗流涌动",
    "length": 300,
    "level": 2,
    "parent": "第三章：初露锋芒 (2006-2008年)"
  },
  {
    "title": "3.4 团队裂痕：权力与利益的暗战",
    "length": 400,
    "level": 2,
    "parent": "第三章：初露锋芒 (2006-2008年)"
  },
  {
    "title": "第四章：风雨飘摇 (2009-2011年)",
    "length": 1800,
    "level": 1
  },
  {
    "title": "4.1 技术瓶颈：旧架构的困境",
    "length": 400,
    "level": 2,
    "parent": "第四章：风雨飘摇 (2009-2011年)"
  },
  {
    "title": "4.2 恶意竞争：商业间谍与阴谋",
    "length": 500,
    "level": 2,
    "parent": "第四章：风雨飘摇 (2009-2011年)"
  },
  {
    "title": "4.3 资金链断裂：生死存亡之际",
    "length": 400,
    "level": 2,
    "parent": "第四章：风雨飘摇 (2009-2011年)"
  },
  {
    "title": "4.4 内部危机爆发：背叛与信任的崩塌",
    "length": 500,
    "level": 2,
    "parent": "第四章：风雨飘摇 (2009-2011年)"
  },
  {
    "title": "第五章：绝地反击 (2012-2014年)",
    "length": 2000,
    "level": 1
  },
  {
    "title": "5.1 浴火重生：技术革新的曙光",
    "length": 500,
    "level": 2,
    "parent": "第五章：绝地反击 (2012-2014年)"
  },
  {
    "title": "5.2 团结一心：重塑团队凝聚力",
    "length": 400,
    "level": 2,
    "parent": "第五章：绝地反击 (2012-2014年)"
  },
  {
    "title": "5.3 智能医疗：抓住AI浪潮的新机遇",
    "length": 500,
    "level": 2,
    "parent": "第五章：绝地反击 (2012-2014年)"
  },
  {
    "title": "5.4 商业模式升级：云平台与大数据",
    "length": 400,
    "level": 2,
    "parent": "第五章：绝地反击 (2012-2014年)"
  },
  {
    "title": "5.5 复仇的火焰：反击恶意竞争",
    "length": 200,
    "level": 2,
    "parent": "第五章：绝地反击 (2012-2014年)"
  },
  {
    "title": "第六章：王者归来 (2015-2017年)",
    "length": 1500,
    "level": 1
  },
  {
    "title": "6.1 MiForum 2.0：颠覆传统，引领未来",
    "length": 400,
    "level": 2,
    "parent": "第六章：王者归来 (2015-2017年)"
  },
  {
    "title": "6.2 市场认可：重回行业巅峰",
    "length": 400,
    "level": 2,
    "parent": "第六章：王者归来 (2015-2017年)"
  },
  {
    "title": "6.3 资本追逐：估值飙升，独角兽诞生",
    "length": 300,
    "level": 2,
    "parent": "第六章：王者归来 (2015-2017年)"
  },
  {
    "title": "6.4 爱恨情仇的终章：恩怨了结",
    "length": 400,
    "level": 2,
    "parent": "第六章：王者归来 (2015-2017年)"
  },
  {
    "title": "第七章：荣耀加冕 (2018-2020年)",
    "length": 1000,
    "level": 1
  },
  {
    "title": "7.1 Pre-IPO准备：最后的冲刺",
    "length": 300,
    "level": 2,
    "parent": "第七章：荣耀加冕 (2018-2020年)"
  },
  {
    "title": "7.2 敲钟上市：梦想照进现实",
    "length": 400,
    "level": 2,
    "parent": "第七章：荣耀加冕 (2018-2020年)"
  },
  {
    "title": "7.3 新的征程：上市后的挑战与机遇",
    "length": 300,
    "level": 2,
    "parent": "第七章：荣耀加冕 (2018-2020年)"
  },
  {
    "title": "第八章：蜜蜂会，永不落幕 (2021年至今)",
    "length": 200,
    "level": 1
  },
  {
    "title": "8.1 未来展望：科技改变医疗",
    "length": 100,
    "level": 2,
    "parent": "第八章：蜜蜂会，永不落幕 (2021年至今)"
  },
  {
    "title": "8.2 传奇仍在继续：创始人们的未来",
    "length": 100,
    "level": 2,
    "parent": "第八章：蜜蜂会，永不落幕 (2021年至今)"
  }
]
2025-02-14 15:36:37,705 - INFO - Outline generated successfully.
