2025-02-26 14:37:59,567 - INFO - 开始为 蜜蜂会（MiForum）逆袭之路 生成文章
2025-02-26 14:37:59,567 - INFO - 日志文件创建于: logs/蜜蜂会MiForum逆袭之路_20250226_143759.log
2025-02-26 14:37:59,567 - INFO - 生成大纲: 标题: 蜜蜂会（MiForum）逆袭之路, 长度: 100000, 体裁: 城市科幻逆袭爽文, 语言: 中文
2025-02-26 14:38:25,950 - INFO - 生成的大纲文本:
```json
[
  {
    "title": "初创团队的集结：MiForum的雏形 (2002年初)",
    "length": 3000,
    "level": 1
  },
  {
    "title": "简陋的起步：石头和张琨的代码激情岁月",
    "length": 3500,
    "level": 1
  },
  {
    "title": "明哥的加入：商业嗅觉与初期运营策略",
    "length": 3200,
    "level": 1
  },
  {
    "title": "晓阳的技术支撑：论坛功能的不断完善",
    "length": 3000,
    "level": 1
  },
  {
    "title": "Daniel的海外视野：国际化与资本的初步构想",
    "length": 3300,
    "level": 1
  },
  {
    "title": "三石的社群运营：早期用户的积累与维护",
    "length": 3000,
    "level": 1
  },
  {
    "title": "论坛的诞生：MiForum 1.0版本上线",
    "length": 2800,
    "level": 1
  },
  {
    "title": "医疗信息化行业的机遇与挑战：市场分析",
    "length": 3500,
    "level": 1
  },
  {
    "title": "早期用户的反馈：功能调整与用户体验优化",
    "length": 3200,
    "level": 1
  },
  {
    "title": "第一次危机：服务器宕机与技术瓶颈",
    "length": 3000,
    "level": 1
  },
  {
    "title": "技术升级：晓阳的关键突破与架构优化",
    "length": 3300,
    "level": 1
  },
  {
    "title": "情感的萌芽：团队内部的微妙情愫",
    "length": 3500,
    "level": 1
  },
  {
    "title": "市场推广的尝试：线上线下的初步探索",
    "length": 3200,
    "level": 1
  },
  {
    "title": "竞争对手的出现：行业格局的初步变化",
    "length": 3000,
    "level": 1
  },
  {
    "title": "商业模式的探索：盈利模式的初步构想",
    "length": 3300,
    "level": 1
  },
  {
    "title": "天使轮融资的契机：资本市场的初次接触",
    "length": 3500,
    "level": 1
  },
  {
    "title": "融资谈判的博弈：利益分配与未来规划",
    "length": 3200,
    "level": 1
  },
  {
    "title": "首轮融资成功：资金注入与团队扩张",
    "length": 3000,
    "level": 1
  },
  {
    "title": "新成员的加入：团队结构的调整与磨合",
    "length": 3300,
    "level": 1
  },
  {
    "title": "MiForum 2.0：功能迭代与用户增长",
    "length": 3500,
    "level": 1
  },
  {
    "title": "市场扩张的加速：渠道拓展与品牌建设",
    "length": 3200,
    "level": 1
  },
  {
    "title": "行业合作的深化：战略伙伴关系的建立",
    "length": 3000,
    "level": 1
  },
  {
    "title": "竞争加剧：市场份额的争夺与反击",
    "length": 3300,
    "level": 1
  },
  {
    "title": "内部矛盾的显现：管理层之间的分歧",
    "length": 3500,
    "level": 1
  },
  {
    "title": "情感的暗流涌动：婚外情的种子悄然埋下",
    "length": 3200,
    "level": 1
  },
  {
    "title": "技术瓶颈再现：系统性能与数据安全挑战",
    "length": 3000,
    "level": 1
  },
  {
    "title": "技术攻关：晓阳带领团队的技术突围",
    "length": 3300,
    "level": 1
  },
  {
    "title": "商业模式的升级：多元化盈利模式的探索",
    "length": 3500,
    "level": 1
  },
  {
    "title": "B轮融资的启动：估值提升与资本追逐",
    "length": 3200,
    "level": 1
  },
  {
    "title": "更加激烈的融资谈判：对赌协议与控制权争夺",
    "length": 3000,
    "level": 1
  },
  {
    "title": "B轮融资成功：资金到位与战略升级",
    "length": 3300,
    "level": 1
  },
  {
    "title": "组织架构的变革：部门调整与权力洗牌",
    "length": 3500,
    "level": 1
  },
  {
    "title": "MiForum 3.0：平台化战略与生态建设",
    "length": 3200,
    "level": 1
  },
  {
    "title": "产品线的扩张：新业务的孵化与拓展",
    "length": 3000,
    "level": 1
  },
  {
    "title": "国际市场的试水：海外业务的初步探索",
    "length": 3300,
    "level": 1
  },
  {
    "title": "行业监管的加强：政策变化带来的影响",
    "length": 3500,
    "level": 1
  },
  {
    "title": "公关危机爆发：负面舆情与品牌形象受损",
    "length": 3200,
    "level": 1
  },
  {
    "title": "危机公关：团队的紧急应对与舆论反转",
    "length": 3000,
    "level": 1
  },
  {
    "title": "情感的纠葛：三角恋的浮出水面与冲突升级",
    "length": 3300,
    "level": 1
  },
  {
    "title": "信任危机与团队裂痕：内部信任的瓦解",
    "length": 3500,
    "level": 1
  },
  {
    "title": "关键人物的离职：团队核心成员的动荡",
    "length": 3200,
    "level": 1
  },
  {
    "title": "行业寒冬与市场震荡：外部环境的恶化",
    "length": 3000,
    "level": 1
  },
  {
    "title": "裁员风波与生存危机：艰难的抉择与求生之路",
    "length": 3300,
    "level": 1
  },
  {
    "title": "反思与调整：战略方向的重新审视",
    "length": 3500,
    "level": 1
  },
  {
    "title": "技术创新再出发：寻找新的增长点",
    "length": 3200,
    "level": 1
  },
  {
    "title": "社区文化的重塑：用户粘性的重新建立",
    "length": 3000,
    "level": 1
  },
  {
    "title": "商业模式的再创新：盈利能力的提升",
    "length": 3300,
    "level": 1
  },
  {
    "title": "C轮融资的重启：资本市场的再次青睐",
    "length": 3500,
    "level": 1
  },
  {
    "title": "更加成熟的融资策略：引入战略投资者",
    "length": 3200,
    "level": 1
  },
  {
    "title": "C轮融资成功：重获新生与发展加速",
    "length": 3000,
    "level": 1
  },
  {
    "title": "团队的重组与凝聚：危机后的团队重建",
    "length": 3300,
    "level": 1
  },
  {
    "title": "MiForum 4.0：智能化升级与前沿技术应用",
    "length": 3500,
    "level": 1
  },
  {
    "title": "AI技术在医疗信息化领域的应用：行业变革",
    "length": 3200,
    "level": 1
  },
  {
    "title": "数据驱动的精细化运营：效率提升与成本控制",
    "length": 3000,
    "level": 1
  },
  {
    "title": "国际市场的全面拓展：全球化战略布局",
    "length": 3300,
    "level": 1
  },
  {
    "title": "并购与整合：行业地位的巩固与提升",
    "length": 3500,
    "level": 1
  },
  {
    "title": "竞争格局的演变：新的竞争对手与挑战",
    "length": 3200,
    "level": 1
  },
  {
    "title": "情感的救赎与和解：婚外情的最终走向",
    "length": 3000,
    "level": 1
  },
  {
    "title": "个人情感的波澜：新的爱情与人生选择",
    "length": 3300,
    "level": 1
  },
  {
    "title": "管理团队的传承与迭代：领导力的交接",
    "length": 3500,
    "level": 1
  },
  {
    "title": "IPO的准备阶段：上市之路的正式启动",
    "length": 3200,
    "level": 1
  },
  {
    "title": "券商与投行的选择：专业机构的介入",
    "length": 3000,
    "level": 1
  },
  {
    "title": "财务审计与法律合规：上市前的规范化运作",
    "length": 3300,
    "level": 1
  },
  {
    "title": "招股书的撰写与路演：向资本市场讲述MiForum的故事",
    "length": 3500,
    "level": 1
  },
  {
    "title": "投资者见面会与市场预热：提升IPO关注度",
    "length": 3200,
    "level": 1
  },
  {
    "title": "定价与发行：IPO关键环节的最终敲定",
    "length": 3000,
    "level": 1
  },
  {
    "title": "上市钟声敲响：MiForum成功登陆资本市场",
    "length": 3300,
    "level": 1
  },
  {
    "title": "庆功宴与反思：成功背后的付出与代价",
    "length": 3500,
    "level": 1
  },
  {
    "title": "上市后的新挑战：公众公司的运营与发展",
    "length": 3200,
    "level": 1
  },
  {
    "title": "资本市场的风云变幻：股价波动与市值管理",
    "length": 3000,
    "level": 1
  },
  {
    "title": "股东大会与投资者关系：透明化与责任担当",
    "length": 3300,
    "level": 1
  },
  {
    "title": "持续创新与业务拓展：保持竞争力的长久之道",
    "length": 3500,
    "level": 1
  },
  {
    "title": "企业文化的传承与发展：价值观的坚守与创新",
    "length": 3200,
    "level": 1
  },
  {
    "title": "社会责任与企业公民：回馈社会与贡献价值",
    "length": 3000,
    "level": 1
  },
  {
    "title": "未来的展望：MiForum的下一个十年",
    "length": 3300,
    "level": 1
  },
  {
    "title": "六位创始人的人生轨迹：各自的归宿与感悟",
    "length": 3500,
    "level": 1
  },
  {
    "title": "MiForum逆袭之路：一个时代的缩影与启示",
    "length": 3000,
    "level": 1
  },
  {
    "title": "尾声：未完待续的故事",
    "length": 2000,
    "level": 1
  }
]
```
2025-02-26 14:38:25,953 - INFO - 解析后的大纲: [
  {
    "title": "初创团队的集结：MiForum的雏形 (2002年初)",
    "length": 3000,
    "level": 1
  },
  {
    "title": "简陋的起步：石头和张琨的代码激情岁月",
    "length": 3500,
    "level": 1
  },
  {
    "title": "明哥的加入：商业嗅觉与初期运营策略",
    "length": 3200,
    "level": 1
  },
  {
    "title": "晓阳的技术支撑：论坛功能的不断完善",
    "length": 3000,
    "level": 1
  },
  {
    "title": "Daniel的海外视野：国际化与资本的初步构想",
    "length": 3300,
    "level": 1
  },
  {
    "title": "三石的社群运营：早期用户的积累与维护",
    "length": 3000,
    "level": 1
  },
  {
    "title": "论坛的诞生：MiForum 1.0版本上线",
    "length": 2800,
    "level": 1
  },
  {
    "title": "医疗信息化行业的机遇与挑战：市场分析",
    "length": 3500,
    "level": 1
  },
  {
    "title": "早期用户的反馈：功能调整与用户体验优化",
    "length": 3200,
    "level": 1
  },
  {
    "title": "第一次危机：服务器宕机与技术瓶颈",
    "length": 3000,
    "level": 1
  },
  {
    "title": "技术升级：晓阳的关键突破与架构优化",
    "length": 3300,
    "level": 1
  },
  {
    "title": "情感的萌芽：团队内部的微妙情愫",
    "length": 3500,
    "level": 1
  },
  {
    "title": "市场推广的尝试：线上线下的初步探索",
    "length": 3200,
    "level": 1
  },
  {
    "title": "竞争对手的出现：行业格局的初步变化",
    "length": 3000,
    "level": 1
  },
  {
    "title": "商业模式的探索：盈利模式的初步构想",
    "length": 3300,
    "level": 1
  },
  {
    "title": "天使轮融资的契机：资本市场的初次接触",
    "length": 3500,
    "level": 1
  },
  {
    "title": "融资谈判的博弈：利益分配与未来规划",
    "length": 3200,
    "level": 1
  },
  {
    "title": "首轮融资成功：资金注入与团队扩张",
    "length": 3000,
    "level": 1
  },
  {
    "title": "新成员的加入：团队结构的调整与磨合",
    "length": 3300,
    "level": 1
  },
  {
    "title": "MiForum 2.0：功能迭代与用户增长",
    "length": 3500,
    "level": 1
  },
  {
    "title": "市场扩张的加速：渠道拓展与品牌建设",
    "length": 3200,
    "level": 1
  },
  {
    "title": "行业合作的深化：战略伙伴关系的建立",
    "length": 3000,
    "level": 1
  },
  {
    "title": "竞争加剧：市场份额的争夺与反击",
    "length": 3300,
    "level": 1
  },
  {
    "title": "内部矛盾的显现：管理层之间的分歧",
    "length": 3500,
    "level": 1
  },
  {
    "title": "情感的暗流涌动：婚外情的种子悄然埋下",
    "length": 3200,
    "level": 1
  },
  {
    "title": "技术瓶颈再现：系统性能与数据安全挑战",
    "length": 3000,
    "level": 1
  },
  {
    "title": "技术攻关：晓阳带领团队的技术突围",
    "length": 3300,
    "level": 1
  },
  {
    "title": "商业模式的升级：多元化盈利模式的探索",
    "length": 3500,
    "level": 1
  },
  {
    "title": "B轮融资的启动：估值提升与资本追逐",
    "length": 3200,
    "level": 1
  },
  {
    "title": "更加激烈的融资谈判：对赌协议与控制权争夺",
    "length": 3000,
    "level": 1
  },
  {
    "title": "B轮融资成功：资金到位与战略升级",
    "length": 3300,
    "level": 1
  },
  {
    "title": "组织架构的变革：部门调整与权力洗牌",
    "length": 3500,
    "level": 1
  },
  {
    "title": "MiForum 3.0：平台化战略与生态建设",
    "length": 3200,
    "level": 1
  },
  {
    "title": "产品线的扩张：新业务的孵化与拓展",
    "length": 3000,
    "level": 1
  },
  {
    "title": "国际市场的试水：海外业务的初步探索",
    "length": 3300,
    "level": 1
  },
  {
    "title": "行业监管的加强：政策变化带来的影响",
    "length": 3500,
    "level": 1
  },
  {
    "title": "公关危机爆发：负面舆情与品牌形象受损",
    "length": 3200,
    "level": 1
  },
  {
    "title": "危机公关：团队的紧急应对与舆论反转",
    "length": 3000,
    "level": 1
  },
  {
    "title": "情感的纠葛：三角恋的浮出水面与冲突升级",
    "length": 3300,
    "level": 1
  },
  {
    "title": "信任危机与团队裂痕：内部信任的瓦解",
    "length": 3500,
    "level": 1
  },
  {
    "title": "关键人物的离职：团队核心成员的动荡",
    "length": 3200,
    "level": 1
  },
  {
    "title": "行业寒冬与市场震荡：外部环境的恶化",
    "length": 3000,
    "level": 1
  },
  {
    "title": "裁员风波与生存危机：艰难的抉择与求生之路",
    "length": 3300,
    "level": 1
  },
  {
    "title": "反思与调整：战略方向的重新审视",
    "length": 3500,
    "level": 1
  },
  {
    "title": "技术创新再出发：寻找新的增长点",
    "length": 3200,
    "level": 1
  },
  {
    "title": "社区文化的重塑：用户粘性的重新建立",
    "length": 3000,
    "level": 1
  },
  {
    "title": "商业模式的再创新：盈利能力的提升",
    "length": 3300,
    "level": 1
  },
  {
    "title": "C轮融资的重启：资本市场的再次青睐",
    "length": 3500,
    "level": 1
  },
  {
    "title": "更加成熟的融资策略：引入战略投资者",
    "length": 3200,
    "level": 1
  },
  {
    "title": "C轮融资成功：重获新生与发展加速",
    "length": 3000,
    "level": 1
  },
  {
    "title": "团队的重组与凝聚：危机后的团队重建",
    "length": 3300,
    "level": 1
  },
  {
    "title": "MiForum 4.0：智能化升级与前沿技术应用",
    "length": 3500,
    "level": 1
  },
  {
    "title": "AI技术在医疗信息化领域的应用：行业变革",
    "length": 3200,
    "level": 1
  },
  {
    "title": "数据驱动的精细化运营：效率提升与成本控制",
    "length": 3000,
    "level": 1
  },
  {
    "title": "国际市场的全面拓展：全球化战略布局",
    "length": 3300,
    "level": 1
  },
  {
    "title": "并购与整合：行业地位的巩固与提升",
    "length": 3500,
    "level": 1
  },
  {
    "title": "竞争格局的演变：新的竞争对手与挑战",
    "length": 3200,
    "level": 1
  },
  {
    "title": "情感的救赎与和解：婚外情的最终走向",
    "length": 3000,
    "level": 1
  },
  {
    "title": "个人情感的波澜：新的爱情与人生选择",
    "length": 3300,
    "level": 1
  },
  {
    "title": "管理团队的传承与迭代：领导力的交接",
    "length": 3500,
    "level": 1
  },
  {
    "title": "IPO的准备阶段：上市之路的正式启动",
    "length": 3200,
    "level": 1
  },
  {
    "title": "券商与投行的选择：专业机构的介入",
    "length": 3000,
    "level": 1
  },
  {
    "title": "财务审计与法律合规：上市前的规范化运作",
    "length": 3300,
    "level": 1
  },
  {
    "title": "招股书的撰写与路演：向资本市场讲述MiForum的故事",
    "length": 3500,
    "level": 1
  },
  {
    "title": "投资者见面会与市场预热：提升IPO关注度",
    "length": 3200,
    "level": 1
  },
  {
    "title": "定价与发行：IPO关键环节的最终敲定",
    "length": 3000,
    "level": 1
  },
  {
    "title": "上市钟声敲响：MiForum成功登陆资本市场",
    "length": 3300,
    "level": 1
  },
  {
    "title": "庆功宴与反思：成功背后的付出与代价",
    "length": 3500,
    "level": 1
  },
  {
    "title": "上市后的新挑战：公众公司的运营与发展",
    "length": 3200,
    "level": 1
  },
  {
    "title": "资本市场的风云变幻：股价波动与市值管理",
    "length": 3000,
    "level": 1
  },
  {
    "title": "股东大会与投资者关系：透明化与责任担当",
    "length": 3300,
    "level": 1
  },
  {
    "title": "持续创新与业务拓展：保持竞争力的长久之道",
    "length": 3500,
    "level": 1
  },
  {
    "title": "企业文化的传承与发展：价值观的坚守与创新",
    "length": 3200,
    "level": 1
  },
  {
    "title": "社会责任与企业公民：回馈社会与贡献价值",
    "length": 3000,
    "level": 1
  },
  {
    "title": "未来的展望：MiForum的下一个十年",
    "length": 3300,
    "level": 1
  },
  {
    "title": "六位创始人的人生轨迹：各自的归宿与感悟",
    "length": 3500,
    "level": 1
  },
  {
    "title": "MiForum逆袭之路：一个时代的缩影与启示",
    "length": 3000,
    "level": 1
  },
  {
    "title": "尾声：未完待续的故事",
    "length": 2000,
    "level": 1
  }
]
2025-02-26 14:38:25,953 - WARNING - 大纲总字数(251300)与目标字数(100000)相差超过10%
2025-02-26 14:38:25,953 - INFO - 章节数过多，尝试合并相似章节...
2025-02-26 14:38:25,953 - INFO - 标题净化: '情感的暗流涌动：婚外情的种子悄然埋下' -> '情感的暗流涌动：家庭挑战的种子悄然埋下'
2025-02-26 14:38:25,953 - INFO - 标题净化: '技术瓶颈再现：系统性能与数据安全挑战' -> '技术瓶颈再现：系统挑战能与数据安全挑战'
2025-02-26 14:38:25,953 - INFO - 标题净化: '社区文化的重塑：用户粘性的重新建立' -> '社区文化的重塑：用户粘挑战的重新建立'
2025-02-26 14:38:25,953 - INFO - 标题净化: '情感的救赎与和解：婚外情的最终走向' -> '情感的救赎与和解：家庭挑战的最终走向'
2025-02-26 14:38:25,953 - INFO - 大纲生成成功
2025-02-26 14:38:25,954 - INFO - 大纲已保存至: articles/蜜蜂会MiForum逆袭之路_20250226_143825_outline.json
2025-02-26 14:38:25,954 - INFO - 正在组装文章...
2025-02-26 14:38:59,538 - INFO - 进度已保存至: articles/蜜蜂会MiForum逆袭之路_progress.md
2025-02-26 14:38:59,539 - INFO - 章节 '初创团队的集结：MiForum的雏形 (2002年初)' 写作完成，生成了 4384 字符
2025-02-26 14:39:17,578 - INFO - 进度已保存至: articles/蜜蜂会MiForum逆袭之路_progress.md
2025-02-26 14:39:17,579 - INFO - 章节 '简陋的起步：石头和张琨的代码激情岁月' 写作完成，生成了 2685 字符
2025-02-26 14:39:40,309 - INFO - 进度已保存至: articles/蜜蜂会MiForum逆袭之路_progress.md
2025-02-26 14:39:40,310 - INFO - 章节 '明哥的加入：商业嗅觉与初期运营策略' 写作完成，生成了 3946 字符
2025-02-26 14:39:58,168 - INFO - 进度已保存至: articles/蜜蜂会MiForum逆袭之路_progress.md
2025-02-26 14:39:58,169 - INFO - 章节 '晓阳的技术支撑：论坛功能的不断完善' 写作完成，生成了 3237 字符
2025-02-26 14:40:21,564 - INFO - 进度已保存至: articles/蜜蜂会MiForum逆袭之路_progress.md
2025-02-26 14:40:21,565 - INFO - 章节 'Daniel的海外视野：国际化与资本的初步构想' 写作完成，生成了 4578 字符
2025-02-26 14:40:45,227 - INFO - 进度已保存至: articles/蜜蜂会MiForum逆袭之路_progress.md
2025-02-26 14:40:45,227 - INFO - 章节 '三石的社群运营：早期用户的积累与维护' 写作完成，生成了 3961 字符
2025-02-26 14:41:03,958 - INFO - 进度已保存至: articles/蜜蜂会MiForum逆袭之路_progress.md
2025-02-26 14:41:03,959 - INFO - 章节 '论坛的诞生：MiForum 1.0版本上线' 写作完成，生成了 2831 字符
2025-02-26 14:41:28,632 - INFO - 进度已保存至: articles/蜜蜂会MiForum逆袭之路_progress.md
2025-02-26 14:41:28,633 - INFO - 章节 '医疗信息化行业的机遇与挑战：市场分析' 写作完成，生成了 4351 字符
2025-02-26 14:41:57,193 - INFO - 进度已保存至: articles/蜜蜂会MiForum逆袭之路_progress.md
2025-02-26 14:41:57,193 - INFO - 章节 '早期用户的反馈：功能调整与用户体验优化' 写作完成，生成了 3269 字符
2025-02-26 14:42:15,531 - INFO - 进度已保存至: articles/蜜蜂会MiForum逆袭之路_progress.md
2025-02-26 14:42:15,531 - INFO - 章节 '第一次危机：服务器宕机与技术瓶颈' 写作完成，生成了 2907 字符
2025-02-26 14:42:38,964 - INFO - 进度已保存至: articles/蜜蜂会MiForum逆袭之路_progress.md
2025-02-26 14:42:38,964 - INFO - 章节 '技术升级：晓阳的关键突破与架构优化' 写作完成，生成了 4185 字符
2025-02-26 14:42:55,558 - INFO - 进度已保存至: articles/蜜蜂会MiForum逆袭之路_progress.md
2025-02-26 14:42:55,559 - INFO - 章节 '情感的萌芽：团队内部的微妙情愫' 写作完成，生成了 2324 字符
2025-02-26 14:43:21,170 - INFO - 进度已保存至: articles/蜜蜂会MiForum逆袭之路_progress.md
2025-02-26 14:43:21,171 - INFO - 章节 '市场推广的尝试：线上线下的初步探索' 写作完成，生成了 3941 字符
2025-02-26 14:43:40,565 - INFO - 进度已保存至: articles/蜜蜂会MiForum逆袭之路_progress.md
2025-02-26 14:43:40,565 - INFO - 章节 '竞争对手的出现：行业格局的初步变化' 写作完成，生成了 3318 字符
2025-02-26 14:44:01,517 - INFO - 进度已保存至: articles/蜜蜂会MiForum逆袭之路_progress.md
2025-02-26 14:44:01,518 - INFO - 章节 '商业模式的探索：盈利模式的初步构想' 写作完成，生成了 3781 字符
2025-02-26 14:44:26,460 - INFO - 进度已保存至: articles/蜜蜂会MiForum逆袭之路_progress.md
2025-02-26 14:44:26,461 - INFO - 章节 '天使轮融资的契机：资本市场的初次接触' 写作完成，生成了 2671 字符
2025-02-26 14:44:59,564 - INFO - 进度已保存至: articles/蜜蜂会MiForum逆袭之路_progress.md
2025-02-26 14:44:59,564 - INFO - 章节 '融资谈判的博弈：利益分配与未来规划' 写作完成，生成了 3443 字符
2025-02-26 14:45:19,336 - INFO - 进度已保存至: articles/蜜蜂会MiForum逆袭之路_progress.md
2025-02-26 14:45:19,337 - INFO - 章节 '首轮融资成功：资金注入与团队扩张' 写作完成，生成了 2859 字符
2025-02-26 14:45:34,765 - INFO - 进度已保存至: articles/蜜蜂会MiForum逆袭之路_progress.md
2025-02-26 14:45:34,765 - INFO - 章节 '新成员的加入：团队结构的调整与磨合' 写作完成，生成了 2568 字符
2025-02-26 14:45:55,418 - INFO - 进度已保存至: articles/蜜蜂会MiForum逆袭之路_progress.md
2025-02-26 14:45:55,418 - INFO - 章节 'MiForum 2.0：功能迭代与用户增长' 写作完成，生成了 3220 字符
2025-02-26 14:46:17,292 - INFO - 进度已保存至: articles/蜜蜂会MiForum逆袭之路_progress.md
2025-02-26 14:46:17,293 - INFO - 章节 '市场扩张的加速：渠道拓展与品牌建设' 写作完成，生成了 3059 字符
2025-02-26 14:46:39,610 - INFO - 进度已保存至: articles/蜜蜂会MiForum逆袭之路_progress.md
2025-02-26 14:46:39,611 - INFO - 章节 '行业合作的深化：战略伙伴关系的建立' 写作完成，生成了 3089 字符
2025-02-26 14:47:02,960 - INFO - 进度已保存至: articles/蜜蜂会MiForum逆袭之路_progress.md
2025-02-26 14:47:02,961 - INFO - 章节 '竞争加剧：市场份额的争夺与反击' 写作完成，生成了 2916 字符
2025-02-26 14:47:21,712 - INFO - 进度已保存至: articles/蜜蜂会MiForum逆袭之路_progress.md
2025-02-26 14:47:21,713 - INFO - 章节 '内部矛盾的显现：管理层之间的分歧' 写作完成，生成了 2679 字符
2025-02-26 14:47:46,439 - INFO - 进度已保存至: articles/蜜蜂会MiForum逆袭之路_progress.md
2025-02-26 14:47:46,440 - INFO - 章节 '情感的暗流涌动：家庭挑战的种子悄然埋下' 写作完成，生成了 3377 字符
2025-02-26 14:48:05,354 - INFO - 进度已保存至: articles/蜜蜂会MiForum逆袭之路_progress.md
2025-02-26 14:48:05,356 - INFO - 章节 '技术瓶颈再现：系统挑战能与数据安全挑战' 写作完成，生成了 2988 字符
2025-02-26 14:48:22,383 - INFO - 进度已保存至: articles/蜜蜂会MiForum逆袭之路_progress.md
2025-02-26 14:48:22,384 - INFO - 章节 '技术攻关：晓阳带领团队的技术突围' 写作完成，生成了 3020 字符
2025-02-26 14:48:38,941 - INFO - 进度已保存至: articles/蜜蜂会MiForum逆袭之路_progress.md
2025-02-26 14:48:38,942 - INFO - 章节 '商业模式的升级：多元化盈利模式的探索' 写作完成，生成了 2793 字符
2025-02-26 14:48:56,424 - INFO - 进度已保存至: articles/蜜蜂会MiForum逆袭之路_progress.md
2025-02-26 14:48:56,425 - INFO - 章节 'B轮融资的启动：估值提升与资本追逐' 写作完成，生成了 2716 字符
2025-02-26 14:49:10,788 - INFO - 进度已保存至: articles/蜜蜂会MiForum逆袭之路_progress.md
2025-02-26 14:49:10,788 - INFO - 章节 '更加激烈的融资谈判：对赌协议与控制权争夺' 写作完成，生成了 1419 字符
2025-02-26 14:49:28,975 - INFO - 进度已保存至: articles/蜜蜂会MiForum逆袭之路_progress.md
2025-02-26 14:49:28,976 - INFO - 章节 'B轮融资成功：资金到位与战略升级' 写作完成，生成了 3148 字符
2025-02-26 14:49:52,435 - INFO - 进度已保存至: articles/蜜蜂会MiForum逆袭之路_progress.md
2025-02-26 14:49:52,436 - INFO - 章节 '组织架构的变革：部门调整与权力洗牌' 写作完成，生成了 3277 字符
2025-02-26 14:50:37,289 - INFO - 进度已保存至: articles/蜜蜂会MiForum逆袭之路_progress.md
2025-02-26 14:50:37,290 - INFO - 章节 'MiForum 3.0：平台化战略与生态建设' 写作完成，生成了 3510 字符
2025-02-26 14:50:56,805 - INFO - 进度已保存至: articles/蜜蜂会MiForum逆袭之路_progress.md
2025-02-26 14:50:56,806 - INFO - 章节 '产品线的扩张：新业务的孵化与拓展' 写作完成，生成了 2607 字符
2025-02-26 14:51:17,024 - INFO - 进度已保存至: articles/蜜蜂会MiForum逆袭之路_progress.md
2025-02-26 14:51:17,025 - INFO - 章节 '国际市场的试水：海外业务的初步探索' 写作完成，生成了 2951 字符
2025-02-26 14:51:44,576 - INFO - 进度已保存至: articles/蜜蜂会MiForum逆袭之路_progress.md
2025-02-26 14:51:44,577 - INFO - 章节 '行业监管的加强：政策变化带来的影响' 写作完成，生成了 3162 字符
2025-02-26 14:51:54,083 - INFO - 进度已保存至: articles/蜜蜂会MiForum逆袭之路_progress.md
2025-02-26 14:51:54,084 - INFO - 章节 '公关危机爆发：负面舆情与品牌形象受损' 写作完成，生成了 333 字符
2025-02-26 14:52:12,932 - INFO - 进度已保存至: articles/蜜蜂会MiForum逆袭之路_progress.md
2025-02-26 14:52:12,933 - INFO - 章节 '危机公关：团队的紧急应对与舆论反转' 写作完成，生成了 2716 字符
2025-02-26 14:52:39,958 - INFO - 进度已保存至: articles/蜜蜂会MiForum逆袭之路_progress.md
2025-02-26 14:52:39,958 - INFO - 章节 '情感的纠葛：三角恋的浮出水面与冲突升级' 写作完成，生成了 4236 字符
2025-02-26 14:53:05,650 - INFO - 进度已保存至: articles/蜜蜂会MiForum逆袭之路_progress.md
2025-02-26 14:53:05,652 - INFO - 章节 '信任危机与团队裂痕：内部信任的瓦解' 写作完成，生成了 4407 字符
2025-02-26 14:53:27,763 - INFO - 进度已保存至: articles/蜜蜂会MiForum逆袭之路_progress.md
2025-02-26 14:53:27,764 - INFO - 章节 '关键人物的离职：团队核心成员的动荡' 写作完成，生成了 2645 字符
2025-02-26 14:53:45,524 - INFO - 进度已保存至: articles/蜜蜂会MiForum逆袭之路_progress.md
2025-02-26 14:53:45,525 - INFO - 章节 '行业寒冬与市场震荡：外部环境的恶化' 写作完成，生成了 2985 字符
2025-02-26 14:54:06,354 - INFO - 进度已保存至: articles/蜜蜂会MiForum逆袭之路_progress.md
2025-02-26 14:54:06,355 - INFO - 章节 '裁员风波与生存危机：艰难的抉择与求生之路' 写作完成，生成了 2472 字符
2025-02-26 14:54:29,470 - INFO - 进度已保存至: articles/蜜蜂会MiForum逆袭之路_progress.md
2025-02-26 14:54:29,471 - INFO - 章节 '反思与调整：战略方向的重新审视' 写作完成，生成了 4006 字符
2025-02-26 14:54:52,108 - INFO - 进度已保存至: articles/蜜蜂会MiForum逆袭之路_progress.md
2025-02-26 14:54:52,109 - INFO - 章节 '技术创新再出发：寻找新的增长点' 写作完成，生成了 3533 字符
2025-02-26 14:55:11,721 - INFO - 进度已保存至: articles/蜜蜂会MiForum逆袭之路_progress.md
2025-02-26 14:55:11,722 - INFO - 章节 '社区文化的重塑：用户粘挑战的重新建立' 写作完成，生成了 3413 字符
2025-02-26 14:55:35,838 - INFO - 进度已保存至: articles/蜜蜂会MiForum逆袭之路_progress.md
2025-02-26 14:55:35,839 - INFO - 章节 '商业模式的再创新：盈利能力的提升' 写作完成，生成了 4070 字符
2025-02-26 14:55:56,628 - INFO - 进度已保存至: articles/蜜蜂会MiForum逆袭之路_progress.md
2025-02-26 14:55:56,629 - INFO - 章节 'C轮融资的重启：资本市场的再次青睐' 写作完成，生成了 3421 字符
2025-02-26 14:56:18,387 - INFO - 进度已保存至: articles/蜜蜂会MiForum逆袭之路_progress.md
2025-02-26 14:56:18,387 - INFO - 章节 '更加成熟的融资策略：引入战略投资者' 写作完成，生成了 3676 字符
2025-02-26 14:56:33,641 - INFO - 进度已保存至: articles/蜜蜂会MiForum逆袭之路_progress.md
2025-02-26 14:56:33,641 - INFO - 章节 'C轮融资成功：重获新生与发展加速' 写作完成，生成了 2143 字符
2025-02-26 14:56:50,313 - INFO - 进度已保存至: articles/蜜蜂会MiForum逆袭之路_progress.md
2025-02-26 14:56:50,314 - INFO - 章节 '团队的重组与凝聚：危机后的团队重建' 写作完成，生成了 2972 字符
2025-02-26 14:57:09,070 - INFO - 进度已保存至: articles/蜜蜂会MiForum逆袭之路_progress.md
2025-02-26 14:57:09,070 - INFO - 章节 'MiForum 4.0：智能化升级与前沿技术应用' 写作完成，生成了 3879 字符
2025-02-26 14:57:25,867 - INFO - 进度已保存至: articles/蜜蜂会MiForum逆袭之路_progress.md
2025-02-26 14:57:25,868 - INFO - 章节 'AI技术在医疗信息化领域的应用：行业变革' 写作完成，生成了 2929 字符
2025-02-26 14:57:41,431 - INFO - 进度已保存至: articles/蜜蜂会MiForum逆袭之路_progress.md
2025-02-26 14:57:41,431 - INFO - 章节 '数据驱动的精细化运营：效率提升与成本控制' 写作完成，生成了 2542 字符
2025-02-26 14:58:04,985 - INFO - 进度已保存至: articles/蜜蜂会MiForum逆袭之路_progress.md
2025-02-26 14:58:04,986 - INFO - 章节 '国际市场的全面拓展：全球化战略布局' 写作完成，生成了 3665 字符
2025-02-26 14:58:25,837 - INFO - 进度已保存至: articles/蜜蜂会MiForum逆袭之路_progress.md
2025-02-26 14:58:25,837 - INFO - 章节 '并购与整合：行业地位的巩固与提升' 写作完成，生成了 3533 字符
2025-02-26 14:58:58,824 - INFO - 进度已保存至: articles/蜜蜂会MiForum逆袭之路_progress.md
2025-02-26 14:58:58,825 - INFO - 章节 '竞争格局的演变：新的竞争对手与挑战' 写作完成，生成了 2892 字符
2025-02-26 14:59:24,273 - INFO - 进度已保存至: articles/蜜蜂会MiForum逆袭之路_progress.md
2025-02-26 14:59:24,274 - INFO - 章节 '情感的救赎与和解：家庭挑战的最终走向' 写作完成，生成了 2688 字符
2025-02-26 14:59:49,263 - INFO - 进度已保存至: articles/蜜蜂会MiForum逆袭之路_progress.md
2025-02-26 14:59:49,263 - INFO - 章节 '个人情感的波澜：新的爱情与人生选择' 写作完成，生成了 3637 字符
2025-02-26 15:00:07,791 - INFO - 进度已保存至: articles/蜜蜂会MiForum逆袭之路_progress.md
2025-02-26 15:00:07,791 - INFO - 章节 '管理团队的传承与迭代：领导力的交接' 写作完成，生成了 1708 字符
2025-02-26 15:00:28,788 - INFO - 进度已保存至: articles/蜜蜂会MiForum逆袭之路_progress.md
2025-02-26 15:00:28,788 - INFO - 章节 'IPO的准备阶段：上市之路的正式启动' 写作完成，生成了 3415 字符
2025-02-26 15:00:49,806 - INFO - 进度已保存至: articles/蜜蜂会MiForum逆袭之路_progress.md
2025-02-26 15:00:49,807 - INFO - 章节 '券商与投行的选择：专业机构的介入' 写作完成，生成了 3314 字符
2025-02-26 15:01:11,283 - INFO - 进度已保存至: articles/蜜蜂会MiForum逆袭之路_progress.md
2025-02-26 15:01:11,283 - INFO - 章节 '财务审计与法律合规：上市前的规范化运作' 写作完成，生成了 3422 字符
2025-02-26 15:01:30,323 - INFO - 进度已保存至: articles/蜜蜂会MiForum逆袭之路_progress.md
2025-02-26 15:01:30,325 - INFO - 章节 '招股书的撰写与路演：向资本市场讲述MiForum的故事' 写作完成，生成了 3454 字符
2025-02-26 15:01:49,996 - INFO - 进度已保存至: articles/蜜蜂会MiForum逆袭之路_progress.md
2025-02-26 15:01:49,997 - INFO - 章节 '投资者见面会与市场预热：提升IPO关注度' 写作完成，生成了 3096 字符
2025-02-26 15:02:07,608 - INFO - 进度已保存至: articles/蜜蜂会MiForum逆袭之路_progress.md
2025-02-26 15:02:07,608 - INFO - 章节 '定价与发行：IPO关键环节的最终敲定' 写作完成，生成了 2599 字符
2025-02-26 15:02:27,368 - INFO - 进度已保存至: articles/蜜蜂会MiForum逆袭之路_progress.md
2025-02-26 15:02:27,369 - INFO - 章节 '上市钟声敲响：MiForum成功登陆资本市场' 写作完成，生成了 3361 字符
2025-02-26 15:02:46,240 - INFO - 进度已保存至: articles/蜜蜂会MiForum逆袭之路_progress.md
2025-02-26 15:02:46,241 - INFO - 章节 '庆功宴与反思：成功背后的付出与代价' 写作完成，生成了 3047 字符
2025-02-26 15:03:04,316 - INFO - 进度已保存至: articles/蜜蜂会MiForum逆袭之路_progress.md
2025-02-26 15:03:04,317 - INFO - 章节 '上市后的新挑战：公众公司的运营与发展' 写作完成，生成了 2740 字符
2025-02-26 15:03:23,670 - INFO - 进度已保存至: articles/蜜蜂会MiForum逆袭之路_progress.md
2025-02-26 15:03:23,671 - INFO - 章节 '资本市场的风云变幻：股价波动与市值管理' 写作完成，生成了 2695 字符
2025-02-26 15:03:42,472 - INFO - 进度已保存至: articles/蜜蜂会MiForum逆袭之路_progress.md
2025-02-26 15:03:42,472 - INFO - 章节 '股东大会与投资者关系：透明化与责任担当' 写作完成，生成了 2597 字符
2025-02-26 15:03:58,777 - INFO - 进度已保存至: articles/蜜蜂会MiForum逆袭之路_progress.md
2025-02-26 15:03:58,778 - INFO - 章节 '持续创新与业务拓展：保持竞争力的长久之道' 写作完成，生成了 1579 字符
2025-02-26 15:04:17,614 - INFO - 进度已保存至: articles/蜜蜂会MiForum逆袭之路_progress.md
2025-02-26 15:04:17,616 - INFO - 章节 '企业文化的传承与发展：价值观的坚守与创新' 写作完成，生成了 2836 字符
2025-02-26 15:04:40,121 - INFO - 进度已保存至: articles/蜜蜂会MiForum逆袭之路_progress.md
2025-02-26 15:04:40,122 - INFO - 章节 '社会责任与企业公民：回馈社会与贡献价值' 写作完成，生成了 2874 字符
2025-02-26 15:05:09,917 - INFO - 进度已保存至: articles/蜜蜂会MiForum逆袭之路_progress.md
2025-02-26 15:05:09,917 - INFO - 章节 '未来的展望：MiForum的下一个十年' 写作完成，生成了 1487 字符
2025-02-26 15:05:27,903 - INFO - 进度已保存至: articles/蜜蜂会MiForum逆袭之路_progress.md
2025-02-26 15:05:27,903 - INFO - 章节 '六位创始人的人生轨迹：各自的归宿与感悟' 写作完成，生成了 3156 字符
2025-02-26 15:05:45,173 - INFO - 进度已保存至: articles/蜜蜂会MiForum逆袭之路_progress.md
2025-02-26 15:05:45,173 - INFO - 章节 'MiForum逆袭之路：一个时代的缩影与启示' 写作完成，生成了 2294 字符
2025-02-26 15:06:00,511 - INFO - 进度已保存至: articles/蜜蜂会MiForum逆袭之路_progress.md
2025-02-26 15:06:00,512 - INFO - 章节 '尾声：未完待续的故事' 写作完成，生成了 1750 字符
2025-02-26 15:06:12,381 - INFO - 文章已保存至: articles/蜜蜂会MiForum逆袭之路_20250226_150612.md
2025-02-26 15:06:12,381 - INFO - 文章生成成功完成
2025-02-26 15:06:12,381 - INFO - 日志文件: logs/蜜蜂会MiForum逆袭之路_20250226_143759.log
2025-02-26 15:06:12,381 - INFO - 大纲文件: articles/蜜蜂会MiForum逆袭之路_20250226_143825_outline.json
2025-02-26 15:06:12,381 - INFO - 文章文件: articles/蜜蜂会MiForum逆袭之路_20250226_150612.md
