2025-02-14 16:50:27,048 - INFO - Starting enhanced article generation for: 蜜蜂会（MiForum）逆袭之路
2025-02-14 16:50:53,624 - INFO - Generated outline text:
好的，请看以下《蜜蜂会（MiForum）逆袭之路》的详细大纲：

**1. 引言：背景介绍（约500字）**

* 1.1 时代背景 （约150字）
    *  2002年，互联网在中国兴起，医疗信息化行业萌芽。医院信息化建设刚刚起步，市场潜力巨大，但同时也面临着技术、资金和观念的挑战。
    *  简要描述当时的社会经济和技术环境，突出医疗信息化行业的早期混沌和机遇并存的特点。
* 1.2 主要人物 （约200字）
    *  介绍蜜蜂会六位创始人：石头（技术核心，理想主义者），张琨（商业头脑，务实派），明哥（人脉广，擅长社交），晓阳（执行力强，行动派），Daniel（海归精英，国际视野），三石（资深行业专家，沉稳可靠）。
    *  每个人物用简洁的语言概括其性格特点和在团队中的角色，埋下人物关系和后续发展的伏笔。
* 1.3 核心事件 （约150字）
    *  蜜蜂会论坛的创立：六位创始人因共同的理想和对医疗信息化行业的看好，在简陋的条件下创建了MiForum论坛。
    *  论坛的初衷：搭建一个医疗信息化从业者的交流平台，分享技术、经验和行业信息，推动行业发展。
    *  预示论坛未来发展道路上的挑战和机遇，以及“逆袭”的主题。

**2. 第一章：初创维艰，论坛扬帆（约1000字）**

* 2.1  简陋起步：MiForum论坛的诞生 （约300字）
    *  描述六位创始人在极其简陋的条件下，如何克服技术、资金等困难，搭建起MiForum论坛的最初版本。
    *  突出创业初期的艰辛和六人团队的凝聚力，以及他们对医疗信息化未来的憧憬。
* 2.2  内容为王：论坛的早期发展 （约400字）
    *  初期论坛内容主要围绕技术交流和行业信息分享，吸引了一批早期的医疗信息化从业者。
    *  石头、三石等技术大牛在论坛上分享专业知识，迅速提升了论坛的专业性和影响力。
    *  张琨和明哥积极推广论坛，扩大用户群体，为论坛的早期发展奠定了基础。
* 2.3  初露锋芒：论坛的影响力扩大 （约300字）
    *  MiForum论坛逐渐在医疗信息化行业内崭露头角，成为从业者获取信息和交流的重要平台。
    *  一些医院和企业开始关注到MiForum论坛，并寻求合作机会。
    *  论坛的初步成功给六位创始人带来了信心，也让他们看到了更大的发展潜力。

**3. 第二章：商业化探索，遭遇瓶颈（约1200字）**

* 3.1  商业化萌芽：广告与会员模式的尝试 （约400字）
    *  随着论坛影响力的扩大，运营成本也随之增加，商业化成为必然选择。
    *  团队开始探索广告和会员模式，尝试将论坛流量转化为收入。
    *  初期商业化尝试并不顺利，广告收入微薄，会员付费意愿不高，遭遇商业化瓶颈。
* 3.2  分歧初现：理想与现实的碰撞 （约400字）
    *  商业化受挫，团队内部开始出现分歧。
    *  石头坚持论坛的公益性和技术交流的纯粹性，反对过度商业化。
    *  张琨和明哥则认为商业化是论坛生存和发展的必要条件，主张积极探索盈利模式。
    *  团队内部出现关于论坛发展方向的争论，埋下矛盾的种子。
* 3.3  危机暗涌：竞争对手的出现 （约400字）
    *  MiForum论坛的成功吸引了竞争对手的注意，市场上出现了一些类似的医疗信息化论坛。
    *  竞争对手采取更激进的商业化策略，对MiForum论坛造成了一定的冲击。
    *  外部竞争加剧了MiForum论坛的生存压力，团队面临新的挑战。

**4. 第三章：困境求变，转型之路（约1300字）**

* 4.1  痛定思痛：反思与调整 （约400字）
    *  商业化瓶颈和外部竞争让团队意识到，MiForum论坛需要转型升级。
    *  团队进行深入反思，总结经验教训，重新审视论坛的定位和发展方向。
    *  认识到单纯依靠广告和会员模式无法支撑论坛的长期发展，必须寻找新的增长点。
* 4.2  战略转移：从论坛到服务平台的转变 （约500字）
    *  团队决定将MiForum论坛从单纯的交流平台，转型为提供更专业、更深入服务的平台。
    *  开始尝试为医院和企业提供定制化的医疗信息化解决方案咨询服务。
    *  利用论坛积累的技术和行业资源，拓展业务范围，寻找新的盈利模式。
* 4.3  初见成效：咨询业务的起步 （约400字）
    *  转型初期，咨询业务进展缓慢，但逐渐获得了一些医院和企业的认可。
    *  Daniel利用其国际视野和资源，帮助论坛拓展海外市场，获得了一些国际合作机会。
    *  咨询业务的初步成功，为论坛的转型之路带来了曙光，也增强了团队的信心。

**5. 第四章：业务拓展，规模扩张（约1500字）**

* 5.1  深耕细作：咨询业务的深化与拓展 （约500字）
    *  团队加大对咨询业务的投入，组建专业的咨询团队，提升服务能力。
    *  针对不同类型医院和企业的需求，开发多样化的咨询产品和服务。
    *  通过口碑传播和案例积累，MiForum论坛的咨询业务逐渐在行业内树立了专业形象。
* 5.2  产品研发：自主知识产权的探索 （约500字）
    *  在咨询业务的基础上，团队开始探索自主产品研发，寻求更可持续的盈利模式。
    *  石头带领技术团队，基于对行业需求的深刻理解，研发具有自主知识产权的医疗信息化产品。
    *  初期产品研发投入巨大，风险很高，但团队坚信自主产品是论坛未来发展的关键。
* 5.3  资本助力：引入战略投资 （约500字）
    *  为了加速业务扩张和产品研发，MiForum论坛开始寻求外部融资。
    *  明哥利用人脉关系，成功引入了一家专注于医疗健康领域的战略投资机构。
    *  战略投资的注入，为MiForum论坛的发展提供了资金支持，也带来了更规范的管理和运营体系。

**6. 第五章：风雨兼程，挑战升级（约1400字）**

* 6.1  市场竞争白热化：同质化与价格战 （约450字）
    *  随着医疗信息化市场的快速发展，竞争也变得更加激烈。
    *  市场上涌现出大量同质化的产品和服务，价格战成为常态。
    *  MiForum论坛面临着来自传统IT企业和新兴互联网企业的双重竞争压力。
* 6.2  内部矛盾激化：利益分配与发展方向之争 （约450字）
    *  随着公司规模的扩大和利益的增加，团队内部的矛盾也逐渐激化。
    *  早期的股权分配和利益分配机制开始显现不足，引发团队成员之间的不满。
    *  关于公司未来的发展方向，团队内部再次出现分歧，甚至面临分裂的危机。
* 6.3  重大危机：技术故障与信任危机 （约500字）
    *  公司核心产品出现重大技术故障，导致多家合作医院的系统瘫痪。
    *  事故引发了严重的信任危机，客户纷纷要求赔偿，甚至解约。
    *  MiForum论坛面临成立以来最大的危机，生死存亡之际，团队需要团结一致，共同应对。

**7. 第六章：绝地反击，涅槃重生（约1300字）**

* 7.1  力挽狂澜：技术团队的紧急修复 （约400字）
    *  危机时刻，石头带领技术团队夜以继日地进行技术攻关，紧急修复系统故障。
    *  晓阳带领团队积极与客户沟通，安抚客户情绪，争取客户的谅解和支持。
    *  团队展现出强大的凝聚力和执行力，为化解危机争取了时间。
* 7.2  危机公关：重建信任与品牌形象 （约450字）
    *  公司启动危机公关，公开道歉，承担责任，并积极赔偿客户损失。
    *  通过媒体沟通和行业会议等渠道，向外界澄清事实，重建品牌形象和行业信任。
    *  Daniel利用海外资源，引入国际先进的技术和管理经验，提升公司的整体实力。
* 7.3  浴火重生：创新驱动，重塑辉煌 （约450字）
    *  经历 кризис 后，团队更加团结，也更加清醒地认识到创新的重要性。
    *  加大研发投入，推出更具竞争力的创新产品和服务，重塑市场地位。
    *  MiForum论坛涅槃重生，重新焕发活力，走上快速发展的轨道。

**8. 第七章：资本运作，上市之路（约1200字）**

* 8.1  规范运营：完善公司治理结构 （约400字）
    *  为了满足上市要求，公司进行全面的规范化运营改造。
    *  完善公司治理结构，引入独立的董事和监事，提升公司透明度和规范性。
    *  加强财务管理和内部控制，确保公司财务数据的真实性和可靠性。
* 8.2  Pre-IPO融资：吸引更多战略投资者 （约400字）
    *  为了进一步扩大规模和提升估值，公司进行Pre-IPO融资。
    *  吸引了更多国内外知名的战略投资者和财务投资者，为上市奠定了坚实的基础。
    *  三石凭借其行业资深经验，为公司上市战略提供了重要支持。
* 8.3  成功上市：MiForum的里程碑 （约400字）
    *  MiForum论坛成功在证券交易所上市，成为医疗信息化行业的明星企业。
    *  上市仪式盛况空前，六位创始人激动不已，回顾创业历程，感慨万千。
    *  MiForum论坛的成功上市，标志着其“逆袭之路”取得阶段性胜利，也开启了新的篇章。

**9. 第八章：展望未来，再创辉煌（约800字）**

* 9.1  新的起点：上市后的发展战略 （约300字）
    *  上市后，MiForum论坛面临新的机遇和挑战。
    *  公司制定新的发展战略，加大研发投入，拓展新的业务领域，布局未来市场。
    *  目标是成为全球领先的医疗信息化解决方案提供商，为人类健康事业做出更大贡献。
* 9.2  不忘初心：坚守理想与情怀 （约300字）
    *  即使公司已经成功上市，六位创始人仍然不忘初心，坚守创业时的理想和情怀。
    *  继续维护MiForum论坛的公益性和技术交流的氛围，回馈行业和社会。
    *  强调蜜蜂会团队的团结协作精神，以及对医疗信息化事业的热爱和执着。
* 9.3  无限可能：MiForum的未来展望 （约200字）
    *  展望MiForum论坛在医疗信息化领域的未来发展前景，充满信心和希望。
    *  预示MiForum论坛将继续书写新的辉煌，为城市科幻逆袭爽文画上圆满的句号。

**总字数：约 10000字**

希望这个大纲能够满足您的要求，并为您的创作提供清晰的思路和方向。
2025-02-14 16:50:53,626 - WARNING - Total word count 0 is not within 10% of target 10000
2025-02-14 16:50:53,626 - INFO - Parsed outline sections: []
2025-02-14 16:50:53,626 - ERROR - Exiting due to outline generation failure.
