2025-02-26 15:14:07,875 - INFO - Starting article generation for: 蜜蜂会（MiForum）逆袭之路
2025-02-26 15:14:07,875 - INFO - Log file created at: logs/蜜蜂会MiForum逆袭之路_20250226_151407.log
2025-02-26 15:14:07,875 - INFO - Generating outline for title: 蜜蜂会（MiForum）逆袭之路, length: 100000, genre: 城市科幻逆袭爽文（王朔风格）, language: 中文
2025-02-26 15:14:46,846 - INFO - Parsing outline text:
```json
{
    "sections": [
        {
            "title": "第一卷：草莽英雄起微时 (字数：约15000字)",
            "length": 15000,
            "level": 1,
            "key_points": ["2002年，MiForum论坛诞生", "六位创始人背景介绍，性格初现", "论坛初创期的艰辛与梦想", "第一桶金的积累", "早期感情萌芽"]
        },
        {
            "title": "第一章：燕京胡同里的呐喊 (字数：约5000字)",
            "length": 5000,
            "level": 2,
            "key_points": ["2002年夏，北京，酷暑难耐", "石头和张琨在狭小的出租屋里，构思MiForum的雏形", "明哥的加入，带来技术支持", "晓阳的营销鬼才初显", "Daniel的海归背景和国际视野", "三石的踏实肯干", "论坛名字的由来：蜜蜂会，象征团结和效率"]
        },
        {
            "title": "1.1 初创萌芽：六人草台班子 (字数：约2000字)",
            "length": 2000,
            "level": 3,
            "key_points": ["六位主人公的背景故事：程序员石头，销售张琨，技术明哥，营销晓阳，海归Daniel，财务三石", "六人性格迥异，但都怀揣着互联网创业梦想", "最初的启动资金：东拼西凑，甚至卖血", "办公地点：破旧的四合院，夏热冬冷", "早期遇到的技术难题和服务器崩溃"]
        },
        {
            "title": "1.2 论坛上线：医疗圈的小小涟漪 (字数：约2000字)",
            "length": 2000,
            "level": 3,
            "key_points": ["MiForum论坛正式上线，界面简陋，内容粗糙", "初期用户：主要是六人的朋友和熟人，以及一些医疗行业的从业者", "论坛内容：行业资讯，技术交流，甚至八卦闲聊", "第一批用户的反馈：褒贬不一，但总体正面", "第一次线下聚会：简陋的火锅局，梦想的火花"]
        },
        {
            "title": "1.3 第一桶金：灰色地带的生存法则 (字数：约1000字)",
            "length": 1000,
            "level": 3,
            "key_points": ["论坛流量渐涨，开始尝试广告变现", "最初的广告客户：一些小型的医疗器械公司和医药代表", "灰色收入：论坛上的“专家咨询”和“资源对接”", "道德与利益的挣扎：王朔式的黑色幽默和自我嘲讽", "艰难的生存，为了梦想不得不妥协"]
        },
        {
            "title": "第二章：欲望都市的暗流涌动 (字数：约5000字)",
            "length": 5000,
            "level": 2,
            "key_points": ["论坛初具规模，团队搬进写字楼", "接触到更高级别的医疗机构和企业", "利益诱惑下的暗流涌动", "初识性感女主角：柳菲菲", "情感纠葛的开端：石头和柳菲菲的暧昧", "兄弟情谊的裂痕"]
        },
        {
            "title": "2.1 进军CBD：告别胡同，拥抱高楼 (字数：约2000字)",
            "length": 2000,
            "level": 3,
            "key_points": ["告别破旧四合院，搬入CBD写字楼，环境改善，但租金压力倍增", "团队扩充：招聘新员工，引入专业人才", "公司架构初步建立：技术部，市场部，运营部", "开始接触大型医院和医疗集团", "行业内的竞争对手开始出现"]
        },
        {
            "title": "2.2 红酒，高跟鞋，和潜规则：柳菲菲的出现 (字数：约2000字)",
            "length": 2000,
            "level": 3,
            "key_points": ["一次行业会议，石头邂逅性感迷人的医药代表柳菲菲", "柳菲菲的背景：外企高管的情人，游走于权贵之间", "柳菲菲的目的：利用MiForum平台推广产品，获取利益", "石头被柳菲菲的美貌和成熟魅力吸引", "两人开始频繁接触，关系暧昧升级"]
        },
        {
            "title": "2.3 兄弟阋墙：利益与情感的冲突 (字数：约1000字)",
            "length": 1000,
            "level": 3,
            "key_points": ["张琨发现石头和柳菲菲的暧昧关系，醋意大发，因为张琨也对柳菲菲有好感", "明哥，晓阳，Daniel，三石也察觉到团队内部的微妙变化", "兄弟之间开始产生隔阂，争吵和猜疑增多", "团队面临分裂的危机，梦想蒙上阴影"]
        },
        {
            "title": "第二卷：野蛮生长与阵痛 (字数：约25000字)",
            "length": 25000,
            "level": 1,
            "key_points": ["MiForum快速发展，成为行业内知名平台", "商业模式逐渐清晰，盈利能力增强", "资本的关注，天使轮融资", "技术升级和产品迭代", "情感线的深入：婚外情，三角恋，爱恨交织", "行业竞争加剧，危机暗藏"]
        },
        {
            "title": "第三章：资本游戏的诱惑与陷阱 (字数：约6000字)",
            "length": 6000,
            "level": 2,
            "key_points": ["MiForum的快速发展引起资本市场的关注", "天使轮融资谈判，投资人的强势与创业者的妥协", "资金注入，公司规模迅速扩张", "纸醉金迷的生活方式，价值观的扭曲", "资本带来的短期繁荣和长期隐患"]
        },
        {
            "title": "3.1 天使降临：风投的橄榄枝 (字数：约2000字)",
            "length": 2000,
            "level": 3,
            "key_points": ["多家风投机构主动接触MiForum，抛出橄榄枝", "谈判桌上的博弈：估值，股权，对赌协议", "最终选择某知名风投，获得天使轮融资", "庆功宴上的狂欢，飘飘然的自我膨胀", "对资本的认知：既是机遇，也是挑战"]
        },
        {
            "title": "3.2 欲望都市：金钱，美女，和迷失的自我 (字数：约2000字)",
            "length": 2000,
            "level": 3,
            "key_points": ["融资后，公司搬入更豪华的办公室，员工福利大幅提升", "石头，张琨等人开始追求奢侈的生活方式：名车，名表，派对", "各种美女环绕，情感生活更加混乱", "石头与柳菲菲的关系更加深入，甚至发展成婚外情", "团队成员开始迷失自我，初心渐远"]
        },
        {
            "title": "3.3 扩张的代价：技术瓶颈与管理混乱 (字数：约2000字)",
            "length": 2000,
            "level": 3,
            "key_points": ["公司规模迅速扩张，技术团队和管理团队跟不上节奏", "技术瓶颈显现：服务器压力增大，系统漏洞频出", "管理混乱：部门之间沟通不畅，效率低下", "用户体验下降，投诉增多", "危机开始显现，繁荣景象下的隐忧"]
        },
        {
            "title": "第四章：情网纠葛与信任危机 (字数：约7000字)",
            "length": 7000,
            "level": 2,
            "key_points": ["石头婚外情曝光，引发家庭危机", "张琨与新晋性感女员工安娜的暧昧关系", "明哥陷入三角恋，左右为难", "晓阳的情感游戏，玩火自焚", "Daniel的异国情缘，文化冲突", "三石的默默守护，情路坎坷", "团队信任危机爆发，面临解体风险"]
        },
        {
            "title": "4.1 秘密曝光：石头婚外情的潘多拉魔盒 (字数：约2500字)",
            "length": 2500,
            "level": 3,
            "key_points": ["石头的妻子发现了他和柳菲菲的婚外情，家庭战争爆发", "妻子闹到公司，柳菲菲被推到风口浪尖", "石头的事业和家庭面临双重危机", "兄弟们对石头的行为感到失望和愤怒", "团队内部气氛紧张，信任瓦解"]
        },
        {
            "title": "4.2 新欢旧爱：张琨与安娜的办公室恋情 (字数：约2000字)",
            "length": 2000,
            "level": 3,
            "key_points": ["张琨在公司内部与新来的性感女员工安娜擦出火花", "安娜的背景：野心勃勃，善于利用自身优势", "张琨陷入新的情感漩涡，与安娜的办公室恋情愈演愈烈", "安娜的出现加剧了团队内部的矛盾，引发新的冲突"]
        },
        {
            "title": "4.3 三角迷局：明哥的爱恨抉择 (字数：约2500字)",
            "length": 2500,
            "level": 3,
            "key_points": ["技术宅男明哥同时被两位性格迥异的女性追求", "一位是温柔贤淑的青梅竹马，一位是性感火辣的职场御姐", "明哥陷入三角恋的迷局，难以抉择", "情感的困扰影响了他的工作状态，技术团队面临危机", "最终的抉择，以及抉择带来的后果"]
        },
        {
            "title": "第五章：行业风暴与生死存亡 (字数：约7000字)",
            "length": 7000,
            "level": 2,
            "key_points": ["医疗信息化行业政策变动，市场竞争白热化", "竞争对手恶意打压，MiForum面临生存危机", "技术漏洞被攻击，用户数据泄露", "资金链断裂，公司运营困难", "团队面临生死考验，绝地反击的决心"]
        },
        {
            "title": "5.1 政策寒冬：行业洗牌，优胜劣汰 (字数：约2000字)",
            "length": 2000,
            "level": 3,
            "key_points": ["国家出台新的医疗信息化政策，行业监管趋严", "小型平台生存空间被压缩，行业面临洗牌", "MiForum受到政策冲击，业务发展受阻", "竞争对手趁机发力，市场份额被蚕食", "生存危机迫在眉睫，必须转型升级"]
        },
        {
            "title": "5.2 商业狙击：恶意竞争，暗箭难防 (字数：约2500字)",
            "length": 2500,
            "level": 3,
            "key_points": ["竞争对手采取不正当手段打压MiForum", "恶意散布谣言，抹黑MiForum品牌形象", "挖角MiForum核心员工，技术团队动荡", "甚至雇佣黑客攻击MiForum网站，造成用户流失", "商业竞争的残酷性，弱肉强食的丛林法则"]
        },
        {
            "title": "5.3 数据泄露：信任崩塌，雪上加霜 (字数：约2500字)",
            "length": 2500,
            "level": 3,
            "key_points": ["MiForum网站遭遇黑客攻击，大量用户数据泄露", "用户隐私泄露事件引发舆论哗然", "用户信任度降至冰点，平台面临崩塌", "危机公关的失败，火上浇油", "内忧外患，MiForum命悬一线"]
        },
        {
            "title": "第三卷：绝地反击与涅槃重生 (字数：约30000字)",
            "length": 30000,
            "level": 1,
            "key_points": ["团队反思和团结，重拾初心", "技术升级，产品创新，提升用户体验", "危机公关，重建用户信任", "寻找新的盈利模式，拓展业务范围", "B轮融资，引入战略投资者", "情感线的转折：浪子回头，重归家庭，新的爱情萌芽", "MiForum走出困境，重焕生机"]
        },
        {
            "title": "第六章：反思，救赎，与重塑 (字数：约8000字)",
            "length": 8000,
            "level": 2,
            "key_points": ["团队深刻反思过去的错误和教训", "石头回归家庭，寻求妻子的原谅", "张琨与安娜分手，重新审视情感", "明哥做出情感抉择，承担责任", "晓阳放下玩世不恭，开始认真对待感情", "Daniel走出异国恋情阴影，更加成熟", "三石的坚持和付出，得到回报", "团队重新凝聚，重拾创业初心"]
        },
        {
            "title": "6.1 深夜长谈：灵魂拷问与自我救赎 (字数：约3000字)",
            "length": 3000,
            "level": 3,
            "key_points": ["六位创始人进行一次深入的灵魂对话", "坦诚面对各自的问题和错误", "反思金钱，欲望，情感对人性的腐蚀", "重温创业梦想，寻找初心", "达成共识：必须改变，才能重生", "团队氛围开始转变，积极向上的力量重新凝聚"]
        },
        {
            "title": "6.2 浪子回头：石头的家庭保卫战 (字数：约2500字)",
            "length": 2500,
            "level": 3,
            "key_points": ["石头深刻反省自己的婚外情行为，决心挽回家庭", "真诚向妻子道歉，坦白一切", "用实际行动弥补过错，重新赢得妻子的信任", "与柳菲菲彻底断绝关系，斩断情丝", "家庭危机逐渐化解，重归平静"]
        },
        {
            "title": "6.3 情感断舍离：张琨的成熟与蜕变 (字数：约2500字)",
            "length": 2500,
            "level": 3,
            "key_points": ["张琨认清安娜的真实目的，果断结束办公室恋情", "反思自己对情感的轻浮态度，决心成熟起来", "将精力投入到工作中，提升业务能力", "开始认真对待感情，期待真正的爱情", "情感上的成长与蜕变"]
        },
        {
            "title": "第七章：技术突围与产品升级 (字数：约8000字)",
            "length": 8000,
            "level": 2,
            "key_points": ["加大技术投入，解决技术瓶颈", "产品全面升级，提升用户体验", "引入人工智能，大数据等新技术", "开发新的医疗信息化产品线", "技术创新成为MiForum的核心竞争力"]
        },
        {
            "title": "7.1 技术攻坚战：重塑技术壁垒 (字数：约3000字)",
            "length": 3000,
            "level": 3,
            "key_points": ["明哥带领技术团队进行技术攻坚，解决服务器压力和系统漏洞问题", "引进更先进的技术架构和安全技术", "重构MiForum底层代码，提升系统稳定性", "技术团队加班加点，夜以继日", "技术瓶颈突破，技术壁垒重新建立"]
        },
        {
            "title": "7.2 用户至上：产品体验全面升级 (字数：约2500字)",
            "length": 2500,
            "level": 3,
            "key_points": ["以用户需求为导向，全面升级MiForum产品", "优化用户界面，提升用户体验", "增加新的功能模块，满足用户多样化需求", "重视用户反馈，快速迭代产品", "用户满意度大幅提升，用户口碑逐渐恢复"]
        },
        {
            "title": "7.3 科技赋能：人工智能与大数据战略 (字数：约2500字)",
            "length": 2500,
            "level": 3,
            "key_points": ["MiForum引入人工智能和大数据技术，提升产品智能化水平", "开发基于人工智能的医疗辅助诊断系统", "利用大数据分析用户行为，精准推送信息", "科技赋能，产品竞争力大幅提升", "MiForum走上科技创新之路"]
        },
        {
            "title": "第八章：资本助力与战略转型 (字数：约6000字)",
            "length": 6000,
            "level": 2,
            "key_points": ["B轮融资成功，引入战略投资者", "业务拓展，进军智慧医疗领域", "与大型医疗机构深度合作", "商业模式转型升级，盈利能力大幅提升", "MiForum迎来新的发展机遇"]
        },
        {
            "title": "8.1 B轮融资：资本市场的再次认可 (字数：约2500字)",
            "length": 2500,
            "level": 3,
            "key_points": ["MiForum的技术升级和产品创新获得资本市场认可", "成功完成B轮融资，融资金额巨大", "引入新的战略投资者，为未来发展提供资金支持", "资本助力，MiForum发展驶入快车道"]
        },
        {
            "title": "8.2 智慧医疗：开辟新战场 (字数：约2000字)",
            "length": 2000,
            "level": 3,
            "key_points": ["MiForum抓住智慧医疗发展机遇，拓展新的业务领域", "进军远程医疗，在线问诊，健康管理等领域", "与大型医疗机构建立战略合作关系", "智慧医疗业务成为新的增长点，盈利模式更加多元化"]
        },
        {
            "title": "8.3 商业模式升级：从论坛到平台 (字数：约1500字)",
            "length": 1500,
            "level": 3,
            "key_points": ["MiForum商业模式从单纯的论坛平台升级为综合性医疗信息化服务平台", "提供更全面的产品和服务，满足用户多样化需求", "盈利模式更加多元化，抗风险能力增强", "MiForum完成战略转型，走向成熟"]
        },
        {
            "title": "第四卷：王者归来与荣耀加冕 (字数：约30000字)",
            "length": 30000,
            "level": 1,
            "key_points": ["MiForum重回行业领先地位", "IPO准备，冲刺上市", "资本市场的追捧，估值飙升", "功成名就，实现逆袭", "情感线的圆满：爱情，友情，亲情", "新的挑战与未来展望"]
        },
        {
            "title": "第九章：上市之路与资本盛宴 (字数：约8000字)",
            "length": 8000,
            "level": 2,
            "key_points": ["MiForum启动IPO计划，准备上市", "券商，律师，会计师团队进场，进行上市辅导", "路演，招股，资本市场反响热烈", "成功上市，敲钟仪式，功成名就", "财富自由，名利双收，资本盛宴开启"]
        },
        {
            "title": "9.1 IPO启动：梦想照进现实 (字数：约3000字)",
            "length": 3000,
            "level": 3,
            "key_points": ["MiForum业绩持续增长，符合上市条件，启动IPO计划", "聘请专业团队进行上市辅导", "准备上市材料，接受监管机构审核", "IPO之路充满挑战，但也充满希望", "创业梦想即将实现，激动与忐忑并存"]
        },
        {
            "title": "9.2 资本狂欢：路演与招股盛况 (字数：约2500字)",
            "length": 2500,
            "level": 3,
            "key_points": ["MiForum团队进行全球路演，向投资者介绍公司业务和发展前景", "资本市场反响热烈，投资者争相认购", "招股阶段超额认购，股价一路飙升", "资本市场对MiForum的认可，估值不断攀升", "资本狂欢，财富效应显现"]
        },
        {
            "title": "9.3 敲钟时刻：荣耀加冕，功成名就 (字数：约2500字)",
            "length": 2500,
            "level": 3,
            "key_points": ["MiForum成功上市，在交易所举行敲钟仪式", "六位创始人携手敲钟，见证荣耀时刻", "鲜花，掌声，镁光灯，媒体聚焦", "功成名就，梦想成真，喜极而泣", "财富自由，人生巅峰，新的起点"]
        },
        {
            "title": "第十章：情感归宿与未来展望 (字数：约7000字)",
            "length": 7000,
            "level": 2,
            "key_points": ["石头与妻子重归于好，家庭美满", "张琨遇到真爱，开启新的恋情", "明哥与心爱之人携手未来", "晓阳浪子回头，收获真挚情感", "Daniel在异国找到归属感", "三石默默守护的爱情，终有回应", "兄弟情谊更加深厚，共同展望MiForum的未来"]
        },
        {
            "title": "10.1 爱在回归：家庭的温暖与力量 (字数：约2500字)",
            "length": 2500,
            "level": 3,
            "key_points": ["石头与妻子冰释前嫌，重归于好", "家庭氛围温馨和谐，弥补了过去的裂痕", "家庭成为石头事业成功的坚强后盾", "亲情的力量，温暖人心，治愈伤痛", "家庭的回归，人生的圆满"]
        },
        {
            "title": "10.2 真爱降临：各自的情感归宿 (字数：约3000字)",
            "length": 3000,
            "level": 3,
            "key_points": ["张琨遇到真正欣赏他，理解他的女性，开启新的恋情", "明哥与心爱之人修成正果，携手步入婚姻殿堂", "晓阳浪子回头，遇到愿意包容他的女孩，收获真挚情感", "Daniel在异国他乡找到 soulmate，爱情跨越国界", "三石默默守护的爱情，最终得到回应，有情人终成眷属", "每个人都找到了属于自己的情感归宿，爱情的甜蜜与美好"]
        },
        {
            "title": "10.3 未来已来：MiForum的新征程 (字数：约1500字)",
            "length": 1500,
            "level": 3,
            "key_points": ["MiForum成功上市后，面临新的发展机遇和挑战", "继续深耕医疗信息化领域，拓展国际市场", "加大研发投入，保持技术领先优势", "回馈社会，承担企业社会责任", "MiForum的未来充满希望，新征程即将开启", "开放式结局，留下想象空间"]
        }
    ]
}
```
2025-02-26 15:14:46,853 - INFO - Successfully parsed outline: {
  "sections": [
    {
      "title": "第一卷：草莽英雄起微时 (字数：约15000字)",
      "length": 15000,
      "level": 1,
      "key_points": [
        "2002年，MiForum论坛诞生",
        "六位创始人背景介绍，性格初现",
        "论坛初创期的艰辛与梦想",
        "第一桶金的积累",
        "早期感情萌芽"
      ]
    },
    {
      "title": "第一章：燕京胡同里的呐喊 (字数：约5000字)",
      "length": 5000,
      "level": 2,
      "key_points": [
        "2002年夏，北京，酷暑难耐",
        "石头和张琨在狭小的出租屋里，构思MiForum的雏形",
        "明哥的加入，带来技术支持",
        "晓阳的营销鬼才初显",
        "Daniel的海归背景和国际视野",
        "三石的踏实肯干",
        "论坛名字的由来：蜜蜂会，象征团结和效率"
      ]
    },
    {
      "title": "1.1 初创萌芽：六人草台班子 (字数：约2000字)",
      "length": 2000,
      "level": 3,
      "key_points": [
        "六位主人公的背景故事：程序员石头，销售张琨，技术明哥，营销晓阳，海归Daniel，财务三石",
        "六人性格迥异，但都怀揣着互联网创业梦想",
        "最初的启动资金：东拼西凑，甚至卖血",
        "办公地点：破旧的四合院，夏热冬冷",
        "早期遇到的技术难题和服务器崩溃"
      ]
    },
    {
      "title": "1.2 论坛上线：医疗圈的小小涟漪 (字数：约2000字)",
      "length": 2000,
      "level": 3,
      "key_points": [
        "MiForum论坛正式上线，界面简陋，内容粗糙",
        "初期用户：主要是六人的朋友和熟人，以及一些医疗行业的从业者",
        "论坛内容：行业资讯，技术交流，甚至八卦闲聊",
        "第一批用户的反馈：褒贬不一，但总体正面",
        "第一次线下聚会：简陋的火锅局，梦想的火花"
      ]
    },
    {
      "title": "1.3 第一桶金：灰色地带的生存法则 (字数：约1000字)",
      "length": 1000,
      "level": 3,
      "key_points": [
        "论坛流量渐涨，开始尝试广告变现",
        "最初的广告客户：一些小型的医疗器械公司和医药代表",
        "灰色收入：论坛上的“专家咨询”和“资源对接”",
        "道德与利益的挣扎：王朔式的黑色幽默和自我嘲讽",
        "艰难的生存，为了梦想不得不妥协"
      ]
    },
    {
      "title": "第二章：欲望都市的暗流涌动 (字数：约5000字)",
      "length": 5000,
      "level": 2,
      "key_points": [
        "论坛初具规模，团队搬进写字楼",
        "接触到更高级别的医疗机构和企业",
        "利益诱惑下的暗流涌动",
        "初识性感女主角：柳菲菲",
        "情感纠葛的开端：石头和柳菲菲的暧昧",
        "兄弟情谊的裂痕"
      ]
    },
    {
      "title": "2.1 进军CBD：告别胡同，拥抱高楼 (字数：约2000字)",
      "length": 2000,
      "level": 3,
      "key_points": [
        "告别破旧四合院，搬入CBD写字楼，环境改善，但租金压力倍增",
        "团队扩充：招聘新员工，引入专业人才",
        "公司架构初步建立：技术部，市场部，运营部",
        "开始接触大型医院和医疗集团",
        "行业内的竞争对手开始出现"
      ]
    },
    {
      "title": "2.2 红酒，高跟鞋，和潜规则：柳菲菲的出现 (字数：约2000字)",
      "length": 2000,
      "level": 3,
      "key_points": [
        "一次行业会议，石头邂逅性感迷人的医药代表柳菲菲",
        "柳菲菲的背景：外企高管的情人，游走于权贵之间",
        "柳菲菲的目的：利用MiForum平台推广产品，获取利益",
        "石头被柳菲菲的美貌和成熟魅力吸引",
        "两人开始频繁接触，关系暧昧升级"
      ]
    },
    {
      "title": "2.3 兄弟阋墙：利益与情感的冲突 (字数：约1000字)",
      "length": 1000,
      "level": 3,
      "key_points": [
        "张琨发现石头和柳菲菲的暧昧关系，醋意大发，因为张琨也对柳菲菲有好感",
        "明哥，晓阳，Daniel，三石也察觉到团队内部的微妙变化",
        "兄弟之间开始产生隔阂，争吵和猜疑增多",
        "团队面临分裂的危机，梦想蒙上阴影"
      ]
    },
    {
      "title": "第二卷：野蛮生长与阵痛 (字数：约25000字)",
      "length": 25000,
      "level": 1,
      "key_points": [
        "MiForum快速发展，成为行业内知名平台",
        "商业模式逐渐清晰，盈利能力增强",
        "资本的关注，天使轮融资",
        "技术升级和产品迭代",
        "情感线的深入：婚外情，三角恋，爱恨交织",
        "行业竞争加剧，危机暗藏"
      ]
    },
    {
      "title": "第三章：资本游戏的诱惑与陷阱 (字数：约6000字)",
      "length": 6000,
      "level": 2,
      "key_points": [
        "MiForum的快速发展引起资本市场的关注",
        "天使轮融资谈判，投资人的强势与创业者的妥协",
        "资金注入，公司规模迅速扩张",
        "纸醉金迷的生活方式，价值观的扭曲",
        "资本带来的短期繁荣和长期隐患"
      ]
    },
    {
      "title": "3.1 天使降临：风投的橄榄枝 (字数：约2000字)",
      "length": 2000,
      "level": 3,
      "key_points": [
        "多家风投机构主动接触MiForum，抛出橄榄枝",
        "谈判桌上的博弈：估值，股权，对赌协议",
        "最终选择某知名风投，获得天使轮融资",
        "庆功宴上的狂欢，飘飘然的自我膨胀",
        "对资本的认知：既是机遇，也是挑战"
      ]
    },
    {
      "title": "3.2 欲望都市：金钱，美女，和迷失的自我 (字数：约2000字)",
      "length": 2000,
      "level": 3,
      "key_points": [
        "融资后，公司搬入更豪华的办公室，员工福利大幅提升",
        "石头，张琨等人开始追求奢侈的生活方式：名车，名表，派对",
        "各种美女环绕，情感生活更加混乱",
        "石头与柳菲菲的关系更加深入，甚至发展成婚外情",
        "团队成员开始迷失自我，初心渐远"
      ]
    },
    {
      "title": "3.3 扩张的代价：技术瓶颈与管理混乱 (字数：约2000字)",
      "length": 2000,
      "level": 3,
      "key_points": [
        "公司规模迅速扩张，技术团队和管理团队跟不上节奏",
        "技术瓶颈显现：服务器压力增大，系统漏洞频出",
        "管理混乱：部门之间沟通不畅，效率低下",
        "用户体验下降，投诉增多",
        "危机开始显现，繁荣景象下的隐忧"
      ]
    },
    {
      "title": "第四章：情网纠葛与信任危机 (字数：约7000字)",
      "length": 7000,
      "level": 2,
      "key_points": [
        "石头婚外情曝光，引发家庭危机",
        "张琨与新晋性感女员工安娜的暧昧关系",
        "明哥陷入三角恋，左右为难",
        "晓阳的情感游戏，玩火自焚",
        "Daniel的异国情缘，文化冲突",
        "三石的默默守护，情路坎坷",
        "团队信任危机爆发，面临解体风险"
      ]
    },
    {
      "title": "4.1 秘密曝光：石头婚外情的潘多拉魔盒 (字数：约2500字)",
      "length": 2500,
      "level": 3,
      "key_points": [
        "石头的妻子发现了他和柳菲菲的婚外情，家庭战争爆发",
        "妻子闹到公司，柳菲菲被推到风口浪尖",
        "石头的事业和家庭面临双重危机",
        "兄弟们对石头的行为感到失望和愤怒",
        "团队内部气氛紧张，信任瓦解"
      ]
    },
    {
      "title": "4.2 新欢旧爱：张琨与安娜的办公室恋情 (字数：约2000字)",
      "length": 2000,
      "level": 3,
      "key_points": [
        "张琨在公司内部与新来的性感女员工安娜擦出火花",
        "安娜的背景：野心勃勃，善于利用自身优势",
        "张琨陷入新的情感漩涡，与安娜的办公室恋情愈演愈烈",
        "安娜的出现加剧了团队内部的矛盾，引发新的冲突"
      ]
    },
    {
      "title": "4.3 三角迷局：明哥的爱恨抉择 (字数：约2500字)",
      "length": 2500,
      "level": 3,
      "key_points": [
        "技术宅男明哥同时被两位性格迥异的女性追求",
        "一位是温柔贤淑的青梅竹马，一位是性感火辣的职场御姐",
        "明哥陷入三角恋的迷局，难以抉择",
        "情感的困扰影响了他的工作状态，技术团队面临危机",
        "最终的抉择，以及抉择带来的后果"
      ]
    },
    {
      "title": "第五章：行业风暴与生死存亡 (字数：约7000字)",
      "length": 7000,
      "level": 2,
      "key_points": [
        "医疗信息化行业政策变动，市场竞争白热化",
        "竞争对手恶意打压，MiForum面临生存危机",
        "技术漏洞被攻击，用户数据泄露",
        "资金链断裂，公司运营困难",
        "团队面临生死考验，绝地反击的决心"
      ]
    },
    {
      "title": "5.1 政策寒冬：行业洗牌，优胜劣汰 (字数：约2000字)",
      "length": 2000,
      "level": 3,
      "key_points": [
        "国家出台新的医疗信息化政策，行业监管趋严",
        "小型平台生存空间被压缩，行业面临洗牌",
        "MiForum受到政策冲击，业务发展受阻",
        "竞争对手趁机发力，市场份额被蚕食",
        "生存危机迫在眉睫，必须转型升级"
      ]
    },
    {
      "title": "5.2 商业狙击：恶意竞争，暗箭难防 (字数：约2500字)",
      "length": 2500,
      "level": 3,
      "key_points": [
        "竞争对手采取不正当手段打压MiForum",
        "恶意散布谣言，抹黑MiForum品牌形象",
        "挖角MiForum核心员工，技术团队动荡",
        "甚至雇佣黑客攻击MiForum网站，造成用户流失",
        "商业竞争的残酷性，弱肉强食的丛林法则"
      ]
    },
    {
      "title": "5.3 数据泄露：信任崩塌，雪上加霜 (字数：约2500字)",
      "length": 2500,
      "level": 3,
      "key_points": [
        "MiForum网站遭遇黑客攻击，大量用户数据泄露",
        "用户隐私泄露事件引发舆论哗然",
        "用户信任度降至冰点，平台面临崩塌",
        "危机公关的失败，火上浇油",
        "内忧外患，MiForum命悬一线"
      ]
    },
    {
      "title": "第三卷：绝地反击与涅槃重生 (字数：约30000字)",
      "length": 30000,
      "level": 1,
      "key_points": [
        "团队反思和团结，重拾初心",
        "技术升级，产品创新，提升用户体验",
        "危机公关，重建用户信任",
        "寻找新的盈利模式，拓展业务范围",
        "B轮融资，引入战略投资者",
        "情感线的转折：浪子回头，重归家庭，新的爱情萌芽",
        "MiForum走出困境，重焕生机"
      ]
    },
    {
      "title": "第六章：反思，救赎，与重塑 (字数：约8000字)",
      "length": 8000,
      "level": 2,
      "key_points": [
        "团队深刻反思过去的错误和教训",
        "石头回归家庭，寻求妻子的原谅",
        "张琨与安娜分手，重新审视情感",
        "明哥做出情感抉择，承担责任",
        "晓阳放下玩世不恭，开始认真对待感情",
        "Daniel走出异国恋情阴影，更加成熟",
        "三石的坚持和付出，得到回报",
        "团队重新凝聚，重拾创业初心"
      ]
    },
    {
      "title": "6.1 深夜长谈：灵魂拷问与自我救赎 (字数：约3000字)",
      "length": 3000,
      "level": 3,
      "key_points": [
        "六位创始人进行一次深入的灵魂对话",
        "坦诚面对各自的问题和错误",
        "反思金钱，欲望，情感对人性的腐蚀",
        "重温创业梦想，寻找初心",
        "达成共识：必须改变，才能重生",
        "团队氛围开始转变，积极向上的力量重新凝聚"
      ]
    },
    {
      "title": "6.2 浪子回头：石头的家庭保卫战 (字数：约2500字)",
      "length": 2500,
      "level": 3,
      "key_points": [
        "石头深刻反省自己的婚外情行为，决心挽回家庭",
        "真诚向妻子道歉，坦白一切",
        "用实际行动弥补过错，重新赢得妻子的信任",
        "与柳菲菲彻底断绝关系，斩断情丝",
        "家庭危机逐渐化解，重归平静"
      ]
    },
    {
      "title": "6.3 情感断舍离：张琨的成熟与蜕变 (字数：约2500字)",
      "length": 2500,
      "level": 3,
      "key_points": [
        "张琨认清安娜的真实目的，果断结束办公室恋情",
        "反思自己对情感的轻浮态度，决心成熟起来",
        "将精力投入到工作中，提升业务能力",
        "开始认真对待感情，期待真正的爱情",
        "情感上的成长与蜕变"
      ]
    },
    {
      "title": "第七章：技术突围与产品升级 (字数：约8000字)",
      "length": 8000,
      "level": 2,
      "key_points": [
        "加大技术投入，解决技术瓶颈",
        "产品全面升级，提升用户体验",
        "引入人工智能，大数据等新技术",
        "开发新的医疗信息化产品线",
        "技术创新成为MiForum的核心竞争力"
      ]
    },
    {
      "title": "7.1 技术攻坚战：重塑技术壁垒 (字数：约3000字)",
      "length": 3000,
      "level": 3,
      "key_points": [
        "明哥带领技术团队进行技术攻坚，解决服务器压力和系统漏洞问题",
        "引进更先进的技术架构和安全技术",
        "重构MiForum底层代码，提升系统稳定性",
        "技术团队加班加点，夜以继日",
        "技术瓶颈突破，技术壁垒重新建立"
      ]
    },
    {
      "title": "7.2 用户至上：产品体验全面升级 (字数：约2500字)",
      "length": 2500,
      "level": 3,
      "key_points": [
        "以用户需求为导向，全面升级MiForum产品",
        "优化用户界面，提升用户体验",
        "增加新的功能模块，满足用户多样化需求",
        "重视用户反馈，快速迭代产品",
        "用户满意度大幅提升，用户口碑逐渐恢复"
      ]
    },
    {
      "title": "7.3 科技赋能：人工智能与大数据战略 (字数：约2500字)",
      "length": 2500,
      "level": 3,
      "key_points": [
        "MiForum引入人工智能和大数据技术，提升产品智能化水平",
        "开发基于人工智能的医疗辅助诊断系统",
        "利用大数据分析用户行为，精准推送信息",
        "科技赋能，产品竞争力大幅提升",
        "MiForum走上科技创新之路"
      ]
    },
    {
      "title": "第八章：资本助力与战略转型 (字数：约6000字)",
      "length": 6000,
      "level": 2,
      "key_points": [
        "B轮融资成功，引入战略投资者",
        "业务拓展，进军智慧医疗领域",
        "与大型医疗机构深度合作",
        "商业模式转型升级，盈利能力大幅提升",
        "MiForum迎来新的发展机遇"
      ]
    },
    {
      "title": "8.1 B轮融资：资本市场的再次认可 (字数：约2500字)",
      "length": 2500,
      "level": 3,
      "key_points": [
        "MiForum的技术升级和产品创新获得资本市场认可",
        "成功完成B轮融资，融资金额巨大",
        "引入新的战略投资者，为未来发展提供资金支持",
        "资本助力，MiForum发展驶入快车道"
      ]
    },
    {
      "title": "8.2 智慧医疗：开辟新战场 (字数：约2000字)",
      "length": 2000,
      "level": 3,
      "key_points": [
        "MiForum抓住智慧医疗发展机遇，拓展新的业务领域",
        "进军远程医疗，在线问诊，健康管理等领域",
        "与大型医疗机构建立战略合作关系",
        "智慧医疗业务成为新的增长点，盈利模式更加多元化"
      ]
    },
    {
      "title": "8.3 商业模式升级：从论坛到平台 (字数：约1500字)",
      "length": 1500,
      "level": 3,
      "key_points": [
        "MiForum商业模式从单纯的论坛平台升级为综合性医疗信息化服务平台",
        "提供更全面的产品和服务，满足用户多样化需求",
        "盈利模式更加多元化，抗风险能力增强",
        "MiForum完成战略转型，走向成熟"
      ]
    },
    {
      "title": "第四卷：王者归来与荣耀加冕 (字数：约30000字)",
      "length": 30000,
      "level": 1,
      "key_points": [
        "MiForum重回行业领先地位",
        "IPO准备，冲刺上市",
        "资本市场的追捧，估值飙升",
        "功成名就，实现逆袭",
        "情感线的圆满：爱情，友情，亲情",
        "新的挑战与未来展望"
      ]
    },
    {
      "title": "第九章：上市之路与资本盛宴 (字数：约8000字)",
      "length": 8000,
      "level": 2,
      "key_points": [
        "MiForum启动IPO计划，准备上市",
        "券商，律师，会计师团队进场，进行上市辅导",
        "路演，招股，资本市场反响热烈",
        "成功上市，敲钟仪式，功成名就",
        "财富自由，名利双收，资本盛宴开启"
      ]
    },
    {
      "title": "9.1 IPO启动：梦想照进现实 (字数：约3000字)",
      "length": 3000,
      "level": 3,
      "key_points": [
        "MiForum业绩持续增长，符合上市条件，启动IPO计划",
        "聘请专业团队进行上市辅导",
        "准备上市材料，接受监管机构审核",
        "IPO之路充满挑战，但也充满希望",
        "创业梦想即将实现，激动与忐忑并存"
      ]
    },
    {
      "title": "9.2 资本狂欢：路演与招股盛况 (字数：约2500字)",
      "length": 2500,
      "level": 3,
      "key_points": [
        "MiForum团队进行全球路演，向投资者介绍公司业务和发展前景",
        "资本市场反响热烈，投资者争相认购",
        "招股阶段超额认购，股价一路飙升",
        "资本市场对MiForum的认可，估值不断攀升",
        "资本狂欢，财富效应显现"
      ]
    },
    {
      "title": "9.3 敲钟时刻：荣耀加冕，功成名就 (字数：约2500字)",
      "length": 2500,
      "level": 3,
      "key_points": [
        "MiForum成功上市，在交易所举行敲钟仪式",
        "六位创始人携手敲钟，见证荣耀时刻",
        "鲜花，掌声，镁光灯，媒体聚焦",
        "功成名就，梦想成真，喜极而泣",
        "财富自由，人生巅峰，新的起点"
      ]
    },
    {
      "title": "第十章：情感归宿与未来展望 (字数：约7000字)",
      "length": 7000,
      "level": 2,
      "key_points": [
        "石头与妻子重归于好，家庭美满",
        "张琨遇到真爱，开启新的恋情",
        "明哥与心爱之人携手未来",
        "晓阳浪子回头，收获真挚情感",
        "Daniel在异国找到归属感",
        "三石默默守护的爱情，终有回应",
        "兄弟情谊更加深厚，共同展望MiForum的未来"
      ]
    },
    {
      "title": "10.1 爱在回归：家庭的温暖与力量 (字数：约2500字)",
      "length": 2500,
      "level": 3,
      "key_points": [
        "石头与妻子冰释前嫌，重归于好",
        "家庭氛围温馨和谐，弥补了过去的裂痕",
        "家庭成为石头事业成功的坚强后盾",
        "亲情的力量，温暖人心，治愈伤痛",
        "家庭的回归，人生的圆满"
      ]
    },
    {
      "title": "10.2 真爱降临：各自的情感归宿 (字数：约3000字)",
      "length": 3000,
      "level": 3,
      "key_points": [
        "张琨遇到真正欣赏他，理解他的女性，开启新的恋情",
        "明哥与心爱之人修成正果，携手步入婚姻殿堂",
        "晓阳浪子回头，遇到愿意包容他的女孩，收获真挚情感",
        "Daniel在异国他乡找到 soulmate，爱情跨越国界",
        "三石默默守护的爱情，最终得到回应，有情人终成眷属",
        "每个人都找到了属于自己的情感归宿，爱情的甜蜜与美好"
      ]
    },
    {
      "title": "10.3 未来已来：MiForum的新征程 (字数：约1500字)",
      "length": 1500,
      "level": 3,
      "key_points": [
        "MiForum成功上市后，面临新的发展机遇和挑战",
        "继续深耕医疗信息化领域，拓展国际市场",
        "加大研发投入，保持技术领先优势",
        "回馈社会，承担企业社会责任",
        "MiForum的未来充满希望，新征程即将开启",
        "开放式结局，留下想象空间"
      ]
    }
  ]
}
2025-02-26 15:14:46,866 - INFO - Outline saved to: articles/蜜蜂会MiForum逆袭之路_20250226_151446_outline.json
2025-02-26 15:14:46,866 - INFO - Assembling article...
2025-02-26 15:14:46,867 - INFO - Writing section: 第一卷：草莽英雄起微时 (字数：约15000字)
2025-02-26 15:15:13,108 - INFO - Writing section: 第一章：燕京胡同里的呐喊 (字数：约5000字)
2025-02-26 15:15:42,846 - INFO - Writing section: 1.1 初创萌芽：六人草台班子 (字数：约2000字)
2025-02-26 15:15:59,399 - INFO - Writing section: 1.2 论坛上线：医疗圈的小小涟漪 (字数：约2000字)
2025-02-26 15:16:18,761 - INFO - Writing section: 1.3 第一桶金：灰色地带的生存法则 (字数：约1000字)
2025-02-26 15:16:36,990 - INFO - Writing section: 第二章：欲望都市的暗流涌动 (字数：约5000字)
2025-02-26 15:17:06,287 - INFO - Writing section: 2.1 进军CBD：告别胡同，拥抱高楼 (字数：约2000字)
2025-02-26 15:17:25,312 - INFO - Writing section: 2.2 红酒，高跟鞋，和潜规则：柳菲菲的出现 (字数：约2000字)
2025-02-26 15:17:44,445 - INFO - Writing section: 2.3 兄弟阋墙：利益与情感的冲突 (字数：约1000字)
2025-02-26 15:17:59,205 - INFO - Writing section: 第二卷：野蛮生长与阵痛 (字数：约25000字)
2025-02-26 15:18:32,261 - INFO - Writing section: 第三章：资本游戏的诱惑与陷阱 (字数：约6000字)
2025-02-26 15:18:57,788 - INFO - Writing section: 3.1 天使降临：风投的橄榄枝 (字数：约2000字)
2025-02-26 15:19:25,660 - INFO - Writing section: 3.2 欲望都市：金钱，美女，和迷失的自我 (字数：约2000字)
2025-02-26 15:19:41,091 - INFO - Writing section: 3.3 扩张的代价：技术瓶颈与管理混乱 (字数：约2000字)
2025-02-26 15:20:03,828 - INFO - Writing section: 第四章：情网纠葛与信任危机 (字数：约7000字)
2025-02-26 15:20:57,770 - INFO - Writing section: 4.1 秘密曝光：石头婚外情的潘多拉魔盒 (字数：约2500字)
2025-02-26 15:21:03,748 - INFO - Writing section: 4.2 新欢旧爱：张琨与安娜的办公室恋情 (字数：约2000字)
2025-02-26 15:21:43,572 - INFO - Writing section: 第五章：行业风暴与生死存亡 (字数：约7000字)
