2025-04-09 22:27:24,460 - INFO - 开始为 蜜蜂会（MiForum）逆袭之路 生成文章
2025-04-09 22:27:24,461 - INFO - 日志文件创建于: logs/蜜蜂会MiForum逆袭之路_20250409_222724.log
2025-04-09 22:27:24,461 - INFO - 生成大纲: 标题: 蜜蜂会（MiForum）逆袭之路, 长度: 10000, 体裁: 城市科幻逆袭爽文, 语言: 中文
2025-04-09 22:27:37,610 - INFO - 生成的大纲文本:
```json
[
  {
    "title": "引言：时代背景与论坛初创",
    "length": 800,
    "level": 1
  },
  {
    "title": "草创时期：蜜蜂会的诞生与早期发展",
    "length": 1200,
    "level": 1
  },
  {
    "title": "行业挑战与论坛角色",
    "length": 1200,
    "level": 1
  },
  {
    "title": "逆境突围：挫折与战略调整",
    "length": 1300,
    "level": 1
  },
  {
    "title": "技术革新与业务拓展",
    "length": 1200,
    "level": 1
  },
  {
    "title": "行业翘楚：蜜蜂会的影响力提升",
    "length": 1200,
    "level": 1
  },
  {
    "title": "资本之路：迈向首次公开募股",
    "length": 1300,
    "level": 1
  },
  {
    "title": "上市之后：新起点与未来展望",
    "length": 1000,
    "level": 1
  },
  {
    "title": "结语：蜜蜂会的行业贡献与启示",
    "length": 800,
    "level": 1
  }
]
```
2025-04-09 22:27:37,611 - INFO - 解析后的大纲: [
  {
    "title": "引言：时代背景与论坛初创",
    "length": 800,
    "level": 1
  },
  {
    "title": "草创时期：蜜蜂会的诞生与早期发展",
    "length": 1200,
    "level": 1
  },
  {
    "title": "行业挑战与论坛角色",
    "length": 1200,
    "level": 1
  },
  {
    "title": "逆境突围：挫折与战略调整",
    "length": 1300,
    "level": 1
  },
  {
    "title": "技术革新与业务拓展",
    "length": 1200,
    "level": 1
  },
  {
    "title": "行业翘楚：蜜蜂会的影响力提升",
    "length": 1200,
    "level": 1
  },
  {
    "title": "资本之路：迈向首次公开募股",
    "length": 1300,
    "level": 1
  },
  {
    "title": "上市之后：新起点与未来展望",
    "length": 1000,
    "level": 1
  },
  {
    "title": "结语：蜜蜂会的行业贡献与启示",
    "length": 800,
    "level": 1
  }
]
2025-04-09 22:27:37,611 - INFO - 目标长度: 10000, 理想章节数: 9, 当前章节数: 9
2025-04-09 22:27:37,612 - INFO - 章节数量合理，保留现有结构
2025-04-09 22:27:37,612 - INFO - 大纲生成成功
2025-04-09 22:27:37,614 - INFO - 大纲已保存至: articles/蜜蜂会MiForum逆袭之路_20250409_222737_outline.json
2025-04-09 22:27:37,614 - INFO - 正在组装文章...
2025-04-09 22:28:08,263 - INFO - 进度已保存至: articles/蜜蜂会MiForum逆袭之路_progress.md
2025-04-09 22:28:08,263 - INFO - 章节 '引言：时代背景与论坛初创' 写作完成，生成了 1207 字符
2025-04-09 22:28:25,504 - INFO - 进度已保存至: articles/蜜蜂会MiForum逆袭之路_progress.md
2025-04-09 22:28:25,504 - INFO - 章节 '草创时期：蜜蜂会的诞生与早期发展' 写作完成，生成了 2214 字符
2025-04-09 22:28:46,003 - INFO - 进度已保存至: articles/蜜蜂会MiForum逆袭之路_progress.md
2025-04-09 22:28:46,004 - INFO - 章节 '行业挑战与论坛角色' 写作完成，生成了 2283 字符
2025-04-09 22:29:03,512 - INFO - 进度已保存至: articles/蜜蜂会MiForum逆袭之路_progress.md
2025-04-09 22:29:03,513 - INFO - 章节 '逆境突围：挫折与战略调整' 写作完成，生成了 2403 字符
2025-04-09 22:29:18,301 - INFO - 进度已保存至: articles/蜜蜂会MiForum逆袭之路_progress.md
2025-04-09 22:29:18,302 - INFO - 章节 '技术革新与业务拓展' 写作完成，生成了 1901 字符
2025-04-09 22:29:35,710 - INFO - 进度已保存至: articles/蜜蜂会MiForum逆袭之路_progress.md
2025-04-09 22:29:35,710 - INFO - 章节 '行业翘楚：蜜蜂会的影响力提升' 写作完成，生成了 1789 字符
2025-04-09 22:29:53,360 - INFO - 进度已保存至: articles/蜜蜂会MiForum逆袭之路_progress.md
2025-04-09 22:29:53,361 - INFO - 章节 '资本之路：迈向首次公开募股' 写作完成，生成了 2515 字符
2025-04-09 22:30:02,972 - INFO - 进度已保存至: articles/蜜蜂会MiForum逆袭之路_progress.md
2025-04-09 22:30:02,972 - INFO - 章节 '上市之后：新起点与未来展望' 写作完成，生成了 1557 字符
2025-04-09 22:31:15,782 - INFO - 进度已保存至: articles/蜜蜂会MiForum逆袭之路_progress.md
2025-04-09 22:31:15,783 - INFO - 章节 '结语：蜜蜂会的行业贡献与启示' 写作完成，生成了 1490 字符
2025-04-09 22:31:19,021 - INFO - 用户中断操作
