2025-02-14 18:59:13,261 - INFO - Starting article generation for: 蜜蜂会（MiForum）逆袭之路
2025-02-14 18:59:13,261 - INFO - Log file created at: logs/蜜蜂会MiForum逆袭之路_20250214_185913.log
2025-02-14 18:59:13,261 - INFO - Generating outline for title: 蜜蜂会（MiForum）逆袭之路, length: 10000, genre: 城市科幻逆袭爽文, language: 中文
2025-02-14 18:59:28,749 - INFO - Outline text:
```json
[
    {"title": "楔子：千禧年夜的豪情壮志", "length": 300, "level": 1},
    {"title": "第一章：草根创业，蜜蜂会初啼 (2002-2003)", "length": 800, "level": 1},
    {"title": "最初的梦想：六个人的咖啡馆", "length": 150, "level": 2, "parent": "第一章：草根创业，蜜蜂会初啼 (2002-2003)"},
    {"title": "石头和张琨：代码与理想的碰撞", "length": 150, "level": 2, "parent": "第一章：草根创业，蜜蜂会初啼 (2002-2003)"},
    {"title": "明哥和晓阳：人脉与运营的基石", "length": 150, "level": 2, "parent": "第一章：草根创业，蜜蜂会初啼 (2002-2003)"},
    {"title": "Daniel和三石：技术宅的浪漫与现实", "length": 150, "level": 2, "parent": "第一章：草根创业，蜜蜂会初啼 (2002-2003)"},
    {"title": "MiForum 1.0：简陋但充满希望的诞生", "length": 200, "level": 2, "parent": "第一章：草根创业，蜜蜂会初啼 (2002-2003)"},
    {"title": "第二章：野蛮生长，论坛的黄金时代 (2004-2006)", "length": 1200, "level": 1},
    {"title": "用户爆炸式增长：免费策略的威力", "length": 250, "level": 2, "parent": "第二章：野蛮生长，论坛的黄金时代 (2004-2006)"},
    {"title": "医疗信息化论坛的崛起：专业领域的深耕", "length": 250, "level": 2, "parent": "第二章：野蛮生长，论坛的黄金时代 (2004-2006)"},
    {"title": "第一次危机：盗版风波与版权意识", "length": 200, "level": 2, "parent": "第二章：野蛮生长，论坛的黄金时代 (2004-2006)"},
    {"title": "办公室恋情萌芽：石头与萧薰儿的初遇", "length": 250, "level": 2, "parent": "第二章：野蛮生长，论坛的黄金时代 (2004-2006)"},
    {"title": "技术升级：MiForum 2.0 的发布与新功能", "length": 250, "level": 2, "parent": "第二章：野蛮生长，论坛的黄金时代 (2004-2006)"},
    {"title": "第三章：商业化探索，迷茫与阵痛 (2007-2009)", "length": 1500, "level": 1},
    {"title": "广告收入的尝试：理想与现实的差距", "length": 300, "level": 2, "parent": "第三章：商业化探索，迷茫与阵痛 (2007-2009)"},
    {"title": "会员收费制的争议：用户流失的风险", "length": 250, "level": 2, "parent": "第三章：商业化探索，迷茫与阵痛 (2007-2009)"},
    {"title": "竞争对手的出现：行业巨头的觊觎", "length": 250, "level": 2, "parent": "第三章：商业化探索，迷茫与阵痛 (2007-2009)"},
    {"title": "团队裂痕：利益分配与发展方向的分歧", "length": 250, "level": 2, "parent": "第三章：商业化探索，迷茫与阵痛 (2007-2009)"},
    {"title": "张琨的背叛？：跳槽风波与商业间谍疑云", "length": 250, "level": 2, "parent": "第三章：商业化探索，迷茫与阵痛 (2007-2009)"},
    {"title": "第四章：浴火重生，移动互联网的浪潮 (2010-2012)", "length": 1300, "level": 1},
    {"title": "移动互联网的冲击：PC论坛的衰落危机", "length": 250, "level": 2, "parent": "第四章：浴火重生，移动互联网的浪潮 (2010-2012)"},
    {"title": "转型移动端：MiForum App 的艰难开发", "length": 300, "level": 2, "parent": "第四章：浴火重生，移动互联网的浪潮 (2010-2012)"},
    {"title": "技术瓶颈：性能优化与用户体验的挑战", "length": 200, "level": 2, "parent": "第四章：浴火重生，移动互联网的浪潮 (2010-2012)"},
    {"title": "资金困境：天使轮融资的希望与波折", "length": 250, "level": 2, "parent": "第四章：浴火重生，移动互联网的浪潮 (2010-2012)"},
    {"title": "晓阳的家庭变故：兄弟情义与情感危机", "length": 300, "level": 2, "parent": "第四章：浴火重生，移动互联网的浪潮 (2010-2012)"},
    {"title": "第五章：逆风翻盘，垂直领域的深耕细作 (2013-2015)", "length": 1400, "level": 1},
    {"title": "聚焦医疗信息化：打造专业领域的护城河", "length": 300, "level": 2, "parent": "第五章：逆风翻盘，垂直领域的深耕细作 (2013-2015)"},
    {"title": "与医院合作：B端市场的拓展与盈利模式", "length": 300, "level": 2, "parent": "第五章：逆风翻盘，垂直领域的深耕细作 (2013-2015)"},
    {"title": "数据驱动：大数据分析在医疗领域的应用", "length": 250, "level": 2, "parent": "第五章：逆风翻盘，垂直领域的深耕细作 (2013-2015)"},
    {"title": "技术壁垒的构建：AI辅助诊断的初步探索", "length": 250, "level": 2, "parent": "第五章：逆风翻盘，垂直领域的深耕细作 (2013-2015)"},
    {"title": "三角恋情：石头、萧薰儿与新晋女高管云韵", "length": 300, "level": 2, "parent": "第五章：逆风翻盘，垂直领域的深耕细作 (2013-2015)"},
    {"title": "第六章：资本助力，加速扩张与行业洗牌 (2016-2018)", "length": 1300, "level": 1},
    {"title": "A轮融资成功：资本市场的认可与期待", "length": 250, "level": 2, "parent": "第六章：资本助力，加速扩张与行业洗牌 (2016-2018)"},
    {"title": "团队扩张：人才引进与管理挑战", "length": 250, "level": 2, "parent": "第六章：资本助力，加速扩张与行业洗牌 (2016-2018)"},
    {"title": "产品线拓展：从论坛到医疗信息化解决方案", "length": 250, "level": 2, "parent": "第六章：资本助力，加速扩张与行业洗牌 (2016-2018)"},
    {"title": "行业并购与整合：弱肉强食的资本游戏", "length": 250, "level": 2, "parent": "第六章：资本助力，加速扩张与行业洗牌 (2016-2018)"},
    {"title": "Daniel 的技术狂热：All in AI 的战略冒险", "length": 300, "level": 2, "parent": "第六章：资本助力，加速扩张与行业洗牌 (2016-2018)"},
    {"title": "第七章：上市之路，最后的冲刺与考验 (2019-2021)", "length": 1500, "level": 1},
    {"title": "Pre-IPO 轮融资：估值飙升与市场质疑", "length": 300, "level": 2, "parent": "第七章：上市之路，最后的冲刺与考验 (2019-2021)"},
    {"title": "监管风暴：政策调整与合规风险", "length": 300, "level": 2, "parent": "第七章：上市之路，最后的冲刺与考验 (2019-2021)"},
    {"title": "公关危机：负面舆论与竞争对手的暗算", "length": 300, "level": 2, "parent": "第七章：上市之路，最后的冲刺与考验 (2019-2021)"},
    {"title": "团队重聚：张琨回归与兄弟情义的回归", "length": 300, "level": 2, "parent": "第七章：上市之路，最后的冲刺与考验 (2019-2021)"},
    {"title": "IPO 成功：敲钟时刻与梦想的实现", "length": 300, "level": 2, "parent": "第七章：上市之路，最后的冲刺与考验 (2019-2021)"},
    {"title": "第八章：后上市时代，新的起点与挑战 (2022-...)", "length": 1200, "level": 1},
    {"title": "资本市场的压力：业绩增长与股价波动", "length": 250, "level": 2, "parent": "第八章：后上市时代，新的起点与挑战 (2022-...)"},
    {"title": "国际化战略：全球市场的布局与竞争", "length": 250, "level": 2, "parent": "第八章：后上市时代，新的起点与挑战 (2022-...)"},
    {"title": "技术迭代：AI医疗的未来与伦理考量", "length": 250, "level": 2, "parent": "第八章：后上市时代，新的起点与挑战 (2022-...)"},
    {"title": "情感归宿：石头的选择与众人的幸福", "length": 250, "level": 2, "parent": "第八章：后上市时代，新的起点与挑战 (2022-...)"},
    {"title": "蜜蜂会的未来：科技向善的愿景与责任", "length": 200, "level": 2, "parent": "第八章：后上市时代，新的起点与挑战 (2022-...)"},
    {"title": "尾声：未完待续的故事", "length": 200, "level": 1}
]
```
2025-02-14 18:59:28,751 - INFO - Parsed outline: [
  {
    "title": "楔子：千禧年夜的豪情壮志",
    "length": 300,
    "level": 1
  },
  {
    "title": "第一章：草根创业，蜜蜂会初啼 (2002-2003)",
    "length": 800,
    "level": 1
  },
  {
    "title": "最初的梦想：六个人的咖啡馆",
    "length": 150,
    "level": 2,
    "parent": "第一章：草根创业，蜜蜂会初啼 (2002-2003)"
  },
  {
    "title": "石头和张琨：代码与理想的碰撞",
    "length": 150,
    "level": 2,
    "parent": "第一章：草根创业，蜜蜂会初啼 (2002-2003)"
  },
  {
    "title": "明哥和晓阳：人脉与运营的基石",
    "length": 150,
    "level": 2,
    "parent": "第一章：草根创业，蜜蜂会初啼 (2002-2003)"
  },
  {
    "title": "Daniel和三石：技术宅的浪漫与现实",
    "length": 150,
    "level": 2,
    "parent": "第一章：草根创业，蜜蜂会初啼 (2002-2003)"
  },
  {
    "title": "MiForum 1.0：简陋但充满希望的诞生",
    "length": 200,
    "level": 2,
    "parent": "第一章：草根创业，蜜蜂会初啼 (2002-2003)"
  },
  {
    "title": "第二章：野蛮生长，论坛的黄金时代 (2004-2006)",
    "length": 1200,
    "level": 1
  },
  {
    "title": "用户爆炸式增长：免费策略的威力",
    "length": 250,
    "level": 2,
    "parent": "第二章：野蛮生长，论坛的黄金时代 (2004-2006)"
  },
  {
    "title": "医疗信息化论坛的崛起：专业领域的深耕",
    "length": 250,
    "level": 2,
    "parent": "第二章：野蛮生长，论坛的黄金时代 (2004-2006)"
  },
  {
    "title": "第一次危机：盗版风波与版权意识",
    "length": 200,
    "level": 2,
    "parent": "第二章：野蛮生长，论坛的黄金时代 (2004-2006)"
  },
  {
    "title": "办公室恋情萌芽：石头与萧薰儿的初遇",
    "length": 250,
    "level": 2,
    "parent": "第二章：野蛮生长，论坛的黄金时代 (2004-2006)"
  },
  {
    "title": "技术升级：MiForum 2.0 的发布与新功能",
    "length": 250,
    "level": 2,
    "parent": "第二章：野蛮生长，论坛的黄金时代 (2004-2006)"
  },
  {
    "title": "第三章：商业化探索，迷茫与阵痛 (2007-2009)",
    "length": 1500,
    "level": 1
  },
  {
    "title": "广告收入的尝试：理想与现实的差距",
    "length": 300,
    "level": 2,
    "parent": "第三章：商业化探索，迷茫与阵痛 (2007-2009)"
  },
  {
    "title": "会员收费制的争议：用户流失的风险",
    "length": 250,
    "level": 2,
    "parent": "第三章：商业化探索，迷茫与阵痛 (2007-2009)"
  },
  {
    "title": "竞争对手的出现：行业巨头的觊觎",
    "length": 250,
    "level": 2,
    "parent": "第三章：商业化探索，迷茫与阵痛 (2007-2009)"
  },
  {
    "title": "团队裂痕：利益分配与发展方向的分歧",
    "length": 250,
    "level": 2,
    "parent": "第三章：商业化探索，迷茫与阵痛 (2007-2009)"
  },
  {
    "title": "张琨的背叛？：跳槽风波与商业间谍疑云",
    "length": 250,
    "level": 2,
    "parent": "第三章：商业化探索，迷茫与阵痛 (2007-2009)"
  },
  {
    "title": "第四章：浴火重生，移动互联网的浪潮 (2010-2012)",
    "length": 1300,
    "level": 1
  },
  {
    "title": "移动互联网的冲击：PC论坛的衰落危机",
    "length": 250,
    "level": 2,
    "parent": "第四章：浴火重生，移动互联网的浪潮 (2010-2012)"
  },
  {
    "title": "转型移动端：MiForum App 的艰难开发",
    "length": 300,
    "level": 2,
    "parent": "第四章：浴火重生，移动互联网的浪潮 (2010-2012)"
  },
  {
    "title": "技术瓶颈：性能优化与用户体验的挑战",
    "length": 200,
    "level": 2,
    "parent": "第四章：浴火重生，移动互联网的浪潮 (2010-2012)"
  },
  {
    "title": "资金困境：天使轮融资的希望与波折",
    "length": 250,
    "level": 2,
    "parent": "第四章：浴火重生，移动互联网的浪潮 (2010-2012)"
  },
  {
    "title": "晓阳的家庭变故：兄弟情义与情感危机",
    "length": 300,
    "level": 2,
    "parent": "第四章：浴火重生，移动互联网的浪潮 (2010-2012)"
  },
  {
    "title": "第五章：逆风翻盘，垂直领域的深耕细作 (2013-2015)",
    "length": 1400,
    "level": 1
  },
  {
    "title": "聚焦医疗信息化：打造专业领域的护城河",
    "length": 300,
    "level": 2,
    "parent": "第五章：逆风翻盘，垂直领域的深耕细作 (2013-2015)"
  },
  {
    "title": "与医院合作：B端市场的拓展与盈利模式",
    "length": 300,
    "level": 2,
    "parent": "第五章：逆风翻盘，垂直领域的深耕细作 (2013-2015)"
  },
  {
    "title": "数据驱动：大数据分析在医疗领域的应用",
    "length": 250,
    "level": 2,
    "parent": "第五章：逆风翻盘，垂直领域的深耕细作 (2013-2015)"
  },
  {
    "title": "技术壁垒的构建：AI辅助诊断的初步探索",
    "length": 250,
    "level": 2,
    "parent": "第五章：逆风翻盘，垂直领域的深耕细作 (2013-2015)"
  },
  {
    "title": "三角恋情：石头、萧薰儿与新晋女高管云韵",
    "length": 300,
    "level": 2,
    "parent": "第五章：逆风翻盘，垂直领域的深耕细作 (2013-2015)"
  },
  {
    "title": "第六章：资本助力，加速扩张与行业洗牌 (2016-2018)",
    "length": 1300,
    "level": 1
  },
  {
    "title": "A轮融资成功：资本市场的认可与期待",
    "length": 250,
    "level": 2,
    "parent": "第六章：资本助力，加速扩张与行业洗牌 (2016-2018)"
  },
  {
    "title": "团队扩张：人才引进与管理挑战",
    "length": 250,
    "level": 2,
    "parent": "第六章：资本助力，加速扩张与行业洗牌 (2016-2018)"
  },
  {
    "title": "产品线拓展：从论坛到医疗信息化解决方案",
    "length": 250,
    "level": 2,
    "parent": "第六章：资本助力，加速扩张与行业洗牌 (2016-2018)"
  },
  {
    "title": "行业并购与整合：弱肉强食的资本游戏",
    "length": 250,
    "level": 2,
    "parent": "第六章：资本助力，加速扩张与行业洗牌 (2016-2018)"
  },
  {
    "title": "Daniel 的技术狂热：All in AI 的战略冒险",
    "length": 300,
    "level": 2,
    "parent": "第六章：资本助力，加速扩张与行业洗牌 (2016-2018)"
  },
  {
    "title": "第七章：上市之路，最后的冲刺与考验 (2019-2021)",
    "length": 1500,
    "level": 1
  },
  {
    "title": "Pre-IPO 轮融资：估值飙升与市场质疑",
    "length": 300,
    "level": 2,
    "parent": "第七章：上市之路，最后的冲刺与考验 (2019-2021)"
  },
  {
    "title": "监管风暴：政策调整与合规风险",
    "length": 300,
    "level": 2,
    "parent": "第七章：上市之路，最后的冲刺与考验 (2019-2021)"
  },
  {
    "title": "公关危机：负面舆论与竞争对手的暗算",
    "length": 300,
    "level": 2,
    "parent": "第七章：上市之路，最后的冲刺与考验 (2019-2021)"
  },
  {
    "title": "团队重聚：张琨回归与兄弟情义的回归",
    "length": 300,
    "level": 2,
    "parent": "第七章：上市之路，最后的冲刺与考验 (2019-2021)"
  },
  {
    "title": "IPO 成功：敲钟时刻与梦想的实现",
    "length": 300,
    "level": 2,
    "parent": "第七章：上市之路，最后的冲刺与考验 (2019-2021)"
  },
  {
    "title": "第八章：后上市时代，新的起点与挑战 (2022-...)",
    "length": 1200,
    "level": 1
  },
  {
    "title": "资本市场的压力：业绩增长与股价波动",
    "length": 250,
    "level": 2,
    "parent": "第八章：后上市时代，新的起点与挑战 (2022-...)"
  },
  {
    "title": "国际化战略：全球市场的布局与竞争",
    "length": 250,
    "level": 2,
    "parent": "第八章：后上市时代，新的起点与挑战 (2022-...)"
  },
  {
    "title": "技术迭代：AI医疗的未来与伦理考量",
    "length": 250,
    "level": 2,
    "parent": "第八章：后上市时代，新的起点与挑战 (2022-...)"
  },
  {
    "title": "情感归宿：石头的选择与众人的幸福",
    "length": 250,
    "level": 2,
    "parent": "第八章：后上市时代，新的起点与挑战 (2022-...)"
  },
  {
    "title": "蜜蜂会的未来：科技向善的愿景与责任",
    "length": 200,
    "level": 2,
    "parent": "第八章：后上市时代，新的起点与挑战 (2022-...)"
  },
  {
    "title": "尾声：未完待续的故事",
    "length": 200,
    "level": 1
  }
]
2025-02-14 18:59:28,752 - INFO - Outline generated successfully.
2025-02-14 18:59:28,754 - INFO - Outline saved to: articles/蜜蜂会MiForum逆袭之路_20250214_185928_outline.json
2025-02-14 18:59:28,754 - INFO - Assembling article...
2025-02-14 18:59:28,754 - INFO - Writing section: 楔子：千禧年夜的豪情壮志
2025-02-14 18:59:38,579 - INFO - Writing section: 第一章：草根创业，蜜蜂会初啼 (2002-2003)
2025-02-14 18:59:48,412 - INFO - Writing section: 最初的梦想：六个人的咖啡馆
2025-02-14 18:59:53,117 - INFO - Writing section: 石头和张琨：代码与理想的碰撞
2025-02-14 18:59:57,368 - INFO - Writing section: 明哥和晓阳：人脉与运营的基石
2025-02-14 19:00:02,428 - INFO - Writing section: Daniel和三石：技术宅的浪漫与现实
2025-02-14 19:00:08,685 - INFO - Writing section: MiForum 1.0：简陋但充满希望的诞生
2025-02-14 19:00:13,905 - INFO - Writing section: 第二章：野蛮生长，论坛的黄金时代 (2004-2006)
2025-02-14 19:00:31,931 - INFO - Writing section: 用户爆炸式增长：免费策略的威力
2025-02-14 19:00:37,869 - INFO - Writing section: 医疗信息化论坛的崛起：专业领域的深耕
2025-02-14 19:00:46,468 - INFO - Writing section: 第一次危机：盗版风波与版权意识
2025-02-14 19:00:50,904 - INFO - Writing section: 办公室恋情萌芽：石头与萧薰儿的初遇
2025-02-14 19:00:55,684 - INFO - Writing section: 技术升级：MiForum 2.0 的发布与新功能
2025-02-14 19:01:00,569 - INFO - Writing section: 第三章：商业化探索，迷茫与阵痛 (2007-2009)
2025-02-14 19:01:20,265 - INFO - Writing section: 广告收入的尝试：理想与现实的差距
2025-02-14 19:01:26,416 - INFO - Writing section: 会员收费制的争议：用户流失的风险
2025-02-14 19:01:31,729 - INFO - Writing section: 竞争对手的出现：行业巨头的觊觎
2025-02-14 19:01:37,363 - INFO - Writing section: 团队裂痕：利益分配与发展方向的分歧
2025-02-14 19:01:42,790 - INFO - Writing section: 张琨的背叛？：跳槽风波与商业间谍疑云
2025-02-14 19:01:49,037 - INFO - Writing section: 第四章：浴火重生，移动互联网的浪潮 (2010-2012)
2025-02-14 19:02:05,733 - INFO - Writing section: 移动互联网的冲击：PC论坛的衰落危机
2025-02-14 19:02:10,772 - INFO - Writing section: 转型移动端：MiForum App 的艰难开发
2025-02-14 19:02:16,071 - INFO - Writing section: 技术瓶颈：性能优化与用户体验的挑战
2025-02-14 19:02:21,395 - INFO - Writing section: 资金困境：天使轮融资的希望与波折
2025-02-14 19:02:27,435 - INFO - Writing section: 晓阳的家庭变故：兄弟情义与情感危机
2025-02-14 19:02:34,947 - INFO - Writing section: 第五章：逆风翻盘，垂直领域的深耕细作 (2013-2015)
2025-02-14 19:02:51,409 - INFO - Writing section: 聚焦医疗信息化：打造专业领域的护城河
2025-02-14 19:02:57,131 - INFO - Writing section: 与医院合作：B端市场的拓展与盈利模式
2025-02-14 19:03:04,335 - INFO - Writing section: 数据驱动：大数据分析在医疗领域的应用
2025-02-14 19:03:14,026 - INFO - Writing section: 技术壁垒的构建：AI辅助诊断的初步探索
2025-02-14 19:03:20,991 - INFO - Writing section: 三角恋情：石头、萧薰儿与新晋女高管云韵
2025-02-14 19:03:27,647 - INFO - Writing section: 第六章：资本助力，加速扩张与行业洗牌 (2016-2018)
2025-02-14 19:03:39,218 - INFO - Writing section: A轮融资成功：资本市场的认可与期待
2025-02-14 19:03:45,561 - INFO - Writing section: 团队扩张：人才引进与管理挑战
2025-02-14 19:03:50,908 - INFO - Writing section: 产品线拓展：从论坛到医疗信息化解决方案
2025-02-14 19:03:58,471 - INFO - Writing section: 行业并购与整合：弱肉强食的资本游戏
2025-02-14 19:04:03,320 - INFO - Writing section: Daniel 的技术狂热：All in AI 的战略冒险
2025-02-14 19:04:09,324 - INFO - Writing section: 第七章：上市之路，最后的冲刺与考验 (2019-2021)
2025-02-14 19:04:24,417 - INFO - Writing section: Pre-IPO 轮融资：估值飙升与市场质疑
2025-02-14 19:04:31,852 - INFO - Writing section: 监管风暴：政策调整与合规风险
2025-02-14 19:04:38,407 - INFO - Writing section: 公关危机：负面舆论与竞争对手的暗算
2025-02-14 19:04:44,753 - INFO - Writing section: 团队重聚：张琨回归与兄弟情义的回归
2025-02-14 19:04:51,818 - INFO - Writing section: IPO 成功：敲钟时刻与梦想的实现
2025-02-14 19:04:58,532 - INFO - Writing section: 第八章：后上市时代，新的起点与挑战 (2022-...)
2025-02-14 19:05:11,070 - INFO - Writing section: 资本市场的压力：业绩增长与股价波动
2025-02-14 19:05:18,645 - INFO - Writing section: 国际化战略：全球市场的布局与竞争
2025-02-14 19:05:24,687 - INFO - Writing section: 技术迭代：AI医疗的未来与伦理考量
2025-02-14 19:05:32,968 - INFO - Writing section: 情感归宿：石头的选择与众人的幸福
2025-02-14 19:05:40,047 - INFO - Writing section: 蜜蜂会的未来：科技向善的愿景与责任
2025-02-14 19:05:47,931 - INFO - Writing section: 尾声：未完待续的故事
2025-02-14 19:05:52,808 - INFO - Article saved to: articles/蜜蜂会MiForum逆袭之路_20250214_190552.md
2025-02-14 19:05:52,809 - INFO - Article generation completed successfully
2025-02-14 19:05:52,809 - INFO - Log file: logs/蜜蜂会MiForum逆袭之路_20250214_185913.log
2025-02-14 19:05:52,809 - INFO - Outline file: articles/蜜蜂会MiForum逆袭之路_20250214_185928_outline.json
2025-02-14 19:05:52,809 - INFO - Article file: articles/蜜蜂会MiForum逆袭之路_20250214_190552.md
