2025-02-27 19:46:17,259 - INFO - 开始为 蜜蜂会（MiForum）逆袭之路 生成文章
2025-02-27 19:46:17,259 - INFO - 日志文件创建于: logs/蜜蜂会MiForum逆袭之路_20250227_194617.log
2025-02-27 19:46:17,259 - INFO - 生成大纲: 标题: 蜜蜂会（MiForum）逆袭之路, 长度: 5000, 体裁: 城市科幻逆袭爽文（王朔风格）, 语言: 中文
2025-02-27 19:46:30,685 - INFO - 生成的大纲文本:
```json
[
  {
    "title": "楔子：中关村的蜂鸣与梦想萌芽",
    "length": 500,
    "level": 1
  },
  {
    "title": "第一章：草莽英雄聚义，MiForum初创风云",
    "length": 750,
    "level": 1
  },
  {
    "title": "第二章：技术宅的浪漫与现实的冰冷",
    "length": 750,
    "level": 1
  },
  {
    "title": "第三章：医信行业的暗流涌动与情愫暗生",
    "length": 750,
    "level": 1
  },
  {
    "title": "第四章：蜜蜂会的阵痛与蜕变，逆袭之势渐显",
    "length": 750,
    "level": 1
  },
  {
    "title": "第五章：资本市场的豪赌与情感漩涡的中心",
    "length": 750,
    "level": 1
  },
  {
    "title": "第六章：功成名就亦或迷失？MiForum的上市之路与人生百味",
    "length": 750,
    "level": 1
  }
]
```
2025-02-27 19:46:30,687 - INFO - 解析后的大纲: [
  {
    "title": "楔子：中关村的蜂鸣与梦想萌芽",
    "length": 500,
    "level": 1
  },
  {
    "title": "第一章：草莽英雄聚义，MiForum初创风云",
    "length": 750,
    "level": 1
  },
  {
    "title": "第二章：技术宅的浪漫与现实的冰冷",
    "length": 750,
    "level": 1
  },
  {
    "title": "第三章：医信行业的暗流涌动与情愫暗生",
    "length": 750,
    "level": 1
  },
  {
    "title": "第四章：蜜蜂会的阵痛与蜕变，逆袭之势渐显",
    "length": 750,
    "level": 1
  },
  {
    "title": "第五章：资本市场的豪赌与情感漩涡的中心",
    "length": 750,
    "level": 1
  },
  {
    "title": "第六章：功成名就亦或迷失？MiForum的上市之路与人生百味",
    "length": 750,
    "level": 1
  }
]
2025-02-27 19:46:30,687 - INFO - 目标长度: 5000, 理想章节数: 7, 当前章节数: 7
2025-02-27 19:46:30,687 - INFO - 章节数量合理，保留现有结构
2025-02-27 19:46:30,687 - INFO - 大纲生成成功
2025-02-27 19:46:30,689 - INFO - 大纲已保存至: articles/蜜蜂会MiForum逆袭之路_20250227_194630_outline.json
2025-02-27 19:46:30,689 - INFO - 正在组装文章...
2025-02-27 19:46:51,712 - INFO - 进度已保存至: articles/蜜蜂会MiForum逆袭之路_progress.md
2025-02-27 19:46:51,713 - INFO - 章节 '引言' 写作完成，生成了 751 字符
2025-02-27 19:47:00,482 - INFO - 进度已保存至: articles/蜜蜂会MiForum逆袭之路_progress.md
2025-02-27 19:47:00,483 - INFO - 章节 '楔子：中关村的蜂鸣与梦想萌芽' 写作完成，生成了 747 字符
2025-02-27 19:47:12,879 - INFO - 进度已保存至: articles/蜜蜂会MiForum逆袭之路_progress.md
2025-02-27 19:47:12,881 - INFO - 章节 '第一章：草莽英雄聚义，MiForum初创风云' 写作完成，生成了 1390 字符
2025-02-27 19:47:30,579 - INFO - 进度已保存至: articles/蜜蜂会MiForum逆袭之路_progress.md
2025-02-27 19:47:30,580 - INFO - 章节 '第二章：技术宅的浪漫与现实的冰冷' 写作完成，生成了 1357 字符
2025-02-27 19:47:43,772 - INFO - 进度已保存至: articles/蜜蜂会MiForum逆袭之路_progress.md
2025-02-27 19:47:43,773 - INFO - 章节 '第三章：医信行业的暗流涌动与情愫暗生' 写作完成，生成了 1485 字符
2025-02-27 19:47:54,452 - INFO - 进度已保存至: articles/蜜蜂会MiForum逆袭之路_progress.md
2025-02-27 19:47:54,452 - INFO - 章节 '第四章：蜜蜂会的阵痛与蜕变，逆袭之势渐显' 写作完成，生成了 1367 字符
2025-02-27 19:48:14,012 - INFO - 进度已保存至: articles/蜜蜂会MiForum逆袭之路_progress.md
2025-02-27 19:48:14,013 - INFO - 章节 '第五章：资本市场的豪赌与情感漩涡的中心' 写作完成，生成了 1431 字符
2025-02-27 19:48:34,458 - INFO - 进度已保存至: articles/蜜蜂会MiForum逆袭之路_progress.md
2025-02-27 19:48:34,459 - INFO - 章节 '第六章：功成名就亦或迷失？MiForum的上市之路与人生百味' 写作完成，生成了 1630 字符
2025-02-27 19:48:44,288 - INFO - 进度已保存至: articles/蜜蜂会MiForum逆袭之路_progress.md
2025-02-27 19:48:44,289 - INFO - 章节 '结论' 写作完成，生成了 708 字符
2025-02-27 19:48:44,292 - INFO - 文章已保存至: articles/蜜蜂会MiForum逆袭之路_20250227_194844.md
2025-02-27 19:48:44,292 - INFO - 文章生成成功完成
2025-02-27 19:48:44,292 - INFO - 日志文件: logs/蜜蜂会MiForum逆袭之路_20250227_194617.log
2025-02-27 19:48:44,292 - INFO - 大纲文件: articles/蜜蜂会MiForum逆袭之路_20250227_194630_outline.json
2025-02-27 19:48:44,292 - INFO - 文章文件: articles/蜜蜂会MiForum逆袭之路_20250227_194844.md
