2025-02-26 16:02:39,106 - INFO - 开始为 蜜蜂会（MiForum）逆袭之路 生成文章
2025-02-26 16:02:39,106 - INFO - 日志文件创建于: logs/蜜蜂会MiForum逆袭之路_20250226_160239.log
2025-02-26 16:02:39,106 - INFO - 生成大纲: 标题: 蜜蜂会（MiForum）逆袭之路, 长度: 500000, 体裁: 城市科幻逆袭爽文（王朔风格）, 语言: 中文
2025-02-26 16:03:02,303 - INFO - 生成的大纲文本:
```json
[
  {
    "title": "雾霾下的北京：2002年的中关村夜色",
    "length": 8000,
    "level": 1
  },
  {
    "title": "石头和他的第一个“蜜蜂窝”：MiForum的雏形",
    "length": 9000,
    "level": 1
  },
  {
    "title": "草根英雄的集结：张琨、明哥、晓阳的加入",
    "length": 8500,
    "level": 1
  },
  {
    "title": "咖啡馆里的第一次争吵：论坛的定位之辩",
    "length": 7500,
    "level": 1
  },
  {
    "title": "简陋的服务器和第一批“蜂群”用户",
    "length": 8000,
    "level": 1
  },
  {
    "title": "医院信息化的蓝海：MiForum的初期方向",
    "length": 9500,
    "level": 1
  },
  {
    "title": "天使投资人的橄榄枝：机遇与最初的诱惑",
    "length": 8800,
    "level": 1
  },
  {
    "title": "技术攻关的日夜：Daniel和三石的代码狂欢",
    "length": 9200,
    "level": 1
  },
  {
    "title": "办公室恋情萌芽：晓阳与性感女同事的暧昧",
    "length": 8300,
    "level": 1
  },
  {
    "title": "行业巨头的窥视：来自传统医疗厂商的压力",
    "length": 9000,
    "level": 1
  },
  {
    "title": "第一次商业合作：与地方小医院的试水",
    "length": 8600,
    "level": 1
  },
  {
    "title": "资金链告急：MiForum的第一次生死考验",
    "length": 9100,
    "level": 1
  },
  {
    "title": "明哥的“江湖”智慧：危机公关与人脉拓展",
    "length": 8900,
    "level": 1
  },
  {
    "title": "性感女投资人降临：夏薇和她的风险投资",
    "length": 9400,
    "level": 1
  },
  {
    "title": "股东大会上的暗流涌动：权力与利益的博弈",
    "length": 8700,
    "level": 1
  },
  {
    "title": "产品发布会的意外：系统崩溃与危机应对",
    "length": 9300,
    "level": 1
  },
  {
    "title": "张琨的营销鬼才：病毒式传播与用户激增",
    "length": 8500,
    "level": 1
  },
  {
    "title": "竞争对手的恶意打压：网络攻击与商业诽谤",
    "length": 9200,
    "level": 1
  },
  {
    "title": "石头和夏薇的办公室绯闻：情感与事业的纠缠",
    "length": 9000,
    "level": 1
  },
  {
    "title": "团队分裂的苗头：理念冲突与路线之争",
    "length": 8800,
    "level": 1
  },
  {
    "title": "进军大型三甲医院：MiForum的战略升级",
    "length": 9500,
    "level": 1
  },
  {
    "title": "招投标的黑幕：行业潜规则与灰色地带",
    "length": 9100,
    "level": 1
  },
  {
    "title": "反腐风暴的冲击：政策风险与合规危机",
    "length": 8900,
    "level": 1
  },
  {
    "title": "Daniel的技术反击：自主研发与核心竞争力",
    "length": 9300,
    "level": 1
  },
  {
    "title": "晓阳的婚外情：家庭危机与情感漩涡",
    "length": 8700,
    "level": 1
  },
  {
    "title": "明哥的手段：灰色公关与利益交换",
    "length": 9200,
    "level": 1
  },
  {
    "title": "三石的黑客技术：数据安全与信息战",
    "length": 9000,
    "level": 1
  },
  {
    "title": "张琨的跨界合作：互联网思维与传统医疗的碰撞",
    "length": 8800,
    "level": 1
  },
  {
    "title": "石头与前女友重逢：旧情复燃与情感抉择",
    "length": 9400,
    "level": 1
  },
  {
    "title": "团队内讧升级：权力斗争与信任危机",
    "length": 9100,
    "level": 1
  },
  {
    "title": "资本市场的诱惑：Pre-IPO轮融资与估值谈判",
    "length": 9300,
    "level": 1
  },
  {
    "title": "路演现场的唇枪舌战：商业模式与未来前景",
    "length": 8900,
    "level": 1
  },
  {
    "title": "监管政策的收紧：行业洗牌与生存挑战",
    "length": 9000,
    "level": 1
  },
  {
    "title": "MiForum的转型之路：从论坛到医疗科技公司",
    "length": 9200,
    "level": 1
  },
  {
    "title": "新产品的研发困境：技术瓶颈与创新难题",
    "length": 8800,
    "level": 1
  },
  {
    "title": "竞争对手的收购要约：诱惑与坚守",
    "length": 9400,
    "level": 1
  },
  {
    "title": "石头与夏薇的决裂：情感破裂与商业切割",
    "length": 9100,
    "level": 1
  },
  {
    "title": "团队重组与价值观重建：迷途知返与初心回归",
    "length": 9300,
    "level": 1
  },
  {
    "title": "新一代性感女CEO：安琪接棒与管理变革",
    "length": 8700,
    "level": 1
  },
  {
    "title": "反击战的号角：MiForum的逆袭策略",
    "length": 9200,
    "level": 1
  },
  {
    "title": "技术创新驱动增长：AI医疗与大数据应用",
    "length": 9000,
    "level": 1
  },
  {
    "title": "国际市场的开拓：全球化战略与海外扩张",
    "length": 8800,
    "level": 1
  },
  {
    "title": "品牌重塑与形象升级：MiForum的新面貌",
    "length": 9500,
    "level": 1
  },
  {
    "title": "IPO前的最后冲刺：合规审查与风险控制",
    "length": 9100,
    "level": 1
  },
  {
    "title": "上市钟声敲响：MiForum的荣耀时刻",
    "length": 9300,
    "level": 1
  },
  {
    "title": "资本市场的狂欢与隐忧：股价波动与泡沫风险",
    "length": 8900,
    "level": 1
  },
  {
    "title": "创始团队的财富与迷茫：成功后的个人选择",
    "length": 9000,
    "level": 1
  },
  {
    "title": "晓阳的救赎与回归：家庭和解与事业新起点",
    "length": 9200,
    "level": 1
  },
  {
    "title": "明哥的隐退与传承：幕后英雄的转身",
    "length": 8800,
    "level": 1
  },
  {
    "title": "张琨的二次创业：新领域的探索与野心",
    "length": 9400,
    "level": 1
  },
  {
    "title": "Daniel和三石的未来：技术理想与持续创新",
    "length": 9100,
    "level": 1
  },
  {
    "title": "石头和安琪的新篇章：MiForum的传承与发展",
    "length": 9300,
    "level": 1
  },
  {
    "title": "多年后的回望：MiForum的逆袭之路与时代变迁",
    "length": 8700,
    "level": 1
  },
  {
    "title": "尾声：蜜蜂会的故事仍在继续",
    "length": 3000,
    "level": 1
  }
]
```
2025-02-26 16:03:02,307 - INFO - 解析后的大纲: [
  {
    "title": "雾霾下的北京：2002年的中关村夜色",
    "length": 8000,
    "level": 1
  },
  {
    "title": "石头和他的第一个“蜜蜂窝”：MiForum的雏形",
    "length": 9000,
    "level": 1
  },
  {
    "title": "草根英雄的集结：张琨、明哥、晓阳的加入",
    "length": 8500,
    "level": 1
  },
  {
    "title": "咖啡馆里的第一次争吵：论坛的定位之辩",
    "length": 7500,
    "level": 1
  },
  {
    "title": "简陋的服务器和第一批“蜂群”用户",
    "length": 8000,
    "level": 1
  },
  {
    "title": "医院信息化的蓝海：MiForum的初期方向",
    "length": 9500,
    "level": 1
  },
  {
    "title": "天使投资人的橄榄枝：机遇与最初的诱惑",
    "length": 8800,
    "level": 1
  },
  {
    "title": "技术攻关的日夜：Daniel和三石的代码狂欢",
    "length": 9200,
    "level": 1
  },
  {
    "title": "办公室恋情萌芽：晓阳与性感女同事的暧昧",
    "length": 8300,
    "level": 1
  },
  {
    "title": "行业巨头的窥视：来自传统医疗厂商的压力",
    "length": 9000,
    "level": 1
  },
  {
    "title": "第一次商业合作：与地方小医院的试水",
    "length": 8600,
    "level": 1
  },
  {
    "title": "资金链告急：MiForum的第一次生死考验",
    "length": 9100,
    "level": 1
  },
  {
    "title": "明哥的“江湖”智慧：危机公关与人脉拓展",
    "length": 8900,
    "level": 1
  },
  {
    "title": "性感女投资人降临：夏薇和她的风险投资",
    "length": 9400,
    "level": 1
  },
  {
    "title": "股东大会上的暗流涌动：权力与利益的博弈",
    "length": 8700,
    "level": 1
  },
  {
    "title": "产品发布会的意外：系统崩溃与危机应对",
    "length": 9300,
    "level": 1
  },
  {
    "title": "张琨的营销鬼才：病毒式传播与用户激增",
    "length": 8500,
    "level": 1
  },
  {
    "title": "竞争对手的恶意打压：网络攻击与商业诽谤",
    "length": 9200,
    "level": 1
  },
  {
    "title": "石头和夏薇的办公室绯闻：情感与事业的纠缠",
    "length": 9000,
    "level": 1
  },
  {
    "title": "团队分裂的苗头：理念冲突与路线之争",
    "length": 8800,
    "level": 1
  },
  {
    "title": "进军大型三甲医院：MiForum的战略升级",
    "length": 9500,
    "level": 1
  },
  {
    "title": "招投标的黑幕：行业潜规则与灰色地带",
    "length": 9100,
    "level": 1
  },
  {
    "title": "反腐风暴的冲击：政策风险与合规危机",
    "length": 8900,
    "level": 1
  },
  {
    "title": "Daniel的技术反击：自主研发与核心竞争力",
    "length": 9300,
    "level": 1
  },
  {
    "title": "晓阳的婚外情：家庭危机与情感漩涡",
    "length": 8700,
    "level": 1
  },
  {
    "title": "明哥的手段：灰色公关与利益交换",
    "length": 9200,
    "level": 1
  },
  {
    "title": "三石的黑客技术：数据安全与信息战",
    "length": 9000,
    "level": 1
  },
  {
    "title": "张琨的跨界合作：互联网思维与传统医疗的碰撞",
    "length": 8800,
    "level": 1
  },
  {
    "title": "石头与前女友重逢：旧情复燃与情感抉择",
    "length": 9400,
    "level": 1
  },
  {
    "title": "团队内讧升级：权力斗争与信任危机",
    "length": 9100,
    "level": 1
  },
  {
    "title": "资本市场的诱惑：Pre-IPO轮融资与估值谈判",
    "length": 9300,
    "level": 1
  },
  {
    "title": "路演现场的唇枪舌战：商业模式与未来前景",
    "length": 8900,
    "level": 1
  },
  {
    "title": "监管政策的收紧：行业洗牌与生存挑战",
    "length": 9000,
    "level": 1
  },
  {
    "title": "MiForum的转型之路：从论坛到医疗科技公司",
    "length": 9200,
    "level": 1
  },
  {
    "title": "新产品的研发困境：技术瓶颈与创新难题",
    "length": 8800,
    "level": 1
  },
  {
    "title": "竞争对手的收购要约：诱惑与坚守",
    "length": 9400,
    "level": 1
  },
  {
    "title": "石头与夏薇的决裂：情感破裂与商业切割",
    "length": 9100,
    "level": 1
  },
  {
    "title": "团队重组与价值观重建：迷途知返与初心回归",
    "length": 9300,
    "level": 1
  },
  {
    "title": "新一代性感女CEO：安琪接棒与管理变革",
    "length": 8700,
    "level": 1
  },
  {
    "title": "反击战的号角：MiForum的逆袭策略",
    "length": 9200,
    "level": 1
  },
  {
    "title": "技术创新驱动增长：AI医疗与大数据应用",
    "length": 9000,
    "level": 1
  },
  {
    "title": "国际市场的开拓：全球化战略与海外扩张",
    "length": 8800,
    "level": 1
  },
  {
    "title": "品牌重塑与形象升级：MiForum的新面貌",
    "length": 9500,
    "level": 1
  },
  {
    "title": "IPO前的最后冲刺：合规审查与风险控制",
    "length": 9100,
    "level": 1
  },
  {
    "title": "上市钟声敲响：MiForum的荣耀时刻",
    "length": 9300,
    "level": 1
  },
  {
    "title": "资本市场的狂欢与隐忧：股价波动与泡沫风险",
    "length": 8900,
    "level": 1
  },
  {
    "title": "创始团队的财富与迷茫：成功后的个人选择",
    "length": 9000,
    "level": 1
  },
  {
    "title": "晓阳的救赎与回归：家庭和解与事业新起点",
    "length": 9200,
    "level": 1
  },
  {
    "title": "明哥的隐退与传承：幕后英雄的转身",
    "length": 8800,
    "level": 1
  },
  {
    "title": "张琨的二次创业：新领域的探索与野心",
    "length": 9400,
    "level": 1
  },
  {
    "title": "Daniel和三石的未来：技术理想与持续创新",
    "length": 9100,
    "level": 1
  },
  {
    "title": "石头和安琪的新篇章：MiForum的传承与发展",
    "length": 9300,
    "level": 1
  },
  {
    "title": "多年后的回望：MiForum的逆袭之路与时代变迁",
    "length": 8700,
    "level": 1
  },
  {
    "title": "尾声：蜜蜂会的故事仍在继续",
    "length": 3000,
    "level": 1
  }
]
2025-02-26 16:03:02,308 - INFO - 章节数过多，尝试合并相似章节...
2025-02-26 16:03:02,308 - INFO - 标题净化: '办公室恋情萌芽：晓阳与性感女同事的暧昧' -> '办公室恋情萌芽：晓阳与挑战感女同事的暧昧'
2025-02-26 16:03:02,308 - INFO - 标题净化: '性感女投资人降临：夏薇和她的风险投资' -> '挑战感女投资人降临：夏薇和她的风险投资'
2025-02-26 16:03:02,308 - INFO - 标题净化: '竞争对手的恶意打压：网络攻击与商业诽谤' -> '竞争对手的强势打压：网络攻击与商业诽谤'
2025-02-26 16:03:02,308 - INFO - 标题净化: '石头和夏薇的办公室绯闻：情感与事业的纠缠' -> '石头和夏薇的办公室挑战：情感与事业的纠缠'
2025-02-26 16:03:02,308 - INFO - 标题净化: '晓阳的婚外情：家庭危机与情感漩涡' -> '晓阳的家庭挑战：家庭危机与情感漩涡'
2025-02-26 16:03:02,309 - INFO - 标题净化: '新一代性感女CEO：安琪接棒与管理变革' -> '新一代挑战感女CEO：安琪接棒与管理变革'
2025-02-26 16:03:02,309 - INFO - 大纲生成成功
2025-02-26 16:03:02,311 - INFO - 大纲已保存至: articles/蜜蜂会MiForum逆袭之路_20250226_160302_outline.json
2025-02-26 16:03:02,311 - INFO - 正在组装文章...
2025-02-26 16:03:53,042 - INFO - 进度已保存至: articles/蜜蜂会MiForum逆袭之路_progress.md
2025-02-26 16:03:53,042 - INFO - 章节 '雾霾下的北京：2002年的中关村夜色' 写作完成，生成了 6268 字符
2025-02-26 16:04:19,359 - INFO - 进度已保存至: articles/蜜蜂会MiForum逆袭之路_progress.md
2025-02-26 16:04:19,360 - INFO - 章节 '石头和他的第一个“蜜蜂窝”：MiForum的雏形' 写作完成，生成了 4989 字符
2025-02-26 16:04:47,100 - INFO - 进度已保存至: articles/蜜蜂会MiForum逆袭之路_progress.md
2025-02-26 16:04:47,101 - INFO - 章节 '草根英雄的集结：张琨、明哥、晓阳的加入' 写作完成，生成了 5401 字符
2025-02-26 16:05:17,116 - INFO - 进度已保存至: articles/蜜蜂会MiForum逆袭之路_progress.md
2025-02-26 16:05:17,116 - INFO - 章节 '咖啡馆里的第一次争吵：论坛的定位之辩' 写作完成，生成了 5407 字符
2025-02-26 16:05:43,899 - INFO - 进度已保存至: articles/蜜蜂会MiForum逆袭之路_progress.md
2025-02-26 16:05:43,900 - INFO - 章节 '简陋的服务器和第一批“蜂群”用户' 写作完成，生成了 4673 字符
2025-02-26 16:06:15,562 - INFO - 进度已保存至: articles/蜜蜂会MiForum逆袭之路_progress.md
2025-02-26 16:06:15,563 - INFO - 章节 '医院信息化的蓝海：MiForum的初期方向' 写作完成，生成了 6444 字符
2025-02-26 16:06:47,802 - INFO - 进度已保存至: articles/蜜蜂会MiForum逆袭之路_progress.md
2025-02-26 16:06:47,803 - INFO - 章节 '天使投资人的橄榄枝：机遇与最初的诱惑' 写作完成，生成了 5739 字符
2025-02-26 16:07:10,730 - INFO - 进度已保存至: articles/蜜蜂会MiForum逆袭之路_progress.md
2025-02-26 16:07:10,731 - INFO - 章节 '技术攻关的日夜：Daniel和三石的代码狂欢' 写作完成，生成了 3849 字符
2025-02-26 16:07:38,075 - INFO - 进度已保存至: articles/蜜蜂会MiForum逆袭之路_progress.md
2025-02-26 16:07:38,076 - INFO - 章节 '办公室恋情萌芽：晓阳与挑战感女同事的暧昧' 写作完成，生成了 4730 字符
2025-02-26 16:08:30,717 - INFO - 进度已保存至: articles/蜜蜂会MiForum逆袭之路_progress.md
2025-02-26 16:08:30,718 - INFO - 章节 '行业巨头的窥视：来自传统医疗厂商的压力' 写作完成，生成了 4500 字符
2025-02-26 16:08:53,941 - INFO - 进度已保存至: articles/蜜蜂会MiForum逆袭之路_progress.md
2025-02-26 16:08:53,942 - INFO - 章节 '第一次商业合作：与地方小医院的试水' 写作完成，生成了 3920 字符
2025-02-26 16:09:18,039 - INFO - 进度已保存至: articles/蜜蜂会MiForum逆袭之路_progress.md
2025-02-26 16:09:18,040 - INFO - 章节 '资金链告急：MiForum的第一次生死考验' 写作完成，生成了 3952 字符
2025-02-26 16:09:37,781 - INFO - 进度已保存至: articles/蜜蜂会MiForum逆袭之路_progress.md
2025-02-26 16:09:37,781 - INFO - 章节 '明哥的“江湖”智慧：危机公关与人脉拓展' 写作完成，生成了 3078 字符
2025-02-26 16:09:59,798 - INFO - 进度已保存至: articles/蜜蜂会MiForum逆袭之路_progress.md
2025-02-26 16:09:59,799 - INFO - 章节 '挑战感女投资人降临：夏薇和她的风险投资' 写作完成，生成了 3560 字符
2025-02-26 16:10:24,581 - INFO - 进度已保存至: articles/蜜蜂会MiForum逆袭之路_progress.md
2025-02-26 16:10:24,581 - INFO - 章节 '股东大会上的暗流涌动：权力与利益的博弈' 写作完成，生成了 4446 字符
2025-02-26 16:10:52,331 - INFO - 进度已保存至: articles/蜜蜂会MiForum逆袭之路_progress.md
2025-02-26 16:10:52,332 - INFO - 章节 '产品发布会的意外：系统崩溃与危机应对' 写作完成，生成了 4525 字符
2025-02-26 16:11:14,815 - INFO - 进度已保存至: articles/蜜蜂会MiForum逆袭之路_progress.md
2025-02-26 16:11:14,816 - INFO - 章节 '张琨的营销鬼才：病毒式传播与用户激增' 写作完成，生成了 3340 字符
2025-02-26 16:11:37,899 - INFO - 进度已保存至: articles/蜜蜂会MiForum逆袭之路_progress.md
2025-02-26 16:11:37,899 - INFO - 章节 '竞争对手的强势打压：网络攻击与商业诽谤' 写作完成，生成了 3144 字符
2025-02-26 16:12:03,074 - INFO - 进度已保存至: articles/蜜蜂会MiForum逆袭之路_progress.md
2025-02-26 16:12:03,074 - INFO - 章节 '石头和夏薇的办公室挑战：情感与事业的纠缠' 写作完成，生成了 3944 字符
2025-02-26 16:12:32,887 - INFO - 进度已保存至: articles/蜜蜂会MiForum逆袭之路_progress.md
2025-02-26 16:12:32,887 - INFO - 章节 '团队分裂的苗头：理念冲突与路线之争' 写作完成，生成了 3336 字符
2025-02-26 16:12:58,903 - INFO - 进度已保存至: articles/蜜蜂会MiForum逆袭之路_progress.md
2025-02-26 16:12:58,904 - INFO - 章节 '进军大型三甲医院：MiForum的战略升级' 写作完成，生成了 4396 字符
2025-02-26 16:13:22,965 - INFO - 进度已保存至: articles/蜜蜂会MiForum逆袭之路_progress.md
2025-02-26 16:13:22,966 - INFO - 章节 '招投标的黑幕：行业潜规则与灰色地带' 写作完成，生成了 3729 字符
2025-02-26 16:13:47,646 - INFO - 进度已保存至: articles/蜜蜂会MiForum逆袭之路_progress.md
2025-02-26 16:13:47,647 - INFO - 章节 '反腐风暴的冲击：政策风险与合规危机' 写作完成，生成了 4186 字符
2025-02-26 16:15:41,252 - INFO - 进度已保存至: articles/蜜蜂会MiForum逆袭之路_progress.md
2025-02-26 16:15:41,253 - INFO - 章节 'Daniel的技术反击：自主研发与核心竞争力' 写作完成，生成了 4062 字符
2025-02-26 16:16:13,634 - INFO - 进度已保存至: articles/蜜蜂会MiForum逆袭之路_progress.md
2025-02-26 16:16:13,635 - INFO - 章节 '晓阳的家庭挑战：家庭危机与情感漩涡' 写作完成，生成了 5397 字符
2025-02-26 16:16:41,996 - INFO - 进度已保存至: articles/蜜蜂会MiForum逆袭之路_progress.md
2025-02-26 16:16:41,997 - INFO - 章节 '明哥的手段：灰色公关与利益交换' 写作完成，生成了 3530 字符
2025-02-26 16:17:28,415 - INFO - 进度已保存至: articles/蜜蜂会MiForum逆袭之路_progress.md
2025-02-26 16:17:28,416 - INFO - 章节 '三石的黑客技术：数据安全与信息战' 写作完成，生成了 4278 字符
2025-02-26 16:18:54,948 - INFO - 进度已保存至: articles/蜜蜂会MiForum逆袭之路_progress.md
2025-02-26 16:18:54,948 - INFO - 章节 '张琨的跨界合作：互联网思维与传统医疗的碰撞' 写作完成，生成了 4192 字符
2025-02-26 16:20:13,951 - INFO - 用户中断操作
