2025-02-14 15:39:33,494 - INFO - Starting article generation for: 蜜蜂会（MiForum）逆袭之路
2025-02-14 15:39:33,494 - INFO - Log file created at: logs/蜜蜂会MiForum逆袭之路_20250214_153933.log
2025-02-14 15:39:33,495 - INFO - Generating outline for title: 蜜蜂会（MiForum）逆袭之路, length: 10000, genre: 城市科幻逆袭爽文, language: 中文
2025-02-14 15:39:56,921 - INFO - Outline text:
```json
[
  {
    "title": "楔子：蜜蜂会（MiForum）的辉煌与陨落 (Prologue: MiForum's Glory and Fall)",
    "length": 500,
    "level": 1
  },
  {
    "title": "1. 初创：六位创始人与蜜蜂会 (1. Genesis: The Six Founders and MiForum)",
    "length": 1000,
    "level": 1
  },
  {
    "title": "1.1 梦想的起点：医疗信息化的蓝海 (1.1 The Starting Point of Dreams: The Blue Ocean of Medical Informatics)",
    "length": 200,
    "level": 2,
    "parent": "1. 初创：六位创始人与蜜蜂会 (1. Genesis: The Six Founders and MiForum)"
  },
  {
    "title": "1.2 六人组：性格迥异，各有所长 (1.2 The Six-Member Group: Different Personalities, Each with Strengths)",
    "length": 300,
    "level": 2,
    "parent": "1. 初创：六位创始人与蜜蜂会 (1. Genesis: The Six Founders and MiForum)"
  },
  {
    "title": "1.2.1 石头 (Shitou)：技术核心与理想主义 (1.2.1 Shitou: Technical Core and Idealism)",
    "length": 50,
    "level": 3,
    "parent": "1.2 六人组：性格迥异，各有所长 (1.2 The Six-Member Group: Different Personalities, Each with Strengths)"
  },
  {
    "title": "1.2.2 张琨 (Zhang Kun)：商业头脑与人脉拓展 (1.2.2 Zhang Kun: Business Acumen and Network Expansion)",
    "length": 50,
    "level": 3,
    "parent": "1.2 六人组：性格迥异，各有所长 (1.2 The Six-Member Group: Different Personalities, Each with Strengths)"
  },
  {
    "title": "1.2.3 明哥 (Ming Ge)：运营管理与精打细算 (1.2.3 Ming Ge: Operations Management and Frugality)",
    "length": 50,
    "level": 3,
    "parent": "1.2 六人组：性格迥异，各有所长 (1.2 The Six-Member Group: Different Personalities, Each with Strengths)"
  },
  {
    "title": "1.2.4 晓阳 (Xiaoyang)：设计天赋与用户体验 (1.2.4 Xiaoyang: Design Talent and User Experience)",
    "length": 50,
    "level": 3,
    "parent": "1.2 六人组：性格迥异，各有所长 (1.2 The Six-Member Group: Different Personalities, Each with Strengths)"
  },
  {
    "title": "1.2.5 Daniel：国际视野与战略布局 (1.2.5 Daniel: International Vision and Strategic Layout)",
    "length": 50,
    "level": 3,
    "parent": "1.2 六人组：性格迥异，各有所长 (1.2 The Six-Member Group: Different Personalities, Each with Strengths)"
  },
  {
    "title": "1.2.6 三石 (San Shi)：数据分析与风险控制 (1.2.6 San Shi: Data Analysis and Risk Control)",
    "length": 50,
    "level": 3,
    "parent": "1.2 六人组：性格迥异，各有所长 (1.2 The Six-Member Group: Different Personalities, Each with Strengths)"
  },
  {
    "title": "1.3 蜜蜂会成立初期：技术积累与市场试水 (1.3 Early Days of MiForum: Technology Accumulation and Market Testing)",
    "length": 300,
    "level": 2,
    "parent": "1. 初创：六位创始人与蜜蜂会 (1. Genesis: The Six Founders and MiForum)"
  },
  {
    "title": "1.4 初露锋芒：首个医院信息化项目的成功 (1.4 Showing Promise: Success of the First Hospital Informatics Project)",
    "length": 200,
    "level": 2,
    "parent": "1. 初创：六位创始人与蜜蜂会 (1. Genesis: The Six Founders and MiForum)"
  },
  {
    "title": "2. 危机：背叛与阴谋 (2. Crisis: Betrayal and Conspiracy)",
    "length": 1500,
    "level": 1
  },
  {
    "title": "2.1 行业巨头的觊觎：暗流涌动 (2.1 Covetousness of Industry Giants: Undercurrents)",
    "length": 300,
    "level": 2,
    "parent": "2. 危机：背叛与阴谋 (2. Crisis: Betrayal and Conspiracy)"
  },
  {
    "title": "2.2 内部裂痕：利益与信任的考验 (2.2 Internal Cracks: Test of Interests and Trust)",
    "length": 400,
    "level": 2,
    "parent": "2. 危机：背叛与阴谋 (2. Crisis: Betrayal and Conspiracy)"
  },
  {
    "title": "2.3 致命陷阱：核心技术泄露与项目失败 (2.3 Deadly Trap: Leakage of Core Technology and Project Failure)",
    "length": 400,
    "level": 2,
    "parent": "2. 危机：背叛与阴谋 (2. Crisis: Betrayal and Conspiracy)"
  },
  {
    "title": "2.4 众叛亲离：蜜蜂会陷入低谷 (2.4 Abandoned and Isolated: MiForum Plunges into a Low Point)",
    "length": 400,
    "level": 2,
    "parent": "2. 危机：背叛与阴谋 (2. Crisis: Betrayal and Conspiracy)"
  },
  {
    "title": "3. 蛰伏：黑暗中的反思与积蓄 (3. Dormancy: Reflection and Accumulation in the Dark)",
    "length": 1200,
    "level": 1
  },
  {
    "title": "3.1 低谷期的挣扎：生存与信念的坚守 (3.1 Struggles in the Low Period: Perseverance of Survival and Belief)",
    "length": 300,
    "level": 2,
    "parent": "3. 蛰伏：黑暗中的反思与积蓄 (3. Dormancy: Reflection and Accumulation in the Dark)"
  },
  {
    "title": "3.2 复盘失败：寻找真相与责任 (3.2 Reviewing Failure: Searching for Truth and Responsibility)",
    "length": 300,
    "level": 2,
    "parent": "3. 蛰伏：黑暗中的反思与积蓄 (3. Dormancy: Reflection and Accumulation in the Dark)"
  },
  {
    "title": "3.3 重塑团队：信任的重建与凝聚力 (3.3 Reshaping the Team: Reconstruction of Trust and Cohesion)",
    "length": 300,
    "level": 2,
    "parent": "3. 蛰伏：黑暗中的反思与积蓄 (3. Dormancy: Reflection and Accumulation in the Dark)"
  },
  {
    "title": "3.4 技术升级：秘密研发与弯道超车 (3.4 Technology Upgrade: Secret R&D and Overtaking on a Curve)",
    "length": 300,
    "level": 2,
    "parent": "3. 蛰伏：黑暗中的反思与积蓄 (3. Dormancy: Reflection and Accumulation in the Dark)"
  },
  {
    "title": "4. 崛起：复仇的火焰 (4. Rise: Flames of Revenge)",
    "length": 2500,
    "level": 1
  },
  {
    "title": "4.1 秘密武器：新一代医疗信息化系统“蜂巢” (4.1 Secret Weapon: New Generation Medical Informatics System \"Hive\")",
    "length": 500,
    "level": 2,
    "parent": "4. 崛起：复仇的火焰 (4. Rise: Flames of Revenge)"
  },
  {
    "title": "4.1.1 “蜂巢”的核心技术突破：AI与大数据驱动 (4.1.1 Core Technological Breakthroughs of \"Hive\": AI and Big Data Driven)",
    "length": 200,
    "level": 3,
    "parent": "4.1 秘密武器：新一代医疗信息化系统“蜂巢” (4.1 Secret Weapon: New Generation Medical Informatics System \"Hive\")"
  },
  {
    "title": "4.1.2 颠覆性功能：精准医疗与智能诊断 (4.1.2 Disruptive Functions: Precision Medicine and Intelligent Diagnosis)",
    "length": 200,
    "level": 3,
    "parent": "4.1 秘密武器：新一代医疗信息化系统“蜂巢” (4.1 Secret Weapon: New Generation Medical Informatics System \"Hive\")"
  },
  {
    "title": "4.1.3 隐秘性与安全性：应对网络攻击与商业间谍 (4.1.3 Stealth and Security: Responding to Cyber Attacks and Industrial Espionage)",
    "length": 100,
    "level": 3,
    "parent": "4.1 秘密武器：新一代医疗信息化系统“蜂巢” (4.1 Secret Weapon: New Generation Medical Informatics System \"Hive\")"
  },
  {
    "title": "4.2 反击的号角：重返市场与竞争 (4.2 Bugle Call for Counterattack: Returning to the Market and Competition)",
    "length": 400,
    "level": 2,
    "parent": "4. 崛起：复仇的火焰 (4. Rise: Flames of Revenge)"
  },
  {
    "title": "4.3 步步为营：蚕食竞争对手的市场份额 (4.3 Step by Step: Eroding Competitors' Market Share)",
    "length": 400,
    "level": 2,
    "parent": "4. 崛起：复仇的火焰 (4. Rise: Flames of Revenge)"
  },
  {
    "title": "4.4 揭露真相：公开背叛者的阴谋 (4.4 Revealing the Truth: Exposing the Conspirator's Plot)",
    "length": 600,
    "level": 2,
    "parent": "4. 崛起：复仇的火焰 (4. Rise: Flames of Revenge)"
  },
  {
    "title": "4.4.1 搜集证据：技术手段与人脉调查 (4.4.1 Collecting Evidence: Technical Means and Network Investigation)",
    "length": 200,
    "level": 3,
    "parent": "4.4 揭露真相：公开背叛者的阴谋 (4.4 Revealing the Truth: Exposing the Conspirator's Plot)"
  },
  {
    "title": "4.4.2 公开反击：舆论战与法律诉讼 (4.4.2 Public Counterattack: Public Opinion War and Legal Litigation)",
    "length": 200,
    "level": 3,
    "parent": "4.4 揭露真相：公开背叛者的阴谋 (4.4 Revealing the Truth: Exposing the Conspirator's Plot)"
  },
  {
    "title": "4.4.3 背叛者的末路：身败名裂与法律制裁 (4.4.3 The Conspirator's Demise: Disgrace and Legal Sanctions)",
    "length": 200,
    "level": 3,
    "parent": "4.4 揭露真相：公开背叛者的阴谋 (4.4 Revealing the Truth: Exposing the Conspirator's Plot)"
  },
  {
    "title": "4.5 情感纠葛：爱恨情仇的抉择 (4.5 Emotional Entanglements: Choices of Love, Hate, and Passion)",
    "length": 600,
    "level": 2,
    "parent": "4. 崛起：复仇的火焰 (4. Rise: Flames of Revenge)"
  },
  {
    "title": "4.5.1 旧爱重逢：曾经的恋人与现在的对手 (4.5.1 Old Love Reunited: Former Lovers and Current Rivals)",
    "length": 200,
    "level": 3,
    "parent": "4.5 情感纠葛：爱恨情仇的抉择 (4.5 Emotional Entanglements: Choices of Love, Hate, and Passion)"
  },
  {
    "title": "4.5.2 新的邂逅：并肩作战的伙伴与萌生的情愫 (4.5.2 New Encounters: Partners Fighting Side-by-Side and Budding Affection)",
    "length": 200,
    "level": 3,
    "parent": "4.5 情感纠葛：爱恨情仇的抉择 (4.5 Emotional Entanglements: Choices of Love, Hate, and Passion)"
  },
  {
    "title": "4.5.3 情感与复仇的冲突：内心的挣扎与抉择 (4.5.3 Conflict Between Emotion and Revenge: Inner Struggles and Choices)",
    "length": 200,
    "level": 3,
    "parent": "4.5 情感纠葛：爱恨情仇的抉择 (4.5 Emotional Entanglements: Choices of Love, Hate, and Passion)"
  },
  {
    "title": "5. 巅峰：王者归来与新的征程 (5. Peak: Return of the King and a New Journey)",
    "length": 1800,
    "level": 1
  },
  {
    "title": "5.1 行业地位的确立：蜜蜂会重回巅峰 (5.1 Establishment of Industry Status: MiForum Returns to the Peak)",
    "length": 400,
    "level": 2,
    "parent": "5. 巅峰：王者归来与新的征程 (5. Peak: Return of the King and a New Journey)"
  },
  {
    "title": "5.2 技术引领未来：医疗信息化新标准的制定者 (5.2 Technology Leads the Future: Formulator of New Standards for Medical Informatics)",
    "length": 400,
    "level": 2,
    "parent": "5. 巅峰：王者归来与新的征程 (5. Peak: Return of the King and a New Journey)"
  },
  {
    "title": "5.3 人物命运的走向：六位创始人的未来 (5.3 Direction of Character Fates: The Future of the Six Founders)",
    "length": 500,
    "level": 2,
    "parent": "5. 巅峰：王者归来与新的征程 (5. Peak: Return of the King and a New Journey)"
  },
  {
    "title": "5.3.1 石头：技术理想的实现与新的目标 (5.3.1 Shitou: Realization of Technical Ideals and New Goals)",
    "length": 100,
    "level": 3,
    "parent": "5.3 人物命运的走向：六位创始人的未来 (5.3 Direction of Character Fates: The Future of the Six Founders)"
  },
  {
    "title": "5.3.2 张琨：商业帝国的扩张与社会责任 (5.3.2 Zhang Kun: Expansion of Business Empire and Social Responsibility)",
    "length": 100,
    "level": 3,
    "parent": "5.3 人物命运的走向：六位创始人的未来 (5.3 Direction of Character Fates: The Future of the Six Founders)"
  },
  {
    "title": "5.3.3 明哥：稳健运营与团队传承 (5.3.3 Ming Ge: Steady Operation and Team Inheritance)",
    "length": 100,
    "level": 3,
    "parent": "5.3 人物命运的走向：六位创始人的未来 (5.3 Direction of Character Fates: The Future of the Six Founders)"
  },
  {
    "title": "5.3.4 晓阳：艺术与科技的融合与创新 (5.3.4 Xiaoyang: Fusion and Innovation of Art and Technology)",
    "length": 100,
    "level": 3,
    "parent": "5.3 人物命运的走向：六位创始人的未来 (5.3 Direction of Character Fates: The Future of the Six Founders)"
  },
  {
    "title": "5.3.5 Daniel：全球化布局与国际合作 (5.3.5 Daniel: Global Layout and International Cooperation)",
    "length": 100,
    "level": 3,
    "parent": "5.3 人物命运的走向：六位创始人的未来 (5.3 Direction of Character Fates: The Future of the Six Founders)"
  },
  {
    "title": "5.3.6 三石：数据安全与伦理的守护者 (5.3.6 San Shi: Guardian of Data Security and Ethics)",
    "length": 100,
    "level": 3,
    "parent": "5.3 人物命运的走向：六位创始人的未来 (5.3 Direction of Character Fates: The Future of the Six Founders)"
  },
  {
    "title": "5.4 新的挑战与展望：更广阔的未来 (5.4 New Challenges and Prospects: A Broader Future)",
    "length": 500,
    "level": 2,
    "parent": "5. 巅峰：王者归来与新的征程 (5. Peak: Return of the King and a New Journey)"
  },
  {
    "title": "尾声：蜜蜂会（MiForum）的传奇 (Epilogue: The Legend of MiForum)",
    "length": 500,
    "level": 1
  }
]
```
2025-02-14 15:39:56,924 - INFO - Parsed outline: [
  {
    "title": "楔子：蜜蜂会（MiForum）的辉煌与陨落 (Prologue: MiForum's Glory and Fall)",
    "length": 500,
    "level": 1
  },
  {
    "title": "1. 初创：六位创始人与蜜蜂会 (1. Genesis: The Six Founders and MiForum)",
    "length": 1000,
    "level": 1
  },
  {
    "title": "1.1 梦想的起点：医疗信息化的蓝海 (1.1 The Starting Point of Dreams: The Blue Ocean of Medical Informatics)",
    "length": 200,
    "level": 2,
    "parent": "1. 初创：六位创始人与蜜蜂会 (1. Genesis: The Six Founders and MiForum)"
  },
  {
    "title": "1.2 六人组：性格迥异，各有所长 (1.2 The Six-Member Group: Different Personalities, Each with Strengths)",
    "length": 300,
    "level": 2,
    "parent": "1. 初创：六位创始人与蜜蜂会 (1. Genesis: The Six Founders and MiForum)"
  },
  {
    "title": "1.2.1 石头 (Shitou)：技术核心与理想主义 (1.2.1 Shitou: Technical Core and Idealism)",
    "length": 50,
    "level": 3,
    "parent": "1.2 六人组：性格迥异，各有所长 (1.2 The Six-Member Group: Different Personalities, Each with Strengths)"
  },
  {
    "title": "1.2.2 张琨 (Zhang Kun)：商业头脑与人脉拓展 (1.2.2 Zhang Kun: Business Acumen and Network Expansion)",
    "length": 50,
    "level": 3,
    "parent": "1.2 六人组：性格迥异，各有所长 (1.2 The Six-Member Group: Different Personalities, Each with Strengths)"
  },
  {
    "title": "1.2.3 明哥 (Ming Ge)：运营管理与精打细算 (1.2.3 Ming Ge: Operations Management and Frugality)",
    "length": 50,
    "level": 3,
    "parent": "1.2 六人组：性格迥异，各有所长 (1.2 The Six-Member Group: Different Personalities, Each with Strengths)"
  },
  {
    "title": "1.2.4 晓阳 (Xiaoyang)：设计天赋与用户体验 (1.2.4 Xiaoyang: Design Talent and User Experience)",
    "length": 50,
    "level": 3,
    "parent": "1.2 六人组：性格迥异，各有所长 (1.2 The Six-Member Group: Different Personalities, Each with Strengths)"
  },
  {
    "title": "1.2.5 Daniel：国际视野与战略布局 (1.2.5 Daniel: International Vision and Strategic Layout)",
    "length": 50,
    "level": 3,
    "parent": "1.2 六人组：性格迥异，各有所长 (1.2 The Six-Member Group: Different Personalities, Each with Strengths)"
  },
  {
    "title": "1.2.6 三石 (San Shi)：数据分析与风险控制 (1.2.6 San Shi: Data Analysis and Risk Control)",
    "length": 50,
    "level": 3,
    "parent": "1.2 六人组：性格迥异，各有所长 (1.2 The Six-Member Group: Different Personalities, Each with Strengths)"
  },
  {
    "title": "1.3 蜜蜂会成立初期：技术积累与市场试水 (1.3 Early Days of MiForum: Technology Accumulation and Market Testing)",
    "length": 300,
    "level": 2,
    "parent": "1. 初创：六位创始人与蜜蜂会 (1. Genesis: The Six Founders and MiForum)"
  },
  {
    "title": "1.4 初露锋芒：首个医院信息化项目的成功 (1.4 Showing Promise: Success of the First Hospital Informatics Project)",
    "length": 200,
    "level": 2,
    "parent": "1. 初创：六位创始人与蜜蜂会 (1. Genesis: The Six Founders and MiForum)"
  },
  {
    "title": "2. 危机：背叛与阴谋 (2. Crisis: Betrayal and Conspiracy)",
    "length": 1500,
    "level": 1
  },
  {
    "title": "2.1 行业巨头的觊觎：暗流涌动 (2.1 Covetousness of Industry Giants: Undercurrents)",
    "length": 300,
    "level": 2,
    "parent": "2. 危机：背叛与阴谋 (2. Crisis: Betrayal and Conspiracy)"
  },
  {
    "title": "2.2 内部裂痕：利益与信任的考验 (2.2 Internal Cracks: Test of Interests and Trust)",
    "length": 400,
    "level": 2,
    "parent": "2. 危机：背叛与阴谋 (2. Crisis: Betrayal and Conspiracy)"
  },
  {
    "title": "2.3 致命陷阱：核心技术泄露与项目失败 (2.3 Deadly Trap: Leakage of Core Technology and Project Failure)",
    "length": 400,
    "level": 2,
    "parent": "2. 危机：背叛与阴谋 (2. Crisis: Betrayal and Conspiracy)"
  },
  {
    "title": "2.4 众叛亲离：蜜蜂会陷入低谷 (2.4 Abandoned and Isolated: MiForum Plunges into a Low Point)",
    "length": 400,
    "level": 2,
    "parent": "2. 危机：背叛与阴谋 (2. Crisis: Betrayal and Conspiracy)"
  },
  {
    "title": "3. 蛰伏：黑暗中的反思与积蓄 (3. Dormancy: Reflection and Accumulation in the Dark)",
    "length": 1200,
    "level": 1
  },
  {
    "title": "3.1 低谷期的挣扎：生存与信念的坚守 (3.1 Struggles in the Low Period: Perseverance of Survival and Belief)",
    "length": 300,
    "level": 2,
    "parent": "3. 蛰伏：黑暗中的反思与积蓄 (3. Dormancy: Reflection and Accumulation in the Dark)"
  },
  {
    "title": "3.2 复盘失败：寻找真相与责任 (3.2 Reviewing Failure: Searching for Truth and Responsibility)",
    "length": 300,
    "level": 2,
    "parent": "3. 蛰伏：黑暗中的反思与积蓄 (3. Dormancy: Reflection and Accumulation in the Dark)"
  },
  {
    "title": "3.3 重塑团队：信任的重建与凝聚力 (3.3 Reshaping the Team: Reconstruction of Trust and Cohesion)",
    "length": 300,
    "level": 2,
    "parent": "3. 蛰伏：黑暗中的反思与积蓄 (3. Dormancy: Reflection and Accumulation in the Dark)"
  },
  {
    "title": "3.4 技术升级：秘密研发与弯道超车 (3.4 Technology Upgrade: Secret R&D and Overtaking on a Curve)",
    "length": 300,
    "level": 2,
    "parent": "3. 蛰伏：黑暗中的反思与积蓄 (3. Dormancy: Reflection and Accumulation in the Dark)"
  },
  {
    "title": "4. 崛起：复仇的火焰 (4. Rise: Flames of Revenge)",
    "length": 2500,
    "level": 1
  },
  {
    "title": "4.1 秘密武器：新一代医疗信息化系统“蜂巢” (4.1 Secret Weapon: New Generation Medical Informatics System \"Hive\")",
    "length": 500,
    "level": 2,
    "parent": "4. 崛起：复仇的火焰 (4. Rise: Flames of Revenge)"
  },
  {
    "title": "4.1.1 “蜂巢”的核心技术突破：AI与大数据驱动 (4.1.1 Core Technological Breakthroughs of \"Hive\": AI and Big Data Driven)",
    "length": 200,
    "level": 3,
    "parent": "4.1 秘密武器：新一代医疗信息化系统“蜂巢” (4.1 Secret Weapon: New Generation Medical Informatics System \"Hive\")"
  },
  {
    "title": "4.1.2 颠覆性功能：精准医疗与智能诊断 (4.1.2 Disruptive Functions: Precision Medicine and Intelligent Diagnosis)",
    "length": 200,
    "level": 3,
    "parent": "4.1 秘密武器：新一代医疗信息化系统“蜂巢” (4.1 Secret Weapon: New Generation Medical Informatics System \"Hive\")"
  },
  {
    "title": "4.1.3 隐秘性与安全性：应对网络攻击与商业间谍 (4.1.3 Stealth and Security: Responding to Cyber Attacks and Industrial Espionage)",
    "length": 100,
    "level": 3,
    "parent": "4.1 秘密武器：新一代医疗信息化系统“蜂巢” (4.1 Secret Weapon: New Generation Medical Informatics System \"Hive\")"
  },
  {
    "title": "4.2 反击的号角：重返市场与竞争 (4.2 Bugle Call for Counterattack: Returning to the Market and Competition)",
    "length": 400,
    "level": 2,
    "parent": "4. 崛起：复仇的火焰 (4. Rise: Flames of Revenge)"
  },
  {
    "title": "4.3 步步为营：蚕食竞争对手的市场份额 (4.3 Step by Step: Eroding Competitors' Market Share)",
    "length": 400,
    "level": 2,
    "parent": "4. 崛起：复仇的火焰 (4. Rise: Flames of Revenge)"
  },
  {
    "title": "4.4 揭露真相：公开背叛者的阴谋 (4.4 Revealing the Truth: Exposing the Conspirator's Plot)",
    "length": 600,
    "level": 2,
    "parent": "4. 崛起：复仇的火焰 (4. Rise: Flames of Revenge)"
  },
  {
    "title": "4.4.1 搜集证据：技术手段与人脉调查 (4.4.1 Collecting Evidence: Technical Means and Network Investigation)",
    "length": 200,
    "level": 3,
    "parent": "4.4 揭露真相：公开背叛者的阴谋 (4.4 Revealing the Truth: Exposing the Conspirator's Plot)"
  },
  {
    "title": "4.4.2 公开反击：舆论战与法律诉讼 (4.4.2 Public Counterattack: Public Opinion War and Legal Litigation)",
    "length": 200,
    "level": 3,
    "parent": "4.4 揭露真相：公开背叛者的阴谋 (4.4 Revealing the Truth: Exposing the Conspirator's Plot)"
  },
  {
    "title": "4.4.3 背叛者的末路：身败名裂与法律制裁 (4.4.3 The Conspirator's Demise: Disgrace and Legal Sanctions)",
    "length": 200,
    "level": 3,
    "parent": "4.4 揭露真相：公开背叛者的阴谋 (4.4 Revealing the Truth: Exposing the Conspirator's Plot)"
  },
  {
    "title": "4.5 情感纠葛：爱恨情仇的抉择 (4.5 Emotional Entanglements: Choices of Love, Hate, and Passion)",
    "length": 600,
    "level": 2,
    "parent": "4. 崛起：复仇的火焰 (4. Rise: Flames of Revenge)"
  },
  {
    "title": "4.5.1 旧爱重逢：曾经的恋人与现在的对手 (4.5.1 Old Love Reunited: Former Lovers and Current Rivals)",
    "length": 200,
    "level": 3,
    "parent": "4.5 情感纠葛：爱恨情仇的抉择 (4.5 Emotional Entanglements: Choices of Love, Hate, and Passion)"
  },
  {
    "title": "4.5.2 新的邂逅：并肩作战的伙伴与萌生的情愫 (4.5.2 New Encounters: Partners Fighting Side-by-Side and Budding Affection)",
    "length": 200,
    "level": 3,
    "parent": "4.5 情感纠葛：爱恨情仇的抉择 (4.5 Emotional Entanglements: Choices of Love, Hate, and Passion)"
  },
  {
    "title": "4.5.3 情感与复仇的冲突：内心的挣扎与抉择 (4.5.3 Conflict Between Emotion and Revenge: Inner Struggles and Choices)",
    "length": 200,
    "level": 3,
    "parent": "4.5 情感纠葛：爱恨情仇的抉择 (4.5 Emotional Entanglements: Choices of Love, Hate, and Passion)"
  },
  {
    "title": "5. 巅峰：王者归来与新的征程 (5. Peak: Return of the King and a New Journey)",
    "length": 1800,
    "level": 1
  },
  {
    "title": "5.1 行业地位的确立：蜜蜂会重回巅峰 (5.1 Establishment of Industry Status: MiForum Returns to the Peak)",
    "length": 400,
    "level": 2,
    "parent": "5. 巅峰：王者归来与新的征程 (5. Peak: Return of the King and a New Journey)"
  },
  {
    "title": "5.2 技术引领未来：医疗信息化新标准的制定者 (5.2 Technology Leads the Future: Formulator of New Standards for Medical Informatics)",
    "length": 400,
    "level": 2,
    "parent": "5. 巅峰：王者归来与新的征程 (5. Peak: Return of the King and a New Journey)"
  },
  {
    "title": "5.3 人物命运的走向：六位创始人的未来 (5.3 Direction of Character Fates: The Future of the Six Founders)",
    "length": 500,
    "level": 2,
    "parent": "5. 巅峰：王者归来与新的征程 (5. Peak: Return of the King and a New Journey)"
  },
  {
    "title": "5.3.1 石头：技术理想的实现与新的目标 (5.3.1 Shitou: Realization of Technical Ideals and New Goals)",
    "length": 100,
    "level": 3,
    "parent": "5.3 人物命运的走向：六位创始人的未来 (5.3 Direction of Character Fates: The Future of the Six Founders)"
  },
  {
    "title": "5.3.2 张琨：商业帝国的扩张与社会责任 (5.3.2 Zhang Kun: Expansion of Business Empire and Social Responsibility)",
    "length": 100,
    "level": 3,
    "parent": "5.3 人物命运的走向：六位创始人的未来 (5.3 Direction of Character Fates: The Future of the Six Founders)"
  },
  {
    "title": "5.3.3 明哥：稳健运营与团队传承 (5.3.3 Ming Ge: Steady Operation and Team Inheritance)",
    "length": 100,
    "level": 3,
    "parent": "5.3 人物命运的走向：六位创始人的未来 (5.3 Direction of Character Fates: The Future of the Six Founders)"
  },
  {
    "title": "5.3.4 晓阳：艺术与科技的融合与创新 (5.3.4 Xiaoyang: Fusion and Innovation of Art and Technology)",
    "length": 100,
    "level": 3,
    "parent": "5.3 人物命运的走向：六位创始人的未来 (5.3 Direction of Character Fates: The Future of the Six Founders)"
  },
  {
    "title": "5.3.5 Daniel：全球化布局与国际合作 (5.3.5 Daniel: Global Layout and International Cooperation)",
    "length": 100,
    "level": 3,
    "parent": "5.3 人物命运的走向：六位创始人的未来 (5.3 Direction of Character Fates: The Future of the Six Founders)"
  },
  {
    "title": "5.3.6 三石：数据安全与伦理的守护者 (5.3.6 San Shi: Guardian of Data Security and Ethics)",
    "length": 100,
    "level": 3,
    "parent": "5.3 人物命运的走向：六位创始人的未来 (5.3 Direction of Character Fates: The Future of the Six Founders)"
  },
  {
    "title": "5.4 新的挑战与展望：更广阔的未来 (5.4 New Challenges and Prospects: A Broader Future)",
    "length": 500,
    "level": 2,
    "parent": "5. 巅峰：王者归来与新的征程 (5. Peak: Return of the King and a New Journey)"
  },
  {
    "title": "尾声：蜜蜂会（MiForum）的传奇 (Epilogue: The Legend of MiForum)",
    "length": 500,
    "level": 1
  }
]
2025-02-14 15:39:56,924 - INFO - Outline generated successfully.
