2025-02-14 16:36:10,593 - INFO - Starting enhanced article generation for: 蜜蜂会（MiForum）逆袭之路
2025-02-14 16:36:35,492 - INFO - Generated outline text:
好的，请看下面为您量身定制的《蜜蜂会（MiForum）逆袭之路》详细大纲。总字数约10000字，章节之间逻辑清晰，层级分明，内容分布均衡，话题过渡自然，希望能满足您的需求。

**1. 楔子：2002年的中关村，梦想的萌芽 (约500字)**

*   1.1  世纪之初的互联网浪潮：简述2002年中国互联网发展的大背景，以及中关村的创业氛围。
*   1.2  六个年轻人的初次相遇：石头、张琨、明哥、晓阳、Daniel、三石，六个性格迥异的年轻人，因为对技术的热爱和对医疗信息化行业未来的憧憬，在中关村的某个咖啡馆或论坛上相遇。
*   1.3  MiForum的雏形：最初的想法只是一个技术论坛，旨在交流医院信息化建设的经验和技术，解决行业痛点。命名“蜜蜂会 (MiForum)”寓意着团结协作，辛勤耕耘。

**2. 第一章：草根创业，筚路蓝缕 (约1500字)**

*   2.1  简陋的起步：
    *   2.1.1  蜗居的出租屋：六个人挤在狭小的出租屋里，白天各自上班，晚上和周末聚在一起搭建论坛。
    *   2.1.2  捉襟见肘的资金：创业初期资金匮乏，每个人都拿出自己的积蓄，甚至借钱，只为维持论坛的运营。
    *   2.1.3  技术难题的攻克：初期技术简陋，服务器不稳定，经常宕机，六个人通宵达旦地学习和解决技术难题。
*   2.2  论坛的初步发展：
    *   2.2.1  吸引第一批用户：通过免费的技术分享和专业的行业交流，MiForum逐渐吸引了第一批医院信息化从业者。
    *   2.2.2  树立口碑：论坛内容质量高，氛围友好，迅速在行业内建立起良好的口碑。
    *   2.2.3  核心团队的分工与磨合：六个人逐渐明确分工，石头负责技术，张琨负责运营，明哥负责内容，晓阳负责推广，Daniel负责设计，三石负责社区维护。团队在磨合中逐渐形成默契。
*   2.3  来自家庭和社会的压力：
    *   2.3.1  家人的不理解：家人认为他们不务正业，放弃稳定的工作去搞“不靠谱”的论坛。
    *   2.3.2  外界的质疑：行业内一些传统企业和专家对MiForum这种草根论坛表示质疑和不屑。
    *   2.3.3  初恋女友的离去：石头因为创业忽略了女友，导致感情破裂，女友选择离开。

**3. 第二章：初露锋芒，崭露头角 (约1500字)**

*   3.1  抓住行业痛点，推出特色功能：
    *   3.1.1  深入用户调研：通过论坛收集用户反馈，深入了解医院信息化建设的痛点和需求。
    *   3.1.2  开发实用工具和资源：针对行业痛点，MiForum陆续开发了实用工具和资源，如医疗信息标准库、HIS系统选型指南等，深受用户欢迎。
    *   3.1.3  举办线上线下活动：定期举办线上技术讲座和线下行业沙龙，提升论坛的影响力。
*   3.2  商业模式的探索：
    *   3.2.1  广告收入的尝试：初期尝试广告收入，但效果不佳，意识到用户更看重论坛的专业性和纯粹性。
    *   3.2.2  会员制度的建立：推出会员制度，为会员提供更专业的服务和资源，开始探索可持续的商业模式。
    *   3.2.3  与医院和厂商的初步合作：开始与一些前瞻性的医院和厂商建立合作关系，提供技术咨询和推广服务。
*   3.3  竞争对手的出现与挑战：
    *   3.3.1  行业巨头的关注：MiForum的快速发展引起了行业巨头的关注，一些大型医疗信息化企业开始模仿MiForum的模式。
    *   3.3.2  恶意竞争的手段：竞争对手采取恶意攻击论坛、挖角核心成员等手段，给MiForum的发展带来挑战。
    *   3.3.3  团队内部的分歧：面对竞争压力，团队内部出现分歧，对未来的发展方向产生不同意见。

**4. 第三章：转型升级，破茧成蝶 (约1800字)**

*   4.1  关键人物的加入：
    *   4.1.1  投资人的慧眼识珠：一位具有战略眼光的投资人看中了MiForum的潜力，决定投资入股。
    *   4.1.2  技术大牛的加盟：一位在医疗信息化领域深耕多年的技术大牛被MiForum的团队和理念吸引，决定加盟，担任CTO。
    *   4.1.3  行业资深运营专家的加入：一位拥有丰富行业经验的运营专家加入，帮助MiForum完善商业模式和运营体系。
*   4.2  论坛平台的全面升级：
    *   4.2.1  技术架构的革新：采用更先进的技术架构，提升论坛的稳定性、安全性和扩展性。
    *   4.2.2  用户体验的优化：全面优化用户界面和交互体验，提升用户的使用便捷性和舒适度。
    *   4.2.3  内容形式的多元化：增加视频、直播、知识付费等内容形式，满足用户多样化的需求。
*   4.3  业务拓展与多元化发展：
    *   4.3.1  推出专业咨询服务：基于论坛积累的行业经验和技术优势，推出专业的医疗信息化咨询服务，帮助医院和厂商解决实际问题。
    *   4.3.2  举办行业峰会和展会：举办高规格的行业峰会和展会，提升MiForum在行业内的影响力和话语权。
    *   4.3.3  探索数据服务和AI应用：利用论坛积累的海量数据，探索数据服务和AI在医疗信息化领域的应用，为未来的发展布局。

**5. 第四章：风雨兼程，砥砺前行 (约2000字)**

*   5.1  资本市场的洗礼：
    *   5.1.1  A轮融资的成功：MiForum完成A轮融资，资金实力得到增强，为快速发展提供保障。
    *   5.1.2  B轮融资的挑战：B轮融资遇到挑战，资本市场对MiForum的商业模式和盈利能力提出更高要求。
    *   5.1.3  与投资人的博弈：团队与投资人在公司发展方向和股权分配等方面进行博弈，最终达成共识。
*   5.2  激烈的市场竞争：
    *   5.2.1  BAT等互联网巨头的入局：互联网巨头开始布局医疗信息化领域，MiForum面临更强大的竞争对手。
    *   5.2.2  传统医疗信息化企业的反击：传统医疗信息化企业意识到危机，开始转型升级，加强线上布局。
    *   5.2.3  差异化竞争策略：MiForum坚持“专业、开放、共享”的理念，深耕垂直领域，打造差异化竞争优势。
*   5.3  团队的成长与蜕变：
    *   5.3.1  核心团队的裂变与坚守：团队规模扩大，人员流动性增加，但核心团队始终坚守初心，保持创业激情。
    *   5.3.2  新老员工的融合：新员工带来新的活力和思路，老员工传承MiForum的文化和精神，新老员工在磨合中共同成长。
    *   5.3.3  个人情感的波折与升华：创业过程中，团队成员经历了各自的情感波折，但也在共同奋斗中建立了深厚的友谊和战友情。石头与一位在医院工作的女医生相识相恋，感情逐渐升温。

**6. 第五章：荣耀上市，梦想成真 (约2000字)**

*   6.1  上市之路的准备：
    *   6.1.1  规范化运营与财务梳理：为满足上市要求，MiForum进行规范化运营和财务梳理，提升公司治理水平。
    *   6.1.2  引入战略投资者：引入具有行业资源的战略投资者，为上市后的发展提供支持。
    *   6.1.3  选择合适的上市地点和时机：综合考虑各种因素，选择合适的上市地点和时机。
*   6.2  上市过程的波折：
    *   6.2.1  审核过程的严格与挑战：上市审核过程严格，MiForum面临各种挑战和质疑。
    *   6.2.2  舆论压力与媒体关注：上市过程受到舆论压力和媒体关注，需要妥善应对。
    *   6.2.3  关键时刻的力挽狂澜：在上市的关键时刻，团队面临突发危机，凭借智慧和勇气力挽狂澜。
*   6.3  成功上市与新的起点：
    *   6.3.1  敲钟上市的喜悦与激动：MiForum成功上市，团队成员激动万分，多年的梦想终于实现。
    *   6.3.2  回顾创业历程，展望未来发展：回顾创业的艰辛历程，总结经验教训，展望MiForum未来的发展蓝图。
    *   6.3.3  不忘初心，继续前行：上市不是终点，而是新的起点，MiForum将继续秉承初心，为推动中国医疗信息化发展贡献力量。石头和女友的感情也修成正果，事业爱情双丰收。

**7. 尾声：蜜蜂会精神，薪火相传 (约700字)**

*   7.1  蜜蜂会精神的传承：总结MiForum成功的核心要素，提炼出“团结协作、专业精进、开放共享、永不放弃”的蜜蜂会精神。
*   7.2  新一代蜜蜂人的崛起：MiForum吸引了更多优秀的年轻人加入，他们继承和发扬蜜蜂会精神，为公司的发展注入新的活力。
*   7.3  MiForum的未来展望：展望MiForum在医疗信息化领域更广阔的发展前景，以及对行业和社会的积极影响。故事在充满希望和憧憬的氛围中结尾。

**字数统计预估：**

* 楔子：500字
* 第一章：1500字
* 第二章：1500字
* 第三章：1800字
* 第四章：2000字
* 第五章：2000字
* 尾声：700字

**总字数：约 10000 字**

**章节逻辑流程：**

故事按照时间顺序展开，从MiForum的萌芽、初创、发展壮大到最终上市，完整展现了其逆袭之路。每个章节都承接上文，并为下文做好铺垫，逻辑清晰，进展流畅。

**父子章节关系：**

父章节是故事的大的阶段性发展，子章节是父章节下的具体展开，细化了每个阶段的关键事件、挑战和成长。子章节围绕父章节的主题展开，共同构成一个完整的故事单元。

**内容分布均衡：**

大纲在不同阶段都分配了相应的篇幅，初期创业的艰辛、发展过程中的挑战、转型升级的关键、上市过程的波折，以及最终的成功和展望，都得到了充分的展现，内容分布相对均衡。

**话题自然过渡：**

章节之间通过时间、事件或人物关系进行自然过渡，例如从创业初期的艰辛过渡到论坛的初步发展，从商业模式的探索过渡到竞争对手的出现，从转型升级过渡到资本市场的洗礼，话题切换流畅自然，不会显得突兀。

希望这个大纲能为您提供清晰的创作思路，祝您创作顺利！
2025-02-14 16:36:35,494 - WARNING - Total word count 0 is not within 10% of target 10000
2025-02-14 16:36:35,494 - INFO - Parsed outline sections: []
2025-02-14 16:36:35,494 - ERROR - Exiting due to outline generation failure.
