2025-02-14 16:32:24,191 - INFO - Starting enhanced article generation for: 蜜蜂会（MiForum）逆袭之路
2025-02-14 16:32:52,485 - INFO - Generated outline text:
## 城市科幻逆袭爽文《蜜蜂会（MiForum）逆袭之路》详细大纲 (约10000字)

**故事梗概：**

2002年，六位怀揣梦想的年轻人——石头、张琨、明哥、晓阳、Daniel和三石，因为对当时医院信息化建设的痛点深有体会，共同创立了名为“蜜蜂会”（MiForum）的线上论坛。论坛最初只是一个技术交流的平台，却意外地聚集了大量医疗信息化领域的专业人士。他们凭借着敏锐的行业嗅觉、过硬的技术实力以及对用户需求的深刻理解，将MiForum逐步打造成行业内最具影响力的平台。

然而，创业之路并非一帆风顺。他们经历了资金短缺、技术瓶颈、竞争对手的打压、以及内部成员的矛盾与背叛。在一次次危机中，他们凭借着坚韧的意志、彼此的信任和不断创新的精神，化险为夷，最终将MiForum从一个小众论坛发展成为行业巨头，并成功上市。

故事不仅展现了MiForum的逆袭之路，也穿插了六位创始人各自的成长、爱情与友情，以及在科技快速发展背景下，医疗信息化行业的变革与挑战。

**大纲结构：**

**1. 萌芽：论坛初创与梦想启航 (约800字)**
  1.1 时代背景：2002年的中国医疗信息化现状 (约200字)
    * 医院信息化建设的起步阶段，痛点与机遇并存
    * 互联网浪潮对传统行业的冲击
    * 六位主人公各自的背景与困境，对现状的不满与改变的渴望
  1.2 灵感迸发：MiForum的诞生 (约300字)
    * 石头提出创建线上论坛的想法，解决行业信息不对称的问题
    * 六人团队的组建与分工：技术、运营、内容等
    * MiForum论坛的初步定位：技术交流、经验分享、行业探讨
  1.3 初步尝试：论坛上线与用户积累 (约300字)
    * 论坛搭建的初期困难：技术、服务器、内容等
    * 通过各种渠道推广论坛，吸引第一批用户
    * 论坛内容逐渐丰富，用户活跃度提升，形成初步社群

**2. 成长：论坛发展与初露锋芒 (约1200字)**
  2.1 内容为王：打造高质量内容社区 (约400字)
    * 引导用户贡献高质量内容：技术教程、案例分析、行业动态等
    * 设立版块与版主，提升论坛内容的专业性与组织性
    * 举办线上活动，增强用户粘性，扩大论坛影响力
  2.2 用户至上：倾听用户需求，优化用户体验 (约400字)
    * 收集用户反馈，不断优化论坛功能与界面
    * 建立用户服务体系，及时解决用户问题
    * 关注用户痛点，挖掘潜在需求，为未来发展方向提供指引
  2.3 商业化探索：初步尝试盈利模式 (约400字)
    * 广告投放的初步尝试，面临用户体验与盈利的平衡
    * 会员制度的构想与试水，探索可持续发展模式
    * 行业合作的初步接触，寻求外部资源支持

**3. 挑战：竞争加剧与危机暗涌 (约1500字)**
  3.1 竞争对手出现：行业论坛兴起，MiForum面临挑战 (约500字)
    * 竞争对手的出现，市场份额被瓜分
    * 竞争对手的营销策略与技术手段分析
    * MiForum的应对策略：坚守用户体验，提升内容质量，差异化竞争
  3.2 技术瓶颈：旧平台架构难以支撑快速发展 (约500字)
    * 论坛访问量激增，服务器压力增大，系统卡顿问题频发
    * 旧平台架构的局限性显现，难以支持新功能开发
    * 技术团队面临升级改造的压力，技术选型与方案讨论
  3.3 资金困境：盈利模式单一，资金链紧张 (约500字)
    * 广告收入不稳定，会员付费意愿不高，盈利模式单一
    * 团队运营成本上升，资金链紧张，面临生存危机
    * 寻求融资的必要性与可行性分析，天使轮融资的初步接触

**4. 转折：融资成功与战略调整 (约1300字)**
  4.1 天使轮融资：柳暗花明又一村 (约500字)
    * 融资过程中的困难与波折，投资人的质疑与考验
    * MiForum团队的优势与潜力打动投资人，成功获得天使轮融资
    * 资金注入为MiForum发展注入强心剂，缓解燃眉之急
  4.2 技术升级：新平台架构的搭建与优化 (约400字)
    * 引入更先进的技术架构，提升平台性能与稳定性
    * 用户体验的全面升级，界面优化，功能拓展
    * 技术团队的成长与蜕变，技术实力显著提升
  4.3 战略调整：从论坛到平台，业务多元化布局 (约400字)
    * 论坛定位的重新审视，从技术交流平台向行业综合服务平台转型
    * 业务多元化布局的构想：在线教育、人才招聘、行业咨询等
    * 制定新的发展战略，明确未来发展方向与目标

**5. 扩张：业务拓展与市场深耕 (约1500字)**
  5.1 在线教育：MiForum学院的成立与发展 (约500字)
    * 基于论坛优质内容，打造在线教育平台MiForum学院
    * 课程体系的构建，讲师团队的招募，课程内容的研发
    * 在线教育业务的推广与运营，用户规模快速增长
  5.2 人才招聘：MiForum人才市场的上线 (约500字)
    * 整合行业人才资源，搭建专业的人才招聘平台MiForum人才市场
    * 为医疗信息化企业提供招聘服务，为求职者提供就业机会
    * 人才招聘业务的拓展与盈利模式探索
  5.3 行业咨询：MiForum智库的建立 (约500字)
    * 组建行业专家团队，成立MiForum智库
    * 为医疗机构和企业提供行业咨询、解决方案定制等服务
    * 行业咨询业务的专业性与高端定位，提升MiForum品牌价值

**6. 危机：内部矛盾与外部打压 (约1200字)**
  6.1 团队内部分歧：发展方向与利益分配的冲突 (约400字)
    * 业务多元化发展带来的新问题，发展方向与侧重点的争论
    * 团队成员在利益分配上的分歧，股权与期权分配的矛盾
    * 团队凝聚力面临考验，信任危机显现
  6.2 竞争对手恶意打压：商业诋毁与技术攻击 (约400字)
    * 竞争对手采取不正当竞争手段，进行商业诋毁
    * MiForum平台遭受恶意技术攻击，用户数据安全受到威胁
    * 外部压力加大，MiForum面临严峻挑战
  6.3 舆论危机：负面新闻曝光，品牌形象受损 (约400字)
    * 负面新闻被竞争对手恶意炒作，MiForum品牌形象受损
    * 用户信任度下降，业务发展受到影响
    * 公关团队积极应对舆论危机，力挽狂澜

**7. 反击：绝地反击与重塑辉煌 (约1000字)**
  7.1 内部团结：化解矛盾，重塑团队凝聚力 (约300字)
    * 创始人团队深入沟通，坦诚交流，化解误会与分歧
    * 重新明确共同目标与价值观，凝聚团队力量
    * 团队成员重归于好，共同面对挑战
  7.2 技术升级：安全防护与创新突破 (约400字)
    * 加强平台安全防护，抵御恶意技术攻击，保障用户数据安全
    * 技术团队加大研发投入，推出创新产品与服务
    * 技术实力再次提升，巩固行业领先地位
  7.3 舆论反击：澄清事实，重塑品牌形象 (约300字)
    * 通过媒体发声，澄清事实真相，反击恶意诽谤
    * 积极参与公益活动，提升品牌社会责任感
    * 品牌形象重塑，用户信任度回升

**8. 腾飞：资本助力与高速发展 (约800字)**
  8.1 B轮融资：资本市场认可，估值大幅提升 (约300字)
    * MiForum的快速发展和巨大潜力吸引资本市场关注
    * 成功获得B轮融资，资金实力进一步增强
    * 企业估值大幅提升，市场地位更加稳固
  8.2 业务扩张：拓展新业务线，布局产业链上下游 (约300字)
    * 基于现有优势，拓展新的业务线，如医疗大数据分析、人工智能辅助诊疗等
    * 向上游内容供应商和下游医疗机构延伸产业链
    * 业务版图持续扩张，构建完整的医疗信息化生态系统
  8.3 品牌升级：打造行业领导品牌 (约200字)
    * 品牌形象全面升级，提升品牌调性与影响力
    * 积极参与行业峰会与展会，扩大品牌声量
    * MiForum成为医疗信息化行业领导品牌

**9. 上市：敲钟上市，梦想照进现实 (约700字)**
  9.1 IPO准备：规范运营，财务合规 (约300字)
    * 启动IPO计划，进行规范化运营，完善公司治理结构
    * 财务审计与合规性检查，满足上市要求
    * 律师团队和投行团队的专业指导与协助
  9.2 成功上市：敲钟仪式，荣耀时刻 (约200字)
    * MiForum成功在证券交易所上市，股票代码发布
    * 敲钟仪式现场，创始人团队的激动与喜悦
    * 媒体广泛报道，引发行业震动
  9.3 未来展望：新的起点，继续前行 (约200字)
    * 上市后的发展规划，新的战略目标与挑战
    * 回顾创业历程，感恩与展望
    * MiForum的未来，充满希望与机遇

**10. 情感：爱恨交织，人生百味 (约500字)**
  10.1 石头与技术：对技术的执着追求与突破 (约150字)
    * 石头在技术上的不断探索与创新，克服技术难题
    * 技术理想与现实的碰撞，对技术价值的坚守
    * 技术之路上的孤独与成就感
  10.2 张琨与运营：精明运营与商业智慧 (约150字)
    * 张琨在运营上的精打细算，商业模式的创新与迭代
    * 商业利益与用户体验的平衡，商业抉择的考验
    * 商业成功背后的付出与牺牲
  10.3 其他创始人：友情、爱情与成长 (约200字)
    * 明哥、晓阳、Daniel、三石等人在创业过程中的友情与冲突
    * 爱情线索的穿插，事业与爱情的抉择
    * 六位创始人的个人成长与蜕变，人生百味

**11. 科幻：科技元素与未来展望 (约300字)**
  11.1 城市科技感：未来城市背景下的医疗信息化 (约100字)
    * 故事发生的城市设定，融入未来科技元素，如智能医院、远程医疗等
    * 科技发展对医疗行业的影响与变革
    * MiForum在未来医疗信息化中的角色与作用
  11.2 蜜蜂会寓意：群体智能与协同合作 (约100字)
    * “蜜蜂会”名字的深层含义，象征群体智能与协同合作
    * 团队合作的重要性，共同克服困难，实现梦想
    * 蜜蜂精神在创业过程中的体现
  11.3 技术伦理思考：科技发展与人文关怀 (约100字)
    * 医疗信息化发展带来的伦理问题，如数据隐私、人工智能伦理等
    * MiForum在科技伦理方面的思考与实践
    * 科技发展与人文关怀的平衡

**12. 尾声：逆袭之路，未完待续 (约400字)**
  12.1 回顾逆袭之路：从论坛到上市，梦想实现 (约200字)
    * 总结MiForum的逆袭之路，突出创业的艰辛与不易
    * 强调坚持梦想、团队合作、不断创新的重要性
    * 逆袭成功的喜悦与成就感
  12.2 新的征程：上市后的挑战与机遇 (约100字)
    * 上市只是新的开始，面临更大的市场竞争与挑战
    * MiForum的未来发展方向，新的战略布局
    * 梦想永无止境，继续前行
  12.3 开放式结局：留下想象空间，期待未来故事 (约100字)
    * 故事并未结束，MiForum的未来充满无限可能
    * 留下开放式结局，引发读者对未来故事的期待
    * 蜜蜂会的传奇故事，未完待续

**字数统计:**

1. 萌芽：800
2. 成长：1200
3. 挑战：1500
4. 转折：1300
5. 扩张：1500
6. 危机：1200
7. 反击：1000
8. 腾飞：800
9. 上市：700
10. 情感：500
11. 科幻：300
12. 尾声：400

**总计：约 11200 字** (略微超出，可根据实际写作情况微调各章节字数，最终控制在10000字左右)
2025-02-14 16:32:52,487 - WARNING - Total word count 11200 is not within 10% of target 10000
2025-02-14 16:32:52,487 - INFO - Parsed outline sections: [
  {
    "title": "1 时代背景：2002年的中国医疗信息化现状",
    "length": 200,
    "level": 1,
    "numbering": "1"
  },
  {
    "title": "2 灵感迸发：MiForum的诞生",
    "length": 300,
    "level": 1,
    "numbering": "1"
  },
  {
    "title": "3 初步尝试：论坛上线与用户积累",
    "length": 300,
    "level": 1,
    "numbering": "1"
  },
  {
    "title": "1 内容为王：打造高质量内容社区",
    "length": 400,
    "level": 1,
    "numbering": "2"
  },
  {
    "title": "2 用户至上：倾听用户需求，优化用户体验",
    "length": 400,
    "level": 1,
    "numbering": "2"
  },
  {
    "title": "3 商业化探索：初步尝试盈利模式",
    "length": 400,
    "level": 1,
    "numbering": "2"
  },
  {
    "title": "1 竞争对手出现：行业论坛兴起，MiForum面临挑战",
    "length": 500,
    "level": 1,
    "numbering": "3"
  },
  {
    "title": "2 技术瓶颈：旧平台架构难以支撑快速发展",
    "length": 500,
    "level": 1,
    "numbering": "3"
  },
  {
    "title": "3 资金困境：盈利模式单一，资金链紧张",
    "length": 500,
    "level": 1,
    "numbering": "3"
  },
  {
    "title": "1 天使轮融资：柳暗花明又一村",
    "length": 500,
    "level": 1,
    "numbering": "4"
  },
  {
    "title": "2 技术升级：新平台架构的搭建与优化",
    "length": 400,
    "level": 1,
    "numbering": "4"
  },
  {
    "title": "3 战略调整：从论坛到平台，业务多元化布局",
    "length": 400,
    "level": 1,
    "numbering": "4"
  },
  {
    "title": "1 在线教育：MiForum学院的成立与发展",
    "length": 500,
    "level": 1,
    "numbering": "5"
  },
  {
    "title": "2 人才招聘：MiForum人才市场的上线",
    "length": 500,
    "level": 1,
    "numbering": "5"
  },
  {
    "title": "3 行业咨询：MiForum智库的建立",
    "length": 500,
    "level": 1,
    "numbering": "5"
  },
  {
    "title": "1 团队内部分歧：发展方向与利益分配的冲突",
    "length": 400,
    "level": 1,
    "numbering": "6"
  },
  {
    "title": "2 竞争对手恶意打压：商业诋毁与技术攻击",
    "length": 400,
    "level": 1,
    "numbering": "6"
  },
  {
    "title": "3 舆论危机：负面新闻曝光，品牌形象受损",
    "length": 400,
    "level": 1,
    "numbering": "6"
  },
  {
    "title": "1 内部团结：化解矛盾，重塑团队凝聚力",
    "length": 300,
    "level": 1,
    "numbering": "7"
  },
  {
    "title": "2 技术升级：安全防护与创新突破",
    "length": 400,
    "level": 1,
    "numbering": "7"
  },
  {
    "title": "3 舆论反击：澄清事实，重塑品牌形象",
    "length": 300,
    "level": 1,
    "numbering": "7"
  },
  {
    "title": "1 B轮融资：资本市场认可，估值大幅提升",
    "length": 300,
    "level": 1,
    "numbering": "8"
  },
  {
    "title": "2 业务扩张：拓展新业务线，布局产业链上下游",
    "length": 300,
    "level": 1,
    "numbering": "8"
  },
  {
    "title": "3 品牌升级：打造行业领导品牌",
    "length": 200,
    "level": 1,
    "numbering": "8"
  },
  {
    "title": "1 IPO准备：规范运营，财务合规",
    "length": 300,
    "level": 1,
    "numbering": "9"
  },
  {
    "title": "2 成功上市：敲钟仪式，荣耀时刻",
    "length": 200,
    "level": 1,
    "numbering": "9"
  },
  {
    "title": "3 未来展望：新的起点，继续前行",
    "length": 200,
    "level": 1,
    "numbering": "9"
  },
  {
    "title": "1 石头与技术：对技术的执着追求与突破",
    "length": 150,
    "level": 1,
    "numbering": "10"
  },
  {
    "title": "2 张琨与运营：精明运营与商业智慧",
    "length": 150,
    "level": 1,
    "numbering": "10"
  },
  {
    "title": "3 其他创始人：友情、爱情与成长",
    "length": 200,
    "level": 1,
    "numbering": "10"
  },
  {
    "title": "1 城市科技感：未来城市背景下的医疗信息化",
    "length": 100,
    "level": 1,
    "numbering": "11"
  },
  {
    "title": "2 蜜蜂会寓意：群体智能与协同合作",
    "length": 100,
    "level": 1,
    "numbering": "11"
  },
  {
    "title": "3 技术伦理思考：科技发展与人文关怀",
    "length": 100,
    "level": 1,
    "numbering": "11"
  },
  {
    "title": "1 回顾逆袭之路：从论坛到上市，梦想实现",
    "length": 200,
    "level": 1,
    "numbering": "12"
  },
  {
    "title": "2 新的征程：上市后的挑战与机遇",
    "length": 100,
    "level": 1,
    "numbering": "12"
  },
  {
    "title": "3 开放式结局：留下想象空间，期待未来故事",
    "length": 100,
    "level": 1,
    "numbering": "12"
  }
]
2025-02-14 16:32:52,488 - INFO - Generating section: 1 时代背景：2002年的中国医疗信息化现状
