2025-02-14 16:47:19,555 - INFO - Starting enhanced article generation for: 蜜蜂会（MiForum）逆袭之路
2025-02-14 16:47:51,622 - INFO - Generated outline text:
好的，请查阅以下《蜜蜂会（MiForum）逆袭之路》的详细大纲：

**1. 引言：背景介绍（约500字）**

* 1.1 时代背景 (约150字)
    * 1.1.1 2002年互联网初期：中国互联网发展的萌芽期，信息相对闭塞，专业论坛兴起。
    * 1.1.2 医疗信息化行业初现：医院开始意识到信息化的重要性，但技术和理念都相对落后。
    * 1.1.3 城市背景：设定故事发生的城市，例如北京、上海或深圳等一线城市，体现科技感和发展潜力。
* 1.2 主要人物 (约200字)
    * 1.2.1 蜜蜂会六位创始人简介：
        * 石头：技术天才，理想主义者，论坛的核心技术负责人。
        * 张琨：运营高手，擅长用户增长和社区维护，充满商业头脑。
        * 明哥：资深行业专家，人脉广泛，负责市场拓展和战略方向。
        * 晓阳：创意策划，文笔出色，负责内容运营和品牌塑造。
        * Daniel：海归精英，精通外语和国际市场，负责海外拓展。
        * 三石：沉稳细致，擅长财务和行政管理，保障团队后勤。
    * 1.2.2 其他重要人物预告：
        * 潜在的竞争对手：例如传统医疗信息化公司、新兴互联网医疗平台。
        * 重要的合作伙伴：例如医院领导、行业专家、投资人。
        * 情感纠葛对象：预留空间，暂不详细展开。
* 1.3 核心事件 (约150字)
    * 1.3.1 MiForum论坛的诞生：六位创始人因为共同的理想和对医疗信息化行业痛点的洞察，决定创建一个专注于医疗信息化交流的专业论坛。
    * 1.3.2 论坛创立的初衷：打破行业信息壁垒，促进技术交流，推动医疗信息化发展。
    * 1.3.3 故事主线：MiForum论坛从草根论坛起步，历经各种挑战和机遇，最终成长为行业领军者并成功上市的逆袭之路。

**2. 第一章：草根初创，梦想起航（约1000字）**

* 2.1  简陋的起点 (约300字)
    * 2.1.1  六位创始人背景介绍：大学同学、技术爱好者、行业从业者，各自的性格特点和技能。
    * 2.1.2  初创团队的聚集：在一次行业会议或线上论坛中相识，因共同的理念一拍即合。
    * 2.1.3  启动资金和资源匮乏：白手起家，利用个人积蓄和兼职收入，在狭小的出租屋或咖啡馆开始创业。
* 2.2  MiForum论坛的诞生 (约400字)
    * 2.2.1  论坛名称的由来：“蜜蜂会”寓意着勤劳、协作、信息共享，英文名“MiForum”简洁专业。
    * 2.2.2  论坛搭建过程：石头主导技术搭建，简陋的界面和功能，但专注于核心内容。
    * 2.2.3  初期内容策略：聚焦医疗信息化技术交流、行业动态分享、案例分析等专业内容。
* 2.3  第一批用户 (约300字)
    * 2.3.1  种子用户的来源：通过行业论坛、QQ群、邮件列表等渠道推广，吸引第一批医疗信息化从业者。
    * 2.3.2  用户反馈和论坛改进：积极收集用户反馈，快速迭代更新论坛功能和内容。
    * 2.3.3  初尝成功的喜悦：用户数量稳步增长，论坛开始在小范围内获得认可。

**3. 第二章：初露锋芒，遭遇挑战（约1500字）**

* 3.1  用户增长与社区建设 (约400字)
    * 3.1.1  内容运营发力：晓阳主导，策划高质量的专题讨论、专家访谈、线上活动，提升论坛活跃度。
    * 3.1.2  张琨的运营技巧：运用SEO、社交媒体推广等手段，扩大论坛影响力。
    * 3.1.3  社区氛围的营造：鼓励用户原创内容，建立版主制度，维护良好的社区秩序。
* 3.2  技术升级与功能拓展 (约400字)
    * 3.2.1  石头带领技术团队进行论坛升级：优化用户体验，提升论坛性能，增加新功能（例如在线问答、资源下载等）。
    * 3.2.2  引入新的技术理念：例如云计算、大数据等，为未来的发展奠定基础。（初步的“科幻”元素）
    * 3.2.3  技术难题与挑战：遭遇黑客攻击、服务器宕机等突发事件，考验团队的技术实力和应变能力。
* 3.3  商业化探索的萌芽 (约400字)
    * 3.3.1  广告收入的尝试：论坛用户增长到一定规模后，开始尝试投放广告，获取初步的商业收入。
    * 3.3.2  明哥的市场拓展：利用行业人脉，接触医疗信息化厂商，寻求合作机会。
    * 3.3.3  商业模式的困惑：免费论坛模式与商业化之间的矛盾，团队内部对未来发展方向产生分歧。
* 3.4  竞争对手的出现 (约300字)
    * 3.4.1  传统医疗信息化公司的觉醒：看到MiForum的崛起，开始意识到线上平台的重要性，推出自己的论坛或社区。
    * 3.4.2  新兴互联网医疗平台的挑战：一些互联网巨头也开始布局医疗信息化领域，推出更具规模和资金优势的平台。
    * 3.4.3  市场竞争加剧：MiForum面临用户流失、内容被抄袭等压力，生存危机初现。

**4. 第三章：风雨飘摇，内忧外患（约2000字）**

* 4.1  信任危机与内部矛盾 (约500字)
    * 4.1.1  商业化路线的争执：团队内部对论坛的商业化模式产生严重分歧，理想主义者石头与务实派张琨之间矛盾激化。
    * 4.1.2  利益分配问题：随着论坛收入增加，利益分配问题浮出水面，团队成员之间产生猜疑和不满。
    * 4.1.3  核心成员的动摇： Daniel等成员开始考虑个人发展，萌生退意，团队面临分裂的危机。
    * 4.1.4  情感危机暗涌：团队成员之间的情感关系出现裂痕，例如因为工作压力导致情侣分手，或者因为理念不合导致友情破裂。（爱恨情仇的铺垫）
* 4.2  外部打压与恶意竞争 (约500字)
    * 4.2.1  竞争对手的恶意抹黑：竞争对手通过散布谣言、雇佣水军等手段，攻击MiForum的声誉。
    * 4.2.2  遭遇网络安全危机：论坛遭受大规模网络攻击，用户数据泄露，信誉受到严重打击。
    * 4.2.3  行业巨头的施压：传统医疗信息化巨头利用行业地位和资源优势，打压MiForum的生存空间，例如封杀合作渠道、挖角核心人才。
    * 4.2.4  政策监管风险： 论坛内容涉及敏感信息，面临政策监管风险，例如被约谈、整改甚至关停的威胁。
* 4.3  论坛的生死存亡 (约500字)
    * 4.3.1  用户大量流失：内忧外患之下，用户对MiForum的信任度下降，活跃度锐减，论坛面临崩溃边缘。
    * 4.3.2  资金链断裂：广告收入锐减，商业化模式受阻，团队陷入经济困境，甚至面临解散。
    * 4.3.3  团队成员的迷茫与挣扎：六位创始人面临巨大的压力和挫败感，开始怀疑自己的选择，甚至想要放弃。
* 4.4  绝境中的反思与抉择 (约500字)
    * 4.4.1  深刻反思失败原因：团队成员冷静下来，认真反思论坛发展过程中遇到的问题和错误，认识到自身不足。
    * 4.4.2  重新审视初心与梦想：回顾创立MiForum的初衷，重燃对医疗信息化行业的热情和理想。
    * 4.4.3  关键人物的挺身而出：例如石头或明哥在关键时刻站出来，凝聚团队力量，提出新的发展方向。
    * 4.4.4  做出艰难的抉择：团队决定调整发展战略，例如放弃原有的商业模式，或者进行重大技术转型，以求生存和发展。

**5. 第四章：涅槃重生，技术突围（约2500字）**

* 5.1  技术革新，重塑核心竞争力 (约700字)
    * 5.1.1  石头带领团队进行技术攻关： 引入更先进的技术架构，例如人工智能、区块链等，提升论坛的技术水平。（科幻元素增强）
    * 5.1.2  开发创新功能：例如智能问答机器人、基于大数据的行业分析工具、虚拟现实医疗场景模拟等，提升用户体验和论坛价值。
    * 5.1.3  加强网络安全防护： 升级安全系统，建立完善的安全预警和应急机制，彻底解决安全隐患，重塑用户信任。
    * 5.1.4  技术社区的构建： 将MiForum从单纯的论坛升级为技术社区，吸引更多技术开发者和专家参与，形成技术生态。
* 5.2  商业模式的转型与升级 (约600字)
    * 5.2.1  放弃单纯的广告模式： 探索更具可持续性的商业模式，例如会员服务、数据服务、技术咨询、行业解决方案等。
    * 5.2.2  与医疗机构和厂商深度合作： 从合作伙伴的角度出发，为医院和医疗信息化厂商提供定制化的服务和解决方案，实现共赢。
    * 5.2.3  打造行业品牌影响力： 通过高质量的内容、专业的服务、成功的案例，提升MiForum在医疗信息化行业的品牌知名度和美誉度。
    * 5.2.4  三石的财务管理发挥作用： 优化财务结构，开源节流，保障资金链稳定，为技术研发和市场拓展提供有力支持。
* 5.3  社区文化的重建与凝聚 (约500字)
    * 5.3.1  重塑社区价值观： 强调开放、协作、创新、共享的社区文化，吸引志同道合的用户和开发者。
    * 5.3.2  加强用户互动与参与： 举办线上线下活动，鼓励用户积极参与社区建设，增强用户归属感和忠诚度。
    * 5.3.3  化解内部矛盾，重归于好： 团队成员坦诚沟通，化解误会和矛盾，重拾信任和友谊，为了共同的目标再次团结奋斗。
    * 5.3.4  情感线的回暖： 团队成员之间的情感关系也逐渐修复，例如破裂的情侣重归于好，友谊更加深厚。（情感线的进展）
* 5.4  逆境反击，重获新生 (约700字)
    * 5.4.1  用户回流与口碑逆转： 凭借技术创新、优质服务和良好的社区氛围，MiForum重新吸引用户，口碑逐渐好转。
    * 5.4.2  获得行业认可与荣誉： MiForum的技术实力和行业贡献得到行业专家和机构的认可，获得各种奖项和荣誉。
    * 5.4.3  竞争对手的衰落与反思： 曾经打压MiForum的竞争对手，因为缺乏创新和用户支持而逐渐衰落，甚至开始反思自己的战略。
    * 5.4.4  MiForum的涅槃重生： 论坛重新焕发活力，用户数量和活跃度再创新高，商业收入稳步增长，成功走出困境，迎来新的发展机遇。

**6. 第五章：乘风破浪，迈向辉煌（约1500字）**

* 6.1  市场扩张与行业领先 (约500字)
    * 6.1.1  业务拓展到更广阔的领域： 从最初的论坛交流平台，扩展到医疗信息化解决方案提供商、行业数据服务商、技术培训服务商等，业务多元化发展。
    * 6.1.2  Daniel的海外市场拓展： 利用国际视野和语言优势，将MiForum的业务拓展到海外市场，参与国际竞争。
    * 6.1.3  成为行业标杆： MiForum在医疗信息化行业的影响力越来越大，成为行业发展的风向标和领军者。
    * 6.1.4  晓阳的品牌营销再升级： 打造更具专业性、科技感和人文关怀的品牌形象，提升品牌价值。
* 6.2  资本加持，加速发展 (约400字)
    * 6.2.1  吸引风险投资： MiForum的快速发展和巨大潜力吸引了风险投资机构的关注，成功获得融资。
    * 6.2.2  资金注入后的快速扩张： 利用融资资金进行技术研发、市场拓展、团队扩充等，加速论坛的规模化发展。
    * 6.2.3  与资本的博弈与平衡： 团队在接受资本的同时，也保持了自身的独立性和自主性，避免被资本裹挟。
* 6.3  上市之路的筹备与挑战 (约400字)
    * 6.3.1  启动IPO计划： 随着公司规模和盈利能力达到上市标准，团队开始筹备IPO，迈向资本市场。
    * 6.3.2  上市过程中的挑战： 面临财务审计、法律合规、市场监管等方面的严格审查，以及来自竞争对手的阻挠和干扰。
    * 6.3.3  团队的协作与努力： 六位创始人各司其职，密切配合，克服重重困难，为IPO成功做好充分准备。
* 6.4  梦想照进现实，成功上市 (约200字)
    * 6.4.1  MiForum成功上市： 在证券交易所敲钟上市，标志着MiForum发展历程的一个重要里程碑。
    * 6.4.2  创始人团队的喜悦与感慨： 六位创始人回首创业之路，感慨万千，为梦想的实现感到骄傲和自豪。
    * 6.4.3  新的起点与展望： 上市不是终点，而是新的起点，MiForum将继续秉承初心，为推动医疗信息化行业发展做出更大贡献。

**7. 尾声：新的征程，未来展望（约500字）**

* 7.1  上市后的MiForum (约200字)
    * 7.1.1  公司规模和影响力的扩大： 上市后，MiForum拥有更强大的资金实力和品牌影响力，能够更好地拓展业务和市场。
    * 7.1.2  技术创新与持续发展： MiForum将继续加大技术研发投入，保持技术领先优势，不断推出创新产品和服务。
    * 7.1.3  社会责任与行业担当： MiForum将更加注重社会责任，积极参与公益事业，推动医疗信息化行业的健康发展。
* 7.2  创始人团队的未来 (约200字)
    * 7.2.1  个人成长与蜕变： 六位创始人经历了创业的磨砺，个人能力和心智都得到了极大的提升和成长。
    * 7.2.2  新的目标与追求： 上市后，创始人团队将面临新的挑战和机遇，他们将继续保持创业激情，追求更高的目标。
    * 7.2.3  传承与启示： MiForum的逆袭之路为其他创业者提供了宝贵的经验和启示，激励更多人勇敢追逐梦想。
* 7.3  开放式结局 (约100字)
    * 7.3.1  留下想象空间： 故事结尾可以留有一些悬念或开放式的情节，例如MiForum未来将面临哪些新的挑战，或者创始人团队将开启怎样的新征程，引发读者对未来的思考和期待。
    * 7.3.2  升华主题： 再次点明故事主题，例如梦想、奋斗、逆袭、创新等，让读者在回味故事的同时，也能从中获得力量和启迪。

**总字数预计：500 + 1000 + 1500 + 2000 + 2500 + 1500 + 500 = 9500 字，接近 10000 字。**

这个大纲力求逻辑清晰，进展流畅，章节之间关系明确，内容分布均衡，话题过渡自然。 希望能够满足您的要求。
2025-02-14 16:47:51,624 - WARNING - Total word count 0 is not within 10% of target 10000
2025-02-14 16:47:51,624 - INFO - Parsed outline sections: []
2025-02-14 16:47:51,624 - ERROR - Exiting due to outline generation failure.
