2025-02-14 16:35:13,505 - INFO - Starting enhanced article generation for: 蜜蜂会（MiForum）逆袭之路
2025-02-14 16:35:41,652 - INFO - Generated outline text:
## 城市科幻逆袭爽文《蜜蜂会（MiForum）逆袭之路》详细大纲 (约10000字)

**故事梗概：**

2002年，互联网医疗信息化浪潮初现，六位怀揣梦想的年轻人——石头、张琨、明哥、晓阳、Daniel和三石，在简陋的出租屋里创立了医疗行业论坛“蜜蜂会（MiForum）”。他们各有所长，性格迥异，在创业初期激情澎湃，却也面临着技术瓶颈、资金短缺、行业巨头挤压以及内部矛盾等重重困境。凭借着过人的技术实力、敏锐的市场洞察力、兄弟情义以及在逆境中不断学习成长的韧性，他们带领蜜蜂会从籍籍无名的小论坛，一步步发展壮大，最终在激烈的市场竞争中脱颖而出，成功上市，实现了从草根到行业巨头的华丽逆袭。故事穿插着六位主人公在创业过程中的爱恨情仇，展现了他们在时代浪潮下的奋斗与成长，以及科技创新对医疗行业的深刻变革。

**大纲：**

**1. 萌芽：六人草创，梦想起航 (约800字)**

* **1.1 时代背景：互联网医疗的曙光 (约200字)**
    * 2002年，互联网在中国兴起，医疗信息化概念萌芽，但行业发展缓慢，信息不对称问题突出。
    * 医院信息化建设刚刚起步，软件系统落后，医生交流平台匮乏。
    * 引出时代背景，为蜜蜂会的诞生奠定基础。
* **1.2 六人初聚：出租屋里的梦想 (约300字)**
    * 石头：技术天才，论坛架构师，内向寡言但技术实力超群。
    * 张琨：市场营销鬼才，热情开朗，擅长人际交往和市场拓展。
    * 明哥：运营高手，沉稳细致，负责论坛日常运营和用户维护。
    * 晓阳：界面设计大师，审美独特，打造论坛美观友好的用户界面。
    * Daniel：海外归来的数据分析专家，冷静理性，为论坛发展提供数据支持。
    * 三石：人脉王，性格豪爽，拥有一定的医疗行业人脉，负责初期资源对接。
    * 六人性格、特长介绍，展现他们不同的魅力和互补性。
    * 描述他们在简陋出租屋里，因为共同的梦想和对医疗信息化的热情而走到一起，决定创建蜜蜂会论坛。
* **1.3 蜜蜂会诞生：MiForum 1.0 上线 (约300字)**
    * 论坛名字的由来和寓意（信息如同蜜蜂传播花粉，连接医疗行业）。
    * MiForum 1.0 版本的功能和界面介绍，突出其简洁实用，专注于医生交流和资源分享。
    * 初期用户积累：依靠口碑传播和创始团队的人脉，吸引首批医生用户注册。
    * 描绘创业初期的激情和对未来的憧憬。

**2. 蛰伏：初遇挑战，摸索前行 (约1500字)**

* **2.1 技术瓶颈：论坛架构的局限性 (约400字)**
    * MiForum 1.0 版本架构简陋，随着用户增长，论坛运行速度变慢，BUG频出。
    * 石头面临技术挑战，开始研究更先进的论坛架构和服务器技术。
    * 团队内部对技术方向产生分歧，引发小矛盾，但最终石头坚持技术升级方向。
* **2.2 资金困境：捉襟见肘的运营经费 (约400字)**
    * 论坛运营需要服务器、带宽、推广等费用，初期没有盈利模式，资金压力巨大。
    * 张琨尝试各种方式筹集资金，包括天使轮融资、广告招商等，屡屡碰壁。
    * 团队开始节衣缩食，甚至典当个人物品维持论坛运营，展现创业的艰辛。
* **2.3 行业认知：市场接受度低，盈利模式不明 (约400字)**
    * 当时医生对互联网接受度不高，认为线上交流不如线下会议有效。
    * 医疗行业的信息化付费意识薄弱，论坛盈利模式难以探索。
    * 团队陷入迷茫，开始反思论坛定位和发展方向，寻求突破口。
* **2.4 情感萌芽：创业伙伴间的微妙情愫 (约300字)**
    * 在艰苦创业的环境下，团队成员朝夕相处，彼此依赖，产生超越友情的情感。
    * 描写石头和晓阳在技术交流中互相欣赏，暗生情愫。
    * 展现张琨阳光开朗的性格吸引了某位女性用户的注意，埋下感情线伏笔。
    * 情感线为故事增添人情味和看点，缓解创业的沉重氛围。

**3. 突围：内容为王，用户至上 (约2000字)**

* **3.1 内容升级：打造专业优质的医疗内容社区 (约500字)**
    * 明哥主导内容运营，强调内容质量和专业性，提升用户粘性。
    * 邀请知名医生、专家入驻论坛，开设专栏，分享专业知识和经验。
    * 鼓励用户原创内容，设立奖励机制，激发用户创作热情。
    * 论坛内容质量大幅提升，吸引更多专业医生用户，口碑开始积累。
* **3.2 功能迭代：MiForum 2.0 涅槃重生 (约600字)**
    * 石头带领技术团队，夜以继日地进行技术攻关，开发MiForum 2.0 版本。
    * MiForum 2.0 版本采用更先进的架构，提升论坛运行速度和稳定性。
    * 新增病例讨论、文献分享、在线课程等功能，满足医生用户的多样化需求。
    * 晓阳重新设计论坛界面，使其更加美观、简洁、易用。
    * MiForum 2.0 版本上线，用户体验大幅提升，论坛迎来新的发展机遇。
* **3.3 用户社群：构建活跃的医生社群 (约500字)**
    * 明哥重视用户社群运营，组织线上线下活动，增强用户互动和归属感。
    * 建立版主制度，培养核心用户，协助论坛管理和内容维护。
    * 举办线上病例大赛、线下学术沙龙等活动，促进医生用户交流学习。
    * 蜜蜂会逐渐形成活跃的医生社群，用户粘性显著提高。
* **3.4 初步盈利：试水广告和会员服务 (约400字)**
    * 张琨开始尝试论坛的初步盈利模式。
    * 引入医疗器械、药品等相关广告，但严格把控广告质量，避免影响用户体验。
    * 推出高级会员服务，提供更优质的内容和功能，吸引部分用户付费。
    * 论坛开始获得少量收入，缓解资金压力，增强团队信心。

**4. 扩张：资本助力，高速发展 (约2500字)**

* **4.1 天使轮融资：获得资本市场的认可 (约600字)**
    * Daniel 利用数据分析，向投资机构展示MiForum 的用户增长、活跃度和发展潜力。
    * 张琨凭借出色的沟通能力和商业计划书，成功打动天使投资人。
    * 蜜蜂会获得天使轮融资，资金问题得到缓解，进入高速发展期。
    * 融资过程中的波折和考验，展现团队的坚持和韧性。
* **4.2 团队扩建：招贤纳士，壮大力量 (约500字)**
    * 随着业务扩张，团队规模扩大，引入更多优秀人才。
    * 技术团队、运营团队、市场团队等不断壮大，各司其职，高效协作。
    * 新成员的加入为团队注入新的活力和思路，也带来新的挑战和磨合。
* **4.3 产品线拓展：从论坛到医疗信息化解决方案 (约700字)**
    * 蜜蜂会不再局限于论坛，开始拓展产品线，向医疗信息化解决方案转型。
    * 研发医院信息系统（HIS）、电子病历系统（EMR）等软件产品，满足医院的实际需求。
    * 利用论坛积累的用户资源和行业经验，快速切入医疗信息化市场。
    * 产品研发过程中的技术难题和市场竞争，展现团队的创新能力和市场应变能力。
* **4.4 市场拓展：攻城略地，抢占市场份额 (约700字)**
    * 张琨带领市场团队，积极拓展医院客户，抢占市场份额。
    * 采取差异化竞争策略，专注于中小医院市场，避开与行业巨头的正面冲突。
    * 提供定制化的解决方案和优质的售后服务，赢得客户信任。
    * 市场拓展过程中的艰辛和挑战，以及取得的阶段性成果。

**5. 竞争：巨头入场，风云变幻 (约2000字)**

* **5.1 行业巨头：传统医疗信息化厂商的挑战 (约600字)**
    * 传统医疗信息化巨头意识到互联网医疗的潜力，开始加大线上布局。
    * 巨头凭借资金、技术、品牌等优势，对蜜蜂会形成巨大竞争压力。
    * 蜜蜂会面临被收购或被市场淘汰的风险，生存危机加剧。
* **5.2 新兴对手：互联网医疗新秀的崛起 (约500字)**
    * 互联网医疗领域涌现出新的竞争对手，模式创新，发展迅猛。
    * 蜜蜂会在技术创新和市场模式上，面临新的挑战。
    * 团队需要保持敏锐的市场洞察力，不断创新，才能在竞争中保持领先。
* **5.3 内部矛盾：发展方向和股权分配的争议 (约500字)**
    * 随着公司发展壮大，团队内部在发展方向和股权分配上产生分歧。
    * 创始人之间出现裂痕，兄弟情义面临考验。
    * 关键时刻，三石挺身而出，化解内部矛盾，维护团队团结。
* **5.4 情感危机：爱情与事业的抉择 (约400字)**
    * 石头和晓阳的感情面临考验，事业发展和个人情感产生冲突。
    * 张琨的感情线迎来高潮，面临爱情与事业的抉择。
    * 情感危机为故事增添戏剧冲突，展现主人公在事业和情感上的成长与蜕变。

**6. 逆袭：破茧成蝶，走向辉煌 (约1200字)**

* **6.1 技术突破：核心技术自主研发，摆脱掣肘 (约400字)**
    * 石头带领技术团队，攻克技术难题，自主研发出核心技术，提升产品竞争力。
    * 技术突破为蜜蜂会带来新的发展机遇，摆脱对外部技术的依赖。
    * 展现技术创新在企业发展中的重要作用，以及技术人员的价值。
* **6.2 商业模式创新：构建医疗信息化生态系统 (约400字)**
    * 蜜蜂会不再仅仅提供软件产品，而是构建医疗信息化生态系统。
    * 整合线上论坛、软件产品、数据服务、增值服务等，形成完整的产业链。
    * 商业模式创新提升了盈利能力和市场竞争力，为上市奠定基础。
* **6.3 成功上市：MiForum (蜜蜂会) 敲钟上市 (约400字)**
    * 经过多年的努力，蜜蜂会成功上市，成为医疗信息化行业的领军企业。
    * 上市仪式盛况，展现团队的辉煌成就和喜悦之情。
    * 回顾创业历程，感慨万千，展望未来发展。

**7. 尾声：新的起点，未来可期 (约1000字)**

* **7.1  功成名就：六位创始人的人生蜕变 (约300字)**
    * 六位创始人从草根青年成长为行业精英，实现人生价值。
    * 他们在事业上取得巨大成功，也在爱情和友情上收获幸福。
    * 展现主人公的成长和蜕变，以及创业带来的个人价值实现。
* **7.2  行业影响：蜜蜂会改变医疗信息化格局 (约400字)**
    * 蜜蜂会的崛起，推动了中国医疗信息化的发展，提升了医疗服务水平。
    * 论坛平台促进了医生之间的交流和学习，推动了医学知识的传播和进步。
    * 蜜蜂会的成功，为其他互联网医疗企业树立了榜样。
* **7.3  展望未来：蜜蜂会的未来发展规划 (约300字)**
    * 蜜蜂会上市后，将继续加大研发投入，拓展新的业务领域。
    * 目标是成为全球领先的医疗信息化企业，为人类健康事业做出更大贡献。
    * 故事结尾充满希望和憧憬，预示着蜜蜂会更加辉煌的未来。

**字数统计 (约10000字):**

1. 萌芽：800字
2. 蛰伏：1500字
3. 突围：2000字
4. 扩张：2500字
5. 竞争：2000字
6. 逆袭：1200字
7. 尾声：1000字

**总计： 11000字 (略微超出，可根据实际内容微调字数)**

**备注：**

* 本大纲为框架结构，具体情节和细节可以根据实际创作进行丰富和调整。
* 情感线可以根据“逆袭爽文”的特点，适当增加“甜宠”和“反转”元素，增强故事的趣味性和吸引力。
* “城市科幻”元素可以融入技术描写和未来展望中，例如：更智能化的医疗系统、更便捷的远程医疗服务等。
* 章节标题和子章节标题可以根据实际内容进行更具吸引力的修改。
* 字数分配仅为参考，实际写作时可根据情节需要进行调整，但需注意整体均衡性。
2025-02-14 16:35:41,655 - WARNING - Total word count 0 is not within 10% of target 10000
2025-02-14 16:35:41,655 - INFO - Parsed outline sections: []
2025-02-14 16:35:41,655 - ERROR - Exiting due to outline generation failure.
