2025-02-14 17:48:09,009 - INFO - Starting article generation for: 蜜蜂会（MiForum）逆袭之路
2025-02-14 17:48:09,009 - INFO - Log file created at: logs/蜜蜂会MiForum逆袭之路_20250214_174809.log
2025-02-14 17:48:09,009 - INFO - Generating outline for title: 蜜蜂会（MiForum）逆袭之路, length: 10000, genre: 城市科幻逆袭爽文, language: 中文
2025-02-14 17:48:27,018 - INFO - Outline text:
```json
[
  {
    "title": "引子：2002年的中关村，梦想从这里开始",
    "length": 500,
    "level": 1
  },
  {
    "title": "1.1. 寒风凛冽的创业大街：一碗炒肝的梦想",
    "length": 150,
    "level": 2,
    "parent": "引子：2002年的中关村，梦想从这里开始"
  },
  {
    "title": "1.2. 六个臭皮匠：石头，张琨，明哥，晓阳，Daniel，三石",
    "length": 200,
    "level": 2,
    "parent": "引子：2002年的中关村，梦想从这里开始"
  },
  {
    "title": "1.3. 蜜蜂会（MiForum）的雏形：一个简陋的BBS",
    "length": 150,
    "level": 2,
    "parent": "引子：2002年的中关村，梦想从这里开始"
  },
  {
    "title": "第一章：草莽英雄的初期创业",
    "length": 2000,
    "level": 1
  },
  {
    "title": "2.1. 论坛上线：MiForum 1.0，土法炼钢的开始",
    "length": 300,
    "level": 2,
    "parent": "第一章：草莽英雄的初期创业"
  },
  {
    "title": "2.2. 石头的代码与张琨的嘴炮：技术与销售的初次碰撞",
    "length": 400,
    "level": 2,
    "parent": "第一章：草莽英雄的初期创业"
  },
  {
    "title": "2.3. 明哥的人脉初显：拉来第一批医院客户",
    "length": 300,
    "level": 2,
    "parent": "第一章：草莽英雄的初期创业"
  },
  {
    "title": "2.4. 办公室里的泡面味：程序员的艰苦日常",
    "length": 300,
    "level": 2,
    "parent": "第一章：草莽英雄的初期创业"
  },
  {
    "title": "2.5. 萧薰儿的出现：技术峰会上的惊鸿一瞥",
    "length": 350,
    "level": 2,
    "parent": "第一章：草莽英雄的初期创业"
  },
  {
    "title": "2.6. 酒桌文化：兄弟情义与商业谈判的交织",
    "length": 350,
    "level": 2,
    "parent": "第一章：草莽英雄的初期创业"
  },
  {
    "title": "第二章：初尝成功的喜悦与暗流涌动的危机",
    "length": 2500,
    "level": 1
  },
  {
    "title": "3.1. 市场扩张：MiForum 2.0发布，用户量激增",
    "length": 400,
    "level": 2,
    "parent": "第二章：初尝成功的喜悦与暗流涌动的危机"
  },
  {
    "title": "3.2. 竞争加剧：老牌医疗信息化厂商的狙击",
    "length": 350,
    "level": 2,
    "parent": "第二章：初尝成功的喜悦与暗流涌动的危机"
  },
  {
    "title": "3.3. 资金短缺：扩张背后的隐忧，融资困境",
    "length": 300,
    "level": 2,
    "parent": "第二章：初尝成功的喜悦与暗流涌动的危机"
  },
  {
    "title": "3.4. 张琨的桃花运：萧薰儿与纳兰嫣然的办公室恋情",
    "length": 450,
    "level": 2,
    "parent": "第二章：初尝成功的喜悦与暗流涌动的危机"
  },
  {
    "title": "3.5. 晓阳的迷茫：理想与现实的差距，职业倦怠",
    "length": 300,
    "level": 2,
    "parent": "第二章：初尝成功的喜悦与暗流涌动的危机"
  },
  {
    "title": "3.6. 明哥的动摇：商业诱惑与兄弟情义的抉择",
    "length": 300,
    "level": 2,
    "parent": "第二章：初尝成功的喜悦与暗流涌动的危机"
  },
  {
    "title": "3.7. 三石的坚守：技术信仰与产品打磨",
    "length": 200,
    "level": 2,
    "parent": "第二章：初尝成功的喜悦与暗流涌动的危机"
  },
  {
    "title": "第三章：惊天危机与绝地反击",
    "length": 1500,
    "level": 1
  },
  {
    "title": "4.1. 医疗事故爆发：MiForum系统漏洞的致命打击",
    "length": 400,
    "level": 2,
    "parent": "第三章：惊天危机与绝地反击"
  },
  {
    "title": "4.2. 公关危机：舆论漩涡中的蜜蜂会",
    "length": 350,
    "level": 2,
    "parent": "第三章：惊天危机与绝地反击"
  },
  {
    "title": "4.3. 技术攻坚：石头带领团队连夜排查漏洞，研发MiForum 3.0",
    "length": 450,
    "level": 2,
    "parent": "第三章：惊天危机与绝地反击"
  },
  {
    "title": "4.4. 真相浮出水面：竞争对手的恶意陷害？",
    "length": 300,
    "level": 2,
    "parent": "第三章：惊天危机与绝地反击"
  },
  {
    "title": "第四章：涅槃重生与再次腾飞",
    "length": 2500,
    "level": 1
  },
  {
    "title": "5.1. 重塑品牌形象：MiForum 3.0发布会，重获客户信任",
    "length": 400,
    "level": 2,
    "parent": "第四章：涅槃重生与再次腾飞"
  },
  {
    "title": "5.2. 团队凝聚力提升：兄弟同心，共渡难关",
    "length": 350,
    "level": 2,
    "parent": "第四章：涅槃重生与再次腾飞"
  },
  {
    "title": "5.3. 技术升级转型：拥抱云计算、大数据与人工智能",
    "length": 300,
    "level": 2,
    "parent": "第四章：涅槃重生与再次腾飞"
  },
  {
    "title": "5.4. Daniel的跨国恋情：与小医仙在海外市场的浪漫邂逅",
    "length": 450,
    "level": 2,
    "parent": "第四章：涅槃重生与再次腾飞"
  },
  {
    "title": "5.5. 晓阳的成长蜕变：从迷茫程序员到技术骨干",
    "length": 300,
    "level": 2,
    "parent": "第四章：涅槃重生与再次腾飞"
  },
  {
    "title": "5.6. 明哥的回归与救赎：重新加入蜜蜂会，弥补过错",
    "length": 300,
    "level": 2,
    "parent": "第四章：涅槃重生与再次腾飞"
  },
  {
    "title": "5.7. 三石的技术突破：成为行业顶尖技术专家",
    "length": 200,
    "level": 2,
    "parent": "第四章：涅槃重生与再次腾飞"
  },
  {
    "title": "第五章：功成名就，蜜蜂会飞向更广阔的天空",
    "length": 1000,
    "level": 1
  },
  {
    "title": "6.1. MiForum IPO：敲响上市钟声，梦想照进现实",
    "length": 400,
    "level": 2,
    "parent": "第五章：功成名就，蜜蜂会飞向更广阔的天空"
  },
  {
    "title": "6.2. 功成名就后的选择：兄弟情义，爱情归宿",
    "length": 300,
    "level": 2,
    "parent": "第五章：功成名就，蜜蜂会飞向更广阔的天空"
  },
  {
    "title": "6.3. 新的征程：蜜蜂会的未来与更远大的目标",
    "length": 300,
    "level": 2,
    "parent": "第五章：功成名就，蜜蜂会飞向更广阔的天空"
  }
]
```
2025-02-14 17:48:27,020 - INFO - Parsed outline: [
  {
    "title": "引子：2002年的中关村，梦想从这里开始",
    "length": 500,
    "level": 1
  },
  {
    "title": "1.1. 寒风凛冽的创业大街：一碗炒肝的梦想",
    "length": 150,
    "level": 2,
    "parent": "引子：2002年的中关村，梦想从这里开始"
  },
  {
    "title": "1.2. 六个臭皮匠：石头，张琨，明哥，晓阳，Daniel，三石",
    "length": 200,
    "level": 2,
    "parent": "引子：2002年的中关村，梦想从这里开始"
  },
  {
    "title": "1.3. 蜜蜂会（MiForum）的雏形：一个简陋的BBS",
    "length": 150,
    "level": 2,
    "parent": "引子：2002年的中关村，梦想从这里开始"
  },
  {
    "title": "第一章：草莽英雄的初期创业",
    "length": 2000,
    "level": 1
  },
  {
    "title": "2.1. 论坛上线：MiForum 1.0，土法炼钢的开始",
    "length": 300,
    "level": 2,
    "parent": "第一章：草莽英雄的初期创业"
  },
  {
    "title": "2.2. 石头的代码与张琨的嘴炮：技术与销售的初次碰撞",
    "length": 400,
    "level": 2,
    "parent": "第一章：草莽英雄的初期创业"
  },
  {
    "title": "2.3. 明哥的人脉初显：拉来第一批医院客户",
    "length": 300,
    "level": 2,
    "parent": "第一章：草莽英雄的初期创业"
  },
  {
    "title": "2.4. 办公室里的泡面味：程序员的艰苦日常",
    "length": 300,
    "level": 2,
    "parent": "第一章：草莽英雄的初期创业"
  },
  {
    "title": "2.5. 萧薰儿的出现：技术峰会上的惊鸿一瞥",
    "length": 350,
    "level": 2,
    "parent": "第一章：草莽英雄的初期创业"
  },
  {
    "title": "2.6. 酒桌文化：兄弟情义与商业谈判的交织",
    "length": 350,
    "level": 2,
    "parent": "第一章：草莽英雄的初期创业"
  },
  {
    "title": "第二章：初尝成功的喜悦与暗流涌动的危机",
    "length": 2500,
    "level": 1
  },
  {
    "title": "3.1. 市场扩张：MiForum 2.0发布，用户量激增",
    "length": 400,
    "level": 2,
    "parent": "第二章：初尝成功的喜悦与暗流涌动的危机"
  },
  {
    "title": "3.2. 竞争加剧：老牌医疗信息化厂商的狙击",
    "length": 350,
    "level": 2,
    "parent": "第二章：初尝成功的喜悦与暗流涌动的危机"
  },
  {
    "title": "3.3. 资金短缺：扩张背后的隐忧，融资困境",
    "length": 300,
    "level": 2,
    "parent": "第二章：初尝成功的喜悦与暗流涌动的危机"
  },
  {
    "title": "3.4. 张琨的桃花运：萧薰儿与纳兰嫣然的办公室恋情",
    "length": 450,
    "level": 2,
    "parent": "第二章：初尝成功的喜悦与暗流涌动的危机"
  },
  {
    "title": "3.5. 晓阳的迷茫：理想与现实的差距，职业倦怠",
    "length": 300,
    "level": 2,
    "parent": "第二章：初尝成功的喜悦与暗流涌动的危机"
  },
  {
    "title": "3.6. 明哥的动摇：商业诱惑与兄弟情义的抉择",
    "length": 300,
    "level": 2,
    "parent": "第二章：初尝成功的喜悦与暗流涌动的危机"
  },
  {
    "title": "3.7. 三石的坚守：技术信仰与产品打磨",
    "length": 200,
    "level": 2,
    "parent": "第二章：初尝成功的喜悦与暗流涌动的危机"
  },
  {
    "title": "第三章：惊天危机与绝地反击",
    "length": 1500,
    "level": 1
  },
  {
    "title": "4.1. 医疗事故爆发：MiForum系统漏洞的致命打击",
    "length": 400,
    "level": 2,
    "parent": "第三章：惊天危机与绝地反击"
  },
  {
    "title": "4.2. 公关危机：舆论漩涡中的蜜蜂会",
    "length": 350,
    "level": 2,
    "parent": "第三章：惊天危机与绝地反击"
  },
  {
    "title": "4.3. 技术攻坚：石头带领团队连夜排查漏洞，研发MiForum 3.0",
    "length": 450,
    "level": 2,
    "parent": "第三章：惊天危机与绝地反击"
  },
  {
    "title": "4.4. 真相浮出水面：竞争对手的恶意陷害？",
    "length": 300,
    "level": 2,
    "parent": "第三章：惊天危机与绝地反击"
  },
  {
    "title": "第四章：涅槃重生与再次腾飞",
    "length": 2500,
    "level": 1
  },
  {
    "title": "5.1. 重塑品牌形象：MiForum 3.0发布会，重获客户信任",
    "length": 400,
    "level": 2,
    "parent": "第四章：涅槃重生与再次腾飞"
  },
  {
    "title": "5.2. 团队凝聚力提升：兄弟同心，共渡难关",
    "length": 350,
    "level": 2,
    "parent": "第四章：涅槃重生与再次腾飞"
  },
  {
    "title": "5.3. 技术升级转型：拥抱云计算、大数据与人工智能",
    "length": 300,
    "level": 2,
    "parent": "第四章：涅槃重生与再次腾飞"
  },
  {
    "title": "5.4. Daniel的跨国恋情：与小医仙在海外市场的浪漫邂逅",
    "length": 450,
    "level": 2,
    "parent": "第四章：涅槃重生与再次腾飞"
  },
  {
    "title": "5.5. 晓阳的成长蜕变：从迷茫程序员到技术骨干",
    "length": 300,
    "level": 2,
    "parent": "第四章：涅槃重生与再次腾飞"
  },
  {
    "title": "5.6. 明哥的回归与救赎：重新加入蜜蜂会，弥补过错",
    "length": 300,
    "level": 2,
    "parent": "第四章：涅槃重生与再次腾飞"
  },
  {
    "title": "5.7. 三石的技术突破：成为行业顶尖技术专家",
    "length": 200,
    "level": 2,
    "parent": "第四章：涅槃重生与再次腾飞"
  },
  {
    "title": "第五章：功成名就，蜜蜂会飞向更广阔的天空",
    "length": 1000,
    "level": 1
  },
  {
    "title": "6.1. MiForum IPO：敲响上市钟声，梦想照进现实",
    "length": 400,
    "level": 2,
    "parent": "第五章：功成名就，蜜蜂会飞向更广阔的天空"
  },
  {
    "title": "6.2. 功成名就后的选择：兄弟情义，爱情归宿",
    "length": 300,
    "level": 2,
    "parent": "第五章：功成名就，蜜蜂会飞向更广阔的天空"
  },
  {
    "title": "6.3. 新的征程：蜜蜂会的未来与更远大的目标",
    "length": 300,
    "level": 2,
    "parent": "第五章：功成名就，蜜蜂会飞向更广阔的天空"
  }
]
2025-02-14 17:48:27,020 - INFO - Outline generated successfully.
2025-02-14 17:48:27,022 - INFO - Outline saved to: articles/蜜蜂会MiForum逆袭之路_20250214_174827_outline.json
2025-02-14 17:48:27,022 - INFO - Writing section: 引子：2002年的中关村，梦想从这里开始
2025-02-14 17:48:43,072 - INFO - Writing section: 1.1. 寒风凛冽的创业大街：一碗炒肝的梦想
2025-02-14 17:48:54,695 - INFO - Writing section: 1.2. 六个臭皮匠：石头，张琨，明哥，晓阳，Daniel，三石
2025-02-14 17:49:03,570 - INFO - Writing section: 1.3. 蜜蜂会（MiForum）的雏形：一个简陋的BBS
2025-02-14 17:49:13,811 - INFO - Writing section: 第一章：草莽英雄的初期创业
2025-02-14 17:49:38,799 - INFO - Writing section: 2.1. 论坛上线：MiForum 1.0，土法炼钢的开始
2025-02-14 17:49:51,392 - INFO - Writing section: 2.2. 石头的代码与张琨的嘴炮：技术与销售的初次碰撞
2025-02-14 17:50:03,371 - INFO - Writing section: 2.3. 明哥的人脉初显：拉来第一批医院客户
2025-02-14 17:50:19,450 - INFO - Writing section: 2.4. 办公室里的泡面味：程序员的艰苦日常
2025-02-14 17:50:31,430 - INFO - Writing section: 2.5. 萧薰儿的出现：技术峰会上的惊鸿一瞥
2025-02-14 17:50:49,659 - INFO - Writing section: 2.6. 酒桌文化：兄弟情义与商业谈判的交织
2025-02-14 17:51:06,753 - INFO - Writing section: 第二章：初尝成功的喜悦与暗流涌动的危机
2025-02-14 17:51:39,510 - INFO - Writing section: 3.1. 市场扩张：MiForum 2.0发布，用户量激增
2025-02-14 17:51:57,345 - INFO - Writing section: 3.2. 竞争加剧：老牌医疗信息化厂商的狙击
2025-02-14 17:52:12,600 - INFO - Writing section: 3.3. 资金短缺：扩张背后的隐忧，融资困境
2025-02-14 17:52:27,348 - INFO - Writing section: 3.4. 张琨的桃花运：萧薰儿与纳兰嫣然的办公室恋情
2025-02-14 17:52:42,910 - INFO - Writing section: 3.5. 晓阳的迷茫：理想与现实的差距，职业倦怠
2025-02-14 17:52:56,225 - INFO - Writing section: 3.6. 明哥的动摇：商业诱惑与兄弟情义的抉择
2025-02-14 17:53:09,329 - INFO - Writing section: 3.7. 三石的坚守：技术信仰与产品打磨
2025-02-14 17:53:20,940 - INFO - Writing section: 第三章：惊天危机与绝地反击
2025-02-14 17:53:44,093 - INFO - Writing section: 4.1. 医疗事故爆发：MiForum系统漏洞的致命打击
2025-02-14 17:54:00,328 - INFO - Writing section: 4.2. 公关危机：舆论漩涡中的蜜蜂会
2025-02-14 17:54:13,946 - INFO - Writing section: 4.3. 技术攻坚：石头带领团队连夜排查漏洞，研发MiForum 3.0
2025-02-14 17:54:29,921 - INFO - Writing section: 4.4. 真相浮出水面：竞争对手的恶意陷害？
2025-02-14 17:54:45,485 - INFO - Writing section: 第四章：涅槃重生与再次腾飞
2025-02-14 17:55:13,644 - INFO - Writing section: 5.1. 重塑品牌形象：MiForum 3.0发布会，重获客户信任
2025-02-14 17:55:25,419 - INFO - Writing section: 5.2. 团队凝聚力提升：兄弟同心，共渡难关
2025-02-14 17:55:40,167 - INFO - Writing section: 5.3. 技术升级转型：拥抱云计算、大数据与人工智能
2025-02-14 17:55:54,619 - INFO - Writing section: 5.4. Daniel的跨国恋情：与小医仙在海外市场的浪漫邂逅
2025-02-14 17:56:07,712 - INFO - Writing section: 5.5. 晓阳的成长蜕变：从迷茫程序员到技术骨干
2025-02-14 17:56:22,774 - INFO - Writing section: 5.6. 明哥的回归与救赎：重新加入蜜蜂会，弥补过错
2025-02-14 17:56:38,192 - INFO - Writing section: 5.7. 三石的技术突破：成为行业顶尖技术专家
2025-02-14 17:56:51,946 - INFO - Writing section: 第五章：功成名就，蜜蜂会飞向更广阔的天空
2025-02-14 17:57:14,990 - INFO - Writing section: 6.1. MiForum IPO：敲响上市钟声，梦想照进现实
2025-02-14 17:57:32,910 - INFO - Writing section: 6.2. 功成名就后的选择：兄弟情义，爱情归宿
2025-02-14 17:57:46,343 - INFO - Writing section: 6.3. 新的征程：蜜蜂会的未来与更远大的目标
2025-02-14 17:57:58,606 - INFO - Assembling article...
2025-02-14 17:57:58,608 - INFO - Article saved to: articles/蜜蜂会MiForum逆袭之路_20250214_175758.md
2025-02-14 17:57:58,608 - INFO - Article generation completed successfully
2025-02-14 17:57:58,608 - INFO - Log file: logs/蜜蜂会MiForum逆袭之路_20250214_174809.log
2025-02-14 17:57:58,608 - INFO - Outline file: articles/蜜蜂会MiForum逆袭之路_20250214_174827_outline.json
2025-02-14 17:57:58,608 - INFO - Article file: articles/蜜蜂会MiForum逆袭之路_20250214_175758.md
