2025-02-26 16:20:16,844 - INFO - 开始为 蜜蜂会（MiForum）逆袭之路 生成文章
2025-02-26 16:20:16,844 - INFO - 日志文件创建于: logs/蜜蜂会MiForum逆袭之路_20250226_162016.log
2025-02-26 16:20:16,844 - INFO - 生成大纲: 标题: 蜜蜂会（MiForum）逆袭之路, 长度: 500000, 体裁: 城市科幻逆袭爽文（王朔风格）, 语言: 中文
2025-02-26 16:20:39,356 - INFO - 生成的大纲文本:
```json
[
  {
    "title": "2002年的中关村：六个人的蜜蜂会梦想",
    "length": 15000,
    "level": 1
  },
  {
    "title": "草根创业：MiForum的第一个版本和最初的用户",
    "length": 18000,
    "level": 1
  },
  {
    "title": "医院信息化蓝海：初探医疗行业的机遇",
    "length": 16000,
    "level": 1
  },
  {
    "title": "论坛的病毒式传播：MiForum初步走红",
    "length": 17000,
    "level": 1
  },
  {
    "title": "技术架构升级：应对用户增长的挑战",
    "length": 15000,
    "level": 1
  },
  {
    "title": "天使轮融资：资本的入局与团队的裂痕",
    "length": 19000,
    "level": 1
  },
  {
    "title": "行业巨头的狙击：MiForum遭遇生存危机",
    "length": 20000,
    "level": 1
  },
  {
    "title": "绝地反击：创新产品和商业模式的诞生",
    "length": 22000,
    "level": 1
  },
  {
    "title": "深入医院内部：MiForum的定制化解决方案",
    "length": 21000,
    "level": 1
  },
  {
    "title": "团队管理难题：权力、利益与兄弟情义的考验",
    "length": 18000,
    "level": 1
  },
  {
    "title": "B轮融资：加速扩张与市场布局",
    "length": 19000,
    "level": 1
  },
  {
    "title": "竞争白热化：行业洗牌与生死时速",
    "length": 23000,
    "level": 1
  },
  {
    "title": "情感漩涡：事业巅峰与爱情迷局",
    "length": 25000,
    "level": 1
  },
  {
    "title": "危机公关：负面舆情与信任重建",
    "length": 18000,
    "level": 1
  },
  {
    "title": "并购风云：资本市场的暗流涌动",
    "length": 22000,
    "level": 1
  },
  {
    "title": "C轮融资与上市辅导：最后的冲刺阶段",
    "length": 20000,
    "level": 1
  },
  {
    "title": "路演与招股：资本市场的蜜糖与陷阱",
    "length": 21000,
    "level": 1
  },
  {
    "title": "敲钟时刻：MiForum成功上市与新的挑战",
    "length": 24000,
    "level": 1
  },
  {
    "title": "上市后的阵痛：股价波动与股东博弈",
    "length": 19000,
    "level": 1
  },
  {
    "title": "多元化布局：进军智能医疗与AI领域",
    "length": 20000,
    "level": 1
  },
  {
    "title": "国际化战略：MiForum走向全球市场",
    "length": 22000,
    "level": 1
  },
  {
    "title": "职场情场：办公室恋情与情感纠葛",
    "length": 23000,
    "level": 1
  },
  {
    "title": "婚外情的诱惑：欲望与道德的边缘试探",
    "length": 24000,
    "level": 1
  },
  {
    "title": "三角恋的困境：爱与背叛的复杂关系",
    "length": 23000,
    "level": 1
  },
  {
    "title": "性感女高管：职场女性的魅力与挑战",
    "length": 22000,
    "level": 1
  },
  {
    "title": "权力与欲望：高层内斗与利益争夺",
    "length": 21000,
    "level": 1
  },
  {
    "title": "商业间谍战：信息安全与竞争情报",
    "length": 19000,
    "level": 1
  },
  {
    "title": "政策监管：医疗信息化行业的合规风险",
    "length": 18000,
    "level": 1
  },
  {
    "title": "技术伦理：人工智能在医疗领域的应用争议",
    "length": 17000,
    "level": 1
  },
  {
    "title": "社会责任：MiForum的企业公民之路",
    "length": 16000,
    "level": 1
  },
  {
    "title": "慈善与公益：回馈社会与提升品牌形象",
    "length": 15000,
    "level": 1
  },
  {
    "title": "媒体聚焦：MiForum的公众形象塑造",
    "length": 14000,
    "level": 1
  },
  {
    "title": "资本运作：股票回购与股权激励计划",
    "length": 13000,
    "level": 1
  },
  {
    "title": "收购与兼并：行业整合与扩张之路",
    "length": 14000,
    "level": 1
  },
  {
    "title": "创新困境：技术瓶颈与发展瓶颈",
    "length": 15000,
    "level": 1
  },
  {
    "title": "用户体验至上：产品迭代与用户反馈",
    "length": 16000,
    "level": 1
  },
  {
    "title": "竞争对手分析：知己知彼百战不殆",
    "length": 17000,
    "level": 1
  },
  {
    "title": "市场营销策略：品牌推广与用户增长",
    "length": 18000,
    "level": 1
  },
  {
    "title": "销售团队建设：业绩压力与激励机制",
    "length": 19000,
    "level": 1
  },
  {
    "title": "客户关系管理：提升客户忠诚度与复购率",
    "length": 20000,
    "level": 1
  },
  {
    "title": "数据驱动决策：大数据在医疗行业的应用",
    "length": 21000,
    "level": 1
  },
  {
    "title": "云计算与边缘计算：MiForum的技术基石",
    "length": 22000,
    "level": 1
  },
  {
    "title": "移动医疗与远程医疗：未来的发展方向",
    "length": 23000,
    "level": 1
  },
  {
    "title": "可穿戴设备与健康监测：新技术的应用",
    "length": 24000,
    "level": 1
  },
  {
    "title": "区块链技术：在医疗信息安全领域的潜力",
    "length": 25000,
    "level": 1
  },
  {
    "title": "元宇宙医疗：虚拟现实与增强现实的应用",
    "length": 22000,
    "level": 1
  },
  {
    "title": "数字孪生技术：构建虚拟医院与患者模型",
    "length": 21000,
    "level": 1
  },
  {
    "title": "基因编辑与精准医疗：前沿技术的伦理挑战",
    "length": 20000,
    "level": 1
  },
  {
    "title": "生物医药与创新药物研发：医疗行业的未来",
    "length": 19000,
    "level": 1
  },
  {
    "title": "医疗器械智能化：提升诊疗效率与精度",
    "length": 18000,
    "level": 1
  },
  {
    "title": "养老产业与智慧养老：应对老龄化社会的挑战",
    "length": 17000,
    "level": 1
  },
  {
    "title": "健康管理与预防医学：从治疗到预防的转变",
    "length": 16000,
    "level": 1
  },
  {
    "title": "公共卫生事件应对：MiForum的社会责任担当",
    "length": 15000,
    "level": 1
  },
  {
    "title": "全球疫情下的医疗信息化：机遇与挑战",
    "length": 14000,
    "level": 1
  },
  {
    "title": "后疫情时代：医疗行业的变革与新常态",
    "length": 13000,
    "level": 1
  },
  {
    "title": "十年之后：回顾MiForum的逆袭之路与人生的得失",
    "length": 15000,
    "level": 1
  }
]
```
2025-02-26 16:20:39,360 - INFO - 解析后的大纲: [
  {
    "title": "2002年的中关村：六个人的蜜蜂会梦想",
    "length": 15000,
    "level": 1
  },
  {
    "title": "草根创业：MiForum的第一个版本和最初的用户",
    "length": 18000,
    "level": 1
  },
  {
    "title": "医院信息化蓝海：初探医疗行业的机遇",
    "length": 16000,
    "level": 1
  },
  {
    "title": "论坛的病毒式传播：MiForum初步走红",
    "length": 17000,
    "level": 1
  },
  {
    "title": "技术架构升级：应对用户增长的挑战",
    "length": 15000,
    "level": 1
  },
  {
    "title": "天使轮融资：资本的入局与团队的裂痕",
    "length": 19000,
    "level": 1
  },
  {
    "title": "行业巨头的狙击：MiForum遭遇生存危机",
    "length": 20000,
    "level": 1
  },
  {
    "title": "绝地反击：创新产品和商业模式的诞生",
    "length": 22000,
    "level": 1
  },
  {
    "title": "深入医院内部：MiForum的定制化解决方案",
    "length": 21000,
    "level": 1
  },
  {
    "title": "团队管理难题：权力、利益与兄弟情义的考验",
    "length": 18000,
    "level": 1
  },
  {
    "title": "B轮融资：加速扩张与市场布局",
    "length": 19000,
    "level": 1
  },
  {
    "title": "竞争白热化：行业洗牌与生死时速",
    "length": 23000,
    "level": 1
  },
  {
    "title": "情感漩涡：事业巅峰与爱情迷局",
    "length": 25000,
    "level": 1
  },
  {
    "title": "危机公关：负面舆情与信任重建",
    "length": 18000,
    "level": 1
  },
  {
    "title": "并购风云：资本市场的暗流涌动",
    "length": 22000,
    "level": 1
  },
  {
    "title": "C轮融资与上市辅导：最后的冲刺阶段",
    "length": 20000,
    "level": 1
  },
  {
    "title": "路演与招股：资本市场的蜜糖与陷阱",
    "length": 21000,
    "level": 1
  },
  {
    "title": "敲钟时刻：MiForum成功上市与新的挑战",
    "length": 24000,
    "level": 1
  },
  {
    "title": "上市后的阵痛：股价波动与股东博弈",
    "length": 19000,
    "level": 1
  },
  {
    "title": "多元化布局：进军智能医疗与AI领域",
    "length": 20000,
    "level": 1
  },
  {
    "title": "国际化战略：MiForum走向全球市场",
    "length": 22000,
    "level": 1
  },
  {
    "title": "职场情场：办公室恋情与情感纠葛",
    "length": 23000,
    "level": 1
  },
  {
    "title": "婚外情的诱惑：欲望与道德的边缘试探",
    "length": 24000,
    "level": 1
  },
  {
    "title": "三角恋的困境：爱与背叛的复杂关系",
    "length": 23000,
    "level": 1
  },
  {
    "title": "性感女高管：职场女性的魅力与挑战",
    "length": 22000,
    "level": 1
  },
  {
    "title": "权力与欲望：高层内斗与利益争夺",
    "length": 21000,
    "level": 1
  },
  {
    "title": "商业间谍战：信息安全与竞争情报",
    "length": 19000,
    "level": 1
  },
  {
    "title": "政策监管：医疗信息化行业的合规风险",
    "length": 18000,
    "level": 1
  },
  {
    "title": "技术伦理：人工智能在医疗领域的应用争议",
    "length": 17000,
    "level": 1
  },
  {
    "title": "社会责任：MiForum的企业公民之路",
    "length": 16000,
    "level": 1
  },
  {
    "title": "慈善与公益：回馈社会与提升品牌形象",
    "length": 15000,
    "level": 1
  },
  {
    "title": "媒体聚焦：MiForum的公众形象塑造",
    "length": 14000,
    "level": 1
  },
  {
    "title": "资本运作：股票回购与股权激励计划",
    "length": 13000,
    "level": 1
  },
  {
    "title": "收购与兼并：行业整合与扩张之路",
    "length": 14000,
    "level": 1
  },
  {
    "title": "创新困境：技术瓶颈与发展瓶颈",
    "length": 15000,
    "level": 1
  },
  {
    "title": "用户体验至上：产品迭代与用户反馈",
    "length": 16000,
    "level": 1
  },
  {
    "title": "竞争对手分析：知己知彼百战不殆",
    "length": 17000,
    "level": 1
  },
  {
    "title": "市场营销策略：品牌推广与用户增长",
    "length": 18000,
    "level": 1
  },
  {
    "title": "销售团队建设：业绩压力与激励机制",
    "length": 19000,
    "level": 1
  },
  {
    "title": "客户关系管理：提升客户忠诚度与复购率",
    "length": 20000,
    "level": 1
  },
  {
    "title": "数据驱动决策：大数据在医疗行业的应用",
    "length": 21000,
    "level": 1
  },
  {
    "title": "云计算与边缘计算：MiForum的技术基石",
    "length": 22000,
    "level": 1
  },
  {
    "title": "移动医疗与远程医疗：未来的发展方向",
    "length": 23000,
    "level": 1
  },
  {
    "title": "可穿戴设备与健康监测：新技术的应用",
    "length": 24000,
    "level": 1
  },
  {
    "title": "区块链技术：在医疗信息安全领域的潜力",
    "length": 25000,
    "level": 1
  },
  {
    "title": "元宇宙医疗：虚拟现实与增强现实的应用",
    "length": 22000,
    "level": 1
  },
  {
    "title": "数字孪生技术：构建虚拟医院与患者模型",
    "length": 21000,
    "level": 1
  },
  {
    "title": "基因编辑与精准医疗：前沿技术的伦理挑战",
    "length": 20000,
    "level": 1
  },
  {
    "title": "生物医药与创新药物研发：医疗行业的未来",
    "length": 19000,
    "level": 1
  },
  {
    "title": "医疗器械智能化：提升诊疗效率与精度",
    "length": 18000,
    "level": 1
  },
  {
    "title": "养老产业与智慧养老：应对老龄化社会的挑战",
    "length": 17000,
    "level": 1
  },
  {
    "title": "健康管理与预防医学：从治疗到预防的转变",
    "length": 16000,
    "level": 1
  },
  {
    "title": "公共卫生事件应对：MiForum的社会责任担当",
    "length": 15000,
    "level": 1
  },
  {
    "title": "全球疫情下的医疗信息化：机遇与挑战",
    "length": 14000,
    "level": 1
  },
  {
    "title": "后疫情时代：医疗行业的变革与新常态",
    "length": 13000,
    "level": 1
  },
  {
    "title": "十年之后：回顾MiForum的逆袭之路与人生的得失",
    "length": 15000,
    "level": 1
  }
]
2025-02-26 16:20:39,360 - WARNING - 大纲总字数(1063000)与目标字数(500000)相差超过10%
2025-02-26 16:20:39,361 - INFO - 章节数过多，尝试合并相似章节...
2025-02-26 16:20:39,361 - INFO - 标题净化: '婚外情的诱惑：欲望与道德的边缘试探' -> 'H外情的诱惑：欲望与道德的边缘试探'
2025-02-26 16:20:39,361 - INFO - 标题净化: '性感女高管：职场女性的魅力与挑战' -> 'X感女高管：职场女X的魅力与挑战'
2025-02-26 16:20:39,361 - INFO - 标题净化: '商业间谍战：信息安全与竞争情报' -> '商业J谍战：信息安全与竞争情报'
2025-02-26 16:20:39,361 - INFO - 大纲生成成功
2025-02-26 16:20:39,363 - INFO - 大纲已保存至: articles/蜜蜂会MiForum逆袭之路_20250226_162039_outline.json
2025-02-26 16:20:39,363 - INFO - 正在组装文章...
2025-02-26 16:21:14,217 - INFO - 用户中断操作
