2025-02-14 16:43:05,932 - INFO - Starting enhanced article generation for: 蜜蜂会（MiForum）逆袭之路
2025-02-14 16:43:44,433 - INFO - Generated outline text:
好的，请查收《蜜蜂会（MiForum）逆袭之路》的详细大纲：

**1. 引言：背景介绍（约500字）**

* 1.1 时代背景 (约150字)
    *  2002年，中国互联网萌芽期，信息技术快速发展，但医疗信息化领域相对滞后。
    *  城市设定为具有未来科技感的“新港市”，高楼林立，霓虹闪烁，科技公司云集，但也存在信息鸿沟和医疗资源不均的问题。
    *  社会氛围：崇尚技术创新，渴望改变现状，但也面临传统观念和利益集团的阻力。
* 1.2 主要人物 (约200字)
    *  **石头：** 核心人物，技术天才，理想主义者，MiForum最初的创始人，性格内向但执着。
    *  **张琨：** 商业嗅觉敏锐，擅长市场运营，弥补石头的技术短板，性格外向，富有野心。
    *  **明哥：** 资深程序员，技术实力强劲，为人稳重可靠，是团队的技术支柱。
    *  **晓阳：** 创意鬼才，擅长用户体验和产品设计，为MiForum注入活力和创新。
    *  **Daniel：** 拥有海外留学背景，带来国际视野和先进管理理念，提升团队格局。
    *  **三石：** 律师出身，精通法律法规，为MiForum的合规运营保驾护航。
    *  简要介绍六位创始人各自的性格特点、技能背景和梦想，以及他们之间潜在的性格冲突和互补关系。
* 1.3 核心事件 (约150字)
    *  MiForum论坛的诞生：六位怀揣梦想的年轻人，为了解决医疗信息不对称的问题，共同创建了MiForum论坛。
    *  论坛的初步发展：MiForum凭借其专业性和实用性，在早期吸引了一批忠实用户，逐渐在医疗信息化领域崭露头角。
    *  预埋伏笔：暗示MiForum在发展过程中将面临来自传统医疗机构、竞争对手以及内部矛盾的挑战，为后续的“逆袭”埋下伏笔。

**2. 第一章：萌芽：理想的火种 (约1000字)**

* 2.1 千禧之年，梦想的起点 (约300字)
    *  2002年，新港市的大学校园，石头、张琨、明哥、晓阳相遇，他们都是对未来充满憧憬的年轻人。
    *  描写大学校园的科幻氛围，例如：悬浮公交、智能机器人、虚拟现实实验室等，营造科技感。
    *  通过一次偶然的事件（例如：亲友生病求医难的经历），激发石头创建医疗信息平台的想法。
* 2.2  六人聚首，蜜蜂会初创 (约400字)
    *  石头向张琨、明哥、晓阳分享自己的想法，四人一拍即合，决定共同创业。
    *  Daniel和三石以不同方式加入团队，Daniel可能是被石头的技术理想吸引，三石可能是被张琨的商业计划说服。
    *  六人性格各异，但都被共同的理想所吸引，他们在一个简陋的“蜂巢”（出租屋）里开始了MiForum的创业之路。
    *  初步讨论MiForum的定位和发展方向，确定“专业、开放、互助”的论坛宗旨。
* 2.3  技术攻坚，论坛雏形显现 (约300字)
    *  石头和明哥负责论坛的技术开发，克服各种技术难题，搭建论坛的基础架构。
    *  晓阳负责论坛的界面设计和用户体验优化，力求简洁友好。
    *  张琨负责论坛的初步推广和运营，吸引第一批用户。
    *  描述创业初期的艰辛，例如：通宵达旦的编码、资金短缺、缺乏经验等，但团队充满激情和干劲。
    *  MiForum论坛的第一个版本上线，虽然简陋，但已经具备基本功能，标志着理想的火种开始燃烧。

**3. 第二章：蛰伏：暗流涌动 (约1200字)**

* 3.1  初露锋芒，用户口碑积累 (约400字)
    *  MiForum论坛凭借专业的内容和良好的用户体验，吸引了越来越多的医生、护士和医疗从业者。
    *  论坛的活跃度逐渐提升，用户自发分享病例、交流经验、解答疑问，形成良好的社区氛围。
    *  MiForum开始在小范围内获得认可，一些医疗机构和媒体注意到这个新兴的平台。
    *  描写论坛初期用户增长的喜悦和成就感，以及团队对未来充满信心。
* 3.2  商业化试水，遭遇挫折 (约400字)
    *  为了维持论坛运营和扩大规模，团队开始尝试商业化，例如：广告、会员收费等。
    *  商业化尝试并不顺利，用户对广告反感，会员付费意愿不高，盈利模式受阻。
    *  团队内部对商业化方向产生分歧，石头坚持纯粹的技术理想，张琨则更注重商业回报，埋下冲突的种子。
    *  资金压力增大，团队面临生存危机，士气受到打击。
* 3.3  竞争者出现，行业暗流涌动 (约400字)
    *  随着MiForum的兴起，一些商业公司也看到了医疗信息化市场的潜力，开始推出类似的平台或产品。
    *  竞争对手采取不正当手段打压MiForum，例如：恶意攻击、散布谣言、挖角团队成员等。
    *  传统医疗机构对MiForum这种新兴平台持观望甚至抵制态度，认为其威胁到自身的权威和利益。
    *  外部压力和内部矛盾交织，MiForum陷入困境，如同蛰伏的蜜蜂，等待破茧而出的机会。

**4. 第三章：裂痕：信任危机 (约1300字)**

* 4.1  核心成员分歧加剧 (约450字)
    *  商业化困境和外部压力加剧了团队内部的分歧，石头和张琨的矛盾日益突出。
    *  石头坚持技术至上，认为商业化会破坏论坛的纯粹性，主张维持非盈利模式。
    *  张琨认为商业化是论坛发展的必经之路，指责石头不切实际，缺乏商业头脑。
    *  明哥、晓阳、Daniel、三石也被卷入争论，团队分裂成两派，信任关系出现裂痕。
    *  描写团队会议上的激烈争吵，言语冲突，甚至人身攻击，展现团队内部的紧张氛围。
* 4.2  关键技术泄露事件 (约450字)
    *  MiForum的核心技术（例如：智能病例分析算法）意外泄露给竞争对手，论坛面临技术优势丧失的危机。
    *  团队内部怀疑出现内鬼，互相猜疑，信任危机进一步升级。
    *  石头怀疑是张琨为了追求商业利益而泄露技术，张琨则反驳石头无凭无据，指责石头搞内斗。
    *  Daniel和三石试图从中调解，但收效甚微，团队濒临崩溃边缘。
    *  悬念设置：技术泄露事件的真相究竟是什么？是内鬼所为，还是意外事故？
* 4.3  分道扬镳，蜜蜂会解散 (约400字)
    *  在信任危机和内部分裂的双重打击下，团队最终解散，六位创始人分道扬镳。
    *  石头心灰意冷，选择离开新港市，回到家乡，一度放弃技术理想。
    *  张琨另起炉灶，创立新的医疗科技公司，试图利用MiForum的技术和经验快速崛起。
    *  明哥、晓阳、Daniel、三石也各自选择新的发展方向，MiForum论坛陷入停滞。
    *  描写团队解散时的悲凉气氛，曾经充满梦想的“蜂巢”变得空荡荡，象征着理想的破灭。

**5. 第四章：沉寂：低谷蛰伏 (约1500字)**

* 5.1  石头隐退，回归平静 (约500字)
    *  石头回到家乡小城，过着平静的生活，远离了新港市的喧嚣和科技圈的纷争。
    *  描写家乡小城的宁静和朴实，与新港市的科技感形成鲜明对比。
    *  石头试图忘记MiForum和过去的梦想，但内心深处仍然无法割舍对技术的执着和对论坛的牵挂。
    *  通过石头的视角，反思创业的失败教训，认识到技术理想与商业现实之间的差距。
    *  描写石头的内心挣扎和迷茫，他是否会重新燃起技术理想？
* 5.2  张琨崛起，商业版图扩张 (约500字)
    *  张琨凭借其商业头脑和人脉资源，迅速在新公司站稳脚跟，并积极扩张商业版图。
    *  新公司利用从MiForum泄露的技术，推出类似的产品和服务，抢占市场份额。
    *  张琨变得更加强势和功利，为了追求商业成功不择手段，与过去的理想主义者判若两人。
    *  通过张琨的视角，展现商业竞争的残酷性和利益至上的价值观。
    *  暗示张琨的快速崛起背后隐藏着隐患，为后续的“逆袭”埋下伏笔。
* 5.3  MiForum苟延残喘，等待转机 (约500字)
    *  MiForum论坛在团队解散后无人维护，用户流失严重，论坛逐渐衰落。
    *  只有少数忠实用户仍然坚守，他们不舍得放弃这个曾经给他们带来帮助和温暖的平台。
    *  描写MiForum论坛的破败景象，服务器老化、信息陈旧、用户冷清，与曾经的辉煌形成巨大反差。
    *  预示MiForum并非完全消亡，仍然有一线生机，等待着重新焕发活力的机会。
    *  通过论坛上用户的留言和怀旧帖子，展现用户对MiForum的感情和期待。

**6. 第五章：觉醒：重拾初心 (约1400字)**

* 6.1  故人重逢，往事如烟 (约450字)
    *  几年后，晓阳因为工作原因回到石头家乡的小城，两人意外重逢。
    *  久别重逢，两人感慨万千，回忆起当年一起创业的激情和梦想。
    *  晓阳向石头讲述MiForum论坛的现状，以及用户仍然对论坛抱有期待。
    *  石头的内心被触动，尘封的记忆被唤醒，重新审视过去的失败和遗憾。
    *  通过两人对话，化解过去的误会和隔阂，为重组团队奠定基础。
* 6.2  技术信仰，再次点燃 (约450字)
    *  石头被晓阳的热情和用户的期盼所感染，重新燃起技术理想。
    *  他开始重新审视MiForum的技术价值和潜力，意识到技术可以改变医疗行业的现状。
    *  石头决定回到新港市，重振MiForum论坛，用技术的力量实现最初的梦想。
    *  描写石头重拾信心的过程，他不再是当年那个冲动的理想主义者，而是变得更加成熟和坚定。
    *  石头开始着手准备重振MiForum的计划，重新学习新技术，联系昔日伙伴。
* 6.3  集结号吹响，老友回归 (约500字)
    *  石头联系张琨、明哥、Daniel、三石，邀请他们重聚，共同重振MiForum。
    *  张琨在新公司发展遇到瓶颈，意识到单纯追求商业利益无法持久，开始反思过去的错误。
    *  明哥、晓阳、Daniel、三石也对MiForum抱有特殊的感情，愿意再次加入团队。
    *  六位创始人再次聚首，虽然经历了分分合合，但彼此之间的信任和情谊依然存在。
    *  描写重聚的场景，气氛既激动又感慨，预示着MiForum即将迎来新的转机。

**7. 第六章：破局：技术突围 (约1500字)**

* 7.1  创新技术，重塑论坛 (约500字)
    *  重组后的团队，以技术创新为核心驱动力，对MiForum论坛进行全面升级改造。
    *  石头和明哥带领技术团队，研发更先进的智能医疗信息处理技术，例如：AI辅助诊断、个性化健康管理等。
    *  晓阳负责用户体验升级，引入更人性化的界面设计和互动功能。
    *  Daniel利用海外资源，引进国际先进的医疗信息化理念和技术。
    *  MiForum论坛焕然一新，技术实力大幅提升，用户体验得到质的飞跃。
    *  详细描写技术升级的过程，突出科技感和未来感，例如：虚拟现实诊室、智能健康助手等。
* 7.2  精准定位，差异化竞争 (约500字)
    *  MiForum重新定位，专注于解决医疗信息不对称和资源分配不均的问题，服务于更广泛的医疗群体。
    *  论坛推出新的功能模块，例如：远程会诊平台、医疗知识共享社区、患者互助平台等，满足不同用户的需求。
    *  MiForum采取差异化竞争策略，避开与大型商业公司的正面冲突，专注于细分市场和用户口碑。
    *  张琨发挥商业才能，制定有效的市场推广和运营策略，提升MiForum的影响力。
    *  描写MiForum的市场策略调整，以及如何利用自身优势在竞争激烈的市场中脱颖而出。
* 7.3  开源合作，构建生态 (约500字)
    *  MiForum采取开源合作的模式，与其他医疗机构、科研机构、科技公司合作，共同构建医疗信息化生态系统。
    *  论坛开放API接口，吸引开发者参与平台建设，丰富论坛的功能和应用场景。
    *  MiForum积极参与公益事业，例如：免费提供医疗信息服务给偏远地区和弱势群体，提升社会责任感。
    *  通过开源合作和公益事业，MiForum树立良好的社会形象，赢得用户和合作伙伴的信任和支持。
    *  描写MiForum的生态构建过程，以及如何通过合作共赢实现可持续发展。

**8. 第七章：崛起：重回巅峰 (约1300字)**

* 8.1  用户爆发，口碑逆转 (约400字)
    *  升级后的MiForum论坛重新上线，凭借先进的技术和优质的服务，迅速吸引大量用户回归和新用户加入。
    *  用户对MiForum的口碑发生逆转，论坛再次成为医疗信息化领域的热门平台。
    *  论坛的活跃度、用户粘性和影响力都大幅提升，MiForum重回巅峰。
    *  描写用户对新版MiForum的积极反馈，以及论坛社区的蓬勃发展景象。
    *  通过用户案例和数据统计，展现MiForum的崛起速度和市场认可度。
* 8.2  商业模式成熟，盈利增长 (约450字)
    *  MiForum的商业模式逐渐成熟，多元化的盈利渠道建立起来，例如：高级会员服务、定制化解决方案、技术服务授权等。
    *  论坛的盈利能力显著提升，资金压力得到缓解，为 дальнейшее развитие 奠定基础。
    *  张琨带领商业团队，精细化运营，优化盈利模式，实现商业价值和用户价值的统一。
    *  描写MiForum的商业化转型过程，以及如何实现可持续的盈利增长。
    *  展示MiForum的财务数据和商业前景，预示着论坛即将迎来更大的发展机遇。
* 8.3  资本青睐，估值飙升 (约450字)
    *  MiForum的崛起引起了资本市场的关注，多家投资机构纷纷向MiForum抛出橄榄枝。
    *  经过多轮融资，MiForum的估值迅速飙升，成为医疗信息化领域的独角兽企业。
    *  Daniel利用其国际视野和人脉，成功引入国际知名投资机构，提升MiForum的国际影响力。
    *  三石负责法律和合规事务，为MiForum的融资和上市保驾护航。
    *  描写MiForum的融资过程，以及如何赢得资本市场的青睐，展现论坛的巨大潜力。

**9. 第八章：冲刺：上市之路 (约1000字)**

* 9.1  准备上市，规范运营 (约350字)
    *  MiForum启动上市计划，进入紧张的准备阶段。
    *  团队进行公司治理结构优化、财务规范化、信息披露等一系列工作，满足上市要求。
    *  三石带领法务团队，处理上市过程中的法律事务，确保合规运营。
    *  Daniel负责投资者关系，与投资机构和潜在投资者沟通，争取更多支持。
    *  描写团队为上市所做的准备工作，以及面临的压力和挑战。
* 9.2  路演答辩，资本市场考验 (约350字)
    *  MiForum团队进行上市路演，向投资者介绍公司的业务模式、技术优势和发展前景。
    *  石头作为技术代表，向投资者展示MiForum的技术实力和创新能力。
    *  张琨作为商业代表，向投资者阐述MiForum的商业模式和市场潜力。
    *  团队在路演过程中接受投资者的提问和质疑，面临资本市场的严格考验。
    *  描写路演答辩的紧张气氛和精彩瞬间，展现团队的自信和实力。
* 9.3  敲钟上市，梦想实现 (约300字)
    *  MiForum成功在科技交易所上市，股票代码正式敲响，标志着MiForum逆袭之路的圆满成功。
    *  六位创始人站在敲钟台上，回顾创业历程，感慨万千，梦想终于实现。
    *  上市仪式现场气氛热烈，掌声雷动，MiForum成为医疗信息化领域的明星企业。
    *  描写上市敲钟的激动时刻，以及团队成员的喜悦和成就感。
    *  象征意义：MiForum的成功上市，不仅是六位创始人的个人逆袭，也是中国医疗信息化行业发展的缩影。

**10. 尾声：新的征程 (约700字)**

* 10.1  回顾与展望 (约300字)
    *  回顾MiForum从创立到上市的曲折历程，总结成功经验和失败教训。
    *  强调团队合作、技术创新、坚持初心是MiForum逆袭成功的关键因素。
    *  展望MiForum的未来发展，论坛将继续深耕医疗信息化领域，拓展新的业务方向，例如：智慧医疗、健康大数据、远程医疗等。
    *  预示MiForum上市后将面临新的挑战和机遇，需要不断创新和突破，才能保持领先地位。
* 10.2  人物的归宿 (约300字)
    *  石头继续担任MiForum的技术负责人，专注于技术创新和产品研发，实现技术理想。
    *  张琨继续担任MiForum的CEO，负责公司整体运营和战略发展，实现商业价值。
    *  明哥、晓阳、Daniel、三石也在各自的岗位上发挥重要作用，共同推动MiForum的持续发展。
    *  暗示六位创始人在经历风雨后，更加珍惜彼此之间的情谊，团队凝聚力更强。
    *  简要交代六位创始人在事业和生活上的归宿，例如：爱情、家庭、个人成长等。
* 10.3  开放式结局，未来无限可能 (约100字)
    *  故事结尾不局限于MiForum的上市成功，而是展望更广阔的未来，留下开放式结局。
    *  暗示医疗信息化行业发展前景广阔，MiForum的未来充满无限可能。
    *  点题：MiForum的逆袭之路永不停歇，蜜蜂会的故事仍在继续，象征着中国科技创新的活力和希望。

**总字数：约 10000 字**

希望这个详细的大纲能够满足您的需求，并为您的创作提供清晰的思路和方向。
2025-02-14 16:43:44,436 - WARNING - Total word count 0 is not within 10% of target 10000
2025-02-14 16:43:44,436 - INFO - Parsed outline sections: []
2025-02-14 16:43:44,436 - ERROR - Exiting due to outline generation failure.
