2025-02-26 16:37:30,877 - INFO - 开始为 蜜蜂会（MiForum）逆袭之路 生成文章
2025-02-26 16:37:30,877 - INFO - 日志文件创建于: logs/蜜蜂会MiForum逆袭之路_20250226_163730.log
2025-02-26 16:37:30,877 - INFO - 生成大纲: 标题: 蜜蜂会（MiForum）逆袭之路, 长度: 500000, 体裁: 城市科幻逆袭爽文（王朔风格）, 语言: 中文
2025-02-26 16:38:01,902 - INFO - 生成的大纲文本:
```json
[
  {"title": "引言：千禧年的躁动与梦想", "length": 2000, "level": 1},
  {"title": "2002：六个不安分的灵魂", "length": 2500, "level": 1},
  {"title": "中关村的格子间，梦想的起点", "length": 2300, "level": 1},
  {"title": "蜜蜂会（MiForum）的雏形：一个简单的BBS", "length": 2400, "level": 1},
  {"title": "最初的用户：一群对医疗信息化充满热情的医生", "length": 2200, "level": 1},
  {"title": "技术难题：服务器崩溃与代码漏洞", "length": 2500, "level": 1},
  {"title": "石头：技术天才的傲气与脆弱", "length": 2400, "level": 1},
  {"title": "张琨：商业嗅觉与人际关系", "length": 2300, "level": 1},
  {"title": "明哥：老大哥的责任与压力", "length": 2200, "level": 1},
  {"title": "晓阳：理想主义者的激情与迷茫", "length": 2400, "level": 1},
  {"title": "Daniel：海归精英的格格不入", "length": 2500, "level": 1},
  {"title": "三石：沉默寡言的观察者", "length": 2300, "level": 1},
  {"title": "天使投资：黑暗中的一丝曙光", "length": 2400, "level": 1},
  {"title": "第一次办公室争吵：方向之争", "length": 2200, "level": 1},
  {"title": "初见惊艳：性感女医生林娜", "length": 2500, "level": 1},
  {"title": "林娜的加入：技术之外的新鲜血液", "length": 2300, "level": 1},
  {"title": "论坛改版：用户体验至上", "length": 2400, "level": 1},
  {"title": "用户量暴增：蜜蜂会的初步成功", "length": 2200, "level": 1},
  {"title": "竞争对手出现：行业巨头的关注", "length": 2500, "level": 1},
  {"title": "第一次危机公关：负面舆论", "length": 2300, "level": 1},
  {"title": "明哥的婚外情：办公室的秘密", "length": 2400, "level": 1},
  {"title": "绯闻蔓延：团队内部的信任危机", "length": 2200, "level": 1},
  {"title": "张琨的背叛：利益与友情的抉择", "length": 2500, "level": 1},
  {"title": "团队分裂的边缘：蜜蜂会的至暗时刻", "length": 2300, "level": 1},
  {"title": "晓阳的离开：理想主义的幻灭", "length": 2400, "level": 1},
  {"title": "Daniel的迷茫：文化冲突与身份认同", "length": 2200, "level": 1},
  {"title": "三石的爆发：沉默者的力量", "length": 2500, "level": 1},
  {"title": "石头的新思路：技术驱动的转型", "length": 2300, "level": 1},
  {"title": "绝地反击：推出新产品", "length": 2400, "level": 1},
  {"title": "市场反响平平：转型之路的坎坷", "length": 2200, "level": 1},
  {"title": "资金链断裂：生死存亡的关键时刻", "length": 2500, "level": 1},
  {"title": "林娜的帮助：雪中送炭", "length": 2300, "level": 1},
  {"title": "新的投资人：风险与机遇并存", "length": 2400, "level": 1},
  {"title": "办公室暧昧：石头与林娜的地下情", "length": 2200, "level": 1},
  {"title": "三角恋情：石头、林娜与明哥", "length": 2500, "level": 1},
  {"title": "情感漩涡：工作与爱情的纠葛", "length": 2300, "level": 1},
  {"title": "技术突破：核心算法的革新", "length": 2400, "level": 1},
  {"title": "产品升级：MiForum 2.0", "length": 2200, "level": 1},
  {"title": "市场推广：病毒式营销", "length": 2500, "level": 1},
  {"title": "用户口碑：口口相传的力量", "length": 2300, "level": 1},
  {"title": "行业认可：专业奖项的肯定", "length": 2400, "level": 1},
  {"title": "竞争对手的反击：恶意打压", "length": 2200, "level": 1},
  {"title": "商业间谍：内部的危机", "length": 2500, "level": 1},
  {"title": "反击阴谋：智斗商业对手", "length": 2300, "level": 1},
  {"title": "危机解除：蜜蜂会的涅槃重生", "length": 2400, "level": 1},
  {"title": "团队重聚：友情与梦想的回归", "length": 2200, "level": 1},
  {"title": "晓阳的回归：理想主义的新生", "length": 2500, "level": 1},
  {"title": "Daniel的转变：融入与成长", "length": 2300, "level": 1},
  {"title": "三石的领导力：从幕后走向台前", "length": 2400, "level": 1},
  {"title": "石头与林娜的爱情：公开的秘密", "length": 2200, "level": 1},
  {"title": "明哥的救赎：家庭与事业的平衡", "length": 2500, "level": 1},
  {"title": "张琨的忏悔：友谊的修复", "length": 2300, "level": 1},
  {"title": "蜜蜂会的文化：创新、激情、奋斗", "length": 2400, "level": 1},
  {"title": "企业扩张：进军全国市场", "length": 2200, "level": 1},
  {"title": "融资成功：资本市场的认可", "length": 2500, "level": 1},
  {"title": "估值飙升：独角兽企业的诞生", "length": 2300, "level": 1},
  {"title": "上市计划：新的征程", "length": 2400, "level": 1},
  {"title": "上市前的准备：规范化与透明化", "length": 2200, "level": 1},
  {"title": "路演：向投资者讲述蜜蜂会的故事", "length": 2500, "level": 1},
  {"title": "股票发行：市场的热烈追捧", "length": 2300, "level": 1},
  {"title": "成功上市：敲钟时刻的喜悦与感慨", "length": 2400, "level": 1},
  {"title": "庆功宴：狂欢与反思", "length": 2200, "level": 1},
  {"title": "财富自由：生活方式的改变", "length": 2500, "level": 1},
  {"title": "新的挑战：上市后的压力", "length": 2300, "level": 1},
  {"title": "股东的期望：业绩增长的压力", "length": 2400, "level": 1},
  {"title": "竞争加剧：行业格局的变化", "length": 2200, "level": 1},
  {"title": "国际化战略：走向全球市场", "length": 2500, "level": 1},
  {"title": "海外扩张：文化差异与市场挑战", "length": 2300, "level": 1},
  {"title": "跨国并购：资本运作的新手段", "length": 2400, "level": 1},
  {"title": "新的技术浪潮：人工智能与大数据", "length": 2200, "level": 1},
  {"title": "技术升级：MiForum的智能化转型", "length": 2500, "level": 1},
  {"title": "数据安全：用户信息保护的挑战", "length": 2300, "level": 1},
  {"title": "伦理争议：人工智能在医疗领域的应用", "length": 2400, "level": 1},
  {"title": "社会责任：企业公民的担当", "length": 2200, "level": 1},
  {"title": "慈善事业：回馈社会", "length": 2500, "level": 1},
  {"title": "企业文化的反思：初心与迷失", "length": 2300, "level": 1},
  {"title": "团队的裂痕：权力与利益的争夺", "length": 2400, "level": 1},
  {"title": "内幕交易：道德底线的沦丧", "length": 2200, "level": 1},
  {"title": "监管调查：危机再次降临", "length": 2500, "level": 1},
  {"title": "舆论风暴：信任危机升级", "length": 2300, "level": 1},
  {"title": "法律诉讼：商业伦理的拷问", "length": 2400, "level": 1},
  {"title": "生死抉择：公司的未来走向", "length": 2200, "level": 1},
  {"title": "内部改革：重塑企业文化", "length": 2500, "level": 1},
  {"title": "透明化运营：重建信任", "length": 2300, "level": 1},
  {"title": "坚守初心：技术为本，用户至上", "length": 2400, "level": 1},
  {"title": "二次创业：新的业务增长点", "length": 2200, "level": 1},
  {"title": "进军智能硬件领域", "length": 2500, "level": 1},
  {"title": "可穿戴医疗设备：未来的趋势", "length": 2300, "level": 1},
  {"title": "技术创新：突破性的产品研发", "length": 2400, "level": 1},
  {"title": "市场竞争：红海中的突围", "length": 2200, "level": 1},
  {"title": "品牌重塑：年轻化与科技感", "length": 2500, "level": 1},
  {"title": "用户年轻化：抓住Z世代", "length": 2300, "level": 1},
  {"title": "社交媒体营销：线上流量争夺战", "length": 2400, "level": 1},
  {"title": "跨界合作：时尚与科技的融合", "length": 2200, "level": 1},
  {"title": "品牌升级：从论坛到科技品牌", "length": 2200, "level": 1},
  {"title": "再次融资：为新业务保驾护航", "length": 2500, "level": 1},
  {"title": "战略调整：聚焦核心业务", "length": 2300, "level": 1},
  {"title": "组织架构调整：扁平化管理", "length": 2400, "level": 1},
  {"title": "人才引进：吸引顶尖人才", "length": 2200, "level": 1},
  {"title": "股权激励：激发团队活力", "length": 2500, "level": 1},
  {"title": "企业文化的传承与创新", "length": 2300, "level": 1},
  {"title": "新一代领导者：年轻力量的崛起", "length": 2400, "level": 1},
  {"title": "老一代的退场：功成身退", "length": 2200, "level": 1},
  {"title": "石头的反思：人生与事业的意义", "length": 2500, "level": 1},
  {"title": "林娜的蜕变：从医生到女强人", "length": 2300, "level": 1},
  {"title": "明哥的回归家庭：亲情的可贵", "length": 2400, "level": 1},
  {"title": "晓阳的坚守：理想主义的胜利", "length": 2200, "level": 1},
  {"title": "Daniel的跨文化视野：全球化的布局", "length": 2500, "level": 1},
  {"title": "三石的智慧：低调的成功者", "length": 2300, "level": 1},
  {"title": "蜜蜂会的未来：无限可能", "length": 2400, "level": 1},
  {"title": "医疗信息化的未来：科技改变医疗", "length": 2200, "level": 1},
  {"title": "城市科幻的现实：科技与人性的交织", "length": 2500, "level": 1},
  {"title": "逆袭之路的启示：奋斗、坚持、创新", "length": 2300, "level": 1},
  {"title": "欲望都市的众生相：爱恨情仇与梦想", "length": 2400, "level": 1},
  {"title": "资本市场的游戏：机遇与陷阱", "length": 2200, "level": 1},
  {"title": "商业伦理的边界：道德与利益的博弈", "length": 2500, "level": 1},
  {"title": "科技伦理的挑战：人工智能的未来", "length": 2300, "level": 1},
  {"title": "企业责任的担当：社会价值的追求", "length": 2400, "level": 1},
  {"title": "中国式创业的缩影：时代浪潮下的个人奋斗", "length": 2200, "level": 1},
  {"title": "蜜蜂会的传说：一个时代的记忆", "length": 2500, "level": 1},
  {"title": "新的开始：未完待续的故事", "length": 2300, "level": 1},
  {"title": "2023：站在新的起点回望", "length": 2400, "level": 1},
  {"title": "技术迭代的加速：医疗信息化的未来展望", "length": 2200, "level": 1},
  {"title": "蜜蜂会模式：可复制的成功经验？", "length": 2500, "level": 1},
  {"title": "后疫情时代的医疗信息化：新的机遇与挑战", "length": 2300, "level": 1},
  {"title": "年轻一代的创业者：传承与超越", "length": 2400, "level": 1},
  {"title": "都市情感的变迁：爱情、婚姻与价值观", "length": 2200, "level": 1},
  {"title": "王朔式幽默的时代意义：反思与批判", "length": 2500, "level": 1},
  {"title": "逆袭爽文的内核：梦想、奋斗与希望", "length": 2300, "level": 1},
  {"title": "蜜蜂会精神：永不放弃的信念", "length": 2400, "level": 1},
  {"title": "结论：蜜蜂会逆袭之路的终点与起点", "length": 2000, "level": 1}
]
```
2025-02-26 16:38:01,906 - INFO - 解析后的大纲: [
  {
    "title": "引言：千禧年的躁动与梦想",
    "length": 2000,
    "level": 1
  },
  {
    "title": "2002：六个不安分的灵魂",
    "length": 2500,
    "level": 1
  },
  {
    "title": "中关村的格子间，梦想的起点",
    "length": 2300,
    "level": 1
  },
  {
    "title": "蜜蜂会（MiForum）的雏形：一个简单的BBS",
    "length": 2400,
    "level": 1
  },
  {
    "title": "最初的用户：一群对医疗信息化充满热情的医生",
    "length": 2200,
    "level": 1
  },
  {
    "title": "技术难题：服务器崩溃与代码漏洞",
    "length": 2500,
    "level": 1
  },
  {
    "title": "石头：技术天才的傲气与脆弱",
    "length": 2400,
    "level": 1
  },
  {
    "title": "张琨：商业嗅觉与人际关系",
    "length": 2300,
    "level": 1
  },
  {
    "title": "明哥：老大哥的责任与压力",
    "length": 2200,
    "level": 1
  },
  {
    "title": "晓阳：理想主义者的激情与迷茫",
    "length": 2400,
    "level": 1
  },
  {
    "title": "Daniel：海归精英的格格不入",
    "length": 2500,
    "level": 1
  },
  {
    "title": "三石：沉默寡言的观察者",
    "length": 2300,
    "level": 1
  },
  {
    "title": "天使投资：黑暗中的一丝曙光",
    "length": 2400,
    "level": 1
  },
  {
    "title": "第一次办公室争吵：方向之争",
    "length": 2200,
    "level": 1
  },
  {
    "title": "初见惊艳：性感女医生林娜",
    "length": 2500,
    "level": 1
  },
  {
    "title": "林娜的加入：技术之外的新鲜血液",
    "length": 2300,
    "level": 1
  },
  {
    "title": "论坛改版：用户体验至上",
    "length": 2400,
    "level": 1
  },
  {
    "title": "用户量暴增：蜜蜂会的初步成功",
    "length": 2200,
    "level": 1
  },
  {
    "title": "竞争对手出现：行业巨头的关注",
    "length": 2500,
    "level": 1
  },
  {
    "title": "第一次危机公关：负面舆论",
    "length": 2300,
    "level": 1
  },
  {
    "title": "明哥的婚外情：办公室的秘密",
    "length": 2400,
    "level": 1
  },
  {
    "title": "绯闻蔓延：团队内部的信任危机",
    "length": 2200,
    "level": 1
  },
  {
    "title": "张琨的背叛：利益与友情的抉择",
    "length": 2500,
    "level": 1
  },
  {
    "title": "团队分裂的边缘：蜜蜂会的至暗时刻",
    "length": 2300,
    "level": 1
  },
  {
    "title": "晓阳的离开：理想主义的幻灭",
    "length": 2400,
    "level": 1
  },
  {
    "title": "Daniel的迷茫：文化冲突与身份认同",
    "length": 2200,
    "level": 1
  },
  {
    "title": "三石的爆发：沉默者的力量",
    "length": 2500,
    "level": 1
  },
  {
    "title": "石头的新思路：技术驱动的转型",
    "length": 2300,
    "level": 1
  },
  {
    "title": "绝地反击：推出新产品",
    "length": 2400,
    "level": 1
  },
  {
    "title": "市场反响平平：转型之路的坎坷",
    "length": 2200,
    "level": 1
  },
  {
    "title": "资金链断裂：生死存亡的关键时刻",
    "length": 2500,
    "level": 1
  },
  {
    "title": "林娜的帮助：雪中送炭",
    "length": 2300,
    "level": 1
  },
  {
    "title": "新的投资人：风险与机遇并存",
    "length": 2400,
    "level": 1
  },
  {
    "title": "办公室暧昧：石头与林娜的地下情",
    "length": 2200,
    "level": 1
  },
  {
    "title": "三角恋情：石头、林娜与明哥",
    "length": 2500,
    "level": 1
  },
  {
    "title": "情感漩涡：工作与爱情的纠葛",
    "length": 2300,
    "level": 1
  },
  {
    "title": "技术突破：核心算法的革新",
    "length": 2400,
    "level": 1
  },
  {
    "title": "产品升级：MiForum 2.0",
    "length": 2200,
    "level": 1
  },
  {
    "title": "市场推广：病毒式营销",
    "length": 2500,
    "level": 1
  },
  {
    "title": "用户口碑：口口相传的力量",
    "length": 2300,
    "level": 1
  },
  {
    "title": "行业认可：专业奖项的肯定",
    "length": 2400,
    "level": 1
  },
  {
    "title": "竞争对手的反击：恶意打压",
    "length": 2200,
    "level": 1
  },
  {
    "title": "商业间谍：内部的危机",
    "length": 2500,
    "level": 1
  },
  {
    "title": "反击阴谋：智斗商业对手",
    "length": 2300,
    "level": 1
  },
  {
    "title": "危机解除：蜜蜂会的涅槃重生",
    "length": 2400,
    "level": 1
  },
  {
    "title": "团队重聚：友情与梦想的回归",
    "length": 2200,
    "level": 1
  },
  {
    "title": "晓阳的回归：理想主义的新生",
    "length": 2500,
    "level": 1
  },
  {
    "title": "Daniel的转变：融入与成长",
    "length": 2300,
    "level": 1
  },
  {
    "title": "三石的领导力：从幕后走向台前",
    "length": 2400,
    "level": 1
  },
  {
    "title": "石头与林娜的爱情：公开的秘密",
    "length": 2200,
    "level": 1
  },
  {
    "title": "明哥的救赎：家庭与事业的平衡",
    "length": 2500,
    "level": 1
  },
  {
    "title": "张琨的忏悔：友谊的修复",
    "length": 2300,
    "level": 1
  },
  {
    "title": "蜜蜂会的文化：创新、激情、奋斗",
    "length": 2400,
    "level": 1
  },
  {
    "title": "企业扩张：进军全国市场",
    "length": 2200,
    "level": 1
  },
  {
    "title": "融资成功：资本市场的认可",
    "length": 2500,
    "level": 1
  },
  {
    "title": "估值飙升：独角兽企业的诞生",
    "length": 2300,
    "level": 1
  },
  {
    "title": "上市计划：新的征程",
    "length": 2400,
    "level": 1
  },
  {
    "title": "上市前的准备：规范化与透明化",
    "length": 2200,
    "level": 1
  },
  {
    "title": "路演：向投资者讲述蜜蜂会的故事",
    "length": 2500,
    "level": 1
  },
  {
    "title": "股票发行：市场的热烈追捧",
    "length": 2300,
    "level": 1
  },
  {
    "title": "成功上市：敲钟时刻的喜悦与感慨",
    "length": 2400,
    "level": 1
  },
  {
    "title": "庆功宴：狂欢与反思",
    "length": 2200,
    "level": 1
  },
  {
    "title": "财富自由：生活方式的改变",
    "length": 2500,
    "level": 1
  },
  {
    "title": "新的挑战：上市后的压力",
    "length": 2300,
    "level": 1
  },
  {
    "title": "股东的期望：业绩增长的压力",
    "length": 2400,
    "level": 1
  },
  {
    "title": "竞争加剧：行业格局的变化",
    "length": 2200,
    "level": 1
  },
  {
    "title": "国际化战略：走向全球市场",
    "length": 2500,
    "level": 1
  },
  {
    "title": "海外扩张：文化差异与市场挑战",
    "length": 2300,
    "level": 1
  },
  {
    "title": "跨国并购：资本运作的新手段",
    "length": 2400,
    "level": 1
  },
  {
    "title": "新的技术浪潮：人工智能与大数据",
    "length": 2200,
    "level": 1
  },
  {
    "title": "技术升级：MiForum的智能化转型",
    "length": 2500,
    "level": 1
  },
  {
    "title": "数据安全：用户信息保护的挑战",
    "length": 2300,
    "level": 1
  },
  {
    "title": "伦理争议：人工智能在医疗领域的应用",
    "length": 2400,
    "level": 1
  },
  {
    "title": "社会责任：企业公民的担当",
    "length": 2200,
    "level": 1
  },
  {
    "title": "慈善事业：回馈社会",
    "length": 2500,
    "level": 1
  },
  {
    "title": "企业文化的反思：初心与迷失",
    "length": 2300,
    "level": 1
  },
  {
    "title": "团队的裂痕：权力与利益的争夺",
    "length": 2400,
    "level": 1
  },
  {
    "title": "内幕交易：道德底线的沦丧",
    "length": 2200,
    "level": 1
  },
  {
    "title": "监管调查：危机再次降临",
    "length": 2500,
    "level": 1
  },
  {
    "title": "舆论风暴：信任危机升级",
    "length": 2300,
    "level": 1
  },
  {
    "title": "法律诉讼：商业伦理的拷问",
    "length": 2400,
    "level": 1
  },
  {
    "title": "生死抉择：公司的未来走向",
    "length": 2200,
    "level": 1
  },
  {
    "title": "内部改革：重塑企业文化",
    "length": 2500,
    "level": 1
  },
  {
    "title": "透明化运营：重建信任",
    "length": 2300,
    "level": 1
  },
  {
    "title": "坚守初心：技术为本，用户至上",
    "length": 2400,
    "level": 1
  },
  {
    "title": "二次创业：新的业务增长点",
    "length": 2200,
    "level": 1
  },
  {
    "title": "进军智能硬件领域",
    "length": 2500,
    "level": 1
  },
  {
    "title": "可穿戴医疗设备：未来的趋势",
    "length": 2300,
    "level": 1
  },
  {
    "title": "技术创新：突破性的产品研发",
    "length": 2400,
    "level": 1
  },
  {
    "title": "市场竞争：红海中的突围",
    "length": 2200,
    "level": 1
  },
  {
    "title": "品牌重塑：年轻化与科技感",
    "length": 2500,
    "level": 1
  },
  {
    "title": "用户年轻化：抓住Z世代",
    "length": 2300,
    "level": 1
  },
  {
    "title": "社交媒体营销：线上流量争夺战",
    "length": 2400,
    "level": 1
  },
  {
    "title": "跨界合作：时尚与科技的融合",
    "length": 2200,
    "level": 1
  },
  {
    "title": "品牌升级：从论坛到科技品牌",
    "length": 2200,
    "level": 1
  },
  {
    "title": "再次融资：为新业务保驾护航",
    "length": 2500,
    "level": 1
  },
  {
    "title": "战略调整：聚焦核心业务",
    "length": 2300,
    "level": 1
  },
  {
    "title": "组织架构调整：扁平化管理",
    "length": 2400,
    "level": 1
  },
  {
    "title": "人才引进：吸引顶尖人才",
    "length": 2200,
    "level": 1
  },
  {
    "title": "股权激励：激发团队活力",
    "length": 2500,
    "level": 1
  },
  {
    "title": "企业文化的传承与创新",
    "length": 2300,
    "level": 1
  },
  {
    "title": "新一代领导者：年轻力量的崛起",
    "length": 2400,
    "level": 1
  },
  {
    "title": "老一代的退场：功成身退",
    "length": 2200,
    "level": 1
  },
  {
    "title": "石头的反思：人生与事业的意义",
    "length": 2500,
    "level": 1
  },
  {
    "title": "林娜的蜕变：从医生到女强人",
    "length": 2300,
    "level": 1
  },
  {
    "title": "明哥的回归家庭：亲情的可贵",
    "length": 2400,
    "level": 1
  },
  {
    "title": "晓阳的坚守：理想主义的胜利",
    "length": 2200,
    "level": 1
  },
  {
    "title": "Daniel的跨文化视野：全球化的布局",
    "length": 2500,
    "level": 1
  },
  {
    "title": "三石的智慧：低调的成功者",
    "length": 2300,
    "level": 1
  },
  {
    "title": "蜜蜂会的未来：无限可能",
    "length": 2400,
    "level": 1
  },
  {
    "title": "医疗信息化的未来：科技改变医疗",
    "length": 2200,
    "level": 1
  },
  {
    "title": "城市科幻的现实：科技与人性的交织",
    "length": 2500,
    "level": 1
  },
  {
    "title": "逆袭之路的启示：奋斗、坚持、创新",
    "length": 2300,
    "level": 1
  },
  {
    "title": "欲望都市的众生相：爱恨情仇与梦想",
    "length": 2400,
    "level": 1
  },
  {
    "title": "资本市场的游戏：机遇与陷阱",
    "length": 2200,
    "level": 1
  },
  {
    "title": "商业伦理的边界：道德与利益的博弈",
    "length": 2500,
    "level": 1
  },
  {
    "title": "科技伦理的挑战：人工智能的未来",
    "length": 2300,
    "level": 1
  },
  {
    "title": "企业责任的担当：社会价值的追求",
    "length": 2400,
    "level": 1
  },
  {
    "title": "中国式创业的缩影：时代浪潮下的个人奋斗",
    "length": 2200,
    "level": 1
  },
  {
    "title": "蜜蜂会的传说：一个时代的记忆",
    "length": 2500,
    "level": 1
  },
  {
    "title": "新的开始：未完待续的故事",
    "length": 2300,
    "level": 1
  },
  {
    "title": "2023：站在新的起点回望",
    "length": 2400,
    "level": 1
  },
  {
    "title": "技术迭代的加速：医疗信息化的未来展望",
    "length": 2200,
    "level": 1
  },
  {
    "title": "蜜蜂会模式：可复制的成功经验？",
    "length": 2500,
    "level": 1
  },
  {
    "title": "后疫情时代的医疗信息化：新的机遇与挑战",
    "length": 2300,
    "level": 1
  },
  {
    "title": "年轻一代的创业者：传承与超越",
    "length": 2400,
    "level": 1
  },
  {
    "title": "都市情感的变迁：爱情、婚姻与价值观",
    "length": 2200,
    "level": 1
  },
  {
    "title": "王朔式幽默的时代意义：反思与批判",
    "length": 2500,
    "level": 1
  },
  {
    "title": "逆袭爽文的内核：梦想、奋斗与希望",
    "length": 2300,
    "level": 1
  },
  {
    "title": "蜜蜂会精神：永不放弃的信念",
    "length": 2400,
    "level": 1
  },
  {
    "title": "结论：蜜蜂会逆袭之路的终点与起点",
    "length": 2000,
    "level": 1
  }
]
2025-02-26 16:38:01,908 - WARNING - 大纲总字数(307200)与目标字数(500000)相差超过10%
2025-02-26 16:38:01,908 - INFO - 目标长度: 500000, 理想章节数: 206, 当前章节数: 131
2025-02-26 16:38:01,908 - INFO - 章节数过少，尝试增加章节从 131 到接近 206
2025-02-26 16:38:01,913 - INFO - 标题净化: '初见惊艳：性感女医生林娜 (上)' -> '初见惊艳：X感女医生林娜 (上)'
2025-02-26 16:38:01,913 - INFO - 标题净化: '初见惊艳：性感女医生林娜 (下)' -> '初见惊艳：X感女医生林娜 (下)'
2025-02-26 16:38:01,913 - INFO - 标题净化: '明哥的婚外情：办公室的秘密 (上)' -> '明哥的H外情：办公室的秘密 (上)'
2025-02-26 16:38:01,913 - INFO - 标题净化: '明哥的婚外情：办公室的秘密 (下)' -> '明哥的H外情：办公室的秘密 (下)'
2025-02-26 16:38:01,913 - INFO - 标题净化: '商业间谍：内部的危机 (上)' -> '商业J谍：内部的危机 (上)'
2025-02-26 16:38:01,913 - INFO - 标题净化: '商业间谍：内部的危机 (下)' -> '商业J谍：内部的危机 (下)'
2025-02-26 16:38:01,914 - INFO - 大纲生成成功
2025-02-26 16:38:01,917 - INFO - 大纲已保存至: articles/蜜蜂会MiForum逆袭之路_20250226_163801_outline.json
2025-02-26 16:38:01,917 - INFO - 正在组装文章...
2025-02-26 16:38:28,568 - INFO - 进度已保存至: articles/蜜蜂会MiForum逆袭之路_progress.md
2025-02-26 16:38:28,568 - INFO - 章节 '引言：千禧年的躁动与梦想' 写作完成，生成了 1727 字符
2025-02-26 16:38:43,577 - INFO - 进度已保存至: articles/蜜蜂会MiForum逆袭之路_progress.md
2025-02-26 16:38:43,578 - INFO - 章节 '2002：六个不安分的灵魂 (上)' 写作完成，生成了 1943 字符
2025-02-26 16:38:59,684 - INFO - 进度已保存至: articles/蜜蜂会MiForum逆袭之路_progress.md
2025-02-26 16:38:59,685 - INFO - 章节 '2002：六个不安分的灵魂 (下)' 写作完成，生成了 2079 字符
2025-02-26 16:39:12,561 - INFO - 进度已保存至: articles/蜜蜂会MiForum逆袭之路_progress.md
2025-02-26 16:39:12,562 - INFO - 章节 '中关村的格子间，梦想的起点 (上)' 写作完成，生成了 1758 字符
2025-02-26 16:39:30,174 - INFO - 进度已保存至: articles/蜜蜂会MiForum逆袭之路_progress.md
2025-02-26 16:39:30,175 - INFO - 章节 '中关村的格子间，梦想的起点 (下)' 写作完成，生成了 2467 字符
2025-02-26 16:39:43,036 - INFO - 进度已保存至: articles/蜜蜂会MiForum逆袭之路_progress.md
2025-02-26 16:39:43,037 - INFO - 章节 '蜜蜂会（MiForum）的雏形：一个简单的BBS (上)' 写作完成，生成了 1442 字符
2025-02-26 16:39:58,639 - INFO - 进度已保存至: articles/蜜蜂会MiForum逆袭之路_progress.md
2025-02-26 16:39:58,640 - INFO - 章节 '蜜蜂会（MiForum）的雏形：一个简单的BBS (下)' 写作完成，生成了 1829 字符
2025-02-26 16:40:20,772 - INFO - 进度已保存至: articles/蜜蜂会MiForum逆袭之路_progress.md
2025-02-26 16:40:20,773 - INFO - 章节 '最初的用户：一群对医疗信息化充满热情的医生' 写作完成，生成了 3079 字符
2025-02-26 16:40:35,443 - INFO - 进度已保存至: articles/蜜蜂会MiForum逆袭之路_progress.md
2025-02-26 16:40:35,443 - INFO - 章节 '技术难题：服务器崩溃与代码漏洞 (上)' 写作完成，生成了 1859 字符
2025-02-26 16:40:50,864 - INFO - 进度已保存至: articles/蜜蜂会MiForum逆袭之路_progress.md
2025-02-26 16:40:50,865 - INFO - 章节 '技术难题：服务器崩溃与代码漏洞 (下)' 写作完成，生成了 2022 字符
2025-02-26 16:41:03,808 - INFO - 用户中断操作
