2025-02-26 16:42:25,481 - INFO - 开始为 蜜蜂会（MiForum）逆袭之路 生成文章
2025-02-26 16:42:25,481 - INFO - 日志文件创建于: logs/蜜蜂会MiForum逆袭之路_20250226_164225.log
2025-02-26 16:42:25,481 - INFO - 生成大纲: 标题: 蜜蜂会（MiForum）逆袭之路, 长度: 500000, 体裁: 城市科幻逆袭爽文（王朔风格）, 语言: 中文
2025-02-26 16:42:54,256 - INFO - 生成的大纲文本:
```json
[
  {
    "title": "引言：千禧年伊始的医疗信息化梦想",
    "length": 4000,
    "level": 1
  },
  {
    "title": "第一桶金：石头与张琨的校园创业萌芽",
    "length": 4200,
    "level": 1
  },
  {
    "title": "MiForum 1.0：BBS时代的草根崛起",
    "length": 4500,
    "level": 1
  },
  {
    "title": "明哥加入：技术大牛的加盟与初期团队构建",
    "length": 4300,
    "level": 1
  },
  {
    "title": "晓阳的营销天赋：论坛用户的快速增长",
    "length": 4100,
    "level": 1
  },
  {
    "title": "Daniel的国际视野：拓展海外资源的初步尝试",
    "length": 4400,
    "level": 1
  },
  {
    "title": "三石的财务智慧：早期盈利模式的探索",
    "length": 4200,
    "level": 1
  },
  {
    "title": "初涉医院：MiForum进入医疗行业的契机",
    "length": 4600,
    "level": 1
  },
  {
    "title": "第一单生意：小型诊所信息化改造的挑战",
    "length": 4300,
    "level": 1
  },
  {
    "title": "技术瓶颈：早期系统的缺陷与用户反馈",
    "length": 4500,
    "level": 1
  },
  {
    "title": "资金困境：创业初期的融资难题",
    "length": 4100,
    "level": 1
  },
  {
    "title": "内部矛盾：团队成员的理念冲突与磨合",
    "length": 4400,
    "level": 1
  },
  {
    "title": "都市爱情的萌芽：石头与性感女医生苏菲的邂逅",
    "length": 4700,
    "level": 1
  },
  {
    "title": "竞争对手出现：行业新秀的挑战与压力",
    "length": 4300,
    "level": 1
  },
  {
    "title": "产品升级：MiForum 2.0的研发与发布",
    "length": 4600,
    "level": 1
  },
  {
    "title": "市场拓展：进军二线城市医疗市场的战略",
    "length": 4200,
    "level": 1
  },
  {
    "title": "张琨的野心：追求技术极致与商业扩张的平衡",
    "length": 4500,
    "level": 1
  },
  {
    "title": "明哥的技术难题：攻克大型医院系统的技术壁垒",
    "length": 4400,
    "level": 1
  },
  {
    "title": "晓阳的危机公关：处理用户投诉与负面舆情",
    "length": 4100,
    "level": 1
  },
  {
    "title": "Daniel的跨国合作：寻求海外技术与资本支持",
    "length": 4300,
    "level": 1
  },
  {
    "title": "三石的财务风险：应对现金流压力与投资决策",
    "length": 4200,
    "level": 1
  },
  {
    "title": "办公室恋情：晓阳与时髦女助理安娜的暧昧关系",
    "length": 4600,
    "level": 1
  },
  {
    "title": "行业政策变化：医疗信息化政策调整的影响",
    "length": 4400,
    "level": 1
  },
  {
    "title": "资本介入：风险投资的进入与股权稀释",
    "length": 4500,
    "level": 1
  },
  {
    "title": "管理挑战：团队规模扩大后的管理难题",
    "length": 4300,
    "level": 1
  },
  {
    "title": "技术安全漏洞：系统安全事件与危机处理",
    "length": 4600,
    "level": 1
  },
  {
    "title": "用户数据泄露：信任危机与品牌形象受损",
    "length": 4400,
    "level": 1
  },
  {
    "title": "三角恋情：张琨的前女友突然回归与情感纠葛",
    "length": 4700,
    "level": 1
  },
  {
    "title": "市场营销战：激烈的行业竞争与营销策略",
    "length": 4300,
    "level": 1
  },
  {
    "title": "产品创新：MiForum 3.0的研发方向与新功能",
    "length": 4500,
    "level": 1
  },
  {
    "title": "人工智能浪潮：AI技术在医疗信息化领域的应用",
    "length": 4400,
    "level": 1
  },
  {
    "title": "大数据分析：挖掘医疗数据的商业价值",
    "length": 4200,
    "level": 1
  },
  {
    "title": "云平台转型：MiForum的云化战略与挑战",
    "length": 4600,
    "level": 1
  },
  {
    "title": "移动医疗布局：移动端产品的开发与推广",
    "length": 4300,
    "level": 1
  },
  {
    "title": "并购扩张：收购小型竞争对手的战略",
    "length": 4500,
    "level": 1
  },
  {
    "title": "股权激励计划：激励核心团队与吸引人才",
    "length": 4200,
    "level": 1
  },
  {
    "title": "明哥的婚外情：技术骨干的个人生活危机",
    "length": 4600,
    "level": 1
  },
  {
    "title": "公司文化建设：塑造积极向上的企业文化",
    "length": 4400,
    "level": 1
  },
  {
    "title": "社会责任：MiForum的公益事业与社会贡献",
    "length": 4300,
    "level": 1
  },
  {
    "title": "行业峰会：提升品牌影响力与行业地位",
    "length": 4500,
    "level": 1
  },
  {
    "title": "政府关系：维护与政府部门的良好关系",
    "length": 4200,
    "level": 1
  },
  {
    "title": "国际市场扩张：进军东南亚医疗市场的尝试",
    "length": 4600,
    "level": 1
  },
  {
    "title": "文化差异：海外市场拓展的文化障碍",
    "length": 4400,
    "level": 1
  },
  {
    "title": "法律风险：跨国经营的法律合规问题",
    "length": 4300,
    "level": 1
  },
  {
    "title": "Daniel的背叛：合伙人之间的利益冲突与决裂",
    "length": 4700,
    "level": 1
  },
  {
    "title": "团队分裂：核心成员离职的危机与应对",
    "length": 4500,
    "level": 1
  },
  {
    "title": "技术团队重组：吸纳新鲜血液与技术升级",
    "length": 4400,
    "level": 1
  },
  {
    "title": "产品线调整：聚焦核心业务与战略转型",
    "length": 4300,
    "level": 1
  },
  {
    "title": "商业模式创新：探索新的盈利增长点",
    "length": 4500,
    "level": 1
  },
  {
    "title": "资本运作：新一轮融资与股权结构调整",
    "length": 4200,
    "level": 1
  },
  {
    "title": "上市准备：启动IPO计划与前期筹备",
    "length": 4600,
    "level": 1
  },
  {
    "title": "财务审计：规范财务制度与提升透明度",
    "length": 4400,
    "level": 1
  },
  {
    "title": "法律合规审查：确保上市的法律风险可控",
    "length": 4300,
    "level": 1
  },
  {
    "title": "公关宣传：塑造积极的上市形象与市场预期",
    "length": 4500,
    "level": 1
  },
  {
    "title": "路演与投资者关系：争取机构投资者的青睐",
    "length": 4200,
    "level": 1
  },
  {
    "title": "定价博弈：确定合理的发行价格与估值",
    "length": 4600,
    "level": 1
  },
  {
    "title": "上市倒计时：最后的冲刺与压力",
    "length": 4400,
    "level": 1
  },
  {
    "title": "敲钟时刻：MiForum成功上市的历史性瞬间",
    "length": 4700,
    "level": 1
  },
  {
    "title": "股价波动：上市后的市场反应与挑战",
    "length": 4300,
    "level": 1
  },
  {
    "title": "资本市场的洗礼：应对股价下跌与股东压力",
    "length": 4500,
    "level": 1
  },
  {
    "title": "上市后的战略调整：巩固市场地位与持续增长",
    "length": 4400,
    "level": 1
  },
  {
    "title": "并购与整合：利用资本力量扩大市场份额",
    "length": 4200,
    "level": 1
  },
  {
    "title": "国际化战略深化：全球市场布局与品牌建设",
    "length": 4600,
    "level": 1
  },
  {
    "title": "技术创新驱动：持续研发投入与技术领先",
    "length": 4300,
    "level": 1
  },
  {
    "title": "人才战略升级：吸引全球顶尖人才",
    "length": 4500,
    "level": 1
  },
  {
    "title": "企业社会责任强化：ESG理念与可持续发展",
    "length": 4400,
    "level": 1
  },
  {
    "title": "石头的情感抉择：苏菲与新出现的性感女强人的情感纠葛",
    "length": 4700,
    "level": 1
  },
  {
    "title": "张琨的权力巅峰：成为公司掌舵人的挑战",
    "length": 4500,
    "level": 1
  },
  {
    "title": "明哥的技术梦想：追求技术突破与行业领先",
    "length": 4400,
    "level": 1
  },
  {
    "title": "晓阳的营销帝国：打造全球品牌与用户生态",
    "length": 4300,
    "level": 1
  },
  {
    "title": "Daniel的回归与救赎：重新审视自我与团队关系",
    "length": 4600,
    "level": 1
  },
  {
    "title": "三石的财富人生：财务自由后的个人选择与思考",
    "length": 4200,
    "level": 1
  },
  {
    "title": "新一代创业者：行业新秀的崛起与挑战",
    "length": 4500,
    "level": 1
  },
  {
    "title": "行业变革：医疗信息化行业的未来趋势与机遇",
    "length": 4400,
    "level": 1
  },
  {
    "title": "技术伦理：人工智能与医疗伦理的思考",
    "length": 4300,
    "level": 1
  },
  {
    "title": "数据安全与隐私保护：医疗数据安全面临的挑战",
    "length": 4500,
    "level": 1
  },
  {
    "title": "全球医疗信息化竞争格局：MiForum的国际地位与挑战",
    "length": 4200,
    "level": 1
  },
  {
    "title": "后疫情时代：医疗信息化行业的新常态",
    "length": 4600,
    "level": 1
  },
  {
    "title": "健康中国战略：政策机遇与市场前景",
    "length": 4400,
    "level": 1
  },
  {
    "title": "老友重聚：蜜蜂会创始团队的聚首与反思",
    "length": 4700,
    "level": 1
  },
  {
    "title": "回忆往昔：创业初期的艰辛与快乐",
    "length": 4300,
    "level": 1
  },
  {
    "title": "展望未来：MiForum的下一个十年与愿景",
    "length": 4500,
    "level": 1
  },
  {
    "title": "传承与创新：蜜蜂会精神的延续与发展",
    "length": 4400,
    "level": 1
  },
  {
    "title": "都市夜话：创业者们的午夜心声与情感流露",
    "length": 4200,
    "level": 1
  },
  {
    "title": "时代浪潮：医疗信息化行业发展的时代印记",
    "length": 4600,
    "level": 1
  },
  {
    "title": "商业本质：回归商业的初心与价值创造",
    "length": 4300,
    "level": 1
  },
  {
    "title": "人生意义：创业与人生的价值追寻",
    "length": 4500,
    "level": 1
  },
  {
    "title": "逆袭之路的启示：创业成功的经验与教训",
    "length": 4400,
    "level": 1
  },
  {
    "title": "蜜蜂会传说：MiForum的传奇故事与时代精神",
    "length": 4700,
    "level": 1
  },
  {
    "title": "情感的羁绊：爱情、友情与亲情在创业路上的交织",
    "length": 4500,
    "level": 1
  },
  {
    "title": "欲望与救赎：商业成功背后的道德抉择与人性挣扎",
    "length": 4400,
    "level": 1
  },
  {
    "title": "时代的缩影：MiForum的故事与中国互联网发展历程",
    "length": 4300,
    "level": 1
  },
  {
    "title": "梦想的力量：驱动创业者不断前行的内在动力",
    "length": 4500,
    "level": 1
  },
  {
    "title": "城市变迁：故事发生的城市背景与时代脉搏",
    "length": 4200,
    "level": 1
  },
  {
    "title": "王朔式幽默：故事中的黑色幽默与讽刺",
    "length": 4600,
    "level": 1
  },
  {
    "title": "性感女郎：故事中魅力女性的角色与影响",
    "length": 4400,
    "level": 1
  },
  {
    "title": "亲热戏码：情感戏的尺度与人物关系的展现",
    "length": 4300,
    "level": 1
  },
  {
    "title": "婚外情迷局：复杂情感关系与道德困境",
    "length": 4500,
    "level": 1
  },
  {
    "title": "三角恋漩涡：爱情的复杂性与选择的艰难",
    "length": 4200,
    "level": 1
  },
  {
    "title": "情感救赎：人物在情感纠葛中的成长与蜕变",
    "length": 4600,
    "level": 1
  },
  {
    "title": "都市众生相：展现城市创业人群的真实生活与情感",
    "length": 4400,
    "level": 1
  },
  {
    "title": "逆袭的真谛：超越物质成功的精神追求",
    "length": 4300,
    "level": 1
  },
  {
    "title": "蜜蜂会精神的传承：激励新一代创业者",
    "length": 4500,
    "level": 1
  },
  {
    "title": "大结局：MiForum的未来与创始人们的归宿",
    "length": 4700,
    "level": 1
  },
  {
    "title": "尾声：多年后的回望与感悟",
    "length": 4000,
    "level": 1
  },
  {
    "title": "结论：蜜蜂会逆袭之路的时代意义与价值",
    "length": 3000,
    "level": 1
  }
]
```
2025-02-26 16:42:54,260 - INFO - 解析后的大纲: [
  {
    "title": "引言：千禧年伊始的医疗信息化梦想",
    "length": 4000,
    "level": 1
  },
  {
    "title": "第一桶金：石头与张琨的校园创业萌芽",
    "length": 4200,
    "level": 1
  },
  {
    "title": "MiForum 1.0：BBS时代的草根崛起",
    "length": 4500,
    "level": 1
  },
  {
    "title": "明哥加入：技术大牛的加盟与初期团队构建",
    "length": 4300,
    "level": 1
  },
  {
    "title": "晓阳的营销天赋：论坛用户的快速增长",
    "length": 4100,
    "level": 1
  },
  {
    "title": "Daniel的国际视野：拓展海外资源的初步尝试",
    "length": 4400,
    "level": 1
  },
  {
    "title": "三石的财务智慧：早期盈利模式的探索",
    "length": 4200,
    "level": 1
  },
  {
    "title": "初涉医院：MiForum进入医疗行业的契机",
    "length": 4600,
    "level": 1
  },
  {
    "title": "第一单生意：小型诊所信息化改造的挑战",
    "length": 4300,
    "level": 1
  },
  {
    "title": "技术瓶颈：早期系统的缺陷与用户反馈",
    "length": 4500,
    "level": 1
  },
  {
    "title": "资金困境：创业初期的融资难题",
    "length": 4100,
    "level": 1
  },
  {
    "title": "内部矛盾：团队成员的理念冲突与磨合",
    "length": 4400,
    "level": 1
  },
  {
    "title": "都市爱情的萌芽：石头与性感女医生苏菲的邂逅",
    "length": 4700,
    "level": 1
  },
  {
    "title": "竞争对手出现：行业新秀的挑战与压力",
    "length": 4300,
    "level": 1
  },
  {
    "title": "产品升级：MiForum 2.0的研发与发布",
    "length": 4600,
    "level": 1
  },
  {
    "title": "市场拓展：进军二线城市医疗市场的战略",
    "length": 4200,
    "level": 1
  },
  {
    "title": "张琨的野心：追求技术极致与商业扩张的平衡",
    "length": 4500,
    "level": 1
  },
  {
    "title": "明哥的技术难题：攻克大型医院系统的技术壁垒",
    "length": 4400,
    "level": 1
  },
  {
    "title": "晓阳的危机公关：处理用户投诉与负面舆情",
    "length": 4100,
    "level": 1
  },
  {
    "title": "Daniel的跨国合作：寻求海外技术与资本支持",
    "length": 4300,
    "level": 1
  },
  {
    "title": "三石的财务风险：应对现金流压力与投资决策",
    "length": 4200,
    "level": 1
  },
  {
    "title": "办公室恋情：晓阳与时髦女助理安娜的暧昧关系",
    "length": 4600,
    "level": 1
  },
  {
    "title": "行业政策变化：医疗信息化政策调整的影响",
    "length": 4400,
    "level": 1
  },
  {
    "title": "资本介入：风险投资的进入与股权稀释",
    "length": 4500,
    "level": 1
  },
  {
    "title": "管理挑战：团队规模扩大后的管理难题",
    "length": 4300,
    "level": 1
  },
  {
    "title": "技术安全漏洞：系统安全事件与危机处理",
    "length": 4600,
    "level": 1
  },
  {
    "title": "用户数据泄露：信任危机与品牌形象受损",
    "length": 4400,
    "level": 1
  },
  {
    "title": "三角恋情：张琨的前女友突然回归与情感纠葛",
    "length": 4700,
    "level": 1
  },
  {
    "title": "市场营销战：激烈的行业竞争与营销策略",
    "length": 4300,
    "level": 1
  },
  {
    "title": "产品创新：MiForum 3.0的研发方向与新功能",
    "length": 4500,
    "level": 1
  },
  {
    "title": "人工智能浪潮：AI技术在医疗信息化领域的应用",
    "length": 4400,
    "level": 1
  },
  {
    "title": "大数据分析：挖掘医疗数据的商业价值",
    "length": 4200,
    "level": 1
  },
  {
    "title": "云平台转型：MiForum的云化战略与挑战",
    "length": 4600,
    "level": 1
  },
  {
    "title": "移动医疗布局：移动端产品的开发与推广",
    "length": 4300,
    "level": 1
  },
  {
    "title": "并购扩张：收购小型竞争对手的战略",
    "length": 4500,
    "level": 1
  },
  {
    "title": "股权激励计划：激励核心团队与吸引人才",
    "length": 4200,
    "level": 1
  },
  {
    "title": "明哥的婚外情：技术骨干的个人生活危机",
    "length": 4600,
    "level": 1
  },
  {
    "title": "公司文化建设：塑造积极向上的企业文化",
    "length": 4400,
    "level": 1
  },
  {
    "title": "社会责任：MiForum的公益事业与社会贡献",
    "length": 4300,
    "level": 1
  },
  {
    "title": "行业峰会：提升品牌影响力与行业地位",
    "length": 4500,
    "level": 1
  },
  {
    "title": "政府关系：维护与政府部门的良好关系",
    "length": 4200,
    "level": 1
  },
  {
    "title": "国际市场扩张：进军东南亚医疗市场的尝试",
    "length": 4600,
    "level": 1
  },
  {
    "title": "文化差异：海外市场拓展的文化障碍",
    "length": 4400,
    "level": 1
  },
  {
    "title": "法律风险：跨国经营的法律合规问题",
    "length": 4300,
    "level": 1
  },
  {
    "title": "Daniel的背叛：合伙人之间的利益冲突与决裂",
    "length": 4700,
    "level": 1
  },
  {
    "title": "团队分裂：核心成员离职的危机与应对",
    "length": 4500,
    "level": 1
  },
  {
    "title": "技术团队重组：吸纳新鲜血液与技术升级",
    "length": 4400,
    "level": 1
  },
  {
    "title": "产品线调整：聚焦核心业务与战略转型",
    "length": 4300,
    "level": 1
  },
  {
    "title": "商业模式创新：探索新的盈利增长点",
    "length": 4500,
    "level": 1
  },
  {
    "title": "资本运作：新一轮融资与股权结构调整",
    "length": 4200,
    "level": 1
  },
  {
    "title": "上市准备：启动IPO计划与前期筹备",
    "length": 4600,
    "level": 1
  },
  {
    "title": "财务审计：规范财务制度与提升透明度",
    "length": 4400,
    "level": 1
  },
  {
    "title": "法律合规审查：确保上市的法律风险可控",
    "length": 4300,
    "level": 1
  },
  {
    "title": "公关宣传：塑造积极的上市形象与市场预期",
    "length": 4500,
    "level": 1
  },
  {
    "title": "路演与投资者关系：争取机构投资者的青睐",
    "length": 4200,
    "level": 1
  },
  {
    "title": "定价博弈：确定合理的发行价格与估值",
    "length": 4600,
    "level": 1
  },
  {
    "title": "上市倒计时：最后的冲刺与压力",
    "length": 4400,
    "level": 1
  },
  {
    "title": "敲钟时刻：MiForum成功上市的历史性瞬间",
    "length": 4700,
    "level": 1
  },
  {
    "title": "股价波动：上市后的市场反应与挑战",
    "length": 4300,
    "level": 1
  },
  {
    "title": "资本市场的洗礼：应对股价下跌与股东压力",
    "length": 4500,
    "level": 1
  },
  {
    "title": "上市后的战略调整：巩固市场地位与持续增长",
    "length": 4400,
    "level": 1
  },
  {
    "title": "并购与整合：利用资本力量扩大市场份额",
    "length": 4200,
    "level": 1
  },
  {
    "title": "国际化战略深化：全球市场布局与品牌建设",
    "length": 4600,
    "level": 1
  },
  {
    "title": "技术创新驱动：持续研发投入与技术领先",
    "length": 4300,
    "level": 1
  },
  {
    "title": "人才战略升级：吸引全球顶尖人才",
    "length": 4500,
    "level": 1
  },
  {
    "title": "企业社会责任强化：ESG理念与可持续发展",
    "length": 4400,
    "level": 1
  },
  {
    "title": "石头的情感抉择：苏菲与新出现的性感女强人的情感纠葛",
    "length": 4700,
    "level": 1
  },
  {
    "title": "张琨的权力巅峰：成为公司掌舵人的挑战",
    "length": 4500,
    "level": 1
  },
  {
    "title": "明哥的技术梦想：追求技术突破与行业领先",
    "length": 4400,
    "level": 1
  },
  {
    "title": "晓阳的营销帝国：打造全球品牌与用户生态",
    "length": 4300,
    "level": 1
  },
  {
    "title": "Daniel的回归与救赎：重新审视自我与团队关系",
    "length": 4600,
    "level": 1
  },
  {
    "title": "三石的财富人生：财务自由后的个人选择与思考",
    "length": 4200,
    "level": 1
  },
  {
    "title": "新一代创业者：行业新秀的崛起与挑战",
    "length": 4500,
    "level": 1
  },
  {
    "title": "行业变革：医疗信息化行业的未来趋势与机遇",
    "length": 4400,
    "level": 1
  },
  {
    "title": "技术伦理：人工智能与医疗伦理的思考",
    "length": 4300,
    "level": 1
  },
  {
    "title": "数据安全与隐私保护：医疗数据安全面临的挑战",
    "length": 4500,
    "level": 1
  },
  {
    "title": "全球医疗信息化竞争格局：MiForum的国际地位与挑战",
    "length": 4200,
    "level": 1
  },
  {
    "title": "后疫情时代：医疗信息化行业的新常态",
    "length": 4600,
    "level": 1
  },
  {
    "title": "健康中国战略：政策机遇与市场前景",
    "length": 4400,
    "level": 1
  },
  {
    "title": "老友重聚：蜜蜂会创始团队的聚首与反思",
    "length": 4700,
    "level": 1
  },
  {
    "title": "回忆往昔：创业初期的艰辛与快乐",
    "length": 4300,
    "level": 1
  },
  {
    "title": "展望未来：MiForum的下一个十年与愿景",
    "length": 4500,
    "level": 1
  },
  {
    "title": "传承与创新：蜜蜂会精神的延续与发展",
    "length": 4400,
    "level": 1
  },
  {
    "title": "都市夜话：创业者们的午夜心声与情感流露",
    "length": 4200,
    "level": 1
  },
  {
    "title": "时代浪潮：医疗信息化行业发展的时代印记",
    "length": 4600,
    "level": 1
  },
  {
    "title": "商业本质：回归商业的初心与价值创造",
    "length": 4300,
    "level": 1
  },
  {
    "title": "人生意义：创业与人生的价值追寻",
    "length": 4500,
    "level": 1
  },
  {
    "title": "逆袭之路的启示：创业成功的经验与教训",
    "length": 4400,
    "level": 1
  },
  {
    "title": "蜜蜂会传说：MiForum的传奇故事与时代精神",
    "length": 4700,
    "level": 1
  },
  {
    "title": "情感的羁绊：爱情、友情与亲情在创业路上的交织",
    "length": 4500,
    "level": 1
  },
  {
    "title": "欲望与救赎：商业成功背后的道德抉择与人性挣扎",
    "length": 4400,
    "level": 1
  },
  {
    "title": "时代的缩影：MiForum的故事与中国互联网发展历程",
    "length": 4300,
    "level": 1
  },
  {
    "title": "梦想的力量：驱动创业者不断前行的内在动力",
    "length": 4500,
    "level": 1
  },
  {
    "title": "城市变迁：故事发生的城市背景与时代脉搏",
    "length": 4200,
    "level": 1
  },
  {
    "title": "王朔式幽默：故事中的黑色幽默与讽刺",
    "length": 4600,
    "level": 1
  },
  {
    "title": "性感女郎：故事中魅力女性的角色与影响",
    "length": 4400,
    "level": 1
  },
  {
    "title": "亲热戏码：情感戏的尺度与人物关系的展现",
    "length": 4300,
    "level": 1
  },
  {
    "title": "婚外情迷局：复杂情感关系与道德困境",
    "length": 4500,
    "level": 1
  },
  {
    "title": "三角恋漩涡：爱情的复杂性与选择的艰难",
    "length": 4200,
    "level": 1
  },
  {
    "title": "情感救赎：人物在情感纠葛中的成长与蜕变",
    "length": 4600,
    "level": 1
  },
  {
    "title": "都市众生相：展现城市创业人群的真实生活与情感",
    "length": 4400,
    "level": 1
  },
  {
    "title": "逆袭的真谛：超越物质成功的精神追求",
    "length": 4300,
    "level": 1
  },
  {
    "title": "蜜蜂会精神的传承：激励新一代创业者",
    "length": 4500,
    "level": 1
  },
  {
    "title": "大结局：MiForum的未来与创始人们的归宿",
    "length": 4700,
    "level": 1
  },
  {
    "title": "尾声：多年后的回望与感悟",
    "length": 4000,
    "level": 1
  },
  {
    "title": "结论：蜜蜂会逆袭之路的时代意义与价值",
    "length": 3000,
    "level": 1
  }
]
2025-02-26 16:42:54,261 - INFO - 目标长度: 500000, 理想章节数: 128.39999999999998, 当前章节数: 106
2025-02-26 16:42:54,261 - INFO - 章节数过少，尝试增加章节从 106 到接近 128.39999999999998
2025-02-26 16:42:54,263 - INFO - 标题净化: '都市爱情的萌芽：石头与性感女医生苏菲的邂逅 (上)' -> '都市爱情的萌芽：石头与X感女医生苏菲的邂逅 (上)'
2025-02-26 16:42:54,263 - INFO - 标题净化: '都市爱情的萌芽：石头与性感女医生苏菲的邂逅 (下)' -> '都市爱情的萌芽：石头与X感女医生苏菲的邂逅 (下)'
2025-02-26 16:42:54,263 - INFO - 标题净化: '明哥的婚外情：技术骨干的个人生活危机 (上)' -> '明哥的H外情：技术骨干的个人生活危机 (上)'
2025-02-26 16:42:54,263 - INFO - 标题净化: '明哥的婚外情：技术骨干的个人生活危机 (下)' -> '明哥的H外情：技术骨干的个人生活危机 (下)'
2025-02-26 16:42:54,263 - INFO - 标题净化: '石头的情感抉择：苏菲与新出现的性感女强人的情感纠葛 (上)' -> '石头的情感抉择：苏菲与新出现的X感女强人的情感纠葛 (上)'
2025-02-26 16:42:54,263 - INFO - 标题净化: '石头的情感抉择：苏菲与新出现的性感女强人的情感纠葛 (下)' -> '石头的情感抉择：苏菲与新出现的X感女强人的情感纠葛 (下)'
2025-02-26 16:42:54,265 - INFO - 标题净化: '性感女郎：故事中魅力女性的角色与影响' -> 'X感女郎：故事中魅力女性的角色与影响'
2025-02-26 16:42:54,265 - INFO - 标题净化: '婚外情迷局：复杂情感关系与道德困境' -> 'H外情迷局：复杂情感关系与道德困境'
2025-02-26 16:42:54,265 - INFO - 大纲生成成功
2025-02-26 16:42:54,268 - INFO - 大纲已保存至: articles/蜜蜂会MiForum逆袭之路_20250226_164254_outline.json
2025-02-26 16:42:54,268 - INFO - 正在组装文章...
2025-02-26 16:43:27,850 - INFO - 进度已保存至: articles/蜜蜂会MiForum逆袭之路_progress.md
2025-02-26 16:43:27,851 - INFO - 章节 '引言：千禧年伊始的医疗信息化梦想' 写作完成，生成了 3628 字符
2025-02-26 16:44:01,536 - INFO - 进度已保存至: articles/蜜蜂会MiForum逆袭之路_progress.md
2025-02-26 16:44:01,537 - INFO - 章节 '第一桶金：石头与张琨的校园创业萌芽' 写作完成，生成了 5562 字符
2025-02-26 16:44:23,317 - INFO - 进度已保存至: articles/蜜蜂会MiForum逆袭之路_progress.md
2025-02-26 16:44:23,318 - INFO - 章节 'MiForum 1.0：BBS时代的草根崛起' 写作完成，生成了 3441 字符
2025-02-26 16:44:50,998 - INFO - 进度已保存至: articles/蜜蜂会MiForum逆袭之路_progress.md
2025-02-26 16:44:50,998 - INFO - 章节 '明哥加入：技术大牛的加盟与初期团队构建' 写作完成，生成了 4649 字符
2025-02-26 16:45:23,834 - INFO - 进度已保存至: articles/蜜蜂会MiForum逆袭之路_progress.md
2025-02-26 16:45:23,835 - INFO - 章节 '晓阳的营销天赋：论坛用户的快速增长' 写作完成，生成了 5976 字符
2025-02-26 16:45:45,169 - INFO - 进度已保存至: articles/蜜蜂会MiForum逆袭之路_progress.md
2025-02-26 16:45:45,169 - INFO - 章节 'Daniel的国际视野：拓展海外资源的初步尝试' 写作完成，生成了 4237 字符
2025-02-26 16:46:12,012 - INFO - 进度已保存至: articles/蜜蜂会MiForum逆袭之路_progress.md
2025-02-26 16:46:12,012 - INFO - 章节 '三石的财务智慧：早期盈利模式的探索' 写作完成，生成了 4662 字符
2025-02-26 16:46:31,665 - INFO - 进度已保存至: articles/蜜蜂会MiForum逆袭之路_progress.md
2025-02-26 16:46:31,667 - INFO - 章节 '初涉医院：MiForum进入医疗行业的契机 (上)' 写作完成，生成了 2728 字符
2025-02-26 16:46:52,231 - INFO - 进度已保存至: articles/蜜蜂会MiForum逆袭之路_progress.md
2025-02-26 16:46:52,232 - INFO - 章节 '初涉医院：MiForum进入医疗行业的契机 (下)' 写作完成，生成了 3314 字符
2025-02-26 16:47:18,152 - INFO - 进度已保存至: articles/蜜蜂会MiForum逆袭之路_progress.md
2025-02-26 16:47:18,153 - INFO - 章节 '第一单生意：小型诊所信息化改造的挑战' 写作完成，生成了 3836 字符
2025-02-26 16:47:42,113 - INFO - 进度已保存至: articles/蜜蜂会MiForum逆袭之路_progress.md
2025-02-26 16:47:42,113 - INFO - 章节 '技术瓶颈：早期系统的缺陷与用户反馈' 写作完成，生成了 3738 字符
2025-02-26 16:48:16,944 - INFO - 进度已保存至: articles/蜜蜂会MiForum逆袭之路_progress.md
2025-02-26 16:48:16,944 - INFO - 章节 '资金困境：创业初期的融资难题' 写作完成，生成了 3409 字符
2025-02-26 16:48:42,028 - INFO - 进度已保存至: articles/蜜蜂会MiForum逆袭之路_progress.md
2025-02-26 16:48:42,029 - INFO - 章节 '内部矛盾：团队成员的理念冲突与磨合' 写作完成，生成了 3274 字符
2025-02-26 16:49:02,395 - INFO - 进度已保存至: articles/蜜蜂会MiForum逆袭之路_progress.md
2025-02-26 16:49:02,396 - INFO - 章节 '都市爱情的萌芽：石头与X感女医生苏菲的邂逅 (上)' 写作完成，生成了 3027 字符
2025-02-26 16:49:18,310 - INFO - 进度已保存至: articles/蜜蜂会MiForum逆袭之路_progress.md
2025-02-26 16:49:18,311 - INFO - 章节 '都市爱情的萌芽：石头与X感女医生苏菲的邂逅 (下)' 写作完成，生成了 2399 字符
2025-02-26 16:49:45,097 - INFO - 进度已保存至: articles/蜜蜂会MiForum逆袭之路_progress.md
2025-02-26 16:49:45,098 - INFO - 章节 '竞争对手出现：行业新秀的挑战与压力' 写作完成，生成了 2955 字符
2025-02-26 16:50:41,200 - INFO - 进度已保存至: articles/蜜蜂会MiForum逆袭之路_progress.md
2025-02-26 16:50:41,200 - INFO - 章节 '产品升级：MiForum 2.0的研发与发布 (上)' 写作完成，生成了 3060 字符
2025-02-26 16:51:05,801 - INFO - 进度已保存至: articles/蜜蜂会MiForum逆袭之路_progress.md
2025-02-26 16:51:05,801 - INFO - 章节 '产品升级：MiForum 2.0的研发与发布 (下)' 写作完成，生成了 3315 字符
2025-02-26 16:51:55,856 - INFO - 进度已保存至: articles/蜜蜂会MiForum逆袭之路_progress.md
2025-02-26 16:51:55,857 - INFO - 章节 '市场拓展：进军二线城市医疗市场的战略' 写作完成，生成了 3249 字符
2025-02-26 16:52:31,396 - INFO - 进度已保存至: articles/蜜蜂会MiForum逆袭之路_progress.md
2025-02-26 16:52:31,396 - INFO - 章节 '张琨的野心：追求技术极致与商业扩张的平衡' 写作完成，生成了 4413 字符
2025-02-26 16:52:53,860 - INFO - 进度已保存至: articles/蜜蜂会MiForum逆袭之路_progress.md
2025-02-26 16:52:53,860 - INFO - 章节 '明哥的技术难题：攻克大型医院系统的技术壁垒' 写作完成，生成了 3197 字符
2025-02-26 16:53:24,551 - INFO - 进度已保存至: articles/蜜蜂会MiForum逆袭之路_progress.md
2025-02-26 16:53:24,552 - INFO - 章节 '晓阳的危机公关：处理用户投诉与负面舆情' 写作完成，生成了 4517 字符
2025-02-26 16:53:47,588 - INFO - 进度已保存至: articles/蜜蜂会MiForum逆袭之路_progress.md
2025-02-26 16:53:47,589 - INFO - 章节 'Daniel的跨国合作：寻求海外技术与资本支持' 写作完成，生成了 3240 字符
2025-02-26 16:54:11,663 - INFO - 进度已保存至: articles/蜜蜂会MiForum逆袭之路_progress.md
2025-02-26 16:54:11,664 - INFO - 章节 '三石的财务风险：应对现金流压力与投资决策' 写作完成，生成了 3371 字符
2025-02-26 16:54:38,669 - INFO - 进度已保存至: articles/蜜蜂会MiForum逆袭之路_progress.md
2025-02-26 16:54:38,670 - INFO - 章节 '办公室恋情：晓阳与时髦女助理安娜的暧昧关系 (上)' 写作完成，生成了 2992 字符
2025-02-26 16:55:05,399 - INFO - 进度已保存至: articles/蜜蜂会MiForum逆袭之路_progress.md
2025-02-26 16:55:05,400 - INFO - 章节 '办公室恋情：晓阳与时髦女助理安娜的暧昧关系 (下)' 写作完成，生成了 4063 字符
2025-02-26 16:55:37,766 - INFO - 进度已保存至: articles/蜜蜂会MiForum逆袭之路_progress.md
2025-02-26 16:55:37,767 - INFO - 章节 '行业政策变化：医疗信息化政策调整的影响' 写作完成，生成了 3508 字符
2025-02-26 16:56:04,831 - INFO - 进度已保存至: articles/蜜蜂会MiForum逆袭之路_progress.md
2025-02-26 16:56:04,832 - INFO - 章节 '资本介入：风险投资的进入与股权稀释' 写作完成，生成了 4186 字符
2025-02-26 16:56:44,339 - INFO - 进度已保存至: articles/蜜蜂会MiForum逆袭之路_progress.md
2025-02-26 16:56:44,340 - INFO - 章节 '管理挑战：团队规模扩大后的管理难题' 写作完成，生成了 4395 字符
2025-02-26 16:57:05,922 - INFO - 进度已保存至: articles/蜜蜂会MiForum逆袭之路_progress.md
2025-02-26 16:57:05,923 - INFO - 章节 '技术安全漏洞：系统安全事件与危机处理 (上)' 写作完成，生成了 3006 字符
2025-02-26 16:57:28,461 - INFO - 进度已保存至: articles/蜜蜂会MiForum逆袭之路_progress.md
2025-02-26 16:57:28,461 - INFO - 章节 '技术安全漏洞：系统安全事件与危机处理 (下)' 写作完成，生成了 2738 字符
2025-02-26 16:58:11,240 - INFO - 进度已保存至: articles/蜜蜂会MiForum逆袭之路_progress.md
2025-02-26 16:58:11,240 - INFO - 章节 '用户数据泄露：信任危机与品牌形象受损' 写作完成，生成了 3533 字符
2025-02-26 16:58:59,398 - INFO - 进度已保存至: articles/蜜蜂会MiForum逆袭之路_progress.md
2025-02-26 16:58:59,399 - INFO - 章节 '三角恋情：张琨的前女友突然回归与情感纠葛 (上)' 写作完成，生成了 2747 字符
2025-02-26 16:59:23,753 - INFO - 进度已保存至: articles/蜜蜂会MiForum逆袭之路_progress.md
2025-02-26 16:59:23,754 - INFO - 章节 '三角恋情：张琨的前女友突然回归与情感纠葛 (下)' 写作完成，生成了 2127 字符
2025-02-26 16:59:49,555 - INFO - 进度已保存至: articles/蜜蜂会MiForum逆袭之路_progress.md
2025-02-26 16:59:49,555 - INFO - 章节 '市场营销战：激烈的行业竞争与营销策略' 写作完成，生成了 4206 字符
2025-02-26 17:00:22,114 - INFO - 进度已保存至: articles/蜜蜂会MiForum逆袭之路_progress.md
2025-02-26 17:00:22,114 - INFO - 章节 '产品创新：MiForum 3.0的研发方向与新功能' 写作完成，生成了 2564 字符
2025-02-26 17:00:46,284 - INFO - 进度已保存至: articles/蜜蜂会MiForum逆袭之路_progress.md
2025-02-26 17:00:46,285 - INFO - 章节 '人工智能浪潮：AI技术在医疗信息化领域的应用' 写作完成，生成了 3879 字符
2025-02-26 17:01:30,630 - INFO - 进度已保存至: articles/蜜蜂会MiForum逆袭之路_progress.md
2025-02-26 17:01:30,631 - INFO - 章节 '大数据分析：挖掘医疗数据的商业价值' 写作完成，生成了 3947 字符
2025-02-26 17:01:47,864 - INFO - 进度已保存至: articles/蜜蜂会MiForum逆袭之路_progress.md
2025-02-26 17:01:47,864 - INFO - 章节 '云平台转型：MiForum的云化战略与挑战 (上)' 写作完成，生成了 2531 字符
2025-02-26 17:02:37,389 - INFO - 进度已保存至: articles/蜜蜂会MiForum逆袭之路_progress.md
2025-02-26 17:02:37,390 - INFO - 章节 '云平台转型：MiForum的云化战略与挑战 (下)' 写作完成，生成了 2658 字符
2025-02-26 17:03:00,836 - INFO - 进度已保存至: articles/蜜蜂会MiForum逆袭之路_progress.md
2025-02-26 17:03:00,837 - INFO - 章节 '移动医疗布局：移动端产品的开发与推广' 写作完成，生成了 3891 字符
2025-02-26 17:03:28,179 - INFO - 进度已保存至: articles/蜜蜂会MiForum逆袭之路_progress.md
2025-02-26 17:03:28,180 - INFO - 章节 '并购扩张：收购小型竞争对手的战略' 写作完成，生成了 4063 字符
2025-02-26 17:03:50,961 - INFO - 进度已保存至: articles/蜜蜂会MiForum逆袭之路_progress.md
2025-02-26 17:03:50,962 - INFO - 章节 '股权激励计划：激励核心团队与吸引人才' 写作完成，生成了 3477 字符
2025-02-26 17:04:09,043 - INFO - 进度已保存至: articles/蜜蜂会MiForum逆袭之路_progress.md
2025-02-26 17:04:09,044 - INFO - 章节 '明哥的H外情：技术骨干的个人生活危机 (上)' 写作完成，生成了 2632 字符
2025-02-26 17:04:33,306 - INFO - 进度已保存至: articles/蜜蜂会MiForum逆袭之路_progress.md
2025-02-26 17:04:33,307 - INFO - 章节 '明哥的H外情：技术骨干的个人生活危机 (下)' 写作完成，生成了 3176 字符
2025-02-26 17:05:06,906 - INFO - 进度已保存至: articles/蜜蜂会MiForum逆袭之路_progress.md
2025-02-26 17:05:06,907 - INFO - 章节 '公司文化建设：塑造积极向上的企业文化' 写作完成，生成了 3746 字符
2025-02-26 17:05:48,161 - INFO - 进度已保存至: articles/蜜蜂会MiForum逆袭之路_progress.md
2025-02-26 17:05:48,161 - INFO - 章节 '社会责任：MiForum的公益事业与社会贡献' 写作完成，生成了 4336 字符
2025-02-26 17:06:21,441 - INFO - 进度已保存至: articles/蜜蜂会MiForum逆袭之路_progress.md
2025-02-26 17:06:21,442 - INFO - 章节 '行业峰会：提升品牌影响力与行业地位' 写作完成，生成了 4216 字符
2025-02-26 17:06:56,052 - INFO - 进度已保存至: articles/蜜蜂会MiForum逆袭之路_progress.md
2025-02-26 17:06:56,053 - INFO - 章节 '政府关系：维护与政府部门的良好关系' 写作完成，生成了 4349 字符
2025-02-26 17:07:14,615 - INFO - 进度已保存至: articles/蜜蜂会MiForum逆袭之路_progress.md
2025-02-26 17:07:14,615 - INFO - 章节 '国际市场扩张：进军东南亚医疗市场的尝试 (上)' 写作完成，生成了 3029 字符
2025-02-26 17:07:31,099 - INFO - 进度已保存至: articles/蜜蜂会MiForum逆袭之路_progress.md
2025-02-26 17:07:31,100 - INFO - 章节 '国际市场扩张：进军东南亚医疗市场的尝试 (下)' 写作完成，生成了 2888 字符
2025-02-26 17:07:54,218 - INFO - 进度已保存至: articles/蜜蜂会MiForum逆袭之路_progress.md
2025-02-26 17:07:54,219 - INFO - 章节 '文化差异：海外市场拓展的文化障碍' 写作完成，生成了 3398 字符
2025-02-26 17:09:11,491 - INFO - 进度已保存至: articles/蜜蜂会MiForum逆袭之路_progress.md
2025-02-26 17:09:11,492 - INFO - 章节 '法律风险：跨国经营的法律合规问题' 写作完成，生成了 5519 字符
2025-02-26 17:09:42,161 - INFO - 进度已保存至: articles/蜜蜂会MiForum逆袭之路_progress.md
2025-02-26 17:09:42,162 - INFO - 章节 'Daniel的背叛：合伙人之间的利益冲突与决裂 (上)' 写作完成，生成了 4400 字符
2025-02-26 17:10:06,723 - INFO - 进度已保存至: articles/蜜蜂会MiForum逆袭之路_progress.md
2025-02-26 17:10:06,725 - INFO - 章节 'Daniel的背叛：合伙人之间的利益冲突与决裂 (下)' 写作完成，生成了 3307 字符
2025-02-26 17:10:34,386 - INFO - 进度已保存至: articles/蜜蜂会MiForum逆袭之路_progress.md
2025-02-26 17:10:34,387 - INFO - 章节 '团队分裂：核心成员离职的危机与应对' 写作完成，生成了 3827 字符
2025-02-26 17:11:00,601 - INFO - 进度已保存至: articles/蜜蜂会MiForum逆袭之路_progress.md
2025-02-26 17:11:00,601 - INFO - 章节 '技术团队重组：吸纳新鲜血液与技术升级' 写作完成，生成了 5108 字符
2025-02-26 17:11:25,713 - INFO - 进度已保存至: articles/蜜蜂会MiForum逆袭之路_progress.md
2025-02-26 17:11:25,714 - INFO - 章节 '产品线调整：聚焦核心业务与战略转型' 写作完成，生成了 5110 字符
2025-02-26 17:11:54,349 - INFO - 进度已保存至: articles/蜜蜂会MiForum逆袭之路_progress.md
2025-02-26 17:11:54,350 - INFO - 章节 '商业模式创新：探索新的盈利增长点' 写作完成，生成了 5205 字符
2025-02-26 17:12:24,050 - INFO - 进度已保存至: articles/蜜蜂会MiForum逆袭之路_progress.md
2025-02-26 17:12:24,050 - INFO - 章节 '资本运作：新一轮融资与股权结构调整' 写作完成，生成了 4276 字符
2025-02-26 17:12:42,969 - INFO - 进度已保存至: articles/蜜蜂会MiForum逆袭之路_progress.md
2025-02-26 17:12:42,970 - INFO - 章节 '上市准备：启动IPO计划与前期筹备 (上)' 写作完成，生成了 3525 字符
2025-02-26 17:13:02,241 - INFO - 进度已保存至: articles/蜜蜂会MiForum逆袭之路_progress.md
2025-02-26 17:13:02,242 - INFO - 章节 '上市准备：启动IPO计划与前期筹备 (下)' 写作完成，生成了 5619 字符
2025-02-26 17:13:27,017 - INFO - 进度已保存至: articles/蜜蜂会MiForum逆袭之路_progress.md
2025-02-26 17:13:27,018 - INFO - 章节 '财务审计：规范财务制度与提升透明度' 写作完成，生成了 7620 字符
2025-02-26 17:13:54,579 - INFO - 进度已保存至: articles/蜜蜂会MiForum逆袭之路_progress.md
2025-02-26 17:13:54,580 - INFO - 章节 '法律合规审查：确保上市的法律风险可控' 写作完成，生成了 5275 字符
2025-02-26 17:14:15,127 - INFO - 进度已保存至: articles/蜜蜂会MiForum逆袭之路_progress.md
2025-02-26 17:14:15,128 - INFO - 章节 '公关宣传：塑造积极的上市形象与市场预期' 写作完成，生成了 5736 字符
2025-02-26 17:14:36,776 - INFO - 进度已保存至: articles/蜜蜂会MiForum逆袭之路_progress.md
2025-02-26 17:14:36,776 - INFO - 章节 '路演与投资者关系：争取机构投资者的青睐' 写作完成，生成了 6683 字符
2025-02-26 17:14:59,850 - INFO - 进度已保存至: articles/蜜蜂会MiForum逆袭之路_progress.md
2025-02-26 17:14:59,851 - INFO - 章节 '定价博弈：确定合理的发行价格与估值 (上)' 写作完成，生成了 4326 字符
2025-02-26 17:15:23,158 - INFO - 进度已保存至: articles/蜜蜂会MiForum逆袭之路_progress.md
2025-02-26 17:15:23,159 - INFO - 章节 '定价博弈：确定合理的发行价格与估值 (下)' 写作完成，生成了 4829 字符
2025-02-26 17:15:46,813 - INFO - 进度已保存至: articles/蜜蜂会MiForum逆袭之路_progress.md
2025-02-26 17:15:46,814 - INFO - 章节 '上市倒计时：最后的冲刺与压力' 写作完成，生成了 4908 字符
2025-02-26 17:16:08,218 - INFO - 进度已保存至: articles/蜜蜂会MiForum逆袭之路_progress.md
2025-02-26 17:16:08,218 - INFO - 章节 '敲钟时刻：MiForum成功上市的历史性瞬间 (上)' 写作完成，生成了 4129 字符
2025-02-26 17:16:24,598 - INFO - 进度已保存至: articles/蜜蜂会MiForum逆袭之路_progress.md
2025-02-26 17:16:24,599 - INFO - 章节 '敲钟时刻：MiForum成功上市的历史性瞬间 (下)' 写作完成，生成了 2617 字符
2025-02-26 17:16:45,964 - INFO - 进度已保存至: articles/蜜蜂会MiForum逆袭之路_progress.md
2025-02-26 17:16:45,965 - INFO - 章节 '股价波动：上市后的市场反应与挑战' 写作完成，生成了 3859 字符
2025-02-26 17:17:08,633 - INFO - 进度已保存至: articles/蜜蜂会MiForum逆袭之路_progress.md
2025-02-26 17:17:08,634 - INFO - 章节 '资本市场的洗礼：应对股价下跌与股东压力' 写作完成，生成了 3898 字符
2025-02-26 17:17:32,984 - INFO - 进度已保存至: articles/蜜蜂会MiForum逆袭之路_progress.md
2025-02-26 17:17:32,988 - INFO - 章节 '上市后的战略调整：巩固市场地位与持续增长' 写作完成，生成了 4338 字符
2025-02-26 17:17:59,749 - INFO - 进度已保存至: articles/蜜蜂会MiForum逆袭之路_progress.md
2025-02-26 17:17:59,750 - INFO - 章节 '并购与整合：利用资本力量扩大市场份额' 写作完成，生成了 4366 字符
2025-02-26 17:18:17,964 - INFO - 进度已保存至: articles/蜜蜂会MiForum逆袭之路_progress.md
2025-02-26 17:18:17,965 - INFO - 章节 '国际化战略深化：全球市场布局与品牌建设 (上)' 写作完成，生成了 3632 字符
2025-02-26 17:18:42,961 - INFO - 进度已保存至: articles/蜜蜂会MiForum逆袭之路_progress.md
2025-02-26 17:18:42,963 - INFO - 章节 '国际化战略深化：全球市场布局与品牌建设 (下)' 写作完成，生成了 5691 字符
2025-02-26 17:19:05,165 - INFO - 进度已保存至: articles/蜜蜂会MiForum逆袭之路_progress.md
2025-02-26 17:19:05,166 - INFO - 章节 '技术创新驱动：持续研发投入与技术领先' 写作完成，生成了 5445 字符
2025-02-26 17:19:26,466 - INFO - 进度已保存至: articles/蜜蜂会MiForum逆袭之路_progress.md
2025-02-26 17:19:26,466 - INFO - 章节 '人才战略升级：吸引全球顶尖人才' 写作完成，生成了 4187 字符
2025-02-26 17:19:55,375 - INFO - 进度已保存至: articles/蜜蜂会MiForum逆袭之路_progress.md
2025-02-26 17:19:55,376 - INFO - 章节 '企业社会责任强化：ESG理念与可持续发展' 写作完成，生成了 5355 字符
2025-02-26 17:20:13,261 - INFO - 进度已保存至: articles/蜜蜂会MiForum逆袭之路_progress.md
2025-02-26 17:20:13,261 - INFO - 章节 '石头的情感抉择：苏菲与新出现的X感女强人的情感纠葛 (上)' 写作完成，生成了 3115 字符
2025-02-26 17:20:31,879 - INFO - 进度已保存至: articles/蜜蜂会MiForum逆袭之路_progress.md
2025-02-26 17:20:31,880 - INFO - 章节 '石头的情感抉择：苏菲与新出现的X感女强人的情感纠葛 (下)' 写作完成，生成了 2199 字符
2025-02-26 17:20:57,314 - INFO - 进度已保存至: articles/蜜蜂会MiForum逆袭之路_progress.md
2025-02-26 17:20:57,315 - INFO - 章节 '张琨的权力巅峰：成为公司掌舵人的挑战' 写作完成，生成了 3958 字符
2025-02-26 17:21:14,794 - INFO - 进度已保存至: articles/蜜蜂会MiForum逆袭之路_progress.md
2025-02-26 17:21:14,795 - INFO - 章节 '明哥的技术梦想：追求技术突破与行业领先' 写作完成，生成了 3780 字符
2025-02-26 17:21:37,255 - INFO - 进度已保存至: articles/蜜蜂会MiForum逆袭之路_progress.md
2025-02-26 17:21:37,256 - INFO - 章节 '晓阳的营销帝国：打造全球品牌与用户生态' 写作完成，生成了 4758 字符
2025-02-26 17:21:57,203 - INFO - 进度已保存至: articles/蜜蜂会MiForum逆袭之路_progress.md
2025-02-26 17:21:57,203 - INFO - 章节 'Daniel的回归与救赎：重新审视自我与团队关系 (上)' 写作完成，生成了 3434 字符
2025-02-26 17:22:16,849 - INFO - 进度已保存至: articles/蜜蜂会MiForum逆袭之路_progress.md
2025-02-26 17:22:16,850 - INFO - 章节 'Daniel的回归与救赎：重新审视自我与团队关系 (下)' 写作完成，生成了 3222 字符
2025-02-26 17:22:51,059 - INFO - 进度已保存至: articles/蜜蜂会MiForum逆袭之路_progress.md
2025-02-26 17:22:51,060 - INFO - 章节 '三石的财富人生：财务自由后的个人选择与思考' 写作完成，生成了 5180 字符
2025-02-26 17:23:18,403 - INFO - 进度已保存至: articles/蜜蜂会MiForum逆袭之路_progress.md
2025-02-26 17:23:18,404 - INFO - 章节 '新一代创业者：行业新秀的崛起与挑战' 写作完成，生成了 4447 字符
2025-02-26 17:23:42,076 - INFO - 进度已保存至: articles/蜜蜂会MiForum逆袭之路_progress.md
2025-02-26 17:23:42,077 - INFO - 章节 '行业变革：医疗信息化行业的未来趋势与机遇' 写作完成，生成了 5850 字符
2025-02-26 17:24:08,038 - INFO - 进度已保存至: articles/蜜蜂会MiForum逆袭之路_progress.md
2025-02-26 17:24:08,038 - INFO - 章节 '技术伦理：人工智能与医疗伦理的思考' 写作完成，生成了 5324 字符
2025-02-26 17:24:30,293 - INFO - 进度已保存至: articles/蜜蜂会MiForum逆袭之路_progress.md
2025-02-26 17:24:30,294 - INFO - 章节 '数据安全与隐私保护：医疗数据安全面临的挑战' 写作完成，生成了 3991 字符
2025-02-26 17:24:57,926 - INFO - 进度已保存至: articles/蜜蜂会MiForum逆袭之路_progress.md
2025-02-26 17:24:57,927 - INFO - 章节 '全球医疗信息化竞争格局：MiForum的国际地位与挑战' 写作完成，生成了 8701 字符
2025-02-26 17:25:15,655 - INFO - 进度已保存至: articles/蜜蜂会MiForum逆袭之路_progress.md
2025-02-26 17:25:15,656 - INFO - 章节 '后疫情时代：医疗信息化行业的新常态 (上)' 写作完成，生成了 4233 字符
2025-02-26 17:25:34,158 - INFO - 进度已保存至: articles/蜜蜂会MiForum逆袭之路_progress.md
2025-02-26 17:25:34,159 - INFO - 章节 '后疫情时代：医疗信息化行业的新常态 (下)' 写作完成，生成了 4886 字符
2025-02-26 17:26:10,228 - INFO - 进度已保存至: articles/蜜蜂会MiForum逆袭之路_progress.md
2025-02-26 17:26:10,228 - INFO - 章节 '健康中国战略：政策机遇与市场前景' 写作完成，生成了 9086 字符
2025-02-26 17:26:30,868 - INFO - 进度已保存至: articles/蜜蜂会MiForum逆袭之路_progress.md
2025-02-26 17:26:30,869 - INFO - 章节 '老友重聚：蜜蜂会创始团队的聚首与反思 (上)' 写作完成，生成了 3056 字符
2025-02-26 17:26:49,763 - INFO - 进度已保存至: articles/蜜蜂会MiForum逆袭之路_progress.md
2025-02-26 17:26:49,764 - INFO - 章节 '老友重聚：蜜蜂会创始团队的聚首与反思 (下)' 写作完成，生成了 3133 字符
2025-02-26 17:27:17,004 - INFO - 进度已保存至: articles/蜜蜂会MiForum逆袭之路_progress.md
2025-02-26 17:27:17,004 - INFO - 章节 '回忆往昔：创业初期的艰辛与快乐' 写作完成，生成了 4668 字符
2025-02-26 17:27:39,328 - INFO - 进度已保存至: articles/蜜蜂会MiForum逆袭之路_progress.md
2025-02-26 17:27:39,329 - INFO - 章节 '展望未来：MiForum的下一个十年与愿景' 写作完成，生成了 5061 字符
2025-02-26 17:28:00,947 - INFO - 进度已保存至: articles/蜜蜂会MiForum逆袭之路_progress.md
2025-02-26 17:28:00,947 - INFO - 章节 '传承与创新：蜜蜂会精神的延续与发展' 写作完成，生成了 4088 字符
2025-02-26 17:28:24,597 - INFO - 进度已保存至: articles/蜜蜂会MiForum逆袭之路_progress.md
2025-02-26 17:28:24,597 - INFO - 章节 '都市夜话：创业者们的午夜心声与情感流露' 写作完成，生成了 4023 字符
2025-02-26 17:28:48,341 - INFO - 进度已保存至: articles/蜜蜂会MiForum逆袭之路_progress.md
2025-02-26 17:28:48,341 - INFO - 章节 '时代浪潮：医疗信息化行业发展的时代印记 (上)' 写作完成，生成了 3906 字符
2025-02-26 17:29:05,250 - INFO - 进度已保存至: articles/蜜蜂会MiForum逆袭之路_progress.md
2025-02-26 17:29:05,251 - INFO - 章节 '时代浪潮：医疗信息化行业发展的时代印记 (下)' 写作完成，生成了 2881 字符
2025-02-26 17:29:31,300 - INFO - 进度已保存至: articles/蜜蜂会MiForum逆袭之路_progress.md
2025-02-26 17:29:31,301 - INFO - 章节 '商业本质：回归商业的初心与价值创造' 写作完成，生成了 4614 字符
2025-02-26 17:29:55,830 - INFO - 进度已保存至: articles/蜜蜂会MiForum逆袭之路_progress.md
2025-02-26 17:29:55,830 - INFO - 章节 '人生意义：创业与人生的价值追寻' 写作完成，生成了 4182 字符
2025-02-26 17:30:18,484 - INFO - 进度已保存至: articles/蜜蜂会MiForum逆袭之路_progress.md
2025-02-26 17:30:18,485 - INFO - 章节 '逆袭之路的启示：创业成功的经验与教训' 写作完成，生成了 3758 字符
2025-02-26 17:30:37,402 - INFO - 进度已保存至: articles/蜜蜂会MiForum逆袭之路_progress.md
2025-02-26 17:30:37,403 - INFO - 章节 '蜜蜂会传说：MiForum的传奇故事与时代精神 (上)' 写作完成，生成了 3407 字符
2025-02-26 17:30:53,890 - INFO - 进度已保存至: articles/蜜蜂会MiForum逆袭之路_progress.md
2025-02-26 17:30:53,890 - INFO - 章节 '蜜蜂会传说：MiForum的传奇故事与时代精神 (下)' 写作完成，生成了 2856 字符
2025-02-26 17:31:15,701 - INFO - 进度已保存至: articles/蜜蜂会MiForum逆袭之路_progress.md
2025-02-26 17:31:15,701 - INFO - 章节 '情感的羁绊：爱情、友情与亲情在创业路上的交织' 写作完成，生成了 3983 字符
2025-02-26 17:31:45,401 - INFO - 进度已保存至: articles/蜜蜂会MiForum逆袭之路_progress.md
2025-02-26 17:31:45,402 - INFO - 章节 '欲望与救赎：商业成功背后的道德抉择与人性挣扎' 写作完成，生成了 4129 字符
2025-02-26 17:32:08,114 - INFO - 进度已保存至: articles/蜜蜂会MiForum逆袭之路_progress.md
2025-02-26 17:32:08,114 - INFO - 章节 '时代的缩影：MiForum的故事与中国互联网发展历程' 写作完成，生成了 3385 字符
2025-02-26 17:32:32,073 - INFO - 进度已保存至: articles/蜜蜂会MiForum逆袭之路_progress.md
2025-02-26 17:32:32,074 - INFO - 章节 '梦想的力量：驱动创业者不断前行的内在动力' 写作完成，生成了 4718 字符
2025-02-26 17:32:48,886 - INFO - 进度已保存至: articles/蜜蜂会MiForum逆袭之路_progress.md
2025-02-26 17:32:48,887 - INFO - 章节 '城市变迁：故事发生的城市背景与时代脉搏' 写作完成，生成了 2675 字符
2025-02-26 17:33:11,524 - INFO - 进度已保存至: articles/蜜蜂会MiForum逆袭之路_progress.md
2025-02-26 17:33:11,524 - INFO - 章节 '王朔式幽默：故事中的黑色幽默与讽刺 (上)' 写作完成，生成了 3130 字符
2025-02-26 17:33:27,947 - INFO - 进度已保存至: articles/蜜蜂会MiForum逆袭之路_progress.md
2025-02-26 17:33:27,947 - INFO - 章节 '王朔式幽默：故事中的黑色幽默与讽刺 (下)' 写作完成，生成了 3028 字符
2025-02-26 17:33:49,613 - INFO - 进度已保存至: articles/蜜蜂会MiForum逆袭之路_progress.md
2025-02-26 17:33:49,613 - INFO - 章节 'X感女郎：故事中魅力女性的角色与影响' 写作完成，生成了 3665 字符
2025-02-26 17:34:11,056 - INFO - 进度已保存至: articles/蜜蜂会MiForum逆袭之路_progress.md
2025-02-26 17:34:11,057 - INFO - 章节 '亲热戏码：情感戏的尺度与人物关系的展现' 写作完成，生成了 4255 字符
2025-02-26 17:34:30,728 - INFO - 进度已保存至: articles/蜜蜂会MiForum逆袭之路_progress.md
2025-02-26 17:34:30,729 - INFO - 章节 'H外情迷局：复杂情感关系与道德困境' 写作完成，生成了 2509 字符
2025-02-26 17:35:03,586 - INFO - 进度已保存至: articles/蜜蜂会MiForum逆袭之路_progress.md
2025-02-26 17:35:03,588 - INFO - 章节 '三角恋漩涡：爱情的复杂性与选择的艰难' 写作完成，生成了 5298 字符
2025-02-26 17:35:21,261 - INFO - 进度已保存至: articles/蜜蜂会MiForum逆袭之路_progress.md
2025-02-26 17:35:21,262 - INFO - 章节 '情感救赎：人物在情感纠葛中的成长与蜕变 (上)' 写作完成，生成了 2414 字符
2025-02-26 17:35:49,683 - INFO - 进度已保存至: articles/蜜蜂会MiForum逆袭之路_progress.md
2025-02-26 17:35:49,683 - INFO - 章节 '情感救赎：人物在情感纠葛中的成长与蜕变 (下)' 写作完成，生成了 4894 字符
2025-02-26 17:36:22,719 - INFO - 进度已保存至: articles/蜜蜂会MiForum逆袭之路_progress.md
2025-02-26 17:36:22,719 - INFO - 章节 '都市众生相：展现城市创业人群的真实生活与情感' 写作完成，生成了 3623 字符
2025-02-26 17:36:45,546 - INFO - 进度已保存至: articles/蜜蜂会MiForum逆袭之路_progress.md
2025-02-26 17:36:45,547 - INFO - 章节 '逆袭的真谛：超越物质成功的精神追求' 写作完成，生成了 3821 字符
2025-02-26 17:37:07,655 - INFO - 进度已保存至: articles/蜜蜂会MiForum逆袭之路_progress.md
2025-02-26 17:37:07,656 - INFO - 章节 '蜜蜂会精神的传承：激励新一代创业者' 写作完成，生成了 3048 字符
2025-02-26 17:37:31,413 - INFO - 进度已保存至: articles/蜜蜂会MiForum逆袭之路_progress.md
2025-02-26 17:37:31,413 - INFO - 章节 '大结局：MiForum的未来与创始人们的归宿 (上)' 写作完成，生成了 4171 字符
2025-02-26 17:37:53,639 - INFO - 进度已保存至: articles/蜜蜂会MiForum逆袭之路_progress.md
2025-02-26 17:37:53,639 - INFO - 章节 '大结局：MiForum的未来与创始人们的归宿 (下)' 写作完成，生成了 4184 字符
2025-02-26 17:38:34,409 - INFO - 进度已保存至: articles/蜜蜂会MiForum逆袭之路_progress.md
2025-02-26 17:38:34,410 - INFO - 章节 '尾声：多年后的回望与感悟' 写作完成，生成了 4523 字符
2025-02-26 17:38:54,070 - INFO - 进度已保存至: articles/蜜蜂会MiForum逆袭之路_progress.md
2025-02-26 17:38:54,070 - INFO - 章节 '结论：蜜蜂会逆袭之路的时代意义与价值' 写作完成，生成了 3198 字符
2025-02-26 17:39:01,498 - INFO - 文章已保存至: articles/蜜蜂会MiForum逆袭之路_20250226_173901.md
2025-02-26 17:39:01,500 - INFO - 文章生成成功完成
2025-02-26 17:39:01,500 - INFO - 日志文件: logs/蜜蜂会MiForum逆袭之路_20250226_164225.log
2025-02-26 17:39:01,500 - INFO - 大纲文件: articles/蜜蜂会MiForum逆袭之路_20250226_164254_outline.json
2025-02-26 17:39:01,500 - INFO - 文章文件: articles/蜜蜂会MiForum逆袭之路_20250226_173901.md
