2025-02-26 15:22:47,547 - INFO - 开始为 蜜蜂会（MiForum）逆袭之路 生成文章
2025-02-26 15:22:47,547 - INFO - 日志文件创建于: logs/蜜蜂会MiForum逆袭之路_20250226_152247.log
2025-02-26 15:22:47,547 - INFO - 生成大纲: 标题: 蜜蜂会（MiForum）逆袭之路, 长度: 100000, 体裁: 城市科幻逆袭爽文（王朔风格）, 语言: 中文
2025-02-26 15:23:07,742 - INFO - 生成的大纲文本:
```json
[
  {
    "title": "千禧年初的躁动：中关村的野蛮生长与六个不安分的灵魂",
    "length": 3000,
    "level": 1
  },
  {
    "title": "一张咖啡馆的餐巾纸：MiForum的雏形与最初的梦想",
    "length": 3500,
    "level": 1
  },
  {
    "title": "代码、啤酒与初体验：简陋的MiForum 1.0上线",
    "length": 3200,
    "level": 1
  },
  {
    "title": "医院里的第一声啼哭：MiForum在医疗信息化行业的试水",
    "length": 3800,
    "level": 1
  },
  {
    "title": "天使轮的诱惑与陷阱：资本的入场与团队的裂痕",
    "length": 4000,
    "level": 1
  },
  {
    "title": "性感女销售苏菲：业绩飙升与办公室的暧昧气息",
    "length": 4200,
    "level": 1
  },
  {
    "title": "三石的婚外情：家庭危机与创业伙伴的指责",
    "length": 4500,
    "level": 1
  },
  {
    "title": "明哥的三角恋：前女友、现女友与工作的纠缠",
    "length": 4300,
    "level": 1
  },
  {
    "title": "张琨的隐秘恋情：与投资方千金的地下情",
    "length": 4600,
    "level": 1
  },
  {
    "title": "石头与晓阳的兄弟情裂缝：技术路线之争与价值观的冲突",
    "length": 4400,
    "level": 1
  },
  {
    "title": "Daniel的跨国诱惑：海外offer与团队的挽留",
    "length": 4100,
    "level": 1
  },
  {
    "title": "行业巨头的觊觎：收购威胁与MiForum的独立宣言",
    "length": 4700,
    "level": 1
  },
  {
    "title": "竞品狙击与恶意诽谤：MiForum的公关危机",
    "length": 4500,
    "level": 1
  },
  {
    "title": "绝地反击：技术创新与用户口碑的双重逆袭",
    "length": 4800,
    "level": 1
  },
  {
    "title": "B轮融资的惊险一跃：资金链断裂边缘的生死时速",
    "length": 4900,
    "level": 1
  },
  {
    "title": "新产品发布会的意外插曲：技术故障与临场应变",
    "length": 4600,
    "level": 1
  },
  {
    "title": "媒体聚焦与舆论反转：MiForum的正面形象重塑",
    "length": 4700,
    "level": 1
  },
  {
    "title": "扩张与瓶颈：团队管理的挑战与组织架构的升级",
    "length": 4500,
    "level": 1
  },
  {
    "title": "更性感的营销总监安娜：市场推广的新策略与情感漩涡",
    "length": 4800,
    "level": 1
  },
  {
    "title": "晓阳的迷途与回归：沉迷游戏与重拾初心",
    "length": 4300,
    "level": 1
  },
  {
    "title": "Daniel的秘密武器：人工智能在医疗信息化领域的突破",
    "length": 4900,
    "level": 1
  },
  {
    "title": "石头与苏菲的办公室恋情：激情与道德的拷问",
    "length": 5000,
    "level": 1
  },
  {
    "title": "张琨的家族压力：联姻与事业的抉择",
    "length": 4700,
    "level": 1
  },
  {
    "title": "明哥的感情抉择：告别过去，拥抱未来",
    "length": 4400,
    "level": 1
  },
  {
    "title": "三石的家庭修复：回归家庭与责任的承担",
    "length": 4600,
    "level": 1
  },
  {
    "title": "Pre-IPO轮的资本狂欢：估值暴涨与套现离场的诱惑",
    "length": 4800,
    "level": 1
  },
  {
    "title": "上市前的最后一次危机：数据泄露与信任危机",
    "length": 4900,
    "level": 1
  },
  {
    "title": "惊险过关：危机公关与技术补救的完美配合",
    "length": 4700,
    "level": 1
  },
  {
    "title": "蜜蜂会（MiForum）正式上市：敲钟仪式与梦想的实现",
    "length": 5000,
    "level": 1
  },
  {
    "title": "庆功宴的狂欢与落寞：成功背后的代价与反思",
    "length": 4500,
    "level": 1
  },
  {
    "title": "石头与苏菲的未来：爱情与事业的平衡难题",
    "length": 4300,
    "level": 1
  },
  {
    "title": "张琨的新起点：家族企业的责任与个人价值的追寻",
    "length": 4200,
    "level": 1
  },
  {
    "title": "明哥的再次出发：新的创业方向与人生的可能性",
    "length": 4100,
    "level": 1
  },
  {
    "title": "三石的家庭新篇章：弥补遗憾与重新出发",
    "length": 4000,
    "level": 1
  },
  {
    "title": "晓阳的游戏公司：兴趣与事业的结合",
    "length": 3900,
    "level": 1
  },
  {
    "title": "Daniel的国际化视野：MiForum的全球化战略",
    "length": 4400,
    "level": 1
  },
  {
    "title": "十年后：蜜蜂会的江湖与六个人的各自人生",
    "length": 4000,
    "level": 1
  }
]
```
2025-02-26 15:23:07,745 - INFO - 解析后的大纲: [
  {
    "title": "千禧年初的躁动：中关村的野蛮生长与六个不安分的灵魂",
    "length": 3000,
    "level": 1
  },
  {
    "title": "一张咖啡馆的餐巾纸：MiForum的雏形与最初的梦想",
    "length": 3500,
    "level": 1
  },
  {
    "title": "代码、啤酒与初体验：简陋的MiForum 1.0上线",
    "length": 3200,
    "level": 1
  },
  {
    "title": "医院里的第一声啼哭：MiForum在医疗信息化行业的试水",
    "length": 3800,
    "level": 1
  },
  {
    "title": "天使轮的诱惑与陷阱：资本的入场与团队的裂痕",
    "length": 4000,
    "level": 1
  },
  {
    "title": "性感女销售苏菲：业绩飙升与办公室的暧昧气息",
    "length": 4200,
    "level": 1
  },
  {
    "title": "三石的婚外情：家庭危机与创业伙伴的指责",
    "length": 4500,
    "level": 1
  },
  {
    "title": "明哥的三角恋：前女友、现女友与工作的纠缠",
    "length": 4300,
    "level": 1
  },
  {
    "title": "张琨的隐秘恋情：与投资方千金的地下情",
    "length": 4600,
    "level": 1
  },
  {
    "title": "石头与晓阳的兄弟情裂缝：技术路线之争与价值观的冲突",
    "length": 4400,
    "level": 1
  },
  {
    "title": "Daniel的跨国诱惑：海外offer与团队的挽留",
    "length": 4100,
    "level": 1
  },
  {
    "title": "行业巨头的觊觎：收购威胁与MiForum的独立宣言",
    "length": 4700,
    "level": 1
  },
  {
    "title": "竞品狙击与恶意诽谤：MiForum的公关危机",
    "length": 4500,
    "level": 1
  },
  {
    "title": "绝地反击：技术创新与用户口碑的双重逆袭",
    "length": 4800,
    "level": 1
  },
  {
    "title": "B轮融资的惊险一跃：资金链断裂边缘的生死时速",
    "length": 4900,
    "level": 1
  },
  {
    "title": "新产品发布会的意外插曲：技术故障与临场应变",
    "length": 4600,
    "level": 1
  },
  {
    "title": "媒体聚焦与舆论反转：MiForum的正面形象重塑",
    "length": 4700,
    "level": 1
  },
  {
    "title": "扩张与瓶颈：团队管理的挑战与组织架构的升级",
    "length": 4500,
    "level": 1
  },
  {
    "title": "更性感的营销总监安娜：市场推广的新策略与情感漩涡",
    "length": 4800,
    "level": 1
  },
  {
    "title": "晓阳的迷途与回归：沉迷游戏与重拾初心",
    "length": 4300,
    "level": 1
  },
  {
    "title": "Daniel的秘密武器：人工智能在医疗信息化领域的突破",
    "length": 4900,
    "level": 1
  },
  {
    "title": "石头与苏菲的办公室恋情：激情与道德的拷问",
    "length": 5000,
    "level": 1
  },
  {
    "title": "张琨的家族压力：联姻与事业的抉择",
    "length": 4700,
    "level": 1
  },
  {
    "title": "明哥的感情抉择：告别过去，拥抱未来",
    "length": 4400,
    "level": 1
  },
  {
    "title": "三石的家庭修复：回归家庭与责任的承担",
    "length": 4600,
    "level": 1
  },
  {
    "title": "Pre-IPO轮的资本狂欢：估值暴涨与套现离场的诱惑",
    "length": 4800,
    "level": 1
  },
  {
    "title": "上市前的最后一次危机：数据泄露与信任危机",
    "length": 4900,
    "level": 1
  },
  {
    "title": "惊险过关：危机公关与技术补救的完美配合",
    "length": 4700,
    "level": 1
  },
  {
    "title": "蜜蜂会（MiForum）正式上市：敲钟仪式与梦想的实现",
    "length": 5000,
    "level": 1
  },
  {
    "title": "庆功宴的狂欢与落寞：成功背后的代价与反思",
    "length": 4500,
    "level": 1
  },
  {
    "title": "石头与苏菲的未来：爱情与事业的平衡难题",
    "length": 4300,
    "level": 1
  },
  {
    "title": "张琨的新起点：家族企业的责任与个人价值的追寻",
    "length": 4200,
    "level": 1
  },
  {
    "title": "明哥的再次出发：新的创业方向与人生的可能性",
    "length": 4100,
    "level": 1
  },
  {
    "title": "三石的家庭新篇章：弥补遗憾与重新出发",
    "length": 4000,
    "level": 1
  },
  {
    "title": "晓阳的游戏公司：兴趣与事业的结合",
    "length": 3900,
    "level": 1
  },
  {
    "title": "Daniel的国际化视野：MiForum的全球化战略",
    "length": 4400,
    "level": 1
  },
  {
    "title": "十年后：蜜蜂会的江湖与六个人的各自人生",
    "length": 4000,
    "level": 1
  }
]
2025-02-26 15:23:07,746 - WARNING - 大纲总字数(161800)与目标字数(100000)相差超过10%
2025-02-26 15:23:07,746 - INFO - 章节数过多，尝试合并相似章节...
2025-02-26 15:23:07,747 - INFO - 标题净化: '性感女销售苏菲：业绩飙升与办公室的暧昧气息' -> '挑战感女销售苏菲：业绩飙升与办公室的暧昧气息'
2025-02-26 15:23:07,747 - INFO - 标题净化: '三石的婚外情：家庭危机与创业伙伴的指责' -> '三石的家庭挑战：家庭危机与创业伙伴的指责'
2025-02-26 15:23:07,747 - INFO - 标题净化: '竞品狙击与恶意诽谤：MiForum的公关危机' -> '竞品狙击与强势诽谤：MiForum的公关危机'
2025-02-26 15:23:07,747 - INFO - 标题净化: '更性感的营销总监安娜：市场推广的新策略与情感漩涡' -> '更挑战感的营销总监安娜：市场推广的新策略与情感漩涡'
2025-02-26 15:23:07,747 - INFO - 标题净化: '明哥的再次出发：新的创业方向与人生的可能性' -> '明哥的再次出发：新的创业方向与人生的可能挑战'
2025-02-26 15:23:07,747 - INFO - 大纲生成成功
2025-02-26 15:23:07,749 - INFO - 大纲已保存至: articles/蜜蜂会MiForum逆袭之路_20250226_152307_outline.json
2025-02-26 15:23:07,749 - INFO - 正在组装文章...
2025-02-26 15:23:46,758 - INFO - 进度已保存至: articles/蜜蜂会MiForum逆袭之路_progress.md
2025-02-26 15:23:46,759 - INFO - 章节 '千禧年初的躁动：中关村的野蛮生长与六个不安分的灵魂' 写作完成，生成了 3536 字符
2025-02-26 15:24:13,795 - INFO - 进度已保存至: articles/蜜蜂会MiForum逆袭之路_progress.md
2025-02-26 15:24:13,796 - INFO - 章节 '一张咖啡馆的餐巾纸：MiForum的雏形与最初的梦想' 写作完成，生成了 4749 字符
2025-02-26 15:24:41,440 - INFO - 进度已保存至: articles/蜜蜂会MiForum逆袭之路_progress.md
2025-02-26 15:24:41,440 - INFO - 章节 '代码、啤酒与初体验：简陋的MiForum 1.0上线' 写作完成，生成了 4840 字符
2025-02-26 15:25:06,324 - INFO - 进度已保存至: articles/蜜蜂会MiForum逆袭之路_progress.md
2025-02-26 15:25:06,324 - INFO - 章节 '医院里的第一声啼哭：MiForum在医疗信息化行业的试水' 写作完成，生成了 4309 字符
2025-02-26 15:25:33,715 - INFO - 进度已保存至: articles/蜜蜂会MiForum逆袭之路_progress.md
2025-02-26 15:25:33,715 - INFO - 章节 '天使轮的诱惑与陷阱：资本的入场与团队的裂痕' 写作完成，生成了 4513 字符
2025-02-26 15:25:58,857 - INFO - 进度已保存至: articles/蜜蜂会MiForum逆袭之路_progress.md
2025-02-26 15:25:58,858 - INFO - 章节 '挑战感女销售苏菲：业绩飙升与办公室的暧昧气息' 写作完成，生成了 4901 字符
2025-02-26 15:26:30,910 - INFO - 进度已保存至: articles/蜜蜂会MiForum逆袭之路_progress.md
2025-02-26 15:26:30,911 - INFO - 章节 '三石的家庭挑战：家庭危机与创业伙伴的指责' 写作完成，生成了 4746 字符
2025-02-26 15:26:59,146 - INFO - 进度已保存至: articles/蜜蜂会MiForum逆袭之路_progress.md
2025-02-26 15:26:59,147 - INFO - 章节 '明哥的三角恋：前女友、现女友与工作的纠缠' 写作完成，生成了 4582 字符
2025-02-26 15:27:24,563 - INFO - 进度已保存至: articles/蜜蜂会MiForum逆袭之路_progress.md
2025-02-26 15:27:24,564 - INFO - 章节 '张琨的隐秘恋情：与投资方千金的地下情' 写作完成，生成了 5389 字符
2025-02-26 15:27:50,584 - INFO - 进度已保存至: articles/蜜蜂会MiForum逆袭之路_progress.md
2025-02-26 15:27:50,585 - INFO - 章节 '石头与晓阳的兄弟情裂缝：技术路线之争与价值观的冲突' 写作完成，生成了 4409 字符
2025-02-26 15:28:17,082 - INFO - 进度已保存至: articles/蜜蜂会MiForum逆袭之路_progress.md
2025-02-26 15:28:17,082 - INFO - 章节 'Daniel的跨国诱惑：海外offer与团队的挽留' 写作完成，生成了 4294 字符
2025-02-26 15:28:44,748 - INFO - 进度已保存至: articles/蜜蜂会MiForum逆袭之路_progress.md
2025-02-26 15:28:44,749 - INFO - 章节 '行业巨头的觊觎：收购威胁与MiForum的独立宣言' 写作完成，生成了 4315 字符
2025-02-26 15:29:05,636 - INFO - 进度已保存至: articles/蜜蜂会MiForum逆袭之路_progress.md
2025-02-26 15:29:05,636 - INFO - 章节 '竞品狙击与强势诽谤：MiForum的公关危机' 写作完成，生成了 3612 字符
2025-02-26 15:29:30,841 - INFO - 进度已保存至: articles/蜜蜂会MiForum逆袭之路_progress.md
2025-02-26 15:29:30,842 - INFO - 章节 '绝地反击：技术创新与用户口碑的双重逆袭' 写作完成，生成了 3950 字符
2025-02-26 15:29:55,022 - INFO - 进度已保存至: articles/蜜蜂会MiForum逆袭之路_progress.md
2025-02-26 15:29:55,022 - INFO - 章节 'B轮融资的惊险一跃：资金链断裂边缘的生死时速' 写作完成，生成了 3836 字符
2025-02-26 15:30:26,740 - INFO - 进度已保存至: articles/蜜蜂会MiForum逆袭之路_progress.md
2025-02-26 15:30:26,741 - INFO - 章节 '新产品发布会的意外插曲：技术故障与临场应变' 写作完成，生成了 4135 字符
2025-02-26 15:31:00,912 - INFO - 进度已保存至: articles/蜜蜂会MiForum逆袭之路_progress.md
2025-02-26 15:31:00,913 - INFO - 章节 '媒体聚焦与舆论反转：MiForum的正面形象重塑' 写作完成，生成了 3277 字符
2025-02-26 15:31:24,606 - INFO - 进度已保存至: articles/蜜蜂会MiForum逆袭之路_progress.md
2025-02-26 15:31:24,607 - INFO - 章节 '扩张与瓶颈：团队管理的挑战与组织架构的升级' 写作完成，生成了 4133 字符
2025-02-26 15:31:49,892 - INFO - 进度已保存至: articles/蜜蜂会MiForum逆袭之路_progress.md
2025-02-26 15:31:49,893 - INFO - 章节 '更挑战感的营销总监安娜：市场推广的新策略与情感漩涡' 写作完成，生成了 3998 字符
2025-02-26 15:32:09,065 - INFO - 进度已保存至: articles/蜜蜂会MiForum逆袭之路_progress.md
2025-02-26 15:32:09,065 - INFO - 章节 '晓阳的迷途与回归：沉迷游戏与重拾初心' 写作完成，生成了 3145 字符
2025-02-26 15:32:59,349 - INFO - 进度已保存至: articles/蜜蜂会MiForum逆袭之路_progress.md
2025-02-26 15:32:59,349 - INFO - 章节 'Daniel的秘密武器：人工智能在医疗信息化领域的突破' 写作完成，生成了 3480 字符
2025-02-26 15:33:21,465 - INFO - 进度已保存至: articles/蜜蜂会MiForum逆袭之路_progress.md
2025-02-26 15:33:21,466 - INFO - 章节 '石头与苏菲的办公室恋情：激情与道德的拷问' 写作完成，生成了 3309 字符
2025-02-26 15:33:47,578 - INFO - 进度已保存至: articles/蜜蜂会MiForum逆袭之路_progress.md
2025-02-26 15:33:47,579 - INFO - 章节 '张琨的家族压力：联姻与事业的抉择' 写作完成，生成了 3867 字符
2025-02-26 15:34:14,094 - INFO - 进度已保存至: articles/蜜蜂会MiForum逆袭之路_progress.md
2025-02-26 15:34:14,095 - INFO - 章节 '明哥的感情抉择：告别过去，拥抱未来' 写作完成，生成了 4119 字符
2025-02-26 15:34:41,340 - INFO - 进度已保存至: articles/蜜蜂会MiForum逆袭之路_progress.md
2025-02-26 15:34:41,340 - INFO - 章节 '三石的家庭修复：回归家庭与责任的承担' 写作完成，生成了 3705 字符
2025-02-26 15:35:06,492 - INFO - 进度已保存至: articles/蜜蜂会MiForum逆袭之路_progress.md
2025-02-26 15:35:06,493 - INFO - 章节 'Pre-IPO轮的资本狂欢：估值暴涨与套现离场的诱惑' 写作完成，生成了 3180 字符
2025-02-26 15:35:32,723 - INFO - 进度已保存至: articles/蜜蜂会MiForum逆袭之路_progress.md
2025-02-26 15:35:32,724 - INFO - 章节 '上市前的最后一次危机：数据泄露与信任危机' 写作完成，生成了 3576 字符
2025-02-26 15:36:15,042 - INFO - 进度已保存至: articles/蜜蜂会MiForum逆袭之路_progress.md
2025-02-26 15:36:15,043 - INFO - 章节 '惊险过关：危机公关与技术补救的完美配合' 写作完成，生成了 6448 字符
2025-02-26 15:36:33,557 - INFO - 进度已保存至: articles/蜜蜂会MiForum逆袭之路_progress.md
2025-02-26 15:36:33,558 - INFO - 章节 '蜜蜂会（MiForum）正式上市：敲钟仪式与梦想的实现' 写作完成，生成了 3369 字符
2025-02-26 15:36:56,794 - INFO - 进度已保存至: articles/蜜蜂会MiForum逆袭之路_progress.md
2025-02-26 15:36:56,795 - INFO - 章节 '庆功宴的狂欢与落寞：成功背后的代价与反思' 写作完成，生成了 3312 字符
2025-02-26 15:37:36,434 - INFO - 进度已保存至: articles/蜜蜂会MiForum逆袭之路_progress.md
2025-02-26 15:37:36,435 - INFO - 章节 '石头与苏菲的未来：爱情与事业的平衡难题' 写作完成，生成了 4228 字符
2025-02-26 15:38:03,560 - INFO - 进度已保存至: articles/蜜蜂会MiForum逆袭之路_progress.md
2025-02-26 15:38:03,561 - INFO - 章节 '张琨的新起点：家族企业的责任与个人价值的追寻' 写作完成，生成了 3467 字符
2025-02-26 15:38:41,855 - INFO - 进度已保存至: articles/蜜蜂会MiForum逆袭之路_progress.md
2025-02-26 15:38:41,856 - INFO - 章节 '明哥的再次出发：新的创业方向与人生的可能挑战' 写作完成，生成了 3221 字符
2025-02-26 15:39:08,680 - INFO - 进度已保存至: articles/蜜蜂会MiForum逆袭之路_progress.md
2025-02-26 15:39:08,680 - INFO - 章节 '三石的家庭新篇章：弥补遗憾与重新出发' 写作完成，生成了 3881 字符
2025-02-26 15:39:28,341 - INFO - 进度已保存至: articles/蜜蜂会MiForum逆袭之路_progress.md
2025-02-26 15:39:28,342 - INFO - 章节 '晓阳的游戏公司：兴趣与事业的结合' 写作完成，生成了 2971 字符
2025-02-26 15:39:54,695 - INFO - 进度已保存至: articles/蜜蜂会MiForum逆袭之路_progress.md
2025-02-26 15:39:54,696 - INFO - 章节 'Daniel的国际化视野：MiForum的全球化战略' 写作完成，生成了 1549 字符
2025-02-26 15:40:49,655 - INFO - 进度已保存至: articles/蜜蜂会MiForum逆袭之路_progress.md
2025-02-26 15:40:49,656 - INFO - 章节 '十年后：蜜蜂会的江湖与六个人的各自人生' 写作完成，生成了 4404 字符
2025-02-26 15:40:57,842 - INFO - 文章已保存至: articles/蜜蜂会MiForum逆袭之路_20250226_154057.md
2025-02-26 15:40:57,842 - INFO - 文章生成成功完成
2025-02-26 15:40:57,842 - INFO - 日志文件: logs/蜜蜂会MiForum逆袭之路_20250226_152247.log
2025-02-26 15:40:57,843 - INFO - 大纲文件: articles/蜜蜂会MiForum逆袭之路_20250226_152307_outline.json
2025-02-26 15:40:57,843 - INFO - 文章文件: articles/蜜蜂会MiForum逆袭之路_20250226_154057.md
