2025-02-14 16:40:25,981 - INFO - Starting enhanced article generation for: 蜜蜂会（MiForum）逆袭之路
2025-02-14 16:41:04,144 - INFO - Generated outline text:
好的，请看以下《蜜蜂会（MiForum）逆袭之路》的详细大纲：

**1. 引言：背景介绍（约500字）**

* 1.1 时代背景 （约150字）
    *  2002年，中国互联网行业蓬勃发展初期，医疗信息化行业刚刚起步，医院内部信息孤岛现象严重，医护人员缺乏专业交流平台。
    *  技术发展背景：个人电脑普及，拨号上网向宽带过渡，BBS论坛文化盛行。
    *  社会背景：非典疫情尚未爆发，公众对医疗信息化的需求开始萌芽。
* 1.2 主要人物 （约200字）
    *  **石头：**  技术天才，理想主义者，MiForum最初的技术架构师和核心开发者。性格内向，执着。
    *  **张琨：**  市场营销高手，富有激情和执行力，负责MiForum的运营推广和商业化探索。性格外向，善于交际。
    *  **明哥：**  资深行业专家，拥有丰富的医院工作经验，提供行业洞察和资源支持。性格沉稳，富有远见。
    *  **晓阳：**  用户体验至上，注重论坛的社区氛围和用户互动，负责内容运营和社区维护。性格细腻，富有同理心。
    *  **Daniel：**  海归精英，拥有国际视野和资本运作经验，负责MiForum的融资和战略规划。性格果断，精明干练。
    *  **三石：**  低调务实的技术骨干，擅长解决技术难题，是团队的稳定器。性格沉静，默默奉献。
    *  （简要介绍六位创始人的人物特点和彼此关系，以及他们共同的梦想。）
* 1.3 核心事件 （约150字）
    *  MiForum论坛的诞生：六位创始人因共同的行业痛点和理想，决定创建一个专注于医院医疗信息化领域的专业论坛。
    *  论坛发展历程：从最初的草根论坛，历经技术升级、用户积累、商业模式探索、融资困境、团队内部分歧、外部竞争等重重挑战。
    *  最终目标：MiForum成功上市，成为行业领军企业，实现创始人团队的个人价值和社会价值。

**2. 第一章：萌芽：从BBS到梦想的起点（约1000字）**

* 2.1  灵光一闪：咖啡馆里的初次构想 （约300字）
    *  石头在医院工作时，深感信息系统落后和沟通不畅，萌生创建专业论坛的想法。
    *  在一次行业聚会上，石头与张琨、明哥、晓阳相遇，发现彼此都有相似的痛点和愿景。
    *  六人在一家咖啡馆里进行第一次正式会面，畅谈行业现状，碰撞出MiForum的雏形。
* 2.2  草根创业：简陋的论坛搭建与初期运营 （约400字）
    *  石头主导技术搭建，利用开源BBS程序，搭建了最初版本的MiForum论坛。
    *  张琨负责论坛的初期推广，通过行业QQ群、邮件列表等渠道邀请用户。
    *  明哥利用行业资源，邀请业内专家入驻论坛，提升论坛的专业性。
    *  晓阳负责论坛的内容运营，引导话题，维护社区氛围，吸引用户活跃。
* 2.3  梦想起航：MiForum正式上线与早期用户积累 （约300字）
    *  2002年X月X日，MiForum论坛正式上线，域名确定，论坛Logo设计完成。
    *  论坛初期内容以技术交流、行业资讯为主，逐渐吸引了一批早期用户，包括医院信息科人员、软件厂商、行业专家等。
    *  创始团队在运营过程中遇到的初期挑战：服务器不稳定、内容不足、用户增长缓慢等。
    *  团队成员之间的分工协作和初步磨合，为后续发展奠定基础。

**3. 第二章：成长：在荆棘中摸索前行（约1200字）**

* 3.1  用户增长：口碑传播与内容为王 （约400字）
    *  MiForum凭借专业的内容和良好的社区氛围，逐渐在行业内建立口碑，用户数量稳步增长。
    *  晓阳策划一系列线上活动，如专家访谈、技术征文、案例分享等，提升论坛活跃度和用户粘性。
    *  论坛内容逐渐多元化，涵盖医院信息化建设的各个方面，吸引更广泛的用户群体。
    *  用户自发贡献内容增多，形成良性互动，MiForum逐渐成为行业重要的信息交流平台。
* 3.2  技术升级：应对访问量增长与功能拓展 （约400字）
    *  随着用户数量增加，论坛服务器压力增大，石头主导进行技术升级，优化论坛架构，提升访问速度和稳定性。
    *  用户对论坛功能提出更多需求，如在线问答、资源下载、会员系统等，石头带领技术团队逐步开发新功能。
    *  技术升级过程中遇到的挑战：资金不足、技术瓶颈、团队人手不够等。
    *  三石作为技术骨干加入团队，分担石头的技术压力，提升团队的技术实力。
* 3.3  商业化试水：广告与会员模式的初步探索 （约400字）
    *  论坛运营成本逐渐增加，团队开始探索商业化模式，维持论坛的持续发展。
    *  张琨主导进行广告招商，吸引医疗信息化厂商在论坛投放广告，但初期效果并不理想。
    *  团队尝试推出会员制度，为会员提供更优质的内容和服务，但用户付费意愿不高。
    *  商业化探索遇到的困境：行业付费习惯尚未形成、论坛品牌影响力有限、商业模式不够清晰等。

**4. 第三章：挑战：风雨飘摇中的危机与转机（约1500字）**

* 4.1  竞争对手出现：行业论坛的兴起与同质化竞争 （约500字）
    *  MiForum的成功吸引了更多人进入医疗信息化论坛领域，竞争对手陆续出现。
    *  竞争对手采取模仿MiForum模式、低价策略、恶意攻击等手段，对MiForum造成冲击。
    *  MiForum面临用户流失、广告收入下降、品牌形象受损等危机。
    *  团队内部出现焦虑和迷茫，对论坛的未来发展方向产生分歧。
* 4.2  内部矛盾爆发：运营理念与发展方向的争论 （约500字）
    *  张琨主张加快商业化步伐，扩大广告投放，甚至引入风险投资，快速做大做强。
    *  石头坚持用户至上，认为应该专注于提升内容质量和用户体验，保持论坛的专业性和纯粹性。
    *  晓阳担心过度商业化会破坏论坛的社区氛围，导致用户流失。
    *  明哥则从行业发展趋势和长远战略角度，提出稳健发展、差异化竞争的思路。
    *  创始团队内部出现激烈的争论和摩擦，团队面临分裂的风险。
* 4.3  柳暗花明：Daniel的加入与资本的注入 （约500字）
    *  在论坛发展陷入困境之际，Daniel作为投资人出现，看好MiForum的行业价值和发展潜力。
    *  Daniel与创始团队进行深入沟通，了解论坛的现状和问题，提出新的发展思路和商业模式。
    *  Daniel的加入为MiForum带来了资金、资源和国际视野，缓解了论坛的资金压力，也为团队注入了新的活力。
    *  Daniel与创始团队达成合作协议，成为MiForum的战略合作伙伴，共同推动论坛的下一步发展。

**5. 第四章：变革：破茧重生，重塑价值（约1400字）**

* 5.1  战略调整：从论坛到平台，打造医疗信息化生态圈 （约450字）
    *  在Daniel的建议下，MiForum进行战略调整，不再仅仅定位为论坛，而是要打造一个综合性的医疗信息化服务平台。
    *  平台的功能拓展：从信息交流扩展到在线教育、行业招聘、技术咨询、项目对接等多元化服务。
    *  平台的目标用户扩展：从医院信息科人员扩展到医疗机构管理者、医生、护士、患者、医药企业等更广泛的群体。
    *  MiForum的品牌升级：从行业论坛升级为医疗信息化服务平台，提升品牌价值和市场竞争力。
* 5.2  技术升级2.0：移动化转型与智能化探索 （约450字）
    *  移动互联网时代到来，MiForum启动移动化转型，开发App和小程序，满足用户移动端访问需求。
    *  引入新的技术方向，如大数据、人工智能、云计算等，探索在医疗信息化领域的应用。
    *  利用技术手段提升平台的服务能力和用户体验，如个性化推荐、智能客服、数据分析等。
    *  技术升级过程中，石头和三石带领技术团队克服新的技术挑战，不断学习和创新。
* 5.3  商业模式升级：多元化盈利与可持续发展 （约500字）
    *  在平台战略的指引下，MiForum的商业模式也进行升级，从单一的广告和会员模式，拓展到多元化盈利模式。
    *  新的盈利模式包括：在线教育课程、行业招聘服务、技术咨询服务、项目对接佣金、数据服务、增值会员服务等。
    *  商业模式升级的重点在于挖掘用户需求，提供有价值的服务，实现用户和平台的双赢。
    *  张琨负责商业模式的落地和执行，带领团队开拓新的市场和客户。

**6. 第五章：飞跃：乘风破浪，快速扩张（约1300字）**

* 6.1  资本助力：多轮融资与估值提升 （约400字）
    *  MiForum平台战略获得资本市场认可，成功完成多轮融资，引入更多投资机构。
    *  融资资金用于技术研发、市场推广、团队扩张、业务拓展等方面，加速平台发展。
    *  随着用户规模和收入增长，MiForum的估值不断提升，成为行业内的明星企业。
    *  Daniel在融资过程中发挥关键作用，利用其资本运作经验和人脉资源，为MiForum争取有利条件。
* 6.2  市场扩张：渠道拓展与品牌营销 （约450字）
    *  MiForum加大市场推广力度，拓展线上线下渠道，提升品牌知名度和影响力。
    *  线上渠道：搜索引擎优化、社交媒体营销、内容营销、行业合作等。
    *  线下渠道：行业展会、研讨会、沙龙活动、媒体合作等。
    *  张琨带领市场团队制定有效的市场推广策略，提升用户获取效率和品牌传播效果。
* 6.3  团队壮大：人才引进与组织升级 （约450字）
    *  随着业务快速发展，MiForum团队规模不断扩大，需要引进更多专业人才。
    *  人才引进重点领域：技术研发、产品设计、市场营销、运营推广、内容编辑、行业专家等。
    *  组织架构进行升级，建立更完善的部门和岗位体系，提升团队协作效率和管理水平。
    *  团队文化建设：强调创新、合作、用户至上、追求卓越的企业文化，凝聚团队力量。

**7. 第六章：竞争：巅峰对决，行业洗牌（约1200字）**

* 7.1  行业巨头入场：竞争升级与市场格局变化 （约400字）
    *  MiForum的快速发展引起行业巨头的关注，大型互联网公司和传统医疗企业纷纷入场，加剧市场竞争。
    *  行业竞争从初期的同质化竞争，升级为技术、产品、服务、生态的全方位竞争。
    *  市场格局发生变化，行业集中度提高，中小平台面临生存压力。
    *  MiForum面临来自巨头的强大竞争压力，需要保持竞争优势，巩固市场地位。
* 7.2  技术创新突围：差异化竞争与核心竞争力打造 （约400字）
    *  MiForum坚持技术创新驱动发展，加大研发投入，在技术上寻求突破，打造差异化竞争优势。
    *  技术创新方向：人工智能在医疗领域的应用、大数据驱动的精准医疗服务、区块链技术保障医疗数据安全等。
    *  通过技术创新，提升平台的核心竞争力，构建技术壁垒，应对竞争对手的挑战。
    *  石头和三石带领技术团队攻克技术难关，不断推出创新产品和技术服务。
* 7.3  生态合作共赢：构建开放平台与行业联盟 （约400字）
    *  MiForum意识到单打独斗难以应对巨头竞争，选择构建开放平台，与行业伙伴合作共赢。
    *  开放平台策略：开放API接口，与第三方应用和服务对接，构建更丰富的医疗信息化生态系统。
    *  行业联盟：联合行业协会、研究机构、医疗机构、软件厂商等，共同推动行业发展，提升行业影响力。
    *  通过生态合作，扩大平台的影响力和资源整合能力，增强抗风险能力，应对行业竞争。

**8. 第七章：情与义：团队裂痕与最终弥合（约1000字）**

* 8.1  利益分配：上市前的股权与期权之争 （约300字）
    *  MiForum启动上市计划，进入上市前的关键阶段，利益分配问题成为团队内部矛盾的焦点。
    *  创始人团队对股权和期权分配方案存在分歧，尤其是早期贡献和后期贡献的衡量标准。
    *  利益之争引发团队成员之间的猜疑和不满，甚至出现内讧的苗头。
    *  Daniel作为投资人，从中协调，试图平衡各方利益，维护团队稳定。
* 8.2  情感纠葛：创业伙伴间的爱恨情仇 （约400字）
    *  创业过程中，六位创始人朝夕相处，既是战友，也是朋友，甚至产生了复杂的情感纠葛。
    *  团队成员之间可能存在友情、爱情、亲情等多种情感关系，情感因素影响团队的决策和合作。
    *  情感纠葛在利益冲突面前更加复杂化，可能导致团队分裂或合作破裂。
    *  故事中穿插一些情感线索，展现人物的性格和情感变化，增加故事的吸引力。
* 8.3  重归于好：共同的梦想与初心 （约300字）
    *  在上市的关键时刻，创始团队意识到内部分裂的危害，开始反思和沟通。
    *  通过坦诚对话，团队成员重新审视彼此的贡献和付出，理解对方的立场和想法。
    *  最终，团队成员回归初心，想起最初共同的梦想，为了MiForum的成功上市，选择放下个人恩怨，重归于好。
    *  团队重新凝聚力量，共同迎接上市挑战，展现团队的凝聚力和韧性。

**9. 第八章：冲刺：IPO之路的最后考验（约800字）**

* 9.1  上市准备：财务审计、法律合规与路演宣传 （约300字）
    *  MiForum正式启动IPO流程，进入紧张的上市准备阶段，面临各种复杂的程序和考验。
    *  财务审计：聘请专业审计机构进行财务审计，确保财务数据的真实性和合规性。
    *  法律合规：聘请律师事务所进行法律合规审查，确保公司运营符合法律法规要求。
    *  路演宣传：制作路演PPT和宣传片，向潜在投资者介绍公司业务、优势和未来发展前景。
* 9.2  监管审核：政策风险与市场波动 （约300字）
    *  上市申请需要通过监管部门的严格审核，面临政策风险和市场波动等不确定因素。
    *  监管部门对医疗信息化行业的政策导向、数据安全、用户隐私等方面提出更高要求。
    *  资本市场波动可能影响IPO发行价格和认购情况，增加上市难度。
    *  团队需要积极应对监管审核，做好风险预案，确保IPO顺利进行。
* 9.3  敲钟时刻：梦想照进现实 （约200字）
    *  经过漫长而艰辛的准备，MiForum终于成功通过审核，获得上市批准。
    *  在交易所敲钟上市，标志着MiForum正式登陆资本市场，梦想照进现实。
    *  创始团队成员共同见证这一历史时刻，激动、喜悦、感慨万千。
    *  MiForum的成功上市，不仅是团队的胜利，也是中国医疗信息化行业发展的一个里程碑。

**10. 第九章：辉煌：蜜蜂会的新篇章与未来展望（约800字）**

* 10.1 上市庆典与行业反响 （约250字）
    *  MiForum举办盛大的上市庆典，邀请行业专家、合作伙伴、媒体记者、用户代表等共同庆祝。
    *  上市庆典成为行业盛事，引发广泛关注和热烈反响，MiForum的品牌影响力进一步提升。
    *  行业媒体纷纷报道MiForum的逆袭之路，肯定其在医疗信息化领域的贡献和价值。
    *  用户对MiForum的上市表示祝贺和支持，对平台的未来发展充满期待。
* 10.2  回首创业路：初心不改，感恩前行 （约250字）
    *  创始团队回顾创业历程，感慨万千，从最初的咖啡馆构想，到如今的上市企业，历经无数艰辛和挑战。
    *  团队成员感恩彼此的付出和支持，感恩用户的信任和陪伴，感恩行业的机遇和挑战。
    *  强调初心不改，MiForum的使命仍然是推动医疗信息化发展，服务医疗行业，造福社会。
    *  展望未来，MiForum将继续坚持创新驱动，深耕医疗信息化领域，实现更大的发展和突破。
* 10.3  未来展望：科技赋能医疗，健康中国梦想 （约300字）
    *  MiForum上市后，将拥有更充裕的资金和资源，可以加大技术研发和业务拓展力度。
    *  展望MiForum的未来发展方向：人工智能医疗、互联网医院、健康大数据、智慧医疗等。
    *  MiForum将继续发挥平台优势，整合行业资源，推动科技与医疗深度融合，赋能医疗行业发展。
    *  MiForum的最终愿景是助力“健康中国”战略，为提升国民健康水平做出更大贡献。

**字数统计：**

500 + 1000 + 1200 + 1500 + 1400 + 1300 + 1200 + 1000 + 800 + 800 = **10700字** (略微超出，可根据实际情况在各章节内容上进行微调，保证总字数在10000字左右)。

请注意，以上大纲是一个框架，具体的故事情节、人物对话、细节描写还需要在写作过程中进行填充和完善。希望这个大纲能够对您有所帮助！
2025-02-14 16:41:04,147 - WARNING - Total word count 0 is not within 10% of target 10000
2025-02-14 16:41:04,147 - INFO - Parsed outline sections: []
2025-02-14 16:41:04,147 - ERROR - Exiting due to outline generation failure.
