2025-02-26 16:21:54,575 - INFO - 开始为 蜜蜂会（MiForum）逆袭之路 生成文章
2025-02-26 16:21:54,575 - INFO - 日志文件创建于: logs/蜜蜂会MiForum逆袭之路_20250226_162154.log
2025-02-26 16:21:54,575 - INFO - 生成大纲: 标题: 蜜蜂会（MiForum）逆袭之路, 长度: 500000, 体裁: 城市科幻逆袭爽文（王朔风格）, 语言: 中文
2025-02-26 16:22:12,952 - INFO - 生成的大纲文本:
```json
[
  {
    "title": "序章：千禧年伊始的躁动",
    "length": 8000,
    "level": 1
  },
  {
    "title": "第一章：中关村的蜂巢与梦想萌芽",
    "length": 12000,
    "level": 1
  },
  {
    "title": "第二章：石头和张琨的初次碰撞：代码与野心",
    "length": 15000,
    "level": 1
  },
  {
    "title": "第三章：明哥的加入：江湖义气与商业嗅觉",
    "length": 14000,
    "level": 1
  },
  {
    "title": "第四章：晓阳的技术信仰与早期产品原型",
    "length": 13000,
    "level": 1
  },
  {
    "title": "第五章：Daniel的海外背景与国际化视野",
    "length": 12000,
    "level": 1
  },
  {
    "title": "第六章：三石的务实与运营基石",
    "length": 11000,
    "level": 1
  },
  {
    "title": "第七章：MiForum 1.0 上线：青涩的起步",
    "length": 15000,
    "level": 1
  },
  {
    "title": "第八章：来自医院的第一个订单：曙光乍现",
    "length": 16000,
    "level": 1
  },
  {
    "title": "第九章：初创团队的磨合与裂痕：分歧与争吵",
    "length": 17000,
    "level": 1
  },
  {
    "title": "第十章：性感女医生李薇的出现：情感的涟漪",
    "length": 18000,
    "level": 1
  },
  {
    "title": "第十一章：张琨与李薇的暧昧：办公室的秘密",
    "length": 19000,
    "level": 1
  },
  {
    "title": "第十二章：明哥的夜场与红颜知己：都市的诱惑",
    "length": 17000,
    "level": 1
  },
  {
    "title": "第十三章：技术瓶颈与资金困境：内忧外患",
    "length": 18000,
    "level": 1
  },
  {
    "title": "第十四章：天使轮融资的希望与挑战：资本的博弈",
    "length": 19000,
    "level": 1
  },
  {
    "title": "第十五章：投资人苏珊娜的强势介入：新的变数",
    "length": 20000,
    "level": 1
  },
  {
    "title": "第十六章：石头与苏珊娜的针锋相对：理念的冲突",
    "length": 21000,
    "level": 1
  },
  {
    "title": "第十七章：MiForum 2.0 的转型与升级：产品迭代",
    "length": 22000,
    "level": 1
  },
  {
    "title": "第十八章：市场拓展的艰辛与机遇：渠道的建立",
    "length": 20000,
    "level": 1
  },
  {
    "title": "第十九章：竞争对手的恶意打压：商战的阴影",
    "length": 21000,
    "level": 1
  },
  {
    "title": "第二十章：晓阳的技术反击：核心竞争力的构建",
    "length": 22000,
    "level": 1
  },
  {
    "title": "第二十一章：Daniel的营销策略：品牌形象的塑造",
    "length": 20000,
    "level": 1
  },
  {
    "title": "第二十二章：三石的精细化运营：效率的提升",
    "length": 19000,
    "level": 1
  },
  {
    "title": "第二十三章：团队内部的信任危机：猜疑与背叛",
    "length": 21000,
    "level": 1
  },
  {
    "title": "第二十四章：石头与张琨的决裂：兄弟情义的考验",
    "length": 23000,
    "level": 1
  },
  {
    "title": "第二十五章：李薇的秘密身份：情感的漩涡",
    "length": 24000,
    "level": 1
  },
  {
    "title": "第二十六章：三角恋的爆发：情感与理智的交锋",
    "length": 25000,
    "level": 1
  },
  {
    "title": "第二十七章：明哥的江湖手段：危机公关与反击",
    "length": 23000,
    "level": 1
  },
  {
    "title": "第二十八章：晓阳的突破性技术创新：逆转的契机",
    "length": 24000,
    "level": 1
  },
  {
    "title": "第二十九章：MiForum 3.0 发布：市场的认可",
    "length": 22000,
    "level": 1
  },
  {
    "title": "第三十章：B轮融资的成功：资本的加持",
    "length": 21000,
    "level": 1
  },
  {
    "title": "第三十一章：苏珊娜的再次示好：合作与妥协",
    "length": 20000,
    "level": 1
  },
  {
    "title": "第三十二章：石头与苏珊娜的和解：共同的利益",
    "length": 19000,
    "level": 1
  },
  {
    "title": "第三十三章：公司规模的扩张与管理挑战：组织架构的调整",
    "length": 20000,
    "level": 1
  },
  {
    "title": "第三十四章：新的竞争格局：巨头的入场",
    "length": 21000,
    "level": 1
  },
  {
    "title": "第三十五章：并购传闻与独立发展的抉择：战略方向的选择",
    "length": 22000,
    "level": 1
  },
  {
    "title": "第三十六章：Daniel的资本运作：战略布局与收购",
    "length": 23000,
    "level": 1
  },
  {
    "title": "第三十七章：三石的合规与风控：稳健运营的保障",
    "length": 21000,
    "level": 1
  },
  {
    "title": "第三十八章：行业政策的变化与挑战：监管的压力",
    "length": 20000,
    "level": 1
  },
  {
    "title": "第三十九章：MiForum 的社会责任与价值观：企业文化的塑造",
    "length": 19000,
    "level": 1
  },
  {
    "title": "第四十章：上市前的最后冲刺：规范化与透明化",
    "length": 22000,
    "level": 1
  },
  {
    "title": "第四十一章：路演与媒体聚焦：资本市场的期待",
    "length": 23000,
    "level": 1
  },
  {
    "title": "第四十二章：IPO 之夜：梦想照进现实",
    "length": 25000,
    "level": 1
  },
  {
    "title": "第四十三章：上市后的新挑战：更高的期望与责任",
    "length": 22000,
    "level": 1
  },
  {
    "title": "第四十四章：石头的新目标：技术创新与行业领导者",
    "length": 21000,
    "level": 1
  },
  {
    "title": "第四十五章：张琨的回归与释怀：兄弟重聚",
    "length": 20000,
    "level": 1
  },
  {
    "title": "第四十六章：李薇的最终选择：情感的归宿",
    "length": 19000,
    "level": 1
  },
  {
    "title": "第四十七章：明哥的转型与沉淀：江湖的落幕",
    "length": 18000,
    "level": 1
  },
  {
    "title": "第四十八章：晓阳的科研之路：技术的无限可能",
    "length": 17000,
    "level": 1
  },
  {
    "title": "第四十九章：Daniel的全球化布局：国际市场的征程",
    "length": 16000,
    "level": 1
  },
  {
    "title": "第五十章：三石的传承与展望：基业长青的愿景",
    "length": 15000,
    "level": 1
  },
  {
    "title": "尾声：蜜蜂会的未来与无限可能",
    "length": 7000,
    "level": 1
  }
]
```
2025-02-26 16:22:12,955 - INFO - 解析后的大纲: [
  {
    "title": "序章：千禧年伊始的躁动",
    "length": 8000,
    "level": 1
  },
  {
    "title": "第一章：中关村的蜂巢与梦想萌芽",
    "length": 12000,
    "level": 1
  },
  {
    "title": "第二章：石头和张琨的初次碰撞：代码与野心",
    "length": 15000,
    "level": 1
  },
  {
    "title": "第三章：明哥的加入：江湖义气与商业嗅觉",
    "length": 14000,
    "level": 1
  },
  {
    "title": "第四章：晓阳的技术信仰与早期产品原型",
    "length": 13000,
    "level": 1
  },
  {
    "title": "第五章：Daniel的海外背景与国际化视野",
    "length": 12000,
    "level": 1
  },
  {
    "title": "第六章：三石的务实与运营基石",
    "length": 11000,
    "level": 1
  },
  {
    "title": "第七章：MiForum 1.0 上线：青涩的起步",
    "length": 15000,
    "level": 1
  },
  {
    "title": "第八章：来自医院的第一个订单：曙光乍现",
    "length": 16000,
    "level": 1
  },
  {
    "title": "第九章：初创团队的磨合与裂痕：分歧与争吵",
    "length": 17000,
    "level": 1
  },
  {
    "title": "第十章：性感女医生李薇的出现：情感的涟漪",
    "length": 18000,
    "level": 1
  },
  {
    "title": "第十一章：张琨与李薇的暧昧：办公室的秘密",
    "length": 19000,
    "level": 1
  },
  {
    "title": "第十二章：明哥的夜场与红颜知己：都市的诱惑",
    "length": 17000,
    "level": 1
  },
  {
    "title": "第十三章：技术瓶颈与资金困境：内忧外患",
    "length": 18000,
    "level": 1
  },
  {
    "title": "第十四章：天使轮融资的希望与挑战：资本的博弈",
    "length": 19000,
    "level": 1
  },
  {
    "title": "第十五章：投资人苏珊娜的强势介入：新的变数",
    "length": 20000,
    "level": 1
  },
  {
    "title": "第十六章：石头与苏珊娜的针锋相对：理念的冲突",
    "length": 21000,
    "level": 1
  },
  {
    "title": "第十七章：MiForum 2.0 的转型与升级：产品迭代",
    "length": 22000,
    "level": 1
  },
  {
    "title": "第十八章：市场拓展的艰辛与机遇：渠道的建立",
    "length": 20000,
    "level": 1
  },
  {
    "title": "第十九章：竞争对手的恶意打压：商战的阴影",
    "length": 21000,
    "level": 1
  },
  {
    "title": "第二十章：晓阳的技术反击：核心竞争力的构建",
    "length": 22000,
    "level": 1
  },
  {
    "title": "第二十一章：Daniel的营销策略：品牌形象的塑造",
    "length": 20000,
    "level": 1
  },
  {
    "title": "第二十二章：三石的精细化运营：效率的提升",
    "length": 19000,
    "level": 1
  },
  {
    "title": "第二十三章：团队内部的信任危机：猜疑与背叛",
    "length": 21000,
    "level": 1
  },
  {
    "title": "第二十四章：石头与张琨的决裂：兄弟情义的考验",
    "length": 23000,
    "level": 1
  },
  {
    "title": "第二十五章：李薇的秘密身份：情感的漩涡",
    "length": 24000,
    "level": 1
  },
  {
    "title": "第二十六章：三角恋的爆发：情感与理智的交锋",
    "length": 25000,
    "level": 1
  },
  {
    "title": "第二十七章：明哥的江湖手段：危机公关与反击",
    "length": 23000,
    "level": 1
  },
  {
    "title": "第二十八章：晓阳的突破性技术创新：逆转的契机",
    "length": 24000,
    "level": 1
  },
  {
    "title": "第二十九章：MiForum 3.0 发布：市场的认可",
    "length": 22000,
    "level": 1
  },
  {
    "title": "第三十章：B轮融资的成功：资本的加持",
    "length": 21000,
    "level": 1
  },
  {
    "title": "第三十一章：苏珊娜的再次示好：合作与妥协",
    "length": 20000,
    "level": 1
  },
  {
    "title": "第三十二章：石头与苏珊娜的和解：共同的利益",
    "length": 19000,
    "level": 1
  },
  {
    "title": "第三十三章：公司规模的扩张与管理挑战：组织架构的调整",
    "length": 20000,
    "level": 1
  },
  {
    "title": "第三十四章：新的竞争格局：巨头的入场",
    "length": 21000,
    "level": 1
  },
  {
    "title": "第三十五章：并购传闻与独立发展的抉择：战略方向的选择",
    "length": 22000,
    "level": 1
  },
  {
    "title": "第三十六章：Daniel的资本运作：战略布局与收购",
    "length": 23000,
    "level": 1
  },
  {
    "title": "第三十七章：三石的合规与风控：稳健运营的保障",
    "length": 21000,
    "level": 1
  },
  {
    "title": "第三十八章：行业政策的变化与挑战：监管的压力",
    "length": 20000,
    "level": 1
  },
  {
    "title": "第三十九章：MiForum 的社会责任与价值观：企业文化的塑造",
    "length": 19000,
    "level": 1
  },
  {
    "title": "第四十章：上市前的最后冲刺：规范化与透明化",
    "length": 22000,
    "level": 1
  },
  {
    "title": "第四十一章：路演与媒体聚焦：资本市场的期待",
    "length": 23000,
    "level": 1
  },
  {
    "title": "第四十二章：IPO 之夜：梦想照进现实",
    "length": 25000,
    "level": 1
  },
  {
    "title": "第四十三章：上市后的新挑战：更高的期望与责任",
    "length": 22000,
    "level": 1
  },
  {
    "title": "第四十四章：石头的新目标：技术创新与行业领导者",
    "length": 21000,
    "level": 1
  },
  {
    "title": "第四十五章：张琨的回归与释怀：兄弟重聚",
    "length": 20000,
    "level": 1
  },
  {
    "title": "第四十六章：李薇的最终选择：情感的归宿",
    "length": 19000,
    "level": 1
  },
  {
    "title": "第四十七章：明哥的转型与沉淀：江湖的落幕",
    "length": 18000,
    "level": 1
  },
  {
    "title": "第四十八章：晓阳的科研之路：技术的无限可能",
    "length": 17000,
    "level": 1
  },
  {
    "title": "第四十九章：Daniel的全球化布局：国际市场的征程",
    "length": 16000,
    "level": 1
  },
  {
    "title": "第五十章：三石的传承与展望：基业长青的愿景",
    "length": 15000,
    "level": 1
  },
  {
    "title": "尾声：蜜蜂会的未来与无限可能",
    "length": 7000,
    "level": 1
  }
]
2025-02-26 16:22:12,956 - WARNING - 大纲总字数(982000)与目标字数(500000)相差超过10%
2025-02-26 16:22:12,956 - INFO - 章节数过多，尝试合并相似章节...
2025-02-26 16:22:12,956 - INFO - 标题净化: '第十章：性感女医生李薇的出现：情感的涟漪' -> '第十章：X感女医生李薇的出现：情感的涟漪'
2025-02-26 16:22:12,956 - INFO - 大纲生成成功
2025-02-26 16:22:12,958 - INFO - 大纲已保存至: articles/蜜蜂会MiForum逆袭之路_20250226_162212_outline.json
2025-02-26 16:22:12,958 - INFO - 正在组装文章...
2025-02-26 16:22:50,303 - INFO - 进度已保存至: articles/蜜蜂会MiForum逆袭之路_progress.md
2025-02-26 16:22:50,304 - INFO - 章节 '序章：千禧年伊始的躁动' 写作完成，生成了 4414 字符
2025-02-26 16:23:08,096 - INFO - 用户中断操作
