2025-02-26 18:31:28,136 - INFO - 开始为 蜜蜂会（MiForum）逆袭之路 生成文章
2025-02-26 18:31:28,136 - INFO - 日志文件创建于: logs/蜜蜂会MiForum逆袭之路_20250226_183128.log
2025-02-26 18:31:28,136 - INFO - 生成大纲: 标题: 蜜蜂会（MiForum）逆袭之路, 长度: 500000, 体裁: 城市科幻逆袭爽文（王朔风格）, 语言: 中文
2025-02-26 18:31:53,463 - INFO - 生成的大纲文本:
```json
[
  {
    "title": "引言：千禧年后的医疗信息化迷局",
    "length": 4500,
    "level": 1
  },
  {
    "title": "第一桶金：石头和张琨的校园创业梦",
    "length": 4800,
    "level": 1
  },
  {
    "title": "MiForum 1.0：简陋的论坛与最初的用户",
    "length": 4600,
    "level": 1
  },
  {
    "title": "明哥加入：技术大牛的加盟与架构升级",
    "length": 4700,
    "level": 1
  },
  {
    "title": "天使轮的诱惑：风险投资与股权分配的博弈",
    "length": 4900,
    "level": 1
  },
  {
    "title": "晓阳的营销奇招：病毒式传播与用户爆发",
    "length": 4500,
    "level": 1
  },
  {
    "title": "Daniel的国际视野：拓展海外市场与品牌升级",
    "length": 4800,
    "level": 1
  },
  {
    "title": "三石的财务魔法：精打细算与成本控制",
    "length": 4600,
    "level": 1
  },
  {
    "title": "初恋的甜蜜与苦涩：石头与安娜的办公室恋情",
    "length": 4700,
    "level": 1
  },
  {
    "title": "论坛风波：匿名爆料与公关危机",
    "length": 4900,
    "level": 1
  },
  {
    "title": "竞争对手的崛起：市场份额争夺战",
    "length": 4500,
    "level": 1
  },
  {
    "title": "技术升级的阵痛：系统崩溃与用户流失",
    "length": 4800,
    "level": 1
  },
  {
    "title": "张琨的秘密：婚外情与家庭危机",
    "length": 4600,
    "level": 1
  },
  {
    "title": "明哥的迷茫：技术理想与商业现实的冲突",
    "length": 4700,
    "level": 1
  },
  {
    "title": "B轮融资：资本寒冬下的逆势增长",
    "length": 4900,
    "level": 1
  },
  {
    "title": "晓阳的绯闻：媒体曝光与形象危机",
    "length": 4500,
    "level": 1
  },
  {
    "title": "Daniel的文化冲突：海外扩张的挑战与机遇",
    "length": 4800,
    "level": 1
  },
  {
    "title": "三石的投资失误：资金链断裂的边缘",
    "length": 4600,
    "level": 1
  },
  {
    "title": "安娜的抉择：爱情与事业的十字路口",
    "length": 4700,
    "level": 1
  },
  {
    "title": "论坛改版：用户体验至上与社区转型",
    "length": 4900,
    "level": 1
  },
  {
    "title": "政策监管的阴影：行业合规与生存危机",
    "length": 4500,
    "level": 1
  },
  {
    "title": "技术突破：人工智能在医疗信息化领域的应用",
    "length": 4800,
    "level": 1
  },
  {
    "title": "张琨的救赎：家庭与事业的重新平衡",
    "length": 4600,
    "level": 1
  },
  {
    "title": "明哥的觉醒：技术信仰与商业价值的统一",
    "length": 4700,
    "level": 1
  },
  {
    "title": "C轮融资：巨头入场与估值飞跃",
    "length": 4900,
    "level": 1
  },
  {
    "title": "晓阳的转型：从营销鬼才到战略领袖",
    "length": 4500,
    "level": 1
  },
  {
    "title": "Daniel的本土化策略：全球市场与文化融合",
    "length": 4800,
    "level": 1
  },
  {
    "title": "三石的风险控制：财务稳健与长期发展",
    "length": 4600,
    "level": 1
  },
  {
    "title": "安娜的成长：从职场新人到独立女性",
    "length": 4700,
    "level": 1
  },
  {
    "title": "论坛升级：移动端App与生态构建",
    "length": 4900,
    "level": 1
  },
  {
    "title": "数据安全的挑战：隐私泄露与信任危机",
    "length": 4500,
    "level": 1
  },
  {
    "title": "医疗行业的特殊性：伦理道德与社会责任",
    "length": 4800,
    "level": 1
  },
  {
    "title": "石头的新恋情：走出失恋阴影与迎接新感情",
    "length": 4600,
    "level": 1
  },
  {
    "title": "团队裂痕：创始人之间的分歧与内耗",
    "length": 4700,
    "level": 1
  },
  {
    "title": "D轮融资：Pre-IPO轮的冲刺与准备",
    "length": 4900,
    "level": 1
  },
  {
    "title": "晓阳的野心：从论坛到平台的战略升级",
    "length": 4500,
    "level": 1
  },
  {
    "title": "Daniel的收购计划：产业链整合与扩张",
    "length": 4800,
    "level": 1
  },
  {
    "title": "三石的资本运作：上市前的财务优化",
    "length": 4600,
    "level": 1
  },
  {
    "title": "安娜的蜕变：从情感依赖到事业独立",
    "length": 4700,
    "level": 1
  },
  {
    "title": "论坛社区文化：用户粘性与品牌忠诚度",
    "length": 4900,
    "level": 1
  },
  {
    "title": "竞争对手的恶意攻击：商业间谍与不正当竞争",
    "length": 4500,
    "level": 1
  },
  {
    "title": "医疗政策的变化：行业洗牌与机遇并存",
    "length": 4800,
    "level": 1
  },
  {
    "title": "石头的反思：创业初心与商业成功的平衡",
    "length": 4600,
    "level": 1
  },
  {
    "title": "团队重聚：化解矛盾与重拾信任",
    "length": 4700,
    "level": 1
  },
  {
    "title": "IPO之路：上市申请与路演",
    "length": 4900,
    "level": 1
  },
  {
    "title": "晓阳的演讲：情怀与数据驱动的商业模式",
    "length": 4500,
    "level": 1
  },
  {
    "title": "Daniel的谈判技巧：与投资人的博弈",
    "length": 4800,
    "level": 1
  },
  {
    "title": "三石的财务报告：透明公开与投资者信心",
    "length": 4600,
    "level": 1
  },
  {
    "title": "安娜的祝福：前女友的释怀与支持",
    "length": 4700,
    "level": 1
  },
  {
    "title": "上市敲钟：梦想照进现实的时刻",
    "length": 4900,
    "level": 1
  },
  {
    "title": "股价波动：资本市场的考验与挑战",
    "length": 4500,
    "level": 1
  },
  {
    "title": "上市后的扩张：新的业务线与战略布局",
    "length": 4800,
    "level": 1
  },
  {
    "title": "张琨的回归：家庭和解与事业新起点",
    "length": 4600,
    "level": 1
  },
  {
    "title": "明哥的坚守：技术创新与产品迭代",
    "length": 4700,
    "level": 1
  },
  {
    "title": "收购与被收购：行业整合浪潮中的选择",
    "length": 4900,
    "level": 1
  },
  {
    "title": "晓阳的危机感：市场变化与竞争加剧",
    "length": 4500,
    "level": 1
  },
  {
    "title": "Daniel的全球布局：多元化发展与风险分散",
    "length": 4800,
    "level": 1
  },
  {
    "title": "三石的财务预警：经济下行与风险防范",
    "length": 4600,
    "level": 1
  },
  {
    "title": "安娜的创业：独立女性的自我实现之路",
    "length": 4700,
    "level": 1
  },
  {
    "title": "论坛的未来：社区生态与可持续发展",
    "length": 4900,
    "level": 1
  },
  {
    "title": "新的技术浪潮：区块链与AI的机遇与挑战",
    "length": 4500,
    "level": 1
  },
  {
    "title": "医疗行业的变革：互联网医疗与远程诊疗",
    "length": 4800,
    "level": 1
  },
  {
    "title": "石头的迷茫：功成名就后的空虚与追寻",
    "length": 4600,
    "level": 1
  },
  {
    "title": "兄弟情义：创业伙伴的坚守与陪伴",
    "length": 4700,
    "level": 1
  },
  {
    "title": "第二次创业：MiForum 2.0的构想与启航",
    "length": 4900,
    "level": 1
  },
  {
    "title": "晓阳的焦虑：创新瓶颈与增长乏力",
    "length": 4500,
    "level": 1
  },
  {
    "title": "Daniel的并购扩张：全球市场的深度耕耘",
    "length": 4800,
    "level": 1
  },
  {
    "title": "三石的财务困境：债务危机与资金链紧张",
    "length": 4600,
    "level": 1
  },
  {
    "title": "安娜的成功：独立品牌的崛起与影响力",
    "length": 4700,
    "level": 1
  },
  {
    "title": "论坛的重生：社区活力与用户回归",
    "length": 4900,
    "level": 1
  },
  {
    "title": "技术伦理的拷问：AI医疗的风险与监管",
    "length": 4500,
    "level": 1
  },
  {
    "title": "医疗公平的呼唤：技术普惠与社会责任",
    "length": 4800,
    "level": 1
  },
  {
    "title": "石头的顿悟：人生的意义与价值的重塑",
    "length": 4600,
    "level": 1
  },
  {
    "title": "兄弟情义的升华：创业伙伴的互相扶持与成长",
    "length": 4700,
    "level": 1
  },
  {
    "title": "MiForum的未来：持续创新与行业引领",
    "length": 4900,
    "level": 1
  },
  {
    "title": "晓阳的突破：战略升级与生态布局的深化",
    "length": 4500,
    "level": 1
  },
  {
    "title": "Daniel的全球化战略：本土化与全球化的平衡",
    "length": 4800,
    "level": 1
  },
  {
    "title": "三石的财务转型：多元化投资与风险对冲",
    "length": 4600,
    "level": 1
  },
  {
    "title": "安娜的爱情：事业成功与情感归宿",
    "length": 4700,
    "level": 1
  },
  {
    "title": "论坛的传承：文化沉淀与精神延续",
    "length": 4900,
    "level": 1
  },
  {
    "title": "技术的双刃剑：医疗科技的挑战与反思",
    "length": 4500,
    "level": 1
  },
  {
    "title": "人文关怀的回归：科技与人性的融合",
    "length": 4800,
    "level": 1
  },
  {
    "title": "石头的最终选择：回归家庭与淡泊名利",
    "length": 4600,
    "level": 1
  },
  {
    "title": "兄弟情义的永恒：创业伙伴的携手前行",
    "length": 4700,
    "level": 1
  },
  {
    "title": "蜜蜂会（MiForum）的传奇：逆袭之路的时代意义",
    "length": 4900,
    "level": 1
  },
  {
    "title": "结语：未完待续的城市科幻故事",
    "length": 4500,
    "level": 1
  }
]
```
2025-02-26 18:31:53,468 - INFO - 解析后的大纲: [
  {
    "title": "引言：千禧年后的医疗信息化迷局",
    "length": 4500,
    "level": 1
  },
  {
    "title": "第一桶金：石头和张琨的校园创业梦",
    "length": 4800,
    "level": 1
  },
  {
    "title": "MiForum 1.0：简陋的论坛与最初的用户",
    "length": 4600,
    "level": 1
  },
  {
    "title": "明哥加入：技术大牛的加盟与架构升级",
    "length": 4700,
    "level": 1
  },
  {
    "title": "天使轮的诱惑：风险投资与股权分配的博弈",
    "length": 4900,
    "level": 1
  },
  {
    "title": "晓阳的营销奇招：病毒式传播与用户爆发",
    "length": 4500,
    "level": 1
  },
  {
    "title": "Daniel的国际视野：拓展海外市场与品牌升级",
    "length": 4800,
    "level": 1
  },
  {
    "title": "三石的财务魔法：精打细算与成本控制",
    "length": 4600,
    "level": 1
  },
  {
    "title": "初恋的甜蜜与苦涩：石头与安娜的办公室恋情",
    "length": 4700,
    "level": 1
  },
  {
    "title": "论坛风波：匿名爆料与公关危机",
    "length": 4900,
    "level": 1
  },
  {
    "title": "竞争对手的崛起：市场份额争夺战",
    "length": 4500,
    "level": 1
  },
  {
    "title": "技术升级的阵痛：系统崩溃与用户流失",
    "length": 4800,
    "level": 1
  },
  {
    "title": "张琨的秘密：婚外情与家庭危机",
    "length": 4600,
    "level": 1
  },
  {
    "title": "明哥的迷茫：技术理想与商业现实的冲突",
    "length": 4700,
    "level": 1
  },
  {
    "title": "B轮融资：资本寒冬下的逆势增长",
    "length": 4900,
    "level": 1
  },
  {
    "title": "晓阳的绯闻：媒体曝光与形象危机",
    "length": 4500,
    "level": 1
  },
  {
    "title": "Daniel的文化冲突：海外扩张的挑战与机遇",
    "length": 4800,
    "level": 1
  },
  {
    "title": "三石的投资失误：资金链断裂的边缘",
    "length": 4600,
    "level": 1
  },
  {
    "title": "安娜的抉择：爱情与事业的十字路口",
    "length": 4700,
    "level": 1
  },
  {
    "title": "论坛改版：用户体验至上与社区转型",
    "length": 4900,
    "level": 1
  },
  {
    "title": "政策监管的阴影：行业合规与生存危机",
    "length": 4500,
    "level": 1
  },
  {
    "title": "技术突破：人工智能在医疗信息化领域的应用",
    "length": 4800,
    "level": 1
  },
  {
    "title": "张琨的救赎：家庭与事业的重新平衡",
    "length": 4600,
    "level": 1
  },
  {
    "title": "明哥的觉醒：技术信仰与商业价值的统一",
    "length": 4700,
    "level": 1
  },
  {
    "title": "C轮融资：巨头入场与估值飞跃",
    "length": 4900,
    "level": 1
  },
  {
    "title": "晓阳的转型：从营销鬼才到战略领袖",
    "length": 4500,
    "level": 1
  },
  {
    "title": "Daniel的本土化策略：全球市场与文化融合",
    "length": 4800,
    "level": 1
  },
  {
    "title": "三石的风险控制：财务稳健与长期发展",
    "length": 4600,
    "level": 1
  },
  {
    "title": "安娜的成长：从职场新人到独立女性",
    "length": 4700,
    "level": 1
  },
  {
    "title": "论坛升级：移动端App与生态构建",
    "length": 4900,
    "level": 1
  },
  {
    "title": "数据安全的挑战：隐私泄露与信任危机",
    "length": 4500,
    "level": 1
  },
  {
    "title": "医疗行业的特殊性：伦理道德与社会责任",
    "length": 4800,
    "level": 1
  },
  {
    "title": "石头的新恋情：走出失恋阴影与迎接新感情",
    "length": 4600,
    "level": 1
  },
  {
    "title": "团队裂痕：创始人之间的分歧与内耗",
    "length": 4700,
    "level": 1
  },
  {
    "title": "D轮融资：Pre-IPO轮的冲刺与准备",
    "length": 4900,
    "level": 1
  },
  {
    "title": "晓阳的野心：从论坛到平台的战略升级",
    "length": 4500,
    "level": 1
  },
  {
    "title": "Daniel的收购计划：产业链整合与扩张",
    "length": 4800,
    "level": 1
  },
  {
    "title": "三石的资本运作：上市前的财务优化",
    "length": 4600,
    "level": 1
  },
  {
    "title": "安娜的蜕变：从情感依赖到事业独立",
    "length": 4700,
    "level": 1
  },
  {
    "title": "论坛社区文化：用户粘性与品牌忠诚度",
    "length": 4900,
    "level": 1
  },
  {
    "title": "竞争对手的恶意攻击：商业间谍与不正当竞争",
    "length": 4500,
    "level": 1
  },
  {
    "title": "医疗政策的变化：行业洗牌与机遇并存",
    "length": 4800,
    "level": 1
  },
  {
    "title": "石头的反思：创业初心与商业成功的平衡",
    "length": 4600,
    "level": 1
  },
  {
    "title": "团队重聚：化解矛盾与重拾信任",
    "length": 4700,
    "level": 1
  },
  {
    "title": "IPO之路：上市申请与路演",
    "length": 4900,
    "level": 1
  },
  {
    "title": "晓阳的演讲：情怀与数据驱动的商业模式",
    "length": 4500,
    "level": 1
  },
  {
    "title": "Daniel的谈判技巧：与投资人的博弈",
    "length": 4800,
    "level": 1
  },
  {
    "title": "三石的财务报告：透明公开与投资者信心",
    "length": 4600,
    "level": 1
  },
  {
    "title": "安娜的祝福：前女友的释怀与支持",
    "length": 4700,
    "level": 1
  },
  {
    "title": "上市敲钟：梦想照进现实的时刻",
    "length": 4900,
    "level": 1
  },
  {
    "title": "股价波动：资本市场的考验与挑战",
    "length": 4500,
    "level": 1
  },
  {
    "title": "上市后的扩张：新的业务线与战略布局",
    "length": 4800,
    "level": 1
  },
  {
    "title": "张琨的回归：家庭和解与事业新起点",
    "length": 4600,
    "level": 1
  },
  {
    "title": "明哥的坚守：技术创新与产品迭代",
    "length": 4700,
    "level": 1
  },
  {
    "title": "收购与被收购：行业整合浪潮中的选择",
    "length": 4900,
    "level": 1
  },
  {
    "title": "晓阳的危机感：市场变化与竞争加剧",
    "length": 4500,
    "level": 1
  },
  {
    "title": "Daniel的全球布局：多元化发展与风险分散",
    "length": 4800,
    "level": 1
  },
  {
    "title": "三石的财务预警：经济下行与风险防范",
    "length": 4600,
    "level": 1
  },
  {
    "title": "安娜的创业：独立女性的自我实现之路",
    "length": 4700,
    "level": 1
  },
  {
    "title": "论坛的未来：社区生态与可持续发展",
    "length": 4900,
    "level": 1
  },
  {
    "title": "新的技术浪潮：区块链与AI的机遇与挑战",
    "length": 4500,
    "level": 1
  },
  {
    "title": "医疗行业的变革：互联网医疗与远程诊疗",
    "length": 4800,
    "level": 1
  },
  {
    "title": "石头的迷茫：功成名就后的空虚与追寻",
    "length": 4600,
    "level": 1
  },
  {
    "title": "兄弟情义：创业伙伴的坚守与陪伴",
    "length": 4700,
    "level": 1
  },
  {
    "title": "第二次创业：MiForum 2.0的构想与启航",
    "length": 4900,
    "level": 1
  },
  {
    "title": "晓阳的焦虑：创新瓶颈与增长乏力",
    "length": 4500,
    "level": 1
  },
  {
    "title": "Daniel的并购扩张：全球市场的深度耕耘",
    "length": 4800,
    "level": 1
  },
  {
    "title": "三石的财务困境：债务危机与资金链紧张",
    "length": 4600,
    "level": 1
  },
  {
    "title": "安娜的成功：独立品牌的崛起与影响力",
    "length": 4700,
    "level": 1
  },
  {
    "title": "论坛的重生：社区活力与用户回归",
    "length": 4900,
    "level": 1
  },
  {
    "title": "技术伦理的拷问：AI医疗的风险与监管",
    "length": 4500,
    "level": 1
  },
  {
    "title": "医疗公平的呼唤：技术普惠与社会责任",
    "length": 4800,
    "level": 1
  },
  {
    "title": "石头的顿悟：人生的意义与价值的重塑",
    "length": 4600,
    "level": 1
  },
  {
    "title": "兄弟情义的升华：创业伙伴的互相扶持与成长",
    "length": 4700,
    "level": 1
  },
  {
    "title": "MiForum的未来：持续创新与行业引领",
    "length": 4900,
    "level": 1
  },
  {
    "title": "晓阳的突破：战略升级与生态布局的深化",
    "length": 4500,
    "level": 1
  },
  {
    "title": "Daniel的全球化战略：本土化与全球化的平衡",
    "length": 4800,
    "level": 1
  },
  {
    "title": "三石的财务转型：多元化投资与风险对冲",
    "length": 4600,
    "level": 1
  },
  {
    "title": "安娜的爱情：事业成功与情感归宿",
    "length": 4700,
    "level": 1
  },
  {
    "title": "论坛的传承：文化沉淀与精神延续",
    "length": 4900,
    "level": 1
  },
  {
    "title": "技术的双刃剑：医疗科技的挑战与反思",
    "length": 4500,
    "level": 1
  },
  {
    "title": "人文关怀的回归：科技与人性的融合",
    "length": 4800,
    "level": 1
  },
  {
    "title": "石头的最终选择：回归家庭与淡泊名利",
    "length": 4600,
    "level": 1
  },
  {
    "title": "兄弟情义的永恒：创业伙伴的携手前行",
    "length": 4700,
    "level": 1
  },
  {
    "title": "蜜蜂会（MiForum）的传奇：逆袭之路的时代意义",
    "length": 4900,
    "level": 1
  },
  {
    "title": "结语：未完待续的城市科幻故事",
    "length": 4500,
    "level": 1
  }
]
2025-02-26 18:31:53,469 - WARNING - 大纲总字数(404000)与目标字数(500000)相差超过10%
2025-02-26 18:31:53,469 - INFO - 目标长度: 500000, 理想章节数: 109, 当前章节数: 86
2025-02-26 18:31:53,469 - INFO - 章节数过少，尝试增加章节从 86 到接近 109
2025-02-26 18:31:53,470 - INFO - 标题净化: '张琨的秘密：婚外情与家庭危机' -> '张琨的秘密：H外情与家庭危机'
2025-02-26 18:31:53,470 - INFO - 标题净化: '竞争对手的恶意攻击：商业间谍与不正当竞争' -> '竞争对手的恶意攻击：商业J谍与不正当竞争'
2025-02-26 18:31:53,471 - INFO - 大纲生成成功
2025-02-26 18:31:53,473 - INFO - 大纲已保存至: articles/蜜蜂会MiForum逆袭之路_20250226_183153_outline.json
2025-02-26 18:31:53,473 - INFO - 正在组装文章...
2025-02-26 18:32:32,740 - INFO - 进度已保存至: articles/蜜蜂会MiForum逆袭之路_progress.md
2025-02-26 18:32:32,740 - INFO - 章节 '引言：千禧年后的医疗信息化迷局' 写作完成，生成了 4776 字符
2025-02-26 18:32:53,869 - INFO - 进度已保存至: articles/蜜蜂会MiForum逆袭之路_progress.md
2025-02-26 18:32:53,870 - INFO - 章节 '第一桶金：石头和张琨的校园创业梦 (上)' 写作完成，生成了 3436 字符
2025-02-26 18:33:12,730 - INFO - 进度已保存至: articles/蜜蜂会MiForum逆袭之路_progress.md
2025-02-26 18:33:12,731 - INFO - 章节 '第一桶金：石头和张琨的校园创业梦 (下)' 写作完成，生成了 3000 字符
2025-02-26 18:33:34,918 - INFO - 进度已保存至: articles/蜜蜂会MiForum逆袭之路_progress.md
2025-02-26 18:33:34,919 - INFO - 章节 'MiForum 1.0：简陋的论坛与最初的用户' 写作完成，生成了 4318 字符
2025-02-26 18:34:03,087 - INFO - 进度已保存至: articles/蜜蜂会MiForum逆袭之路_progress.md
2025-02-26 18:34:03,087 - INFO - 章节 '明哥加入：技术大牛的加盟与架构升级' 写作完成，生成了 4991 字符
2025-02-26 18:34:29,751 - INFO - 进度已保存至: articles/蜜蜂会MiForum逆袭之路_progress.md
2025-02-26 18:34:29,752 - INFO - 章节 '天使轮的诱惑：风险投资与股权分配的博弈 (上)' 写作完成，生成了 4302 字符
2025-02-26 18:34:49,693 - INFO - 进度已保存至: articles/蜜蜂会MiForum逆袭之路_progress.md
2025-02-26 18:34:49,693 - INFO - 章节 '天使轮的诱惑：风险投资与股权分配的博弈 (下)' 写作完成，生成了 3112 字符
2025-02-26 18:35:10,702 - INFO - 进度已保存至: articles/蜜蜂会MiForum逆袭之路_progress.md
2025-02-26 18:35:10,703 - INFO - 章节 '晓阳的营销奇招：病毒式传播与用户爆发' 写作完成，生成了 3518 字符
2025-02-26 18:35:32,673 - INFO - 进度已保存至: articles/蜜蜂会MiForum逆袭之路_progress.md
2025-02-26 18:35:32,674 - INFO - 章节 'Daniel的国际视野：拓展海外市场与品牌升级 (上)' 写作完成，生成了 3920 字符
2025-02-26 18:35:53,578 - INFO - 进度已保存至: articles/蜜蜂会MiForum逆袭之路_progress.md
2025-02-26 18:35:53,579 - INFO - 章节 'Daniel的国际视野：拓展海外市场与品牌升级 (下)' 写作完成，生成了 3585 字符
2025-02-26 18:36:16,206 - INFO - 进度已保存至: articles/蜜蜂会MiForum逆袭之路_progress.md
2025-02-26 18:36:16,207 - INFO - 章节 '三石的财务魔法：精打细算与成本控制' 写作完成，生成了 3677 字符
2025-02-26 18:36:44,577 - INFO - 进度已保存至: articles/蜜蜂会MiForum逆袭之路_progress.md
2025-02-26 18:36:44,578 - INFO - 章节 '初恋的甜蜜与苦涩：石头与安娜的办公室恋情' 写作完成，生成了 4956 字符
2025-02-26 18:37:06,705 - INFO - 进度已保存至: articles/蜜蜂会MiForum逆袭之路_progress.md
2025-02-26 18:37:06,705 - INFO - 章节 '论坛风波：匿名爆料与公关危机 (上)' 写作完成，生成了 2508 字符
2025-02-26 18:37:25,768 - INFO - 进度已保存至: articles/蜜蜂会MiForum逆袭之路_progress.md
2025-02-26 18:37:25,769 - INFO - 章节 '论坛风波：匿名爆料与公关危机 (下)' 写作完成，生成了 2980 字符
2025-02-26 18:38:21,042 - INFO - 进度已保存至: articles/蜜蜂会MiForum逆袭之路_progress.md
2025-02-26 18:38:21,043 - INFO - 章节 '竞争对手的崛起：市场份额争夺战' 写作完成，生成了 4547 字符
2025-02-26 18:39:20,535 - INFO - 进度已保存至: articles/蜜蜂会MiForum逆袭之路_progress.md
2025-02-26 18:39:20,536 - INFO - 章节 '技术升级的阵痛：系统崩溃与用户流失 (上)' 写作完成，生成了 2905 字符
2025-02-26 18:39:41,418 - INFO - 进度已保存至: articles/蜜蜂会MiForum逆袭之路_progress.md
2025-02-26 18:39:41,419 - INFO - 章节 '技术升级的阵痛：系统崩溃与用户流失 (下)' 写作完成，生成了 2905 字符
2025-02-26 18:40:11,023 - INFO - 进度已保存至: articles/蜜蜂会MiForum逆袭之路_progress.md
2025-02-26 18:40:11,024 - INFO - 章节 '张琨的秘密：H外情与家庭危机' 写作完成，生成了 3096 字符
2025-02-26 18:40:32,823 - INFO - 进度已保存至: articles/蜜蜂会MiForum逆袭之路_progress.md
2025-02-26 18:40:32,824 - INFO - 章节 '明哥的迷茫：技术理想与商业现实的冲突' 写作完成，生成了 2670 字符
2025-02-26 18:41:00,882 - INFO - 进度已保存至: articles/蜜蜂会MiForum逆袭之路_progress.md
2025-02-26 18:41:00,883 - INFO - 章节 'B轮融资：资本寒冬下的逆势增长 (上)' 写作完成，生成了 3086 字符
2025-02-26 18:41:42,664 - INFO - 进度已保存至: articles/蜜蜂会MiForum逆袭之路_progress.md
2025-02-26 18:41:42,664 - INFO - 章节 'B轮融资：资本寒冬下的逆势增长 (下)' 写作完成，生成了 2872 字符
2025-02-26 18:42:14,515 - INFO - 进度已保存至: articles/蜜蜂会MiForum逆袭之路_progress.md
2025-02-26 18:42:14,516 - INFO - 章节 '晓阳的绯闻：媒体曝光与形象危机' 写作完成，生成了 3781 字符
2025-02-26 18:43:08,581 - INFO - 进度已保存至: articles/蜜蜂会MiForum逆袭之路_progress.md
2025-02-26 18:43:08,582 - INFO - 章节 'Daniel的文化冲突：海外扩张的挑战与机遇 (上)' 写作完成，生成了 3428 字符
2025-02-26 18:43:26,700 - INFO - 进度已保存至: articles/蜜蜂会MiForum逆袭之路_progress.md
2025-02-26 18:43:26,701 - INFO - 章节 'Daniel的文化冲突：海外扩张的挑战与机遇 (下)' 写作完成，生成了 2745 字符
2025-02-26 18:43:54,354 - INFO - 进度已保存至: articles/蜜蜂会MiForum逆袭之路_progress.md
2025-02-26 18:43:54,355 - INFO - 章节 '三石的投资失误：资金链断裂的边缘' 写作完成，生成了 3716 字符
2025-02-26 18:44:20,360 - INFO - 进度已保存至: articles/蜜蜂会MiForum逆袭之路_progress.md
2025-02-26 18:44:20,361 - INFO - 章节 '安娜的抉择：爱情与事业的十字路口' 写作完成，生成了 3817 字符
2025-02-26 18:44:48,625 - INFO - 进度已保存至: articles/蜜蜂会MiForum逆袭之路_progress.md
2025-02-26 18:44:48,626 - INFO - 章节 '论坛改版：用户体验至上与社区转型 (上)' 写作完成，生成了 4042 字符
2025-02-26 18:45:09,494 - INFO - 进度已保存至: articles/蜜蜂会MiForum逆袭之路_progress.md
2025-02-26 18:45:09,495 - INFO - 章节 '论坛改版：用户体验至上与社区转型 (下)' 写作完成，生成了 3259 字符
2025-02-26 18:46:36,175 - INFO - 进度已保存至: articles/蜜蜂会MiForum逆袭之路_progress.md
2025-02-26 18:46:36,176 - INFO - 章节 '政策监管的阴影：行业合规与生存危机' 写作完成，生成了 4462 字符
2025-02-26 18:47:19,763 - INFO - 进度已保存至: articles/蜜蜂会MiForum逆袭之路_progress.md
2025-02-26 18:47:19,764 - INFO - 章节 '技术突破：人工智能在医疗信息化领域的应用 (上)' 写作完成，生成了 3247 字符
2025-02-26 18:47:36,568 - INFO - 进度已保存至: articles/蜜蜂会MiForum逆袭之路_progress.md
2025-02-26 18:47:36,569 - INFO - 章节 '技术突破：人工智能在医疗信息化领域的应用 (下)' 写作完成，生成了 2790 字符
2025-02-26 18:48:02,276 - INFO - 进度已保存至: articles/蜜蜂会MiForum逆袭之路_progress.md
2025-02-26 18:48:02,277 - INFO - 章节 '张琨的救赎：家庭与事业的重新平衡' 写作完成，生成了 3758 字符
2025-02-26 18:48:21,838 - INFO - 进度已保存至: articles/蜜蜂会MiForum逆袭之路_progress.md
2025-02-26 18:48:21,839 - INFO - 章节 '明哥的觉醒：技术信仰与商业价值的统一' 写作完成，生成了 2906 字符
2025-02-26 18:49:02,489 - INFO - 进度已保存至: articles/蜜蜂会MiForum逆袭之路_progress.md
2025-02-26 18:49:02,490 - INFO - 章节 'C轮融资：巨头入场与估值飞跃 (上)' 写作完成，生成了 3782 字符
2025-02-26 18:50:12,288 - INFO - 进度已保存至: articles/蜜蜂会MiForum逆袭之路_progress.md
2025-02-26 18:50:12,289 - INFO - 章节 'C轮融资：巨头入场与估值飞跃 (下)' 写作完成，生成了 4264 字符
2025-02-26 18:50:34,131 - INFO - 进度已保存至: articles/蜜蜂会MiForum逆袭之路_progress.md
2025-02-26 18:50:34,132 - INFO - 章节 '晓阳的转型：从营销鬼才到战略领袖' 写作完成，生成了 3645 字符
2025-02-26 18:50:57,071 - INFO - 进度已保存至: articles/蜜蜂会MiForum逆袭之路_progress.md
2025-02-26 18:50:57,071 - INFO - 章节 'Daniel的本土化策略：全球市场与文化融合' 写作完成，生成了 4617 字符
2025-02-26 18:51:34,982 - INFO - 进度已保存至: articles/蜜蜂会MiForum逆袭之路_progress.md
2025-02-26 18:51:34,983 - INFO - 章节 '三石的风险控制：财务稳健与长期发展' 写作完成，生成了 5325 字符
2025-02-26 18:51:55,440 - INFO - 进度已保存至: articles/蜜蜂会MiForum逆袭之路_progress.md
2025-02-26 18:51:55,440 - INFO - 章节 '安娜的成长：从职场新人到独立女性' 写作完成，生成了 3414 字符
2025-02-26 18:52:22,266 - INFO - 进度已保存至: articles/蜜蜂会MiForum逆袭之路_progress.md
2025-02-26 18:52:22,267 - INFO - 章节 '论坛升级：移动端App与生态构建 (上)' 写作完成，生成了 3778 字符
2025-02-26 18:53:14,086 - INFO - 进度已保存至: articles/蜜蜂会MiForum逆袭之路_progress.md
2025-02-26 18:53:14,086 - INFO - 章节 '论坛升级：移动端App与生态构建 (下)' 写作完成，生成了 3754 字符
2025-02-26 18:53:33,652 - INFO - 进度已保存至: articles/蜜蜂会MiForum逆袭之路_progress.md
2025-02-26 18:53:33,653 - INFO - 章节 '数据安全的挑战：隐私泄露与信任危机' 写作完成，生成了 3110 字符
2025-02-26 18:54:12,954 - INFO - 进度已保存至: articles/蜜蜂会MiForum逆袭之路_progress.md
2025-02-26 18:54:12,955 - INFO - 章节 '医疗行业的特殊性：伦理道德与社会责任' 写作完成，生成了 4530 字符
2025-02-26 18:55:43,589 - INFO - 进度已保存至: articles/蜜蜂会MiForum逆袭之路_progress.md
2025-02-26 18:55:43,590 - INFO - 章节 '石头的新恋情：走出失恋阴影与迎接新感情' 写作完成，生成了 5001 字符
2025-02-26 18:56:08,257 - INFO - 进度已保存至: articles/蜜蜂会MiForum逆袭之路_progress.md
2025-02-26 18:56:08,258 - INFO - 章节 '团队裂痕：创始人之间的分歧与内耗' 写作完成，生成了 3813 字符
2025-02-26 18:56:29,032 - INFO - 进度已保存至: articles/蜜蜂会MiForum逆袭之路_progress.md
2025-02-26 18:56:29,033 - INFO - 章节 'D轮融资：Pre-IPO轮的冲刺与准备 (上)' 写作完成，生成了 2817 字符
2025-02-26 18:56:46,875 - INFO - 进度已保存至: articles/蜜蜂会MiForum逆袭之路_progress.md
2025-02-26 18:56:46,876 - INFO - 章节 'D轮融资：Pre-IPO轮的冲刺与准备 (下)' 写作完成，生成了 2257 字符
2025-02-26 18:57:12,688 - INFO - 进度已保存至: articles/蜜蜂会MiForum逆袭之路_progress.md
2025-02-26 18:57:12,689 - INFO - 章节 '晓阳的野心：从论坛到平台的战略升级' 写作完成，生成了 5110 字符
2025-02-26 18:57:28,753 - INFO - 进度已保存至: articles/蜜蜂会MiForum逆袭之路_progress.md
2025-02-26 18:57:28,754 - INFO - 章节 'Daniel的收购计划：产业链整合与扩张' 写作完成，生成了 2996 字符
2025-02-26 18:57:51,498 - INFO - 进度已保存至: articles/蜜蜂会MiForum逆袭之路_progress.md
2025-02-26 18:57:51,499 - INFO - 章节 '三石的资本运作：上市前的财务优化' 写作完成，生成了 3678 字符
2025-02-26 18:58:28,846 - INFO - 进度已保存至: articles/蜜蜂会MiForum逆袭之路_progress.md
2025-02-26 18:58:28,846 - INFO - 章节 '安娜的蜕变：从情感依赖到事业独立' 写作完成，生成了 3733 字符
2025-02-26 18:59:14,953 - INFO - 进度已保存至: articles/蜜蜂会MiForum逆袭之路_progress.md
2025-02-26 18:59:14,954 - INFO - 章节 '论坛社区文化：用户粘性与品牌忠诚度 (上)' 写作完成，生成了 3037 字符
2025-02-26 18:59:31,820 - INFO - 进度已保存至: articles/蜜蜂会MiForum逆袭之路_progress.md
2025-02-26 18:59:31,821 - INFO - 章节 '论坛社区文化：用户粘性与品牌忠诚度 (下)' 写作完成，生成了 2710 字符
2025-02-26 19:00:01,029 - INFO - 进度已保存至: articles/蜜蜂会MiForum逆袭之路_progress.md
2025-02-26 19:00:01,030 - INFO - 章节 '竞争对手的恶意攻击：商业J谍与不正当竞争' 写作完成，生成了 4700 字符
2025-02-26 19:00:22,631 - INFO - 进度已保存至: articles/蜜蜂会MiForum逆袭之路_progress.md
2025-02-26 19:00:22,632 - INFO - 章节 '医疗政策的变化：行业洗牌与机遇并存' 写作完成，生成了 4038 字符
2025-02-26 19:01:35,319 - INFO - 进度已保存至: articles/蜜蜂会MiForum逆袭之路_progress.md
2025-02-26 19:01:35,320 - INFO - 章节 '石头的反思：创业初心与商业成功的平衡' 写作完成，生成了 3119 字符
2025-02-26 19:01:58,676 - INFO - 进度已保存至: articles/蜜蜂会MiForum逆袭之路_progress.md
2025-02-26 19:01:58,678 - INFO - 章节 '团队重聚：化解矛盾与重拾信任' 写作完成，生成了 4046 字符
2025-02-26 19:02:19,059 - INFO - 进度已保存至: articles/蜜蜂会MiForum逆袭之路_progress.md
2025-02-26 19:02:19,060 - INFO - 章节 'IPO之路：上市申请与路演 (上)' 写作完成，生成了 3700 字符
2025-02-26 19:02:36,354 - INFO - 进度已保存至: articles/蜜蜂会MiForum逆袭之路_progress.md
2025-02-26 19:02:36,355 - INFO - 章节 'IPO之路：上市申请与路演 (下)' 写作完成，生成了 3254 字符
2025-02-26 19:03:18,339 - INFO - 进度已保存至: articles/蜜蜂会MiForum逆袭之路_progress.md
2025-02-26 19:03:18,340 - INFO - 章节 '晓阳的演讲：情怀与数据驱动的商业模式' 写作完成，生成了 4779 字符
2025-02-26 19:03:50,586 - INFO - 进度已保存至: articles/蜜蜂会MiForum逆袭之路_progress.md
2025-02-26 19:03:50,587 - INFO - 章节 'Daniel的谈判技巧：与投资人的博弈' 写作完成，生成了 4718 字符
2025-02-26 19:04:15,685 - INFO - 进度已保存至: articles/蜜蜂会MiForum逆袭之路_progress.md
2025-02-26 19:04:15,686 - INFO - 章节 '三石的财务报告：透明公开与投资者信心' 写作完成，生成了 5013 字符
2025-02-26 19:04:37,016 - INFO - 进度已保存至: articles/蜜蜂会MiForum逆袭之路_progress.md
2025-02-26 19:04:37,016 - INFO - 章节 '安娜的祝福：前女友的释怀与支持' 写作完成，生成了 3577 字符
2025-02-26 19:04:56,846 - INFO - 进度已保存至: articles/蜜蜂会MiForum逆袭之路_progress.md
2025-02-26 19:04:56,846 - INFO - 章节 '上市敲钟：梦想照进现实的时刻 (上)' 写作完成，生成了 3374 字符
2025-02-26 19:05:16,710 - INFO - 进度已保存至: articles/蜜蜂会MiForum逆袭之路_progress.md
2025-02-26 19:05:16,711 - INFO - 章节 '上市敲钟：梦想照进现实的时刻 (下)' 写作完成，生成了 3570 字符
2025-02-26 19:05:37,909 - INFO - 进度已保存至: articles/蜜蜂会MiForum逆袭之路_progress.md
2025-02-26 19:05:37,909 - INFO - 章节 '股价波动：资本市场的考验与挑战' 写作完成，生成了 3150 字符
2025-02-26 19:06:03,034 - INFO - 进度已保存至: articles/蜜蜂会MiForum逆袭之路_progress.md
2025-02-26 19:06:03,035 - INFO - 章节 '上市后的扩张：新的业务线与战略布局' 写作完成，生成了 4956 字符
2025-02-26 19:06:25,936 - INFO - 进度已保存至: articles/蜜蜂会MiForum逆袭之路_progress.md
2025-02-26 19:06:25,936 - INFO - 章节 '张琨的回归：家庭和解与事业新起点' 写作完成，生成了 5095 字符
2025-02-26 19:06:49,384 - INFO - 进度已保存至: articles/蜜蜂会MiForum逆袭之路_progress.md
2025-02-26 19:06:49,384 - INFO - 章节 '明哥的坚守：技术创新与产品迭代' 写作完成，生成了 3822 字符
2025-02-26 19:07:14,166 - INFO - 进度已保存至: articles/蜜蜂会MiForum逆袭之路_progress.md
2025-02-26 19:07:14,167 - INFO - 章节 '收购与被收购：行业整合浪潮中的选择 (上)' 写作完成，生成了 4417 字符
2025-02-26 19:07:31,062 - INFO - 进度已保存至: articles/蜜蜂会MiForum逆袭之路_progress.md
2025-02-26 19:07:31,062 - INFO - 章节 '收购与被收购：行业整合浪潮中的选择 (下)' 写作完成，生成了 3033 字符
2025-02-26 19:07:49,663 - INFO - 进度已保存至: articles/蜜蜂会MiForum逆袭之路_progress.md
2025-02-26 19:07:49,664 - INFO - 章节 '晓阳的危机感：市场变化与竞争加剧' 写作完成，生成了 3355 字符
2025-02-26 19:08:10,776 - INFO - 进度已保存至: articles/蜜蜂会MiForum逆袭之路_progress.md
2025-02-26 19:08:10,777 - INFO - 章节 'Daniel的全球布局：多元化发展与风险分散' 写作完成，生成了 3824 字符
2025-02-26 19:08:31,963 - INFO - 进度已保存至: articles/蜜蜂会MiForum逆袭之路_progress.md
2025-02-26 19:08:31,964 - INFO - 章节 '三石的财务预警：经济下行与风险防范' 写作完成，生成了 4268 字符
2025-02-26 19:08:53,287 - INFO - 进度已保存至: articles/蜜蜂会MiForum逆袭之路_progress.md
2025-02-26 19:08:53,288 - INFO - 章节 '安娜的创业：独立女性的自我实现之路' 写作完成，生成了 3816 字符
2025-02-26 19:09:13,263 - INFO - 进度已保存至: articles/蜜蜂会MiForum逆袭之路_progress.md
2025-02-26 19:09:13,264 - INFO - 章节 '论坛的未来：社区生态与可持续发展 (上)' 写作完成，生成了 3542 字符
2025-02-26 19:09:38,246 - INFO - 进度已保存至: articles/蜜蜂会MiForum逆袭之路_progress.md
2025-02-26 19:09:38,247 - INFO - 章节 '论坛的未来：社区生态与可持续发展 (下)' 写作完成，生成了 3410 字符
2025-02-26 19:10:02,120 - INFO - 进度已保存至: articles/蜜蜂会MiForum逆袭之路_progress.md
2025-02-26 19:10:02,121 - INFO - 章节 '新的技术浪潮：区块链与AI的机遇与挑战' 写作完成，生成了 3507 字符
2025-02-26 19:10:27,705 - INFO - 进度已保存至: articles/蜜蜂会MiForum逆袭之路_progress.md
2025-02-26 19:10:27,706 - INFO - 章节 '医疗行业的变革：互联网医疗与远程诊疗' 写作完成，生成了 4955 字符
2025-02-26 19:10:47,160 - INFO - 进度已保存至: articles/蜜蜂会MiForum逆袭之路_progress.md
2025-02-26 19:10:47,161 - INFO - 章节 '石头的迷茫：功成名就后的空虚与追寻' 写作完成，生成了 3917 字符
2025-02-26 19:11:10,835 - INFO - 进度已保存至: articles/蜜蜂会MiForum逆袭之路_progress.md
2025-02-26 19:11:10,835 - INFO - 章节 '兄弟情义：创业伙伴的坚守与陪伴' 写作完成，生成了 3620 字符
2025-02-26 19:11:37,093 - INFO - 进度已保存至: articles/蜜蜂会MiForum逆袭之路_progress.md
2025-02-26 19:11:37,094 - INFO - 章节 '第二次创业：MiForum 2.0的构想与启航 (上)' 写作完成，生成了 4808 字符
2025-02-26 19:11:55,900 - INFO - 进度已保存至: articles/蜜蜂会MiForum逆袭之路_progress.md
2025-02-26 19:11:55,901 - INFO - 章节 '第二次创业：MiForum 2.0的构想与启航 (下)' 写作完成，生成了 3246 字符
2025-02-26 19:12:16,736 - INFO - 进度已保存至: articles/蜜蜂会MiForum逆袭之路_progress.md
2025-02-26 19:12:16,737 - INFO - 章节 '晓阳的焦虑：创新瓶颈与增长乏力' 写作完成，生成了 3964 字符
2025-02-26 19:12:36,741 - INFO - 进度已保存至: articles/蜜蜂会MiForum逆袭之路_progress.md
2025-02-26 19:12:36,742 - INFO - 章节 'Daniel的并购扩张：全球市场的深度耕耘' 写作完成，生成了 3839 字符
2025-02-26 19:12:54,342 - INFO - 进度已保存至: articles/蜜蜂会MiForum逆袭之路_progress.md
2025-02-26 19:12:54,343 - INFO - 章节 '三石的财务困境：债务危机与资金链紧张' 写作完成，生成了 3929 字符
2025-02-26 19:13:16,683 - INFO - 进度已保存至: articles/蜜蜂会MiForum逆袭之路_progress.md
2025-02-26 19:13:16,684 - INFO - 章节 '安娜的成功：独立品牌的崛起与影响力' 写作完成，生成了 4684 字符
2025-02-26 19:13:40,327 - INFO - 进度已保存至: articles/蜜蜂会MiForum逆袭之路_progress.md
2025-02-26 19:13:40,327 - INFO - 章节 '论坛的重生：社区活力与用户回归 (上)' 写作完成，生成了 3780 字符
2025-02-26 19:13:59,676 - INFO - 进度已保存至: articles/蜜蜂会MiForum逆袭之路_progress.md
2025-02-26 19:13:59,677 - INFO - 章节 '论坛的重生：社区活力与用户回归 (下)' 写作完成，生成了 3210 字符
2025-02-26 19:14:20,873 - INFO - 进度已保存至: articles/蜜蜂会MiForum逆袭之路_progress.md
2025-02-26 19:14:20,873 - INFO - 章节 '技术伦理的拷问：AI医疗的风险与监管' 写作完成，生成了 3994 字符
2025-02-26 19:14:46,063 - INFO - 进度已保存至: articles/蜜蜂会MiForum逆袭之路_progress.md
2025-02-26 19:14:46,064 - INFO - 章节 '医疗公平的呼唤：技术普惠与社会责任' 写作完成，生成了 4986 字符
2025-02-26 19:15:06,237 - INFO - 进度已保存至: articles/蜜蜂会MiForum逆袭之路_progress.md
2025-02-26 19:15:06,238 - INFO - 章节 '石头的顿悟：人生的意义与价值的重塑' 写作完成，生成了 4021 字符
2025-02-26 19:15:24,005 - INFO - 进度已保存至: articles/蜜蜂会MiForum逆袭之路_progress.md
2025-02-26 19:15:24,006 - INFO - 章节 '兄弟情义的升华：创业伙伴的互相扶持与成长' 写作完成，生成了 4552 字符
2025-02-26 19:15:41,177 - INFO - 进度已保存至: articles/蜜蜂会MiForum逆袭之路_progress.md
2025-02-26 19:15:41,177 - INFO - 章节 'MiForum的未来：持续创新与行业引领 (上)' 写作完成，生成了 3355 字符
2025-02-26 19:15:58,382 - INFO - 进度已保存至: articles/蜜蜂会MiForum逆袭之路_progress.md
2025-02-26 19:15:58,383 - INFO - 章节 'MiForum的未来：持续创新与行业引领 (下)' 写作完成，生成了 3292 字符
2025-02-26 19:16:23,552 - INFO - 进度已保存至: articles/蜜蜂会MiForum逆袭之路_progress.md
2025-02-26 19:16:23,553 - INFO - 章节 '晓阳的突破：战略升级与生态布局的深化' 写作完成，生成了 4728 字符
2025-02-26 19:16:40,658 - INFO - 进度已保存至: articles/蜜蜂会MiForum逆袭之路_progress.md
2025-02-26 19:16:40,658 - INFO - 章节 'Daniel的全球化战略：本土化与全球化的平衡' 写作完成，生成了 3808 字符
2025-02-26 19:17:03,272 - INFO - 进度已保存至: articles/蜜蜂会MiForum逆袭之路_progress.md
2025-02-26 19:17:03,273 - INFO - 章节 '三石的财务转型：多元化投资与风险对冲' 写作完成，生成了 3483 字符
2025-02-26 19:17:30,404 - INFO - 进度已保存至: articles/蜜蜂会MiForum逆袭之路_progress.md
2025-02-26 19:17:30,404 - INFO - 章节 '安娜的爱情：事业成功与情感归宿' 写作完成，生成了 4391 字符
2025-02-26 19:17:45,673 - INFO - 进度已保存至: articles/蜜蜂会MiForum逆袭之路_progress.md
2025-02-26 19:17:45,673 - INFO - 章节 '论坛的传承：文化沉淀与精神延续 (上)' 写作完成，生成了 2926 字符
2025-02-26 19:18:04,705 - INFO - 进度已保存至: articles/蜜蜂会MiForum逆袭之路_progress.md
2025-02-26 19:18:04,705 - INFO - 章节 '论坛的传承：文化沉淀与精神延续 (下)' 写作完成，生成了 3018 字符
2025-02-26 19:18:27,339 - INFO - 进度已保存至: articles/蜜蜂会MiForum逆袭之路_progress.md
2025-02-26 19:18:27,340 - INFO - 章节 '技术的双刃剑：医疗科技的挑战与反思' 写作完成，生成了 3813 字符
2025-02-26 19:18:52,736 - INFO - 进度已保存至: articles/蜜蜂会MiForum逆袭之路_progress.md
2025-02-26 19:18:52,739 - INFO - 章节 '人文关怀的回归：科技与人性的融合' 写作完成，生成了 4020 字符
2025-02-26 19:19:16,971 - INFO - 进度已保存至: articles/蜜蜂会MiForum逆袭之路_progress.md
2025-02-26 19:19:16,971 - INFO - 章节 '石头的最终选择：回归家庭与淡泊名利' 写作完成，生成了 4797 字符
2025-02-26 19:19:39,450 - INFO - 进度已保存至: articles/蜜蜂会MiForum逆袭之路_progress.md
2025-02-26 19:19:39,451 - INFO - 章节 '兄弟情义的永恒：创业伙伴的携手前行' 写作完成，生成了 4734 字符
2025-02-26 19:19:57,725 - INFO - 进度已保存至: articles/蜜蜂会MiForum逆袭之路_progress.md
2025-02-26 19:19:57,726 - INFO - 章节 '蜜蜂会（MiForum）的传奇：逆袭之路的时代意义 (上)' 写作完成，生成了 2623 字符
2025-02-26 19:20:16,700 - INFO - 进度已保存至: articles/蜜蜂会MiForum逆袭之路_progress.md
2025-02-26 19:20:16,701 - INFO - 章节 '蜜蜂会（MiForum）的传奇：逆袭之路的时代意义 (下)' 写作完成，生成了 2779 字符
2025-02-26 19:20:37,251 - INFO - 进度已保存至: articles/蜜蜂会MiForum逆袭之路_progress.md
2025-02-26 19:20:37,252 - INFO - 章节 '结语：未完待续的城市科幻故事' 写作完成，生成了 3048 字符
2025-02-26 19:20:48,958 - INFO - 进度已保存至: articles/蜜蜂会MiForum逆袭之路_progress.md
2025-02-26 19:20:48,958 - INFO - 章节 '结论' 写作完成，生成了 828 字符
2025-02-26 19:20:48,963 - INFO - 文章已保存至: articles/蜜蜂会MiForum逆袭之路_20250226_192048.md
2025-02-26 19:20:48,963 - INFO - 文章生成成功完成
2025-02-26 19:20:48,963 - INFO - 日志文件: logs/蜜蜂会MiForum逆袭之路_20250226_183128.log
2025-02-26 19:20:48,963 - INFO - 大纲文件: articles/蜜蜂会MiForum逆袭之路_20250226_183153_outline.json
2025-02-26 19:20:48,963 - INFO - 文章文件: articles/蜜蜂会MiForum逆袭之路_20250226_192048.md
