2025-02-26 10:55:58,736 - INFO - Starting article generation for: 蜜蜂会（MiForum）逆袭之路
2025-02-26 10:55:58,736 - INFO - Log file created at: logs/蜜蜂会MiForum逆袭之路_20250226_105558.log
2025-02-26 10:55:58,736 - INFO - Generating outline for title: 蜜蜂会（MiForum）逆袭之路, length: 10000, genre: 城市科幻逆袭爽文, language: 中文
2025-02-26 10:56:39,614 - INFO - Parsing outline text:
```json
{
    "sections": [
        {
            "title": "第一章：蛰伏：六芒星初聚，蜜蜂破壳前夜 (字数：800)",
            "length": 800,
            "level": 1,
            "key_points": [
                "2002年，互联网浪潮初期，医疗信息化行业萌芽",
                "六位性格迥异的年轻人：石头（技术核心）、张琨（市场嗅觉）、明哥（人脉担当）、晓阳（文案鬼才）、Daniel（海外视野）、三石（执行力超群）",
                "六人因共同的理想和对医疗行业痛点的洞察，在简陋的出租屋里萌生了创建MiForum的想法",
                "蜜蜂会最初的定位：一个医疗信息化领域的专业论坛，旨在交流技术、分享经验、促进行业发展",
                "初创团队面临的困难：资金匮乏、技术瓶颈、行业认知度低"
            ]
        },
        {
            "title": "第二章：萌芽：论坛上线，星星之火燃动行业 (字数：1200)",
            "length": 1200,
            "level": 1,
            "key_points": [
                "MiForum论坛正式上线，界面简陋但内容专业，迅速吸引第一批用户",
                "石头展现卓越技术能力，搭建稳定高效的论坛平台，解决早期技术难题",
                "张琨凭借敏锐的市场嗅觉，策划线上活动，吸引医疗行业人士关注",
                "明哥利用人脉，邀请行业专家入驻论坛，提升论坛权威性",
                "晓阳的精彩文案和社区运营，活跃论坛气氛，形成独特社区文化",
                "Daniel引入海外先进理念和技术，拓宽论坛视野",
                "三石的强大执行力，保障各项计划落地，推动论坛快速发展",
                "蜜蜂会六人初显锋芒，在行业内小有名气",
                "论坛运营初期遇到的挑战：服务器压力、内容管理、用户增长瓶颈"
            ]
        },
        {
            "title": "第三章：初啼：资本入场，野蛮生长下的隐忧 (字数：1500)",
            "length": 1500,
            "level": 1,
            "key_points": [
                "风险投资机构注意到MiForum的潜力，主动接触并注资",
                "蜜蜂会获得第一笔融资，团队规模扩大，办公环境改善",
                "论坛发展进入快车道，用户数量和影响力迅速提升",
                "资本的介入带来新的机遇，也埋下隐患：商业化压力增大，团队内部出现分歧",
                "张琨主张快速商业化，利用论坛流量变现；石头坚持技术为本，反对过度商业化",
                "明哥在商业化和情怀之间摇摆不定，试图平衡各方利益",
                "晓阳在商业化浪潮中迷失方向，文案风格开始迎合市场，失去初心",
                "Daniel对资本运作持谨慎态度，担心论坛失去独立性",
                "三石感受到执行层面的压力，需要在商业化和用户体验之间做出抉择",
                "团队成员开始出现裂痕，友情面临考验，爱情线索初现（例如，团队内部或与行业人士的暧昧情愫）",
                "行业竞争加剧，其他医疗信息化平台崛起，MiForum面临外部挑战"
            ]
        },
        {
            "title": "第四章：裂变：利益漩涡，兄弟反目情断义绝 (字数：1800)",
            "length": 1800,
            "level": 1,
            "key_points": [
                "商业化进程加速，论坛开始尝试广告、会员等盈利模式",
                "利益分配问题凸显，六人之间矛盾激化，争吵不断",
                "张琨的强势和急功近利，引发石头等人的不满，团队核心价值观受到冲击",
                "明哥试图调和矛盾，但力不从心，人脉关系也变得复杂",
                "晓阳的文案被指责低俗媚俗，与论坛专业性定位背道而驰，与石头产生激烈冲突",
                "Daniel的海外背景和理念与本土市场出现水土不服，话语权减弱",
                "三石在执行过程中左右为难，疲惫不堪，执行力下降",
                "团队内部分裂加剧，甚至出现背叛行为（例如，有人私下接触竞争对手，泄露商业机密）",
                "核心成员之间爆发激烈争吵，兄弟情谊遭受重创，爱情线索进一步发展，但充满波折和误会",
                "论坛发展停滞不前，用户流失严重，面临生死存亡危机",
                "外部竞争对手趁虚而入，挖角MiForum核心团队成员，进一步打击蜜蜂会"
            ]
        },
        {
            "title": "第五章：沉沦：坠入谷底，黑暗中的一线曙光 (字数：1200)",
            "length": 1200,
            "level": 1,
            "key_points": [
                "MiForum论坛陷入低谷，用户活跃度大幅下降，营收惨淡",
                "投资方失去信心，撤资压力巨大，蜜蜂会面临破产危机",
                "团队成员分崩离析，有人选择离开，有人消极怠工",
                "石头陷入自我怀疑，技术热情消退，开始反思创业初心",
                "张琨意识到商业化策略的偏差，开始反省自身问题",
                "明哥的人脉关系受到质疑，曾经的朋友也离他而去",
                "晓阳的文案创作陷入瓶颈，找不到新的方向",
                "Daniel的海外经验在困境中显得无力，感到挫败",
                "三石的执行力在内耗中被消耗殆尽，失去动力",
                "六人陷入迷茫和绝望，但内心深处仍存留一丝不甘和希望",
                "一次偶然的行业事件或技术突破，让石头重新燃起技术热情",
                "一个关键人物或事件出现，为蜜蜂会带来一线转机（例如，新的投资人出现，新的技术方向出现，用户自发组织的拯救论坛行动）"
            ]
        },
        {
            "title": "第六章：觉醒：重拾初心，技术信仰涅槃重生 (字数：1500)",
            "length": 1500,
            "level": 1,
            "key_points": [
                "石头重新审视MiForum的价值和意义，意识到技术才是论坛的立身之本",
                "他带领团队回归技术初心，专注提升论坛的技术实力和用户体验",
                "张琨放下商业化执念，重新认识到技术的重要性，开始支持石头的技术路线",
                "明哥利用剩余的人脉资源，重新搭建行业合作关系，争取外部支持",
                "晓阳反思过往的商业化文案，重拾初心，创作出打动人心的内容，重新赢得用户认可",
                "Daniel结合海外先进经验，为论坛的技术升级和国际化发展提供新思路",
                "三石重新焕发执行力，高效推动各项技术改进和社区重建计划",
                "六人摒弃前嫌，重归于好，团队凝聚力重新凝聚",
                "蜜蜂会开始进行技术升级和产品创新，推出更符合用户需求的医疗信息化解决方案",
                "论坛用户活跃度逐渐回升，口碑和影响力开始恢复"
            ]
        },
        {
            "title": "第七章：破局：创新驱动，技术壁垒铸就核心竞争力 (字数：1200)",
            "length": 1200,
            "level": 1,
            "key_points": [
                "MiForum在医疗信息化领域的技术创新取得突破性进展",
                "石头带领技术团队研发出具有领先优势的医疗数据分析平台或智能诊疗系统",
                "技术创新为MiForum带来新的增长点，吸引更多用户和合作伙伴",
                "蜜蜂会开始与大型医院、科研机构建立合作关系，拓展业务范围",
                "技术壁垒的建立，使得MiForum在竞争激烈的市场中脱颖而出",
                "张琨的市场嗅觉再次发挥作用，成功将技术创新转化为商业优势",
                "明哥的人脉资源在新的合作关系中发挥关键作用，促成重要合作",
                "晓阳的文案创作与技术创新相结合，打造出独特的品牌形象，提升市场竞争力",
                "Daniel的国际视野帮助MiForum拓展海外市场，为未来上市奠定基础",
                "三石的执行力保障技术创新和市场拓展顺利进行"
            ]
        },
        {
            "title": "第八章：腾飞：资本再青睐，上市之路曙光在前 (字数：1000)",
            "length": 1000,
            "level": 1,
            "key_points": [
                "MiForum的技术实力和市场潜力再次获得资本市场的认可",
                "新的风险投资机构主动接触蜜蜂会，提供更优厚的融资条件",
                "蜜蜂会完成新一轮融资，资金充裕，为上市做好准备",
                "团队成员经历了低谷和重生，更加成熟稳重，目标一致",
                "爱情线索在事业回暖的背景下迎来新的进展，情感关系更加明朗和稳定",
                "MiForum开始进行股份制改造，完善公司治理结构，为上市铺平道路",
                "上市计划提上日程，蜜蜂会进入IPO准备阶段",
                "行业内对MiForum的上市充满期待，认为其将成为医疗信息化领域的领军企业"
            ]
        },
        {
            "title": "第九章：蝶变：敲钟上市，梦想照进现实的华丽逆袭 (字数：800)",
            "length": 800,
            "level": 1,
            "key_points": [
                "MiForum成功在证券交易所上市，股票代码正式敲响",
                "蜜蜂会创始人团队站在聚光灯下，接受鲜花和掌声",
                "石头、张琨、明哥、晓阳、Daniel、三石，六位创始人感慨万千，回顾创业历程",
                "上市成功标志着MiForum的华丽逆袭，从简陋论坛到上市公司，梦想照进现实",
                "蜜蜂会成为医疗信息化行业的标杆企业，引领行业发展",
                "团队成员实现财富自由，个人价值得到充分体现",
                "爱情线索迎来圆满结局，有情人终成眷属，事业爱情双丰收",
                "MiForum上市后的新篇章：展望未来，继续深耕医疗信息化领域，回馈社会"
            ]
        },
        {
            "title": "尾声：蜜蜂不息，奋斗不止，科幻都市的传奇仍在继续 (字数：200)",
            "length": 200,
            "level": 1,
            "key_points": [
                "MiForum上市并非终点，而是新的起点",
                "蜜蜂会团队将继续保持创业激情，不断创新，迎接新的挑战",
                "科幻都市的背景下，医疗信息化行业前景广阔，MiForum的传奇故事仍在继续",
                "开放式结尾，留下想象空间，暗示蜜蜂会未来的无限可能"
            ]
        },
        {
            "title": "第一章：蛰伏：六芒星初聚，蜜蜂破壳前夜 (字数：800)",
            "length": 800,
            "level": 2,
            "key_points": [
                "1.1 时代背景：2002年互联网初期与医疗信息化行业的机遇",
                "1.2 六位创始人登场：性格、背景、技能的差异与互补",
                "1.3 梦想萌芽：出租屋里的头脑风暴，MiForum的雏形",
                "1.4 初创定位：专业论坛，行业交流平台",
                "1.5 初期困境：资金、技术、认知度三重挑战"
            ]
        },
        {
            "title": "第二章：萌芽：论坛上线，星星之火燃动行业 (字数：1200)",
            "length": 1200,
            "level": 2,
            "key_points": [
                "2.1 论坛上线：简陋界面下的专业内容，吸引首批用户",
                "2.2 技术担当：石头解决技术难题，平台稳定运行",
                "2.3 市场先锋：张琨策划活动，扩大论坛影响力",
                "2.4 人脉拓展：明哥邀请专家，提升论坛权威性",
                "2.5 文案鬼才：晓阳活跃社区，形成独特文化",
                "2.6 国际视野：Daniel引入海外理念，拓宽论坛格局",
                "2.7 执行保障：三石高效执行，推动论坛发展",
                "2.8 初露锋芒：蜜蜂会在行业内崭露头角",
                "2.9 运营挑战：服务器、内容、增长瓶颈初现"
            ]
        },
        {
            "title": "第三章：初啼：资本入场，野蛮生长下的隐忧 (字数：1500)",
            "length": 1500,
            "level": 2,
            "key_points": [
                "3.1 资本青睐：风投机构注资，MiForum迎来转机",
                "3.2 快速扩张：团队壮大，办公环境改善，发展提速",
                "3.3 商业化压力：资本 demands 盈利，商业化转型迫在眉睫",
                "3.4 路线分歧：张琨 vs. 石头，商业化 vs. 技术为本",
                "3.5 中间路线：明哥的平衡术，情怀与利益的抉择",
                "3.6 文案迷失：晓阳迎合市场，初心渐远",
                "3.7 谨慎态度：Daniel 的担忧，独立性 vs. 资本控制",
                "3.8 执行困境：三石在商业化与用户体验间挣扎",
                "3.9 团队裂痕：分歧加剧，友情受考验，爱情萌芽",
                "3.10 外部竞争：行业平台崛起，MiForum面临挑战"
            ]
        },
        {
            "title": "第四章：裂变：利益漩涡，兄弟反目情断义绝 (字数：1800)",
            "length": 1800,
            "level": 2,
            "key_points": [
                "4.1 加速商业化：广告、会员等盈利模式上线",
                "4.2 利益冲突：分配不均，矛盾激化，争吵升级",
                "4.3 强势张琨：急功近利引发不满，价值观冲突",
                "4.4 无力调和：明哥人脉失灵，左右为难",
                "4.5 文案争议：晓阳文案低俗化，石头激烈反对",
                "4.6 水土不服：Daniel 海外经验受限，话语权减弱",
                "4.7 执行疲惫：三石左右为难，执行力下降",
                "4.8 内部背叛：商业机密泄露，信任危机爆发",
                "4.9 兄弟反目：激烈争吵，友情破裂，爱情受阻",
                "4.10 发展停滞：用户流失，论坛衰落，危机降临",
                "4.11 外部挖角：竞争对手趁虚而入，雪上加霜"
            ]
        },
        {
            "title": "第五章：沉沦：坠入谷底，黑暗中的一线曙光 (字数：1200)",
            "length": 1200,
            "level": 2,
            "key_points": [
                "5.1 论坛低谷：用户流失，营收惨淡，一片颓势",
                "5.2 撤资危机：投资方撤资，破产边缘",
                "5.3 团队溃散：成员离去，人心涣散，消极怠工",
                "5.4 石头迷茫：自我怀疑，热情消退，反思初心",
                "5.5 张琨反省：意识到偏差，反思商业化策略",
                "5.6 明哥失势：人脉失效，昔日朋友离去",
                "5.7 晓阳瓶颈：创作枯竭，迷失方向",
                "5.8 Daniel 挫败：海外经验无力，感到挫败",
                "5.9 三石失力：执行力耗尽，失去动力",
                "5.10 绝望与希望：一丝不甘，一线曙光",
                "5.11 重燃热情：行业事件或技术突破激发石头",
                "5.12 转机出现：关键人物或事件带来希望"
            ]
        },
        {
            "title": "第六章：觉醒：重拾初心，技术信仰涅槃重生 (字数：1500)",
            "length": 1500,
            "level": 2,
            "key_points": [
                "6.1 重审价值：石头认识到技术才是核心竞争力",
                "6.2 回归初心：专注技术，提升用户体验",
                "6.3 张琨转变：支持技术路线，放下商业执念",
                "6.4 重建人脉：明哥争取外部支持，修复合作关系",
                "6.5 文案新生：晓阳重拾初心，创作打动人心内容",
                "6.6 国际新思路：Daniel 提供技术升级和国际化建议",
                "6.7 重焕执行力：三石高效推动改进和重建",
                "6.8 团队重聚：摒弃前嫌，重归于好，凝聚力量",
                "6.9 技术升级：产品创新，医疗信息化解决方案",
                "6.10 用户回暖：活跃度回升，口碑恢复"
            ]
        },
        {
            "title": "第七章：破局：创新驱动，技术壁垒铸就核心竞争力 (字数：1200)",
            "length": 1200,
            "level": 2,
            "key_points": [
                "7.1 技术突破：医疗信息化领域取得创新进展",
                "7.2 领先平台：石头团队研发出数据分析或智能诊疗平台",
                "7.3 新增长点：技术创新带来用户和合作机会",
                "7.4 拓展合作：与医院、机构建立合作关系",
                "7.5 技术壁垒：核心竞争力形成，市场脱颖而出",
                "7.6 商业转化：张琨将技术优势转化为商业成功",
                "7.7 人脉助力：明哥促成重要合作，发挥关键作用",
                "7.8 品牌提升：晓阳文案与技术结合，打造独特品牌",
                "7.9 海外拓展：Daniel 助力拓展国际市场",
                "7.10 执行保障：三石保障创新和拓展顺利进行"
            ]
        },
        {
            "title": "第八章：腾飞：资本再青睐，上市之路曙光在前 (字数：1000)",
            "length": 1000,
            "level": 2,
            "key_points": [
                "8.1 资本再认可：技术实力和潜力重获资本市场青睐",
                "8.2 新轮融资：获得更优融资，资金充裕",
                "8.3 团队成熟：经历低谷重生，团队更加成熟稳重",
                "8.4 情感升温：爱情线索迎来新进展，关系明朗",
                "8.5 股份制改造：完善治理结构，准备上市",
                "8.6 IPO 计划：上市提上日程，进入准备阶段",
                "8.7 行业期待：MiForum 上市备受瞩目，行业领军预期"
            ]
        },
        {
            "title": "第九章：蝶变：敲钟上市，梦想照进现实的华丽逆袭 (字数：800)",
            "length": 800,
            "level": 2,
            "key_points": [
                "9.1 成功上市：股票代码敲响，梦想成真",
                "9.2 聚光灯下：创始人团队接受鲜花和掌声",
                "9.3 回顾历程：感慨万千，创业之路艰辛与辉煌",
                "9.4 华丽逆袭：从论坛到上市公司，梦想照进现实",
                "9.5 行业标杆：引领医疗信息化行业发展",
                "9.6 财富自由：个人价值实现，物质精神双丰收",
                "9.7 爱情圆满：有情人终成眷属，事业爱情双丰收",
                "9.8 新篇章开启：展望未来，继续深耕行业，回馈社会"
            ]
        },
        {
            "title": "尾声：蜜蜂不息，奋斗不止，科幻都市的传奇仍在继续 (字数：200)",
            "length": 200,
            "level": 2,
            "key_points": [
                "尾声总结：上市非终点，而是新起点",
                "奋斗精神：蜜蜂会团队将继续奋斗不止",
                "未来展望：科幻都市背景下，传奇仍在继续",
                "开放式结尾：留下想象空间，无限可能"
            ]
        },
        {
            "title": "1.1 时代背景：2002年互联网初期与医疗信息化行业的机遇 (字数：150)",
            "length": 150,
            "level": 3,
            "key_points": [
                "互联网浪潮的时代背景",
                "医疗信息化行业的早期发展阶段",
                "时代机遇与挑战并存"
            ]
        },
        {
            "title": "1.2 六位创始人登场：性格、背景、技能的差异与互补 (字数：200)",
            "length": 200,
            "level": 3,
            "key_points": [
                "石头：技术宅，理想主义者",
                "张琨：市场达人，精明商人",
                "明哥：人脉广，老好人",
                "晓阳：文艺青年，文案鬼才",
                "Daniel：海归精英，国际视野",
                "三石：实干家，执行力强",
                "六人性格、背景、技能的差异与互补，形成团队核心竞争力"
            ]
        },
        {
            "title": "1.3 梦想萌芽：出租屋里的头脑风暴，MiForum的雏形 (字数：150)",
            "length": 150,
            "level": 3,
            "key_points": [
                "六人在出租屋相遇，因共同理想和行业痛点产生共鸣",
                "头脑风暴，碰撞出MiForum的初步构想",
                "梦想的种子在简陋环境中生根发芽"
            ]
        },
        {
            "title": "1.4 初创定位：专业论坛，行业交流平台 (字数：100)",
            "length": 100,
            "level": 3,
            "key_points": [
                "MiForum 最初的定位：专业、垂直、行业交流",
                "区别于综合性论坛，聚焦医疗信息化领域",
                "为行业人士提供专业交流平台"
            ]
        },
        {
            "title": "1.5 初期困境：资金、技术、认知度三重挑战 (字数：200)",
            "length": 200,
            "level": 3,
            "key_points": [
                "资金匮乏：创业初期，资金捉襟见肘",
                "技术瓶颈：技术难题需要攻克",
                "行业认知度低：论坛初期，行业认知度不高",
                "三重挑战叠加，创业之路充满艰辛"
            ]
        },
        {
            "title": "后续章节的三级结构将按照类似的逻辑进行细化，此处省略，以保证JSON的完整性和符合字数限制。",
            "length": 0,
            "level": 3,
            "key_points": []
        }
    ]
}
```
2025-02-26 10:56:39,621 - INFO - Successfully parsed outline: {
  "sections": [
    {
      "title": "第一章：蛰伏：六芒星初聚，蜜蜂破壳前夜 (字数：800)",
      "length": 800,
      "level": 1,
      "key_points": [
        "2002年，互联网浪潮初期，医疗信息化行业萌芽",
        "六位性格迥异的年轻人：石头（技术核心）、张琨（市场嗅觉）、明哥（人脉担当）、晓阳（文案鬼才）、Daniel（海外视野）、三石（执行力超群）",
        "六人因共同的理想和对医疗行业痛点的洞察，在简陋的出租屋里萌生了创建MiForum的想法",
        "蜜蜂会最初的定位：一个医疗信息化领域的专业论坛，旨在交流技术、分享经验、促进行业发展",
        "初创团队面临的困难：资金匮乏、技术瓶颈、行业认知度低"
      ]
    },
    {
      "title": "第二章：萌芽：论坛上线，星星之火燃动行业 (字数：1200)",
      "length": 1200,
      "level": 1,
      "key_points": [
        "MiForum论坛正式上线，界面简陋但内容专业，迅速吸引第一批用户",
        "石头展现卓越技术能力，搭建稳定高效的论坛平台，解决早期技术难题",
        "张琨凭借敏锐的市场嗅觉，策划线上活动，吸引医疗行业人士关注",
        "明哥利用人脉，邀请行业专家入驻论坛，提升论坛权威性",
        "晓阳的精彩文案和社区运营，活跃论坛气氛，形成独特社区文化",
        "Daniel引入海外先进理念和技术，拓宽论坛视野",
        "三石的强大执行力，保障各项计划落地，推动论坛快速发展",
        "蜜蜂会六人初显锋芒，在行业内小有名气",
        "论坛运营初期遇到的挑战：服务器压力、内容管理、用户增长瓶颈"
      ]
    },
    {
      "title": "第三章：初啼：资本入场，野蛮生长下的隐忧 (字数：1500)",
      "length": 1500,
      "level": 1,
      "key_points": [
        "风险投资机构注意到MiForum的潜力，主动接触并注资",
        "蜜蜂会获得第一笔融资，团队规模扩大，办公环境改善",
        "论坛发展进入快车道，用户数量和影响力迅速提升",
        "资本的介入带来新的机遇，也埋下隐患：商业化压力增大，团队内部出现分歧",
        "张琨主张快速商业化，利用论坛流量变现；石头坚持技术为本，反对过度商业化",
        "明哥在商业化和情怀之间摇摆不定，试图平衡各方利益",
        "晓阳在商业化浪潮中迷失方向，文案风格开始迎合市场，失去初心",
        "Daniel对资本运作持谨慎态度，担心论坛失去独立性",
        "三石感受到执行层面的压力，需要在商业化和用户体验之间做出抉择",
        "团队成员开始出现裂痕，友情面临考验，爱情线索初现（例如，团队内部或与行业人士的暧昧情愫）",
        "行业竞争加剧，其他医疗信息化平台崛起，MiForum面临外部挑战"
      ]
    },
    {
      "title": "第四章：裂变：利益漩涡，兄弟反目情断义绝 (字数：1800)",
      "length": 1800,
      "level": 1,
      "key_points": [
        "商业化进程加速，论坛开始尝试广告、会员等盈利模式",
        "利益分配问题凸显，六人之间矛盾激化，争吵不断",
        "张琨的强势和急功近利，引发石头等人的不满，团队核心价值观受到冲击",
        "明哥试图调和矛盾，但力不从心，人脉关系也变得复杂",
        "晓阳的文案被指责低俗媚俗，与论坛专业性定位背道而驰，与石头产生激烈冲突",
        "Daniel的海外背景和理念与本土市场出现水土不服，话语权减弱",
        "三石在执行过程中左右为难，疲惫不堪，执行力下降",
        "团队内部分裂加剧，甚至出现背叛行为（例如，有人私下接触竞争对手，泄露商业机密）",
        "核心成员之间爆发激烈争吵，兄弟情谊遭受重创，爱情线索进一步发展，但充满波折和误会",
        "论坛发展停滞不前，用户流失严重，面临生死存亡危机",
        "外部竞争对手趁虚而入，挖角MiForum核心团队成员，进一步打击蜜蜂会"
      ]
    },
    {
      "title": "第五章：沉沦：坠入谷底，黑暗中的一线曙光 (字数：1200)",
      "length": 1200,
      "level": 1,
      "key_points": [
        "MiForum论坛陷入低谷，用户活跃度大幅下降，营收惨淡",
        "投资方失去信心，撤资压力巨大，蜜蜂会面临破产危机",
        "团队成员分崩离析，有人选择离开，有人消极怠工",
        "石头陷入自我怀疑，技术热情消退，开始反思创业初心",
        "张琨意识到商业化策略的偏差，开始反省自身问题",
        "明哥的人脉关系受到质疑，曾经的朋友也离他而去",
        "晓阳的文案创作陷入瓶颈，找不到新的方向",
        "Daniel的海外经验在困境中显得无力，感到挫败",
        "三石的执行力在内耗中被消耗殆尽，失去动力",
        "六人陷入迷茫和绝望，但内心深处仍存留一丝不甘和希望",
        "一次偶然的行业事件或技术突破，让石头重新燃起技术热情",
        "一个关键人物或事件出现，为蜜蜂会带来一线转机（例如，新的投资人出现，新的技术方向出现，用户自发组织的拯救论坛行动）"
      ]
    },
    {
      "title": "第六章：觉醒：重拾初心，技术信仰涅槃重生 (字数：1500)",
      "length": 1500,
      "level": 1,
      "key_points": [
        "石头重新审视MiForum的价值和意义，意识到技术才是论坛的立身之本",
        "他带领团队回归技术初心，专注提升论坛的技术实力和用户体验",
        "张琨放下商业化执念，重新认识到技术的重要性，开始支持石头的技术路线",
        "明哥利用剩余的人脉资源，重新搭建行业合作关系，争取外部支持",
        "晓阳反思过往的商业化文案，重拾初心，创作出打动人心的内容，重新赢得用户认可",
        "Daniel结合海外先进经验，为论坛的技术升级和国际化发展提供新思路",
        "三石重新焕发执行力，高效推动各项技术改进和社区重建计划",
        "六人摒弃前嫌，重归于好，团队凝聚力重新凝聚",
        "蜜蜂会开始进行技术升级和产品创新，推出更符合用户需求的医疗信息化解决方案",
        "论坛用户活跃度逐渐回升，口碑和影响力开始恢复"
      ]
    },
    {
      "title": "第七章：破局：创新驱动，技术壁垒铸就核心竞争力 (字数：1200)",
      "length": 1200,
      "level": 1,
      "key_points": [
        "MiForum在医疗信息化领域的技术创新取得突破性进展",
        "石头带领技术团队研发出具有领先优势的医疗数据分析平台或智能诊疗系统",
        "技术创新为MiForum带来新的增长点，吸引更多用户和合作伙伴",
        "蜜蜂会开始与大型医院、科研机构建立合作关系，拓展业务范围",
        "技术壁垒的建立，使得MiForum在竞争激烈的市场中脱颖而出",
        "张琨的市场嗅觉再次发挥作用，成功将技术创新转化为商业优势",
        "明哥的人脉资源在新的合作关系中发挥关键作用，促成重要合作",
        "晓阳的文案创作与技术创新相结合，打造出独特的品牌形象，提升市场竞争力",
        "Daniel的国际视野帮助MiForum拓展海外市场，为未来上市奠定基础",
        "三石的执行力保障技术创新和市场拓展顺利进行"
      ]
    },
    {
      "title": "第八章：腾飞：资本再青睐，上市之路曙光在前 (字数：1000)",
      "length": 1000,
      "level": 1,
      "key_points": [
        "MiForum的技术实力和市场潜力再次获得资本市场的认可",
        "新的风险投资机构主动接触蜜蜂会，提供更优厚的融资条件",
        "蜜蜂会完成新一轮融资，资金充裕，为上市做好准备",
        "团队成员经历了低谷和重生，更加成熟稳重，目标一致",
        "爱情线索在事业回暖的背景下迎来新的进展，情感关系更加明朗和稳定",
        "MiForum开始进行股份制改造，完善公司治理结构，为上市铺平道路",
        "上市计划提上日程，蜜蜂会进入IPO准备阶段",
        "行业内对MiForum的上市充满期待，认为其将成为医疗信息化领域的领军企业"
      ]
    },
    {
      "title": "第九章：蝶变：敲钟上市，梦想照进现实的华丽逆袭 (字数：800)",
      "length": 800,
      "level": 1,
      "key_points": [
        "MiForum成功在证券交易所上市，股票代码正式敲响",
        "蜜蜂会创始人团队站在聚光灯下，接受鲜花和掌声",
        "石头、张琨、明哥、晓阳、Daniel、三石，六位创始人感慨万千，回顾创业历程",
        "上市成功标志着MiForum的华丽逆袭，从简陋论坛到上市公司，梦想照进现实",
        "蜜蜂会成为医疗信息化行业的标杆企业，引领行业发展",
        "团队成员实现财富自由，个人价值得到充分体现",
        "爱情线索迎来圆满结局，有情人终成眷属，事业爱情双丰收",
        "MiForum上市后的新篇章：展望未来，继续深耕医疗信息化领域，回馈社会"
      ]
    },
    {
      "title": "尾声：蜜蜂不息，奋斗不止，科幻都市的传奇仍在继续 (字数：200)",
      "length": 200,
      "level": 1,
      "key_points": [
        "MiForum上市并非终点，而是新的起点",
        "蜜蜂会团队将继续保持创业激情，不断创新，迎接新的挑战",
        "科幻都市的背景下，医疗信息化行业前景广阔，MiForum的传奇故事仍在继续",
        "开放式结尾，留下想象空间，暗示蜜蜂会未来的无限可能"
      ]
    },
    {
      "title": "第一章：蛰伏：六芒星初聚，蜜蜂破壳前夜 (字数：800)",
      "length": 800,
      "level": 2,
      "key_points": [
        "1.1 时代背景：2002年互联网初期与医疗信息化行业的机遇",
        "1.2 六位创始人登场：性格、背景、技能的差异与互补",
        "1.3 梦想萌芽：出租屋里的头脑风暴，MiForum的雏形",
        "1.4 初创定位：专业论坛，行业交流平台",
        "1.5 初期困境：资金、技术、认知度三重挑战"
      ]
    },
    {
      "title": "第二章：萌芽：论坛上线，星星之火燃动行业 (字数：1200)",
      "length": 1200,
      "level": 2,
      "key_points": [
        "2.1 论坛上线：简陋界面下的专业内容，吸引首批用户",
        "2.2 技术担当：石头解决技术难题，平台稳定运行",
        "2.3 市场先锋：张琨策划活动，扩大论坛影响力",
        "2.4 人脉拓展：明哥邀请专家，提升论坛权威性",
        "2.5 文案鬼才：晓阳活跃社区，形成独特文化",
        "2.6 国际视野：Daniel引入海外理念，拓宽论坛格局",
        "2.7 执行保障：三石高效执行，推动论坛发展",
        "2.8 初露锋芒：蜜蜂会在行业内崭露头角",
        "2.9 运营挑战：服务器、内容、增长瓶颈初现"
      ]
    },
    {
      "title": "第三章：初啼：资本入场，野蛮生长下的隐忧 (字数：1500)",
      "length": 1500,
      "level": 2,
      "key_points": [
        "3.1 资本青睐：风投机构注资，MiForum迎来转机",
        "3.2 快速扩张：团队壮大，办公环境改善，发展提速",
        "3.3 商业化压力：资本 demands 盈利，商业化转型迫在眉睫",
        "3.4 路线分歧：张琨 vs. 石头，商业化 vs. 技术为本",
        "3.5 中间路线：明哥的平衡术，情怀与利益的抉择",
        "3.6 文案迷失：晓阳迎合市场，初心渐远",
        "3.7 谨慎态度：Daniel 的担忧，独立性 vs. 资本控制",
        "3.8 执行困境：三石在商业化与用户体验间挣扎",
        "3.9 团队裂痕：分歧加剧，友情受考验，爱情萌芽",
        "3.10 外部竞争：行业平台崛起，MiForum面临挑战"
      ]
    },
    {
      "title": "第四章：裂变：利益漩涡，兄弟反目情断义绝 (字数：1800)",
      "length": 1800,
      "level": 2,
      "key_points": [
        "4.1 加速商业化：广告、会员等盈利模式上线",
        "4.2 利益冲突：分配不均，矛盾激化，争吵升级",
        "4.3 强势张琨：急功近利引发不满，价值观冲突",
        "4.4 无力调和：明哥人脉失灵，左右为难",
        "4.5 文案争议：晓阳文案低俗化，石头激烈反对",
        "4.6 水土不服：Daniel 海外经验受限，话语权减弱",
        "4.7 执行疲惫：三石左右为难，执行力下降",
        "4.8 内部背叛：商业机密泄露，信任危机爆发",
        "4.9 兄弟反目：激烈争吵，友情破裂，爱情受阻",
        "4.10 发展停滞：用户流失，论坛衰落，危机降临",
        "4.11 外部挖角：竞争对手趁虚而入，雪上加霜"
      ]
    },
    {
      "title": "第五章：沉沦：坠入谷底，黑暗中的一线曙光 (字数：1200)",
      "length": 1200,
      "level": 2,
      "key_points": [
        "5.1 论坛低谷：用户流失，营收惨淡，一片颓势",
        "5.2 撤资危机：投资方撤资，破产边缘",
        "5.3 团队溃散：成员离去，人心涣散，消极怠工",
        "5.4 石头迷茫：自我怀疑，热情消退，反思初心",
        "5.5 张琨反省：意识到偏差，反思商业化策略",
        "5.6 明哥失势：人脉失效，昔日朋友离去",
        "5.7 晓阳瓶颈：创作枯竭，迷失方向",
        "5.8 Daniel 挫败：海外经验无力，感到挫败",
        "5.9 三石失力：执行力耗尽，失去动力",
        "5.10 绝望与希望：一丝不甘，一线曙光",
        "5.11 重燃热情：行业事件或技术突破激发石头",
        "5.12 转机出现：关键人物或事件带来希望"
      ]
    },
    {
      "title": "第六章：觉醒：重拾初心，技术信仰涅槃重生 (字数：1500)",
      "length": 1500,
      "level": 2,
      "key_points": [
        "6.1 重审价值：石头认识到技术才是核心竞争力",
        "6.2 回归初心：专注技术，提升用户体验",
        "6.3 张琨转变：支持技术路线，放下商业执念",
        "6.4 重建人脉：明哥争取外部支持，修复合作关系",
        "6.5 文案新生：晓阳重拾初心，创作打动人心内容",
        "6.6 国际新思路：Daniel 提供技术升级和国际化建议",
        "6.7 重焕执行力：三石高效推动改进和重建",
        "6.8 团队重聚：摒弃前嫌，重归于好，凝聚力量",
        "6.9 技术升级：产品创新，医疗信息化解决方案",
        "6.10 用户回暖：活跃度回升，口碑恢复"
      ]
    },
    {
      "title": "第七章：破局：创新驱动，技术壁垒铸就核心竞争力 (字数：1200)",
      "length": 1200,
      "level": 2,
      "key_points": [
        "7.1 技术突破：医疗信息化领域取得创新进展",
        "7.2 领先平台：石头团队研发出数据分析或智能诊疗平台",
        "7.3 新增长点：技术创新带来用户和合作机会",
        "7.4 拓展合作：与医院、机构建立合作关系",
        "7.5 技术壁垒：核心竞争力形成，市场脱颖而出",
        "7.6 商业转化：张琨将技术优势转化为商业成功",
        "7.7 人脉助力：明哥促成重要合作，发挥关键作用",
        "7.8 品牌提升：晓阳文案与技术结合，打造独特品牌",
        "7.9 海外拓展：Daniel 助力拓展国际市场",
        "7.10 执行保障：三石保障创新和拓展顺利进行"
      ]
    },
    {
      "title": "第八章：腾飞：资本再青睐，上市之路曙光在前 (字数：1000)",
      "length": 1000,
      "level": 2,
      "key_points": [
        "8.1 资本再认可：技术实力和潜力重获资本市场青睐",
        "8.2 新轮融资：获得更优融资，资金充裕",
        "8.3 团队成熟：经历低谷重生，团队更加成熟稳重",
        "8.4 情感升温：爱情线索迎来新进展，关系明朗",
        "8.5 股份制改造：完善治理结构，准备上市",
        "8.6 IPO 计划：上市提上日程，进入准备阶段",
        "8.7 行业期待：MiForum 上市备受瞩目，行业领军预期"
      ]
    },
    {
      "title": "第九章：蝶变：敲钟上市，梦想照进现实的华丽逆袭 (字数：800)",
      "length": 800,
      "level": 2,
      "key_points": [
        "9.1 成功上市：股票代码敲响，梦想成真",
        "9.2 聚光灯下：创始人团队接受鲜花和掌声",
        "9.3 回顾历程：感慨万千，创业之路艰辛与辉煌",
        "9.4 华丽逆袭：从论坛到上市公司，梦想照进现实",
        "9.5 行业标杆：引领医疗信息化行业发展",
        "9.6 财富自由：个人价值实现，物质精神双丰收",
        "9.7 爱情圆满：有情人终成眷属，事业爱情双丰收",
        "9.8 新篇章开启：展望未来，继续深耕行业，回馈社会"
      ]
    },
    {
      "title": "尾声：蜜蜂不息，奋斗不止，科幻都市的传奇仍在继续 (字数：200)",
      "length": 200,
      "level": 2,
      "key_points": [
        "尾声总结：上市非终点，而是新起点",
        "奋斗精神：蜜蜂会团队将继续奋斗不止",
        "未来展望：科幻都市背景下，传奇仍在继续",
        "开放式结尾：留下想象空间，无限可能"
      ]
    },
    {
      "title": "1.1 时代背景：2002年互联网初期与医疗信息化行业的机遇 (字数：150)",
      "length": 150,
      "level": 3,
      "key_points": [
        "互联网浪潮的时代背景",
        "医疗信息化行业的早期发展阶段",
        "时代机遇与挑战并存"
      ]
    },
    {
      "title": "1.2 六位创始人登场：性格、背景、技能的差异与互补 (字数：200)",
      "length": 200,
      "level": 3,
      "key_points": [
        "石头：技术宅，理想主义者",
        "张琨：市场达人，精明商人",
        "明哥：人脉广，老好人",
        "晓阳：文艺青年，文案鬼才",
        "Daniel：海归精英，国际视野",
        "三石：实干家，执行力强",
        "六人性格、背景、技能的差异与互补，形成团队核心竞争力"
      ]
    },
    {
      "title": "1.3 梦想萌芽：出租屋里的头脑风暴，MiForum的雏形 (字数：150)",
      "length": 150,
      "level": 3,
      "key_points": [
        "六人在出租屋相遇，因共同理想和行业痛点产生共鸣",
        "头脑风暴，碰撞出MiForum的初步构想",
        "梦想的种子在简陋环境中生根发芽"
      ]
    },
    {
      "title": "1.4 初创定位：专业论坛，行业交流平台 (字数：100)",
      "length": 100,
      "level": 3,
      "key_points": [
        "MiForum 最初的定位：专业、垂直、行业交流",
        "区别于综合性论坛，聚焦医疗信息化领域",
        "为行业人士提供专业交流平台"
      ]
    },
    {
      "title": "1.5 初期困境：资金、技术、认知度三重挑战 (字数：200)",
      "length": 200,
      "level": 3,
      "key_points": [
        "资金匮乏：创业初期，资金捉襟见肘",
        "技术瓶颈：技术难题需要攻克",
        "行业认知度低：论坛初期，行业认知度不高",
        "三重挑战叠加，创业之路充满艰辛"
      ]
    },
    {
      "title": "后续章节的三级结构将按照类似的逻辑进行细化，此处省略，以保证JSON的完整性和符合字数限制。",
      "length": 0,
      "level": 3,
      "key_points": []
    }
  ]
}
2025-02-26 10:56:39,628 - INFO - Outline saved to: articles/蜜蜂会MiForum逆袭之路_20250226_105639_outline.json
2025-02-26 10:56:39,628 - INFO - Assembling article...
2025-02-26 10:56:39,629 - INFO - Writing section: 第一章：蛰伏：六芒星初聚，蜜蜂破壳前夜 (字数：800)
2025-02-26 10:56:50,123 - INFO - Writing section: 第二章：萌芽：论坛上线，星星之火燃动行业 (字数：1200)
2025-02-26 10:57:05,257 - INFO - Writing section: 第三章：初啼：资本入场，野蛮生长下的隐忧 (字数：1500)
2025-02-26 10:57:25,282 - INFO - Writing section: 第四章：裂变：利益漩涡，兄弟反目情断义绝 (字数：1800)
2025-02-26 10:57:44,848 - INFO - Writing section: 第五章：沉沦：坠入谷底，黑暗中的一线曙光 (字数：1200)
2025-02-26 10:58:03,700 - INFO - Writing section: 第六章：觉醒：重拾初心，技术信仰涅槃重生 (字数：1500)
2025-02-26 10:58:23,239 - INFO - Writing section: 第七章：破局：创新驱动，技术壁垒铸就核心竞争力 (字数：1200)
2025-02-26 10:58:37,472 - INFO - Writing section: 第八章：腾飞：资本再青睐，上市之路曙光在前 (字数：1000)
2025-02-26 10:58:50,933 - INFO - Writing section: 第九章：蝶变：敲钟上市，梦想照进现实的华丽逆袭 (字数：800)
2025-02-26 10:59:01,331 - INFO - Writing section: 尾声：蜜蜂不息，奋斗不止，科幻都市的传奇仍在继续 (字数：200)
