2025-02-26 21:54:51,074 - INFO - 开始为 青岛电影学院视听语言与剪辑课程 生成文章
2025-02-26 21:54:51,074 - INFO - 日志文件创建于: logs/青岛电影学院视听语言与剪辑课程_20250226_215451.log
2025-02-26 21:54:51,074 - INFO - 生成大纲: 标题: 青岛电影学院视听语言与剪辑课程, 长度: 100000, 体裁: 专业电影学院教材, 语言: 中文
2025-02-26 21:55:02,783 - INFO - 生成的大纲文本:
```json
[
  {"title": "引言：视听语言与电影剪辑的重要性", "length": 2500, "level": 1},
  {"title": "视听语言概述：电影的语法与修辞", "length": 3000, "level": 1},
  {"title": "电影剪辑的历史发展：从胶片到数字", "length": 3500, "level": 1},
  {"title": "电影剪辑的功能与作用：叙事、节奏与情感", "length": 3200, "level": 1},
  {"title": "镜头景别：构图、信息量与叙事重点", "length": 3000, "level": 1},
  {"title": "景别变化与节奏控制：创造视觉动感", "length": 3100, "level": 1},
  {"title": "拍摄角度：视角、观点与观众代入", "length": 3000, "level": 1},
  {"title": "不同拍摄角度的表达效果：高低角度与平视", "length": 3200, "level": 1},
  {"title": "电影色彩的心理学：情感、氛围与象征意义", "length": 3300, "level": 1},
  {"title": "色彩在不同电影类型中的应用：案例分析", "length": 3400, "level": 1},
  {"title": "运动摄影：运镜技巧与叙事表达", "length": 3100, "level": 1},
  {"title": "运动摄影的类型与效果：推拉摇移跟", "length": 3200, "level": 1},
  {"title": "电影声音的类型与功能：对话、音效、音乐", "length": 3300, "level": 1},
  {"title": "声音剪辑：同步与非同步、声画关系", "length": 3400, "level": 1},
  {"title": "蒙太奇理论基础：经典蒙太奇与现代蒙太奇", "length": 3500, "level": 1},
  {"title": "蒙太奇类型与应用：叙事蒙太奇、表现蒙太奇", "length": 3600, "level": 1},
  {"title": "素材剪辑的参考原则：流畅性、连贯性、节奏感", "length": 3400, "level": 1},
  {"title": "剪辑点的选择与技巧：避免跳跃与突兀", "length": 3300, "level": 1},
  {"title": "数字电影剪辑技术概述：非线性剪辑的优势", "length": 3000, "level": 1},
  {"title": "Final Cut Pro X 软件界面与工作流程简介", "length": 3200, "level": 1},
  {"title": "剪辑预备工作：素材导入、媒体管理与项目设置", "length": 3300, "level": 1},
  {"title": "建立与打开 Final Cut Pro X 项目文件：项目组织与备份", "length": 3100, "level": 1},
  {"title": "基本剪辑操作：时间线操作、素材剪切与拼接", "length": 3200, "level": 1},
  {"title": "高级剪辑技巧：转场效果、速度控制与关键帧动画", "length": 3400, "level": 1},
  {"title": "多机位剪辑流程与技巧：同步、切换与调整", "length": 3500, "level": 1},
  {"title": "音频后期处理与混音：音量平衡、音效添加与音乐编辑", "length": 3600, "level": 1},
  {"title": "字幕与片头片尾制作：文字设计与动画效果", "length": 3300, "level": 1},
  {"title": "数字校色技术概述：色彩校正与风格化", "length": 3000, "level": 1},
  {"title": "Color 软件应用基础：界面、工具与基本操作", "length": 3200, "level": 1},
  {"title": "达芬奇调色系统简介与界面：节点式调色流程", "length": 3300, "level": 1},
  {"title": "达芬奇调色基础操作与技巧：一级调色与二级调色", "length": 3500, "level": 1},
  {"title": "结论：电影剪辑的未来趋势与技术展望", "length": 2800, "level": 1}
]
```
2025-02-26 21:55:02,787 - INFO - 解析后的大纲: [
  {
    "title": "引言：视听语言与电影剪辑的重要性",
    "length": 2500,
    "level": 1
  },
  {
    "title": "视听语言概述：电影的语法与修辞",
    "length": 3000,
    "level": 1
  },
  {
    "title": "电影剪辑的历史发展：从胶片到数字",
    "length": 3500,
    "level": 1
  },
  {
    "title": "电影剪辑的功能与作用：叙事、节奏与情感",
    "length": 3200,
    "level": 1
  },
  {
    "title": "镜头景别：构图、信息量与叙事重点",
    "length": 3000,
    "level": 1
  },
  {
    "title": "景别变化与节奏控制：创造视觉动感",
    "length": 3100,
    "level": 1
  },
  {
    "title": "拍摄角度：视角、观点与观众代入",
    "length": 3000,
    "level": 1
  },
  {
    "title": "不同拍摄角度的表达效果：高低角度与平视",
    "length": 3200,
    "level": 1
  },
  {
    "title": "电影色彩的心理学：情感、氛围与象征意义",
    "length": 3300,
    "level": 1
  },
  {
    "title": "色彩在不同电影类型中的应用：案例分析",
    "length": 3400,
    "level": 1
  },
  {
    "title": "运动摄影：运镜技巧与叙事表达",
    "length": 3100,
    "level": 1
  },
  {
    "title": "运动摄影的类型与效果：推拉摇移跟",
    "length": 3200,
    "level": 1
  },
  {
    "title": "电影声音的类型与功能：对话、音效、音乐",
    "length": 3300,
    "level": 1
  },
  {
    "title": "声音剪辑：同步与非同步、声画关系",
    "length": 3400,
    "level": 1
  },
  {
    "title": "蒙太奇理论基础：经典蒙太奇与现代蒙太奇",
    "length": 3500,
    "level": 1
  },
  {
    "title": "蒙太奇类型与应用：叙事蒙太奇、表现蒙太奇",
    "length": 3600,
    "level": 1
  },
  {
    "title": "素材剪辑的参考原则：流畅性、连贯性、节奏感",
    "length": 3400,
    "level": 1
  },
  {
    "title": "剪辑点的选择与技巧：避免跳跃与突兀",
    "length": 3300,
    "level": 1
  },
  {
    "title": "数字电影剪辑技术概述：非线性剪辑的优势",
    "length": 3000,
    "level": 1
  },
  {
    "title": "Final Cut Pro X 软件界面与工作流程简介",
    "length": 3200,
    "level": 1
  },
  {
    "title": "剪辑预备工作：素材导入、媒体管理与项目设置",
    "length": 3300,
    "level": 1
  },
  {
    "title": "建立与打开 Final Cut Pro X 项目文件：项目组织与备份",
    "length": 3100,
    "level": 1
  },
  {
    "title": "基本剪辑操作：时间线操作、素材剪切与拼接",
    "length": 3200,
    "level": 1
  },
  {
    "title": "高级剪辑技巧：转场效果、速度控制与关键帧动画",
    "length": 3400,
    "level": 1
  },
  {
    "title": "多机位剪辑流程与技巧：同步、切换与调整",
    "length": 3500,
    "level": 1
  },
  {
    "title": "音频后期处理与混音：音量平衡、音效添加与音乐编辑",
    "length": 3600,
    "level": 1
  },
  {
    "title": "字幕与片头片尾制作：文字设计与动画效果",
    "length": 3300,
    "level": 1
  },
  {
    "title": "数字校色技术概述：色彩校正与风格化",
    "length": 3000,
    "level": 1
  },
  {
    "title": "Color 软件应用基础：界面、工具与基本操作",
    "length": 3200,
    "level": 1
  },
  {
    "title": "达芬奇调色系统简介与界面：节点式调色流程",
    "length": 3300,
    "level": 1
  },
  {
    "title": "达芬奇调色基础操作与技巧：一级调色与二级调色",
    "length": 3500,
    "level": 1
  },
  {
    "title": "结论：电影剪辑的未来趋势与技术展望",
    "length": 2800,
    "level": 1
  }
]
2025-02-26 21:55:02,787 - INFO - 目标长度: 100000, 理想章节数: 32.4, 当前章节数: 32
2025-02-26 21:55:02,788 - INFO - 章节数量合理，保留现有结构
2025-02-26 21:55:02,788 - INFO - 大纲生成成功
2025-02-26 21:55:02,789 - INFO - 大纲已保存至: articles/青岛电影学院视听语言与剪辑课程_20250226_215502_outline.json
2025-02-26 21:55:02,789 - INFO - 正在组装文章...
2025-02-26 21:55:30,847 - INFO - 进度已保存至: articles/青岛电影学院视听语言与剪辑课程_progress.md
2025-02-26 21:55:30,848 - INFO - 章节 '引言：视听语言与电影剪辑的重要性' 写作完成，生成了 3613 字符
2025-02-26 21:55:51,954 - INFO - 进度已保存至: articles/青岛电影学院视听语言与剪辑课程_progress.md
2025-02-26 21:55:51,955 - INFO - 章节 '视听语言概述：电影的语法与修辞' 写作完成，生成了 4051 字符
2025-02-26 21:56:18,663 - INFO - 进度已保存至: articles/青岛电影学院视听语言与剪辑课程_progress.md
2025-02-26 21:56:18,664 - INFO - 章节 '电影剪辑的历史发展：从胶片到数字' 写作完成，生成了 4476 字符
2025-02-26 21:56:54,159 - INFO - 进度已保存至: articles/青岛电影学院视听语言与剪辑课程_progress.md
2025-02-26 21:56:54,160 - INFO - 章节 '电影剪辑的功能与作用：叙事、节奏与情感' 写作完成，生成了 7088 字符
2025-02-26 21:57:20,107 - INFO - 进度已保存至: articles/青岛电影学院视听语言与剪辑课程_progress.md
2025-02-26 21:57:20,108 - INFO - 章节 '镜头景别：构图、信息量与叙事重点' 写作完成，生成了 4842 字符
2025-02-26 21:57:47,685 - INFO - 进度已保存至: articles/青岛电影学院视听语言与剪辑课程_progress.md
2025-02-26 21:57:47,685 - INFO - 章节 '景别变化与节奏控制：创造视觉动感' 写作完成，生成了 4497 字符
2025-02-26 21:58:16,189 - INFO - 进度已保存至: articles/青岛电影学院视听语言与剪辑课程_progress.md
2025-02-26 21:58:16,190 - INFO - 章节 '拍摄角度：视角、观点与观众代入' 写作完成，生成了 5173 字符
2025-02-26 21:58:53,201 - INFO - 进度已保存至: articles/青岛电影学院视听语言与剪辑课程_progress.md
2025-02-26 21:58:53,202 - INFO - 章节 '不同拍摄角度的表达效果：高低角度与平视' 写作完成，生成了 6991 字符
2025-02-26 21:59:19,713 - INFO - 进度已保存至: articles/青岛电影学院视听语言与剪辑课程_progress.md
2025-02-26 21:59:19,714 - INFO - 章节 '电影色彩的心理学：情感、氛围与象征意义' 写作完成，生成了 6593 字符
2025-02-26 22:00:07,619 - INFO - 进度已保存至: articles/青岛电影学院视听语言与剪辑课程_progress.md
2025-02-26 22:00:07,621 - INFO - 章节 '色彩在不同电影类型中的应用：案例分析' 写作完成，生成了 12745 字符
2025-02-26 22:00:41,355 - INFO - 进度已保存至: articles/青岛电影学院视听语言与剪辑课程_progress.md
2025-02-26 22:00:41,356 - INFO - 章节 '运动摄影：运镜技巧与叙事表达' 写作完成，生成了 7848 字符
2025-02-26 22:01:22,805 - INFO - 进度已保存至: articles/青岛电影学院视听语言与剪辑课程_progress.md
2025-02-26 22:01:22,806 - INFO - 章节 '运动摄影的类型与效果：推拉摇移跟' 写作完成，生成了 9673 字符
2025-02-26 22:01:55,657 - INFO - 进度已保存至: articles/青岛电影学院视听语言与剪辑课程_progress.md
2025-02-26 22:01:55,658 - INFO - 章节 '电影声音的类型与功能：对话、音效、音乐' 写作完成，生成了 7904 字符
2025-02-26 22:02:26,298 - INFO - 进度已保存至: articles/青岛电影学院视听语言与剪辑课程_progress.md
2025-02-26 22:02:26,299 - INFO - 章节 '声音剪辑：同步与非同步、声画关系' 写作完成，生成了 6891 字符
2025-02-26 22:02:57,569 - INFO - 进度已保存至: articles/青岛电影学院视听语言与剪辑课程_progress.md
2025-02-26 22:02:57,570 - INFO - 章节 '蒙太奇理论基础：经典蒙太奇与现代蒙太奇' 写作完成，生成了 6798 字符
2025-02-26 22:03:32,410 - INFO - 进度已保存至: articles/青岛电影学院视听语言与剪辑课程_progress.md
2025-02-26 22:03:32,411 - INFO - 章节 '蒙太奇类型与应用：叙事蒙太奇、表现蒙太奇' 写作完成，生成了 9168 字符
2025-02-26 22:04:00,898 - INFO - 进度已保存至: articles/青岛电影学院视听语言与剪辑课程_progress.md
2025-02-26 22:04:00,899 - INFO - 章节 '素材剪辑的参考原则：流畅性、连贯性、节奏感' 写作完成，生成了 7415 字符
2025-02-26 22:04:30,124 - INFO - 进度已保存至: articles/青岛电影学院视听语言与剪辑课程_progress.md
2025-02-26 22:04:30,124 - INFO - 章节 '剪辑点的选择与技巧：避免跳跃与突兀' 写作完成，生成了 6671 字符
2025-02-26 22:04:57,729 - INFO - 进度已保存至: articles/青岛电影学院视听语言与剪辑课程_progress.md
2025-02-26 22:04:57,730 - INFO - 章节 '数字电影剪辑技术概述：非线性剪辑的优势' 写作完成，生成了 6541 字符
2025-02-26 22:05:28,350 - INFO - 进度已保存至: articles/青岛电影学院视听语言与剪辑课程_progress.md
2025-02-26 22:05:28,351 - INFO - 章节 'Final Cut Pro X 软件界面与工作流程简介' 写作完成，生成了 6287 字符
2025-02-26 22:06:05,817 - INFO - 进度已保存至: articles/青岛电影学院视听语言与剪辑课程_progress.md
2025-02-26 22:06:05,817 - INFO - 章节 '剪辑预备工作：素材导入、媒体管理与项目设置' 写作完成，生成了 12528 字符
2025-02-26 22:06:52,203 - INFO - 进度已保存至: articles/青岛电影学院视听语言与剪辑课程_progress.md
2025-02-26 22:06:52,204 - INFO - 章节 '建立与打开 Final Cut Pro X 项目文件：项目组织与备份' 写作完成，生成了 14692 字符
2025-02-26 22:07:28,399 - INFO - 进度已保存至: articles/青岛电影学院视听语言与剪辑课程_progress.md
2025-02-26 22:07:28,400 - INFO - 章节 '基本剪辑操作：时间线操作、素材剪切与拼接' 写作完成，生成了 10653 字符
2025-02-26 22:08:24,245 - INFO - 进度已保存至: articles/青岛电影学院视听语言与剪辑课程_progress.md
2025-02-26 22:08:24,246 - INFO - 章节 '高级剪辑技巧：转场效果、速度控制与关键帧动画' 写作完成，生成了 14521 字符
2025-02-26 22:09:14,078 - INFO - 进度已保存至: articles/青岛电影学院视听语言与剪辑课程_progress.md
2025-02-26 22:09:14,078 - INFO - 章节 '多机位剪辑流程与技巧：同步、切换与调整' 写作完成，生成了 15736 字符
2025-02-26 22:09:54,206 - INFO - 进度已保存至: articles/青岛电影学院视听语言与剪辑课程_progress.md
2025-02-26 22:09:54,206 - INFO - 章节 '音频后期处理与混音：音量平衡、音效添加与音乐编辑' 写作完成，生成了 11239 字符
2025-02-26 22:10:37,034 - INFO - 进度已保存至: articles/青岛电影学院视听语言与剪辑课程_progress.md
2025-02-26 22:10:37,035 - INFO - 章节 '字幕与片头片尾制作：文字设计与动画效果' 写作完成，生成了 11805 字符
2025-02-26 22:11:15,595 - INFO - 进度已保存至: articles/青岛电影学院视听语言与剪辑课程_progress.md
2025-02-26 22:11:15,598 - INFO - 章节 '数字校色技术概述：色彩校正与风格化' 写作完成，生成了 9874 字符
2025-02-26 22:11:48,678 - INFO - 进度已保存至: articles/青岛电影学院视听语言与剪辑课程_progress.md
2025-02-26 22:11:48,678 - INFO - 章节 'Color 软件应用基础：界面、工具与基本操作' 写作完成，生成了 9475 字符
2025-02-26 22:12:16,371 - INFO - 进度已保存至: articles/青岛电影学院视听语言与剪辑课程_progress.md
2025-02-26 22:12:16,372 - INFO - 章节 '达芬奇调色系统简介与界面：节点式调色流程' 写作完成，生成了 8202 字符
2025-02-26 22:12:52,522 - INFO - 进度已保存至: articles/青岛电影学院视听语言与剪辑课程_progress.md
2025-02-26 22:12:52,523 - INFO - 章节 '达芬奇调色基础操作与技巧：一级调色与二级调色' 写作完成，生成了 8877 字符
2025-02-26 22:13:35,822 - INFO - 用户中断操作
