2025-02-26 22:13:40,463 - INFO - 开始为 青岛电影学院视听语言与剪辑课程 生成文章
2025-02-26 22:13:40,464 - INFO - 日志文件创建于: logs/青岛电影学院视听语言与剪辑课程_20250226_221340.log
2025-02-26 22:13:40,464 - INFO - 生成大纲: 标题: 青岛电影学院视听语言与剪辑课程, 长度: 100000, 体裁: 专业电影学院教材, 语言: 中文
2025-02-26 22:13:57,393 - INFO - 生成的大纲文本:
```json
[
  {
    "title": "引言：视听语言与剪辑的重要性",
    "length": 2500,
    "level": 1
  },
  {
    "title": "电影视听语言的构成元素：画面、声音、运动",
    "length": 3500,
    "level": 1
  },
  {
    "title": "镜头景别：远景、全景、中景、近景、特写",
    "length": 3200,
    "level": 1
  },
  {
    "title": "镜头角度：平视、仰视、俯视、倾斜角度",
    "length": 3000,
    "level": 1
  },
  {
    "title": "色彩在电影中的运用：色彩心理学与色彩象征",
    "length": 3300,
    "level": 1
  },
  {
    "title": "运动摄影：推、拉、摇、移、跟镜头",
    "length": 3100,
    "level": 1
  },
  {
    "title": "声音元素：对白、音效、音乐、同期声与后期配音",
    "length": 3400,
    "level": 1
  },
  {
    "title": "电影蒙太奇：定义、类型与叙事功能",
    "length": 3600,
    "level": 1
  },
  {
    "title": "剪辑的参考原则：连贯性、节奏、强调",
    "length": 3200,
    "level": 1
  },
  {
    "title": "数字电影剪辑技术概述：非线性剪辑的优势",
    "length": 2800,
    "level": 1
  },
  {
    "title": "Final Cut Pro X 软件简介与界面操作",
    "length": 3000,
    "level": 1
  },
  {
    "title": "剪辑前的准备工作：素材管理、项目设置",
    "length": 2900,
    "level": 1
  },
  {
    "title": "建立与打开 Final Cut Pro X 剪辑项目文件",
    "length": 2700,
    "level": 1
  },
  {
    "title": "基本剪辑操作：导入素材、时间线操作、粗剪",
    "length": 3500,
    "level": 1
  },
  {
    "title": "剪辑点的选择与画面组接技巧",
    "length": 3300,
    "level": 1
  },
  {
    "title": "高级剪辑技巧：转场、特效、字幕添加",
    "length": 3600,
    "level": 1
  },
  {
    "title": "音频剪辑与混音基础：音轨调整、音效处理",
    "length": 3400,
    "level": 1
  },
  {
    "title": "多机位剪辑：原理与 Final Cut Pro X 应用",
    "length": 3200,
    "level": 1
  },
  {
    "title": "剪辑流程优化与效率提升技巧",
    "length": 3000,
    "level": 1
  },
  {
    "title": "输出与备份：Final Cut Pro X 项目的导出与存档",
    "length": 2800,
    "level": 1
  },
  {
    "title": "数字校色技术概述：色彩校正与风格化",
    "length": 2900,
    "level": 1
  },
  {
    "title": "Color 软件应用：界面、工具与基本操作",
    "length": 3100,
    "level": 1
  },
  {
    "title": "Color 色彩校正流程：一级校色与二级校色",
    "length": 3300,
    "level": 1
  },
  {
    "title": "Color 风格化调色：预设与自定义风格创建",
    "length": 3200,
    "level": 1
  },
  {
    "title": "达芬奇 Resolve 软件简介与工作流程",
    "length": 3000,
    "level": 1
  },
  {
    "title": "达芬奇 Resolve 界面与基础工具操作",
    "length": 3100,
    "level": 1
  },
  {
    "title": "达芬奇 Resolve 色彩管理与节点系统",
    "length": 3400,
    "level": 1
  },
  {
    "title": "达芬奇 Resolve 色彩校正实战：不同场景的调色技巧",
    "length": 3500,
    "level": 1
  },
  {
    "title": "达芬奇 Resolve 风格化调色与高级技巧",
    "length": 3300,
    "level": 1
  },
  {
    "title": "剪辑与校色的协同工作流程：从剪辑到后期制作",
    "length": 3200,
    "level": 1
  },
  {
    "title": "视听语言与剪辑的未来发展趋势：新技术与新应用",
    "length": 3000,
    "level": 1
  },
  {
    "title": "结论：视听语言与剪辑在电影创作中的核心价值",
    "length": 2000,
    "level": 1
  }
]
```
2025-02-26 22:13:57,396 - INFO - 解析后的大纲: [
  {
    "title": "引言：视听语言与剪辑的重要性",
    "length": 2500,
    "level": 1
  },
  {
    "title": "电影视听语言的构成元素：画面、声音、运动",
    "length": 3500,
    "level": 1
  },
  {
    "title": "镜头景别：远景、全景、中景、近景、特写",
    "length": 3200,
    "level": 1
  },
  {
    "title": "镜头角度：平视、仰视、俯视、倾斜角度",
    "length": 3000,
    "level": 1
  },
  {
    "title": "色彩在电影中的运用：色彩心理学与色彩象征",
    "length": 3300,
    "level": 1
  },
  {
    "title": "运动摄影：推、拉、摇、移、跟镜头",
    "length": 3100,
    "level": 1
  },
  {
    "title": "声音元素：对白、音效、音乐、同期声与后期配音",
    "length": 3400,
    "level": 1
  },
  {
    "title": "电影蒙太奇：定义、类型与叙事功能",
    "length": 3600,
    "level": 1
  },
  {
    "title": "剪辑的参考原则：连贯性、节奏、强调",
    "length": 3200,
    "level": 1
  },
  {
    "title": "数字电影剪辑技术概述：非线性剪辑的优势",
    "length": 2800,
    "level": 1
  },
  {
    "title": "Final Cut Pro X 软件简介与界面操作",
    "length": 3000,
    "level": 1
  },
  {
    "title": "剪辑前的准备工作：素材管理、项目设置",
    "length": 2900,
    "level": 1
  },
  {
    "title": "建立与打开 Final Cut Pro X 剪辑项目文件",
    "length": 2700,
    "level": 1
  },
  {
    "title": "基本剪辑操作：导入素材、时间线操作、粗剪",
    "length": 3500,
    "level": 1
  },
  {
    "title": "剪辑点的选择与画面组接技巧",
    "length": 3300,
    "level": 1
  },
  {
    "title": "高级剪辑技巧：转场、特效、字幕添加",
    "length": 3600,
    "level": 1
  },
  {
    "title": "音频剪辑与混音基础：音轨调整、音效处理",
    "length": 3400,
    "level": 1
  },
  {
    "title": "多机位剪辑：原理与 Final Cut Pro X 应用",
    "length": 3200,
    "level": 1
  },
  {
    "title": "剪辑流程优化与效率提升技巧",
    "length": 3000,
    "level": 1
  },
  {
    "title": "输出与备份：Final Cut Pro X 项目的导出与存档",
    "length": 2800,
    "level": 1
  },
  {
    "title": "数字校色技术概述：色彩校正与风格化",
    "length": 2900,
    "level": 1
  },
  {
    "title": "Color 软件应用：界面、工具与基本操作",
    "length": 3100,
    "level": 1
  },
  {
    "title": "Color 色彩校正流程：一级校色与二级校色",
    "length": 3300,
    "level": 1
  },
  {
    "title": "Color 风格化调色：预设与自定义风格创建",
    "length": 3200,
    "level": 1
  },
  {
    "title": "达芬奇 Resolve 软件简介与工作流程",
    "length": 3000,
    "level": 1
  },
  {
    "title": "达芬奇 Resolve 界面与基础工具操作",
    "length": 3100,
    "level": 1
  },
  {
    "title": "达芬奇 Resolve 色彩管理与节点系统",
    "length": 3400,
    "level": 1
  },
  {
    "title": "达芬奇 Resolve 色彩校正实战：不同场景的调色技巧",
    "length": 3500,
    "level": 1
  },
  {
    "title": "达芬奇 Resolve 风格化调色与高级技巧",
    "length": 3300,
    "level": 1
  },
  {
    "title": "剪辑与校色的协同工作流程：从剪辑到后期制作",
    "length": 3200,
    "level": 1
  },
  {
    "title": "视听语言与剪辑的未来发展趋势：新技术与新应用",
    "length": 3000,
    "level": 1
  },
  {
    "title": "结论：视听语言与剪辑在电影创作中的核心价值",
    "length": 2000,
    "level": 1
  }
]
2025-02-26 22:13:57,396 - INFO - 目标长度: 100000, 理想章节数: 32.4, 当前章节数: 32
2025-02-26 22:13:57,396 - INFO - 章节数量合理，保留现有结构
2025-02-26 22:13:57,397 - INFO - 大纲生成成功
2025-02-26 22:13:57,398 - INFO - 大纲已保存至: articles/青岛电影学院视听语言与剪辑课程_20250226_221357_outline.json
2025-02-26 22:13:57,398 - INFO - 正在组装文章...
2025-02-26 22:14:32,964 - INFO - 进度已保存至: articles/青岛电影学院视听语言与剪辑课程_progress.md
2025-02-26 22:14:32,965 - INFO - 章节 '引言：视听语言与剪辑的重要性' 写作完成，生成了 3639 字符
2025-02-26 22:14:54,136 - INFO - 进度已保存至: articles/青岛电影学院视听语言与剪辑课程_progress.md
2025-02-26 22:14:54,136 - INFO - 章节 '电影视听语言的构成元素：画面、声音、运动' 写作完成，生成了 3730 字符
2025-02-26 22:15:23,699 - INFO - 进度已保存至: articles/青岛电影学院视听语言与剪辑课程_progress.md
2025-02-26 22:15:23,700 - INFO - 章节 '镜头景别：远景、全景、中景、近景、特写' 写作完成，生成了 5106 字符
2025-02-26 22:15:48,440 - INFO - 进度已保存至: articles/青岛电影学院视听语言与剪辑课程_progress.md
2025-02-26 22:15:48,441 - INFO - 章节 '镜头角度：平视、仰视、俯视、倾斜角度' 写作完成，生成了 4943 字符
2025-02-26 22:16:25,528 - INFO - 进度已保存至: articles/青岛电影学院视听语言与剪辑课程_progress.md
2025-02-26 22:16:25,529 - INFO - 章节 '色彩在电影中的运用：色彩心理学与色彩象征' 写作完成，生成了 6794 字符
2025-02-26 22:16:57,604 - INFO - 进度已保存至: articles/青岛电影学院视听语言与剪辑课程_progress.md
2025-02-26 22:16:57,604 - INFO - 章节 '运动摄影：推、拉、摇、移、跟镜头' 写作完成，生成了 6022 字符
2025-02-26 22:17:25,460 - INFO - 进度已保存至: articles/青岛电影学院视听语言与剪辑课程_progress.md
2025-02-26 22:17:25,460 - INFO - 章节 '声音元素：对白、音效、音乐、同期声与后期配音' 写作完成，生成了 5056 字符
2025-02-26 22:17:57,979 - INFO - 进度已保存至: articles/青岛电影学院视听语言与剪辑课程_progress.md
2025-02-26 22:17:57,980 - INFO - 章节 '电影蒙太奇：定义、类型与叙事功能' 写作完成，生成了 6182 字符
2025-02-26 22:18:29,749 - INFO - 进度已保存至: articles/青岛电影学院视听语言与剪辑课程_progress.md
2025-02-26 22:18:29,750 - INFO - 章节 '剪辑的参考原则：连贯性、节奏、强调' 写作完成，生成了 6344 字符
2025-02-26 22:18:54,419 - INFO - 进度已保存至: articles/青岛电影学院视听语言与剪辑课程_progress.md
2025-02-26 22:18:54,420 - INFO - 章节 '数字电影剪辑技术概述：非线性剪辑的优势' 写作完成，生成了 4578 字符
2025-02-26 22:19:24,529 - INFO - 进度已保存至: articles/青岛电影学院视听语言与剪辑课程_progress.md
2025-02-26 22:19:24,529 - INFO - 章节 'Final Cut Pro X 软件简介与界面操作' 写作完成，生成了 5088 字符
2025-02-26 22:19:54,960 - INFO - 进度已保存至: articles/青岛电影学院视听语言与剪辑课程_progress.md
2025-02-26 22:19:54,961 - INFO - 章节 '剪辑前的准备工作：素材管理、项目设置' 写作完成，生成了 6135 字符
2025-02-26 22:20:20,579 - INFO - 进度已保存至: articles/青岛电影学院视听语言与剪辑课程_progress.md
2025-02-26 22:20:20,580 - INFO - 章节 '建立与打开 Final Cut Pro X 剪辑项目文件' 写作完成，生成了 5722 字符
2025-02-26 22:20:59,975 - INFO - 进度已保存至: articles/青岛电影学院视听语言与剪辑课程_progress.md
2025-02-26 22:20:59,975 - INFO - 章节 '基本剪辑操作：导入素材、时间线操作、粗剪' 写作完成，生成了 7652 字符
2025-02-26 22:21:26,037 - INFO - 进度已保存至: articles/青岛电影学院视听语言与剪辑课程_progress.md
2025-02-26 22:21:26,038 - INFO - 章节 '剪辑点的选择与画面组接技巧' 写作完成，生成了 5107 字符
2025-02-26 22:22:03,644 - INFO - 进度已保存至: articles/青岛电影学院视听语言与剪辑课程_progress.md
2025-02-26 22:22:03,644 - INFO - 章节 '高级剪辑技巧：转场、特效、字幕添加' 写作完成，生成了 8045 字符
2025-02-26 22:22:35,965 - INFO - 进度已保存至: articles/青岛电影学院视听语言与剪辑课程_progress.md
2025-02-26 22:22:35,967 - INFO - 章节 '音频剪辑与混音基础：音轨调整、音效处理' 写作完成，生成了 6822 字符
2025-02-26 22:23:14,446 - INFO - 进度已保存至: articles/青岛电影学院视听语言与剪辑课程_progress.md
2025-02-26 22:23:14,447 - INFO - 章节 '多机位剪辑：原理与 Final Cut Pro X 应用' 写作完成，生成了 5148 字符
2025-02-26 22:23:38,880 - INFO - 进度已保存至: articles/青岛电影学院视听语言与剪辑课程_progress.md
2025-02-26 22:23:38,881 - INFO - 章节 '剪辑流程优化与效率提升技巧' 写作完成，生成了 4598 字符
2025-02-26 22:24:04,919 - INFO - 进度已保存至: articles/青岛电影学院视听语言与剪辑课程_progress.md
2025-02-26 22:24:04,920 - INFO - 章节 '输出与备份：Final Cut Pro X 项目的导出与存档' 写作完成，生成了 6193 字符
2025-02-26 22:24:28,187 - INFO - 进度已保存至: articles/青岛电影学院视听语言与剪辑课程_progress.md
2025-02-26 22:24:28,187 - INFO - 章节 '数字校色技术概述：色彩校正与风格化' 写作完成，生成了 4435 字符
2025-02-26 22:24:53,109 - INFO - 进度已保存至: articles/青岛电影学院视听语言与剪辑课程_progress.md
2025-02-26 22:24:53,110 - INFO - 章节 'Color 软件应用：界面、工具与基本操作' 写作完成，生成了 5611 字符
2025-02-26 22:25:17,747 - INFO - 进度已保存至: articles/青岛电影学院视听语言与剪辑课程_progress.md
2025-02-26 22:25:17,747 - INFO - 章节 'Color 色彩校正流程：一级校色与二级校色' 写作完成，生成了 5004 字符
2025-02-26 22:25:42,210 - INFO - 进度已保存至: articles/青岛电影学院视听语言与剪辑课程_progress.md
2025-02-26 22:25:42,210 - INFO - 章节 'Color 风格化调色：预设与自定义风格创建' 写作完成，生成了 5180 字符
2025-02-26 22:26:10,099 - INFO - 进度已保存至: articles/青岛电影学院视听语言与剪辑课程_progress.md
2025-02-26 22:26:10,100 - INFO - 章节 '达芬奇 Resolve 软件简介与工作流程' 写作完成，生成了 5065 字符
2025-02-26 22:26:35,994 - INFO - 进度已保存至: articles/青岛电影学院视听语言与剪辑课程_progress.md
2025-02-26 22:26:35,995 - INFO - 章节 '达芬奇 Resolve 界面与基础工具操作' 写作完成，生成了 6322 字符
2025-02-26 22:27:02,670 - INFO - 进度已保存至: articles/青岛电影学院视听语言与剪辑课程_progress.md
2025-02-26 22:27:02,671 - INFO - 章节 '达芬奇 Resolve 色彩管理与节点系统' 写作完成，生成了 5899 字符
2025-02-26 22:27:27,990 - INFO - 进度已保存至: articles/青岛电影学院视听语言与剪辑课程_progress.md
2025-02-26 22:27:27,991 - INFO - 章节 '达芬奇 Resolve 色彩校正实战：不同场景的调色技巧' 写作完成，生成了 5446 字符
2025-02-26 22:27:56,724 - INFO - 进度已保存至: articles/青岛电影学院视听语言与剪辑课程_progress.md
2025-02-26 22:27:56,725 - INFO - 章节 '达芬奇 Resolve 风格化调色与高级技巧' 写作完成，生成了 6644 字符
2025-02-26 22:29:14,439 - INFO - 进度已保存至: articles/青岛电影学院视听语言与剪辑课程_progress.md
2025-02-26 22:29:14,440 - INFO - 章节 '剪辑与校色的协同工作流程：从剪辑到后期制作' 写作完成，生成了 4962 字符
2025-02-26 22:29:38,712 - INFO - 进度已保存至: articles/青岛电影学院视听语言与剪辑课程_progress.md
2025-02-26 22:29:38,712 - INFO - 章节 '视听语言与剪辑的未来发展趋势：新技术与新应用' 写作完成，生成了 5133 字符
2025-02-26 22:30:00,873 - INFO - 进度已保存至: articles/青岛电影学院视听语言与剪辑课程_progress.md
2025-02-26 22:30:00,873 - INFO - 章节 '结论：视听语言与剪辑在电影创作中的核心价值' 写作完成，生成了 3358 字符
2025-02-26 22:30:07,526 - INFO - 文章已保存至: articles/青岛电影学院视听语言与剪辑课程_20250226_223007.md
2025-02-26 22:30:07,527 - INFO - 文章生成成功完成
2025-02-26 22:30:07,527 - INFO - 日志文件: logs/青岛电影学院视听语言与剪辑课程_20250226_221340.log
2025-02-26 22:30:07,527 - INFO - 大纲文件: articles/青岛电影学院视听语言与剪辑课程_20250226_221357_outline.json
2025-02-26 22:30:07,527 - INFO - 文章文件: articles/青岛电影学院视听语言与剪辑课程_20250226_223007.md
